<?xml version="1.0" encoding="UTF-8"?>
<testsuite xmlns:xsi="http://www.w3.org/2001/XMLSchema-instance" xsi:noNamespaceSchemaLocation="https://maven.apache.org/surefire/maven-surefire-plugin/xsd/surefire-test-report.xsd" name="TestSuite" time="210.232" tests="1" errors="0" skipped="0" failures="1">
  <properties>
    <property name="java.vendor" value="Oracle Corporation"/>
    <property name="JOB_NAME" value="HOOQ_Web_FreeUser_SubscriptionNetBank_Andhra Bank_1Month.xml"/>
    <property name="sun.java.launcher" value="SUN_STANDARD"/>
    <property name="NUMBER_OF_PROCESSORS" value="4"/>
    <property name="sun.management.compiler" value="HotSpot 64-Bit Tiered Compilers"/>
    <property name="DEFLOGDIR" value="C:\ProgramData\McAfee\Endpoint Security\Logs"/>
    <property name="JENKINS_HOME" value="C:\Users\E002159\.jenkins"/>
    <property name="FPS_BROWSER_USER_PROFILE_STRING" value="Default"/>
    <property name="HUDSON_SERVER_COOKIE" value="dd7cf29efdf121a4"/>
    <property name="os.name" value="Windows 10"/>
    <property name="sun.boot.class.path" value="C:\Program Files\Java\jdk1.8.0_111\jre\lib\resources.jar;C:\Program Files\Java\jdk1.8.0_111\jre\lib\rt.jar;C:\Program Files\Java\jdk1.8.0_111\jre\lib\sunrsasign.jar;C:\Program Files\Java\jdk1.8.0_111\jre\lib\jsse.jar;C:\Program Files\Java\jdk1.8.0_111\jre\lib\jce.jar;C:\Program Files\Java\jdk1.8.0_111\jre\lib\charsets.jar;C:\Program Files\Java\jdk1.8.0_111\jre\lib\jfr.jar;C:\Program Files\Java\jdk1.8.0_111\jre\classes"/>
    <property name="EXECUTOR_NUMBER" value="1"/>
    <property name="sun.desktop" value="windows"/>
    <property name="PATHEXT" value=".COM;.EXE;.BAT;.CMD;.VBS;.VBE;.JS;.JSE;.WSF;.WSH;.MSC"/>
    <property name="java.vm.specification.vendor" value="Oracle Corporation"/>
    <property name="NODE_LABELS" value="master"/>
    <property name="TEMP" value="C:\Users\E002159\AppData\Local\Temp"/>
    <property name="java.runtime.version" value="1.8.0_111-b14"/>
    <property name="FPS_BROWSER_APP_PROFILE_STRING" value="Internet Explorer"/>
    <property name="user.name" value="E002159"/>
    <property name="guice.disable.misplaced.annotation.check" value="true"/>
    <property name="CommonProgramW6432" value="C:\Program Files\Common Files"/>
    <property name="ProgramFiles" value="C:\Program Files"/>
    <property name="PROMPT" value="$P$G"/>
    <property name="user.language" value="en"/>
    <property name="JOB_BASE_NAME" value="HOOQ_Web_FreeUser_SubscriptionNetBank_Andhra Bank_1Month.xml"/>
    <property name="RUN_CHANGES_DISPLAY_URL" value="http://unconfigured-jenkins-location/job/HOOQ_Web_FreeUser_SubscriptionNetBank_Andhra%20Bank_1Month.xml/1/display/redirect?page=changes"/>
    <property name="BUILD_DISPLAY_NAME" value="#1"/>
    <property name="OneDrive" value="C:\Users\E002159\OneDrive"/>
    <property name="sun.boot.library.path" value="C:\Program Files\Java\jdk1.8.0_111\jre\bin"/>
    <property name="LOCALAPPDATA" value="C:\Users\E002159\AppData\Local"/>
    <property name="java.version" value="1.8.0_111"/>
    <property name="PROCESSOR_LEVEL" value="6"/>
    <property name="user.timezone" value="Asia/Calcutta"/>
    <property name="USERNAME" value="E002159"/>
    <property name="sun.arch.data.model" value="64"/>
    <property name="NODE_NAME" value="master"/>
    <property name="java.endorsed.dirs" value="C:\Program Files\Java\jdk1.8.0_111\jre\lib\endorsed"/>
    <property name="BUILD_ID" value="1"/>
    <property name="sun.cpu.isalist" value="amd64"/>
    <property name="sun.jnu.encoding" value="Cp1252"/>
    <property name="file.encoding.pkg" value="sun.io"/>
    <property name="file.separator" value="\"/>
    <property name="java.specification.name" value="Java Platform API Specification"/>
    <property name="HOMEDRIVE" value="C:"/>
    <property name="java.class.version" value="52.0"/>
    <property name="=::" value="::\"/>
    <property name="org.slf4j.simpleLogger.defaultLogLevel" value="info"/>
    <property name="user.country" value="US"/>
    <property name="ALLUSERSPROFILE" value="C:\ProgramData"/>
    <property name="java.home" value="C:\Program Files\Java\jdk1.8.0_111\jre"/>
    <property name="java.vm.info" value="mixed mode"/>
    <property name="os.version" value="10.0"/>
    <property name="RUN_DISPLAY_URL" value="http://unconfigured-jenkins-location/job/HOOQ_Web_FreeUser_SubscriptionNetBank_Andhra%20Bank_1Month.xml/1/display/redirect"/>
    <property name="TMP" value="C:\Users\E002159\AppData\Local\Temp"/>
    <property name="path.separator" value=";"/>
    <property name="java.vm.version" value="25.111-b14"/>
    <property name="XMLFile" value="HOOQ_Web_FreeUser_Subscription_CashCard_1Month"/>
    <property name="user.variant" value=""/>
    <property name="JOB_DISPLAY_URL" value="http://unconfigured-jenkins-location/job/HOOQ_Web_FreeUser_SubscriptionNetBank_Andhra%20Bank_1Month.xml/display/redirect"/>
    <property name="CommonProgramFiles(x86)" value="C:\Program Files (x86)\Common Files"/>
    <property name="USERDOMAIN_ROAMINGPROFILE" value="CIGNITIGLOBAL"/>
    <property name="java.awt.printerjob" value="sun.awt.windows.WPrinterJob"/>
    <property name="JAVA_HOME" value="C:\Program Files\Java\jdk1.8.0_111"/>
    <property name="sun.io.unicode.encoding" value="UnicodeLittle"/>
    <property name="CommonProgramFiles" value="C:\Program Files\Common Files"/>
    <property name="ComSpec" value="C:\Windows\system32\cmd.exe"/>
    <property name="HOMEPATH" value="\Users\E002159"/>
    <property name="awt.toolkit" value="sun.awt.windows.WToolkit"/>
    <property name="USERDNSDOMAIN" value="CIGNITIGLOBAL.COM"/>
    <property name="user.script" value=""/>
    <property name="COMPUTERNAME" value="CTLINDT-0792"/>
    <property name="VBOX_MSI_INSTALL_PATH" value="C:\Program Files\Oracle\VirtualBox\"/>
    <property name="user.home" value="C:\Users\E002159"/>
    <property name="PUBLIC" value="C:\Users\Public"/>
    <property name="BUILD_TAG" value="jenkins-HOOQ_Web_FreeUser_SubscriptionNetBank_Andhra Bank_1Month.xml-1"/>
    <property name="JENKINS_SERVER_COOKIE" value="dd7cf29efdf121a4"/>
    <property name="ProgramData" value="C:\ProgramData"/>
    <property name="java.specification.vendor" value="Oracle Corporation"/>
    <property name="USERPROFILE" value="C:\Users\E002159"/>
    <property name="CLASSPATH" value=""/>
    <property name="java.vendor.url" value="http://java.oracle.com/"/>
    <property name="java.library.path" value="C:\Program Files\Java\jdk1.8.0_111\bin;C:\Windows\Sun\Java\bin;C:\Windows\system32;C:\Windows;C:\apache-maven-3.3.9-bin\apache-maven-3.3.9/bin;C:\Program Files (x86)\Intel\iCLS Client\;C:\Program Files\Intel\iCLS Client\;C:\Windows\system32;C:\Windows;C:\Windows\System32\Wbem;C:\Windows\System32\WindowsPowerShell\v1.0\;C:\Program Files (x86)\Intel\Intel(R) Management Engine Components\DAL;C:\Program Files\Intel\Intel(R) Management Engine Components\DAL;C:\Program Files (x86)\Intel\Intel(R) Management Engine Components\IPT;C:\Program Files\Intel\Intel(R) Management Engine Components\IPT;C:\Program Files\TortoiseSVN\bin;c:\Program Files (x86)\Microsoft SQL Server\110\Tools\Binn\;c:\Program Files\Microsoft SQL Server\110\Tools\Binn\;c:\Program Files\Microsoft SQL Server\110\DTS\Binn\;c:\Program Files (x86)\Microsoft SQL Server\110\Tools\Binn\ManagementStudio\;c:\Program Files (x86)\Microsoft SQL Server\110\DTS\Binn\;C:\Program Files\Java\jdk1.8.0_111\bin;C:\Program Files (x86)\Skype\Phone\;C:\Users\E002159\AppData\Local\Android\sdk\platform-tools;C:\Users\E002159\AppData\Local\Android\sdk;C:\Users\E002159\AppData\Local\Android\sdk\tools;C:\Program Files\Git\cmd;C:\apache-maven-3.3.9-bin\apache-maven-3.3.9\bin;;."/>
    <property name="Android" value="C:\Users\E002159\AppData\Local\Android\sdk"/>
    <property name="java.vm.vendor" value="Oracle Corporation"/>
    <property name="APPDATA" value="C:\Users\E002159\AppData\Roaming"/>
    <property name="java.runtime.name" value="Java(TM) SE Runtime Environment"/>
    <property name="maven.home" value="C:\apache-maven-3.3.9-bin\apache-maven-3.3.9"/>
    <property name="java.class.path" value="C:\Users\E002159\.jenkins\plugins\maven-plugin\WEB-INF\lib\maven33-agent-1.12-alpha-1.jar;C:\apache-maven-3.3.9-bin\apache-maven-3.3.9\boot\plexus-classworlds-2.5.2.jar;C:\apache-maven-3.3.9-bin\apache-maven-3.3.9/conf/logging"/>
    <property name="sun.java.command" value="jenkins.maven3.agent.Maven33Main C:\apache-maven-3.3.9-bin\apache-maven-3.3.9 C:\Users\E002159\.jenkins\war\WEB-INF\lib\remoting-3.7.jar C:\Users\E002159\.jenkins\plugins\maven-plugin\WEB-INF\lib\maven33-interceptor-1.12-alpha-1.jar C:\Users\E002159\.jenkins\plugins\maven-plugin\WEB-INF\lib\maven3-interceptor-commons-1.12-alpha-1.jar 55098"/>
    <property name="Path" value="C:\Program Files (x86)\Intel\iCLS Client\;C:\Program Files\Intel\iCLS Client\;C:\Windows\system32;C:\Windows;C:\Windows\System32\Wbem;C:\Windows\System32\WindowsPowerShell\v1.0\;C:\Program Files (x86)\Intel\Intel(R) Management Engine Components\DAL;C:\Program Files\Intel\Intel(R) Management Engine Components\DAL;C:\Program Files (x86)\Intel\Intel(R) Management Engine Components\IPT;C:\Program Files\Intel\Intel(R) Management Engine Components\IPT;C:\Program Files\TortoiseSVN\bin;c:\Program Files (x86)\Microsoft SQL Server\110\Tools\Binn\;c:\Program Files\Microsoft SQL Server\110\Tools\Binn\;c:\Program Files\Microsoft SQL Server\110\DTS\Binn\;c:\Program Files (x86)\Microsoft SQL Server\110\Tools\Binn\ManagementStudio\;c:\Program Files (x86)\Microsoft SQL Server\110\DTS\Binn\;C:\Program Files\Java\jdk1.8.0_111\bin;C:\Program Files (x86)\Skype\Phone\;C:\Users\E002159\AppData\Local\Android\sdk\platform-tools;C:\Users\E002159\AppData\Local\Android\sdk;C:\Users\E002159\AppData\Local\Android\sdk\tools;C:\Program Files\Git\cmd;C:\apache-maven-3.3.9-bin\apache-maven-3.3.9\bin;"/>
    <property name="java.vm.specification.name" value="Java Virtual Machine Specification"/>
    <property name="PROCESSOR_ARCHITECTURE" value="AMD64"/>
    <property name="PROCESSOR_IDENTIFIER" value="Intel64 Family 6 Model 94 Stepping 3, GenuineIntel"/>
    <property name="SESSIONNAME" value="Console"/>
    <property name="java.vm.specification.version" value="1.8"/>
    <property name="sun.os.patch.level" value=""/>
    <property name="sun.cpu.endian" value="little"/>
    <property name="M2_HOME" value="C:\apache-maven-3.3.9-bin\apache-maven-3.3.9"/>
    <property name="java.io.tmpdir" value="C:\Users\E002159\AppData\Local\Temp\"/>
    <property name="OS" value="Windows_NT"/>
    <property name="HUDSON_HOME" value="C:\Users\E002159\.jenkins"/>
    <property name="PATH+MAVEN" value="C:\apache-maven-3.3.9-bin\apache-maven-3.3.9/bin"/>
    <property name="ProgramFiles(x86)" value="C:\Program Files (x86)"/>
    <property name="java.vendor.url.bug" value="http://bugreport.sun.com/bugreport/"/>
    <property name="java.awt.graphicsenv" value="sun.awt.Win32GraphicsEnvironment"/>
    <property name="os.arch" value="amd64"/>
    <property name="SystemRoot" value="C:\Windows"/>
    <property name="java.ext.dirs" value="C:\Program Files\Java\jdk1.8.0_111\jre\lib\ext;C:\Windows\Sun\Java\lib\ext"/>
    <property name="user.dir" value="C:\HOOQ_MERGE_AUTOMATION\HOOQ_WEB_Prod"/>
    <property name="LOGONSERVER" value="\\HYDWVMADS02"/>
    <property name="USERDOMAIN" value="CIGNITIGLOBAL"/>
    <property name="line.separator" value="&#10;"/>
    <property name="MAVEN_HOME" value="C:\apache-maven-3.3.9-bin\apache-maven-3.3.9"/>
    <property name="java.vm.name" value="Java HotSpot(TM) 64-Bit Server VM"/>
    <property name="BUILD_NUMBER" value="1"/>
    <property name="ANDROID_HOME" value="C:\Users\E002159\AppData\Local\Android\sdk"/>
    <property name="PROCESSOR_REVISION" value="5e03"/>
    <property name="UATDATA" value="C:\Windows\CCM\UATData\D9F8C395-CAB8-491d-B8AC-179A1FE1BE77"/>
    <property name="ProgramW6432" value="C:\Program Files"/>
    <property name="windir" value="C:\Windows"/>
    <property name="=C:" value="C:\Auto_Selenium"/>
    <property name="file.encoding" value="Cp1252"/>
    <property name="SystemDrive" value="C:"/>
    <property name="maven3.interceptor" value="C:\Users\E002159\.jenkins\plugins\maven-plugin\WEB-INF\lib\maven33-interceptor-1.12-alpha-1.jar"/>
    <property name="WORKSPACE" value="C:\Users\E002159\.jenkins\workspace\HOOQ_Web_FreeUser_SubscriptionNetBank_Andhra Bank_1Month.xml"/>
    <property name="maven3.interceptor.common" value="C:\Users\E002159\.jenkins\plugins\maven-plugin\WEB-INF\lib\maven3-interceptor-commons-1.12-alpha-1.jar"/>
    <property name="java.specification.version" value="1.8"/>
    <property name="PSModulePath" value="C:\Program Files\WindowsPowerShell\Modules;C:\Windows\system32\WindowsPowerShell\v1.0\Modules;c:\Program Files (x86)\Microsoft SQL Server\110\Tools\PowerShell\Modules\"/>
  </properties>
  <testcase name="HOOQ_Web_ActiveUser_Subscription_CashCard" classname="tv.hooq.web.scripts.HOOQ_Web_ActiveUser_Subscription_CashCard" time="150.931">
    <failure message="Test Case Failed because - Failed to complete HOOQ Web ActiveUser SubscriptionSection" type="java.lang.AssertionError">java.lang.AssertionError: Test Case Failed because - Failed to complete HOOQ Web ActiveUser SubscriptionSection
	at tv.hooq.web.scripts.HOOQ_Web_ActiveUser_Subscription_CashCard.TestCaseStatus(HOOQ_Web_ActiveUser_Subscription_CashCard.java:37)
	at tv.hooq.web.scripts.HOOQ_Web_ActiveUser_Subscription_CashCard.HOOQ_Web_ActiveUser_Subscription_CashCard(HOOQ_Web_ActiveUser_Subscription_CashCard.java:86)
</failure>
    <system-out><![CDATA[Executing the test suite on 1 number of threads.
Executing the test suite on  number of threads : 5 number of threads.
Executing the test on thread id : 1
Email Report Status: true
Running on Grid: false
Running on local: false
Running on cloud: false
Running on Environment : prod
Running for Region : India
Running on Device Type : chrome
Running on Platform : windows
Running the Test Class: tv.hooq.web.scripts.HOOQ_Web_ActiveUser_Subscription_CashCard
************ Starting the driver: windows-chrome ***************
11:51:16.305 [Forwarding newSession on session null to remote] DEBUG o.a.h.c.protocol.RequestAddCookies - CookieSpec selected: default
11:51:16.315 [Forwarding newSession on session null to remote] DEBUG o.a.h.c.protocol.RequestAuthCache - Auth cache not set in the context
11:51:16.317 [Forwarding newSession on session null to remote] DEBUG o.a.h.i.c.PoolingHttpClientConnectionManager - Connection request: [route: {}->http://localhost:38386][total kept alive: 0; route allocated: 0 of 2000; total allocated: 0 of 2000]
11:51:16.339 [Forwarding newSession on session null to remote] DEBUG o.a.h.i.c.PoolingHttpClientConnectionManager - Connection leased: [id: 0][route: {}->http://localhost:38386][total kept alive: 0; route allocated: 1 of 2000; total allocated: 1 of 2000]
11:51:16.341 [Forwarding newSession on session null to remote] DEBUG o.a.h.impl.execchain.MainClientExec - Opening connection {}->http://localhost:38386
11:51:16.343 [Forwarding newSession on session null to remote] DEBUG o.a.h.i.c.DefaultHttpClientConnectionOperator - Connecting to localhost/127.0.0.1:38386
11:51:16.345 [Forwarding newSession on session null to remote] DEBUG o.a.h.i.c.DefaultHttpClientConnectionOperator - Connection established 127.0.0.1:55127<->127.0.0.1:38386
11:51:16.346 [Forwarding newSession on session null to remote] DEBUG o.a.h.i.c.DefaultManagedHttpClientConnection - http-outgoing-0: set socket timeout to 10800000
11:51:16.346 [Forwarding newSession on session null to remote] DEBUG o.a.h.impl.execchain.MainClientExec - Executing request POST /session HTTP/1.1
11:51:16.346 [Forwarding newSession on session null to remote] DEBUG o.a.h.impl.execchain.MainClientExec - Target auth state: UNCHALLENGED
11:51:16.348 [Forwarding newSession on session null to remote] DEBUG o.a.h.impl.execchain.MainClientExec - Proxy auth state: UNCHALLENGED
11:51:16.351 [Forwarding newSession on session null to remote] DEBUG org.apache.http.headers - http-outgoing-0 >> POST /session HTTP/1.1
11:51:16.351 [Forwarding newSession on session null to remote] DEBUG org.apache.http.headers - http-outgoing-0 >> Content-Type: application/json; charset=utf-8
11:51:16.351 [Forwarding newSession on session null to remote] DEBUG org.apache.http.headers - http-outgoing-0 >> Content-Length: 48
11:51:16.351 [Forwarding newSession on session null to remote] DEBUG org.apache.http.headers - http-outgoing-0 >> Host: localhost:38386
11:51:16.352 [Forwarding newSession on session null to remote] DEBUG org.apache.http.headers - http-outgoing-0 >> Connection: Keep-Alive
11:51:16.352 [Forwarding newSession on session null to remote] DEBUG org.apache.http.headers - http-outgoing-0 >> User-Agent: Apache-HttpClient/4.5.2 (Java/1.8.0_111)
11:51:16.352 [Forwarding newSession on session null to remote] DEBUG org.apache.http.headers - http-outgoing-0 >> Accept-Encoding: gzip,deflate
11:51:16.353 [Forwarding newSession on session null to remote] DEBUG org.apache.http.wire - http-outgoing-0 >> "POST /session HTTP/1.1[\r][\n]"
11:51:16.353 [Forwarding newSession on session null to remote] DEBUG org.apache.http.wire - http-outgoing-0 >> "Content-Type: application/json; charset=utf-8[\r][\n]"
11:51:16.353 [Forwarding newSession on session null to remote] DEBUG org.apache.http.wire - http-outgoing-0 >> "Content-Length: 48[\r][\n]"
11:51:16.353 [Forwarding newSession on session null to remote] DEBUG org.apache.http.wire - http-outgoing-0 >> "Host: localhost:38386[\r][\n]"
11:51:16.353 [Forwarding newSession on session null to remote] DEBUG org.apache.http.wire - http-outgoing-0 >> "Connection: Keep-Alive[\r][\n]"
11:51:16.353 [Forwarding newSession on session null to remote] DEBUG org.apache.http.wire - http-outgoing-0 >> "User-Agent: Apache-HttpClient/4.5.2 (Java/1.8.0_111)[\r][\n]"
11:51:16.353 [Forwarding newSession on session null to remote] DEBUG org.apache.http.wire - http-outgoing-0 >> "Accept-Encoding: gzip,deflate[\r][\n]"
11:51:16.353 [Forwarding newSession on session null to remote] DEBUG org.apache.http.wire - http-outgoing-0 >> "[\r][\n]"
11:51:16.354 [Forwarding newSession on session null to remote] DEBUG org.apache.http.wire - http-outgoing-0 >> "{"desiredCapabilities":{"browserName":"chrome"}}"
11:51:25.750 [Forwarding newSession on session null to remote] DEBUG org.apache.http.wire - http-outgoing-0 << "HTTP/1.1 200 OK[\r][\n]"
11:51:25.750 [Forwarding newSession on session null to remote] DEBUG org.apache.http.wire - http-outgoing-0 << "Content-Length:802[\r][\n]"
11:51:25.750 [Forwarding newSession on session null to remote] DEBUG org.apache.http.wire - http-outgoing-0 << "Content-Type:application/json; charset=utf-8[\r][\n]"
11:51:25.750 [Forwarding newSession on session null to remote] DEBUG org.apache.http.wire - http-outgoing-0 << "Connection:close[\r][\n]"
11:51:25.750 [Forwarding newSession on session null to remote] DEBUG org.apache.http.wire - http-outgoing-0 << "[\r][\n]"
11:51:25.750 [Forwarding newSession on session null to remote] DEBUG org.apache.http.wire - http-outgoing-0 << "{"sessionId":"37c14d504020035d1e6cd22a23b27d6d","status":0,"value":{"acceptSslCerts":true,"applicationCacheEnabled":false,"browserConnectionEnabled":false,"browserName":"chrome","chrome":{"chromedriverVersion":"2.33.506120 (e3e53437346286c0bc2d2dc9aa4915ba81d9023f)","userDataDir":"C:\\Users\\E002159\\AppData\\Local\\Temp\\scoped_dir13372_8102"},"cssSelectorsEnabled":true,"databaseEnabled":false,"handlesAlerts":true,"hasTouchScreen":false,"javascriptEnabled":true,"locationContextEnabled":true,"mobileEmulationEnabled":false,"nativeEvents":true,"networkConnectionEnabled":false,"pageLoadStrategy":"normal","platform":"Windows NT","rotatable":false,"setWindowRect":true,"takesHeapSnapshot":true,"takesScreenshot":true,"unexpectedAlertBehaviour":"","version":"63.0.3239.108","webStorageEnabled":true}}"
11:51:25.752 [Forwarding newSession on session null to remote] DEBUG org.apache.http.headers - http-outgoing-0 << HTTP/1.1 200 OK
11:51:25.753 [Forwarding newSession on session null to remote] DEBUG org.apache.http.headers - http-outgoing-0 << Content-Length:802
11:51:25.753 [Forwarding newSession on session null to remote] DEBUG org.apache.http.headers - http-outgoing-0 << Content-Type:application/json; charset=utf-8
11:51:25.753 [Forwarding newSession on session null to remote] DEBUG org.apache.http.headers - http-outgoing-0 << Connection:close
11:51:25.759 [Forwarding newSession on session null to remote] DEBUG o.a.h.i.c.DefaultManagedHttpClientConnection - http-outgoing-0: Close connection
11:51:25.760 [Forwarding newSession on session null to remote] DEBUG o.a.h.impl.execchain.MainClientExec - Connection discarded
11:51:25.760 [Forwarding newSession on session null to remote] DEBUG o.a.h.i.c.PoolingHttpClientConnectionManager - Connection released: [id: 0][route: {}->http://localhost:38386][total kept alive: 0; route allocated: 0 of 2000; total allocated: 0 of 2000]
11:51:25.851 [Forwarding maximizeWindow on session 37c14d504020035d1e6cd22a23b27d6d to remote] DEBUG o.a.h.c.protocol.RequestAddCookies - CookieSpec selected: default
11:51:25.851 [Forwarding maximizeWindow on session 37c14d504020035d1e6cd22a23b27d6d to remote] DEBUG o.a.h.c.protocol.RequestAuthCache - Auth cache not set in the context
11:51:25.851 [Forwarding maximizeWindow on session 37c14d504020035d1e6cd22a23b27d6d to remote] DEBUG o.a.h.i.c.PoolingHttpClientConnectionManager - Connection request: [route: {}->http://localhost:38386][total kept alive: 0; route allocated: 0 of 2000; total allocated: 0 of 2000]
11:51:25.851 [Forwarding maximizeWindow on session 37c14d504020035d1e6cd22a23b27d6d to remote] DEBUG o.a.h.i.c.PoolingHttpClientConnectionManager - Connection leased: [id: 1][route: {}->http://localhost:38386][total kept alive: 0; route allocated: 1 of 2000; total allocated: 1 of 2000]
11:51:25.851 [Forwarding maximizeWindow on session 37c14d504020035d1e6cd22a23b27d6d to remote] DEBUG o.a.h.impl.execchain.MainClientExec - Opening connection {}->http://localhost:38386
11:51:25.851 [Forwarding maximizeWindow on session 37c14d504020035d1e6cd22a23b27d6d to remote] DEBUG o.a.h.i.c.DefaultHttpClientConnectionOperator - Connecting to localhost/127.0.0.1:38386
11:51:25.852 [Forwarding maximizeWindow on session 37c14d504020035d1e6cd22a23b27d6d to remote] DEBUG o.a.h.i.c.DefaultHttpClientConnectionOperator - Connection established 127.0.0.1:55153<->127.0.0.1:38386
11:51:25.852 [Forwarding maximizeWindow on session 37c14d504020035d1e6cd22a23b27d6d to remote] DEBUG o.a.h.i.c.DefaultManagedHttpClientConnection - http-outgoing-1: set socket timeout to 10800000
11:51:25.852 [Forwarding maximizeWindow on session 37c14d504020035d1e6cd22a23b27d6d to remote] DEBUG o.a.h.impl.execchain.MainClientExec - Executing request POST /session/37c14d504020035d1e6cd22a23b27d6d/window/current/maximize HTTP/1.1
11:51:25.852 [Forwarding maximizeWindow on session 37c14d504020035d1e6cd22a23b27d6d to remote] DEBUG o.a.h.impl.execchain.MainClientExec - Target auth state: UNCHALLENGED
11:51:25.852 [Forwarding maximizeWindow on session 37c14d504020035d1e6cd22a23b27d6d to remote] DEBUG o.a.h.impl.execchain.MainClientExec - Proxy auth state: UNCHALLENGED
11:51:25.852 [Forwarding maximizeWindow on session 37c14d504020035d1e6cd22a23b27d6d to remote] DEBUG org.apache.http.headers - http-outgoing-1 >> POST /session/37c14d504020035d1e6cd22a23b27d6d/window/current/maximize HTTP/1.1
11:51:25.852 [Forwarding maximizeWindow on session 37c14d504020035d1e6cd22a23b27d6d to remote] DEBUG org.apache.http.headers - http-outgoing-1 >> Content-Type: application/json; charset=utf-8
11:51:25.852 [Forwarding maximizeWindow on session 37c14d504020035d1e6cd22a23b27d6d to remote] DEBUG org.apache.http.headers - http-outgoing-1 >> Content-Length: 26
11:51:25.852 [Forwarding maximizeWindow on session 37c14d504020035d1e6cd22a23b27d6d to remote] DEBUG org.apache.http.headers - http-outgoing-1 >> Host: localhost:38386
11:51:25.852 [Forwarding maximizeWindow on session 37c14d504020035d1e6cd22a23b27d6d to remote] DEBUG org.apache.http.headers - http-outgoing-1 >> Connection: Keep-Alive
11:51:25.852 [Forwarding maximizeWindow on session 37c14d504020035d1e6cd22a23b27d6d to remote] DEBUG org.apache.http.headers - http-outgoing-1 >> User-Agent: Apache-HttpClient/4.5.2 (Java/1.8.0_111)
11:51:25.852 [Forwarding maximizeWindow on session 37c14d504020035d1e6cd22a23b27d6d to remote] DEBUG org.apache.http.headers - http-outgoing-1 >> Accept-Encoding: gzip,deflate
11:51:25.852 [Forwarding maximizeWindow on session 37c14d504020035d1e6cd22a23b27d6d to remote] DEBUG org.apache.http.wire - http-outgoing-1 >> "POST /session/37c14d504020035d1e6cd22a23b27d6d/window/current/maximize HTTP/1.1[\r][\n]"
11:51:25.852 [Forwarding maximizeWindow on session 37c14d504020035d1e6cd22a23b27d6d to remote] DEBUG org.apache.http.wire - http-outgoing-1 >> "Content-Type: application/json; charset=utf-8[\r][\n]"
11:51:25.852 [Forwarding maximizeWindow on session 37c14d504020035d1e6cd22a23b27d6d to remote] DEBUG org.apache.http.wire - http-outgoing-1 >> "Content-Length: 26[\r][\n]"
11:51:25.852 [Forwarding maximizeWindow on session 37c14d504020035d1e6cd22a23b27d6d to remote] DEBUG org.apache.http.wire - http-outgoing-1 >> "Host: localhost:38386[\r][\n]"
11:51:25.852 [Forwarding maximizeWindow on session 37c14d504020035d1e6cd22a23b27d6d to remote] DEBUG org.apache.http.wire - http-outgoing-1 >> "Connection: Keep-Alive[\r][\n]"
11:51:25.852 [Forwarding maximizeWindow on session 37c14d504020035d1e6cd22a23b27d6d to remote] DEBUG org.apache.http.wire - http-outgoing-1 >> "User-Agent: Apache-HttpClient/4.5.2 (Java/1.8.0_111)[\r][\n]"
11:51:25.852 [Forwarding maximizeWindow on session 37c14d504020035d1e6cd22a23b27d6d to remote] DEBUG org.apache.http.wire - http-outgoing-1 >> "Accept-Encoding: gzip,deflate[\r][\n]"
11:51:25.852 [Forwarding maximizeWindow on session 37c14d504020035d1e6cd22a23b27d6d to remote] DEBUG org.apache.http.wire - http-outgoing-1 >> "[\r][\n]"
11:51:25.852 [Forwarding maximizeWindow on session 37c14d504020035d1e6cd22a23b27d6d to remote] DEBUG org.apache.http.wire - http-outgoing-1 >> "{"windowHandle":"current"}"
11:51:27.026 [Forwarding maximizeWindow on session 37c14d504020035d1e6cd22a23b27d6d to remote] DEBUG org.apache.http.wire - http-outgoing-1 << "HTTP/1.1 200 OK[\r][\n]"
11:51:27.026 [Forwarding maximizeWindow on session 37c14d504020035d1e6cd22a23b27d6d to remote] DEBUG org.apache.http.wire - http-outgoing-1 << "Content-Length:72[\r][\n]"
11:51:27.026 [Forwarding maximizeWindow on session 37c14d504020035d1e6cd22a23b27d6d to remote] DEBUG org.apache.http.wire - http-outgoing-1 << "Content-Type:application/json; charset=utf-8[\r][\n]"
11:51:27.026 [Forwarding maximizeWindow on session 37c14d504020035d1e6cd22a23b27d6d to remote] DEBUG org.apache.http.wire - http-outgoing-1 << "Connection:close[\r][\n]"
11:51:27.026 [Forwarding maximizeWindow on session 37c14d504020035d1e6cd22a23b27d6d to remote] DEBUG org.apache.http.wire - http-outgoing-1 << "[\r][\n]"
11:51:27.026 [Forwarding maximizeWindow on session 37c14d504020035d1e6cd22a23b27d6d to remote] DEBUG org.apache.http.wire - http-outgoing-1 << "{"sessionId":"37c14d504020035d1e6cd22a23b27d6d","status":0,"value":null}"
11:51:27.026 [Forwarding maximizeWindow on session 37c14d504020035d1e6cd22a23b27d6d to remote] DEBUG org.apache.http.headers - http-outgoing-1 << HTTP/1.1 200 OK
11:51:27.026 [Forwarding maximizeWindow on session 37c14d504020035d1e6cd22a23b27d6d to remote] DEBUG org.apache.http.headers - http-outgoing-1 << Content-Length:72
11:51:27.026 [Forwarding maximizeWindow on session 37c14d504020035d1e6cd22a23b27d6d to remote] DEBUG org.apache.http.headers - http-outgoing-1 << Content-Type:application/json; charset=utf-8
11:51:27.026 [Forwarding maximizeWindow on session 37c14d504020035d1e6cd22a23b27d6d to remote] DEBUG org.apache.http.headers - http-outgoing-1 << Connection:close
11:51:27.026 [Forwarding maximizeWindow on session 37c14d504020035d1e6cd22a23b27d6d to remote] DEBUG o.a.h.i.c.DefaultManagedHttpClientConnection - http-outgoing-1: Close connection
11:51:27.026 [Forwarding maximizeWindow on session 37c14d504020035d1e6cd22a23b27d6d to remote] DEBUG o.a.h.impl.execchain.MainClientExec - Connection discarded
11:51:27.026 [Forwarding maximizeWindow on session 37c14d504020035d1e6cd22a23b27d6d to remote] DEBUG o.a.h.i.c.PoolingHttpClientConnectionManager - Connection released: [id: 1][route: {}->http://localhost:38386][total kept alive: 0; route allocated: 0 of 2000; total allocated: 0 of 2000]
11:51:27.029 [Forwarding deleteAllCookies on session 37c14d504020035d1e6cd22a23b27d6d to remote] DEBUG o.a.h.c.protocol.RequestAddCookies - CookieSpec selected: default
11:51:27.029 [Forwarding deleteAllCookies on session 37c14d504020035d1e6cd22a23b27d6d to remote] DEBUG o.a.h.c.protocol.RequestAuthCache - Auth cache not set in the context
11:51:27.030 [Forwarding deleteAllCookies on session 37c14d504020035d1e6cd22a23b27d6d to remote] DEBUG o.a.h.i.c.PoolingHttpClientConnectionManager - Connection request: [route: {}->http://localhost:38386][total kept alive: 0; route allocated: 0 of 2000; total allocated: 0 of 2000]
11:51:27.030 [Forwarding deleteAllCookies on session 37c14d504020035d1e6cd22a23b27d6d to remote] DEBUG o.a.h.i.c.PoolingHttpClientConnectionManager - Connection leased: [id: 2][route: {}->http://localhost:38386][total kept alive: 0; route allocated: 1 of 2000; total allocated: 1 of 2000]
11:51:27.030 [Forwarding deleteAllCookies on session 37c14d504020035d1e6cd22a23b27d6d to remote] DEBUG o.a.h.impl.execchain.MainClientExec - Opening connection {}->http://localhost:38386
11:51:27.031 [Forwarding deleteAllCookies on session 37c14d504020035d1e6cd22a23b27d6d to remote] DEBUG o.a.h.i.c.DefaultHttpClientConnectionOperator - Connecting to localhost/127.0.0.1:38386
11:51:27.031 [Forwarding deleteAllCookies on session 37c14d504020035d1e6cd22a23b27d6d to remote] DEBUG o.a.h.i.c.DefaultHttpClientConnectionOperator - Connection established 127.0.0.1:55160<->127.0.0.1:38386
11:51:27.032 [Forwarding deleteAllCookies on session 37c14d504020035d1e6cd22a23b27d6d to remote] DEBUG o.a.h.i.c.DefaultManagedHttpClientConnection - http-outgoing-2: set socket timeout to 10800000
11:51:27.032 [Forwarding deleteAllCookies on session 37c14d504020035d1e6cd22a23b27d6d to remote] DEBUG o.a.h.impl.execchain.MainClientExec - Executing request DELETE /session/37c14d504020035d1e6cd22a23b27d6d/cookie HTTP/1.1
11:51:27.032 [Forwarding deleteAllCookies on session 37c14d504020035d1e6cd22a23b27d6d to remote] DEBUG o.a.h.impl.execchain.MainClientExec - Target auth state: UNCHALLENGED
11:51:27.032 [Forwarding deleteAllCookies on session 37c14d504020035d1e6cd22a23b27d6d to remote] DEBUG o.a.h.impl.execchain.MainClientExec - Proxy auth state: UNCHALLENGED
11:51:27.032 [Forwarding deleteAllCookies on session 37c14d504020035d1e6cd22a23b27d6d to remote] DEBUG org.apache.http.headers - http-outgoing-2 >> DELETE /session/37c14d504020035d1e6cd22a23b27d6d/cookie HTTP/1.1
11:51:27.032 [Forwarding deleteAllCookies on session 37c14d504020035d1e6cd22a23b27d6d to remote] DEBUG org.apache.http.headers - http-outgoing-2 >> Host: localhost:38386
11:51:27.032 [Forwarding deleteAllCookies on session 37c14d504020035d1e6cd22a23b27d6d to remote] DEBUG org.apache.http.headers - http-outgoing-2 >> Connection: Keep-Alive
11:51:27.032 [Forwarding deleteAllCookies on session 37c14d504020035d1e6cd22a23b27d6d to remote] DEBUG org.apache.http.headers - http-outgoing-2 >> User-Agent: Apache-HttpClient/4.5.2 (Java/1.8.0_111)
11:51:27.032 [Forwarding deleteAllCookies on session 37c14d504020035d1e6cd22a23b27d6d to remote] DEBUG org.apache.http.headers - http-outgoing-2 >> Accept-Encoding: gzip,deflate
11:51:27.032 [Forwarding deleteAllCookies on session 37c14d504020035d1e6cd22a23b27d6d to remote] DEBUG org.apache.http.wire - http-outgoing-2 >> "DELETE /session/37c14d504020035d1e6cd22a23b27d6d/cookie HTTP/1.1[\r][\n]"
11:51:27.032 [Forwarding deleteAllCookies on session 37c14d504020035d1e6cd22a23b27d6d to remote] DEBUG org.apache.http.wire - http-outgoing-2 >> "Host: localhost:38386[\r][\n]"
11:51:27.032 [Forwarding deleteAllCookies on session 37c14d504020035d1e6cd22a23b27d6d to remote] DEBUG org.apache.http.wire - http-outgoing-2 >> "Connection: Keep-Alive[\r][\n]"
11:51:27.032 [Forwarding deleteAllCookies on session 37c14d504020035d1e6cd22a23b27d6d to remote] DEBUG org.apache.http.wire - http-outgoing-2 >> "User-Agent: Apache-HttpClient/4.5.2 (Java/1.8.0_111)[\r][\n]"
11:51:27.032 [Forwarding deleteAllCookies on session 37c14d504020035d1e6cd22a23b27d6d to remote] DEBUG org.apache.http.wire - http-outgoing-2 >> "Accept-Encoding: gzip,deflate[\r][\n]"
11:51:27.032 [Forwarding deleteAllCookies on session 37c14d504020035d1e6cd22a23b27d6d to remote] DEBUG org.apache.http.wire - http-outgoing-2 >> "[\r][\n]"
11:51:27.830 [Forwarding deleteAllCookies on session 37c14d504020035d1e6cd22a23b27d6d to remote] DEBUG org.apache.http.wire - http-outgoing-2 << "HTTP/1.1 200 OK[\r][\n]"
11:51:27.830 [Forwarding deleteAllCookies on session 37c14d504020035d1e6cd22a23b27d6d to remote] DEBUG org.apache.http.wire - http-outgoing-2 << "Content-Length:72[\r][\n]"
11:51:27.830 [Forwarding deleteAllCookies on session 37c14d504020035d1e6cd22a23b27d6d to remote] DEBUG org.apache.http.wire - http-outgoing-2 << "Content-Type:application/json; charset=utf-8[\r][\n]"
11:51:27.830 [Forwarding deleteAllCookies on session 37c14d504020035d1e6cd22a23b27d6d to remote] DEBUG org.apache.http.wire - http-outgoing-2 << "Connection:close[\r][\n]"
11:51:27.830 [Forwarding deleteAllCookies on session 37c14d504020035d1e6cd22a23b27d6d to remote] DEBUG org.apache.http.wire - http-outgoing-2 << "[\r][\n]"
11:51:27.830 [Forwarding deleteAllCookies on session 37c14d504020035d1e6cd22a23b27d6d to remote] DEBUG org.apache.http.wire - http-outgoing-2 << "{"sessionId":"37c14d504020035d1e6cd22a23b27d6d","status":0,"value":null}"
11:51:27.830 [Forwarding deleteAllCookies on session 37c14d504020035d1e6cd22a23b27d6d to remote] DEBUG org.apache.http.headers - http-outgoing-2 << HTTP/1.1 200 OK
11:51:27.830 [Forwarding deleteAllCookies on session 37c14d504020035d1e6cd22a23b27d6d to remote] DEBUG org.apache.http.headers - http-outgoing-2 << Content-Length:72
11:51:27.830 [Forwarding deleteAllCookies on session 37c14d504020035d1e6cd22a23b27d6d to remote] DEBUG org.apache.http.headers - http-outgoing-2 << Content-Type:application/json; charset=utf-8
11:51:27.830 [Forwarding deleteAllCookies on session 37c14d504020035d1e6cd22a23b27d6d to remote] DEBUG org.apache.http.headers - http-outgoing-2 << Connection:close
11:51:27.831 [Forwarding deleteAllCookies on session 37c14d504020035d1e6cd22a23b27d6d to remote] DEBUG o.a.h.i.c.DefaultManagedHttpClientConnection - http-outgoing-2: Close connection
11:51:27.831 [Forwarding deleteAllCookies on session 37c14d504020035d1e6cd22a23b27d6d to remote] DEBUG o.a.h.impl.execchain.MainClientExec - Connection discarded
11:51:27.831 [Forwarding deleteAllCookies on session 37c14d504020035d1e6cd22a23b27d6d to remote] DEBUG o.a.h.i.c.PoolingHttpClientConnectionManager - Connection released: [id: 2][route: {}->http://localhost:38386][total kept alive: 0; route allocated: 0 of 2000; total allocated: 0 of 2000]
Successfully Launched the driver: windows-chrome on the node IP: CTLINDT-0792
11:51:27.833 [Forwarding getCurrentWindowHandle on session 37c14d504020035d1e6cd22a23b27d6d to remote] DEBUG o.a.h.c.protocol.RequestAddCookies - CookieSpec selected: default
11:51:27.833 [Forwarding getCurrentWindowHandle on session 37c14d504020035d1e6cd22a23b27d6d to remote] DEBUG o.a.h.c.protocol.RequestAuthCache - Auth cache not set in the context
11:51:27.833 [Forwarding getCurrentWindowHandle on session 37c14d504020035d1e6cd22a23b27d6d to remote] DEBUG o.a.h.i.c.PoolingHttpClientConnectionManager - Connection request: [route: {}->http://localhost:38386][total kept alive: 0; route allocated: 0 of 2000; total allocated: 0 of 2000]
11:51:27.833 [Forwarding getCurrentWindowHandle on session 37c14d504020035d1e6cd22a23b27d6d to remote] DEBUG o.a.h.i.c.PoolingHttpClientConnectionManager - Connection leased: [id: 3][route: {}->http://localhost:38386][total kept alive: 0; route allocated: 1 of 2000; total allocated: 1 of 2000]
11:51:27.833 [Forwarding getCurrentWindowHandle on session 37c14d504020035d1e6cd22a23b27d6d to remote] DEBUG o.a.h.impl.execchain.MainClientExec - Opening connection {}->http://localhost:38386
11:51:27.833 [Forwarding getCurrentWindowHandle on session 37c14d504020035d1e6cd22a23b27d6d to remote] DEBUG o.a.h.i.c.DefaultHttpClientConnectionOperator - Connecting to localhost/127.0.0.1:38386
11:51:27.833 [Forwarding getCurrentWindowHandle on session 37c14d504020035d1e6cd22a23b27d6d to remote] DEBUG o.a.h.i.c.DefaultHttpClientConnectionOperator - Connection established 127.0.0.1:55165<->127.0.0.1:38386
11:51:27.834 [Forwarding getCurrentWindowHandle on session 37c14d504020035d1e6cd22a23b27d6d to remote] DEBUG o.a.h.i.c.DefaultManagedHttpClientConnection - http-outgoing-3: set socket timeout to 10800000
11:51:27.834 [Forwarding getCurrentWindowHandle on session 37c14d504020035d1e6cd22a23b27d6d to remote] DEBUG o.a.h.impl.execchain.MainClientExec - Executing request GET /session/37c14d504020035d1e6cd22a23b27d6d/window_handle HTTP/1.1
11:51:27.834 [Forwarding getCurrentWindowHandle on session 37c14d504020035d1e6cd22a23b27d6d to remote] DEBUG o.a.h.impl.execchain.MainClientExec - Target auth state: UNCHALLENGED
11:51:27.834 [Forwarding getCurrentWindowHandle on session 37c14d504020035d1e6cd22a23b27d6d to remote] DEBUG o.a.h.impl.execchain.MainClientExec - Proxy auth state: UNCHALLENGED
11:51:27.834 [Forwarding getCurrentWindowHandle on session 37c14d504020035d1e6cd22a23b27d6d to remote] DEBUG org.apache.http.headers - http-outgoing-3 >> GET /session/37c14d504020035d1e6cd22a23b27d6d/window_handle HTTP/1.1
11:51:27.834 [Forwarding getCurrentWindowHandle on session 37c14d504020035d1e6cd22a23b27d6d to remote] DEBUG org.apache.http.headers - http-outgoing-3 >> Cache-Control: no-cache
11:51:27.834 [Forwarding getCurrentWindowHandle on session 37c14d504020035d1e6cd22a23b27d6d to remote] DEBUG org.apache.http.headers - http-outgoing-3 >> Host: localhost:38386
11:51:27.834 [Forwarding getCurrentWindowHandle on session 37c14d504020035d1e6cd22a23b27d6d to remote] DEBUG org.apache.http.headers - http-outgoing-3 >> Connection: Keep-Alive
11:51:27.834 [Forwarding getCurrentWindowHandle on session 37c14d504020035d1e6cd22a23b27d6d to remote] DEBUG org.apache.http.headers - http-outgoing-3 >> User-Agent: Apache-HttpClient/4.5.2 (Java/1.8.0_111)
11:51:27.834 [Forwarding getCurrentWindowHandle on session 37c14d504020035d1e6cd22a23b27d6d to remote] DEBUG org.apache.http.headers - http-outgoing-3 >> Accept-Encoding: gzip,deflate
11:51:27.834 [Forwarding getCurrentWindowHandle on session 37c14d504020035d1e6cd22a23b27d6d to remote] DEBUG org.apache.http.wire - http-outgoing-3 >> "GET /session/37c14d504020035d1e6cd22a23b27d6d/window_handle HTTP/1.1[\r][\n]"
11:51:27.834 [Forwarding getCurrentWindowHandle on session 37c14d504020035d1e6cd22a23b27d6d to remote] DEBUG org.apache.http.wire - http-outgoing-3 >> "Cache-Control: no-cache[\r][\n]"
11:51:27.834 [Forwarding getCurrentWindowHandle on session 37c14d504020035d1e6cd22a23b27d6d to remote] DEBUG org.apache.http.wire - http-outgoing-3 >> "Host: localhost:38386[\r][\n]"
11:51:27.834 [Forwarding getCurrentWindowHandle on session 37c14d504020035d1e6cd22a23b27d6d to remote] DEBUG org.apache.http.wire - http-outgoing-3 >> "Connection: Keep-Alive[\r][\n]"
11:51:27.834 [Forwarding getCurrentWindowHandle on session 37c14d504020035d1e6cd22a23b27d6d to remote] DEBUG org.apache.http.wire - http-outgoing-3 >> "User-Agent: Apache-HttpClient/4.5.2 (Java/1.8.0_111)[\r][\n]"
11:51:27.834 [Forwarding getCurrentWindowHandle on session 37c14d504020035d1e6cd22a23b27d6d to remote] DEBUG org.apache.http.wire - http-outgoing-3 >> "Accept-Encoding: gzip,deflate[\r][\n]"
11:51:27.834 [Forwarding getCurrentWindowHandle on session 37c14d504020035d1e6cd22a23b27d6d to remote] DEBUG org.apache.http.wire - http-outgoing-3 >> "[\r][\n]"
11:51:27.837 [Forwarding getCurrentWindowHandle on session 37c14d504020035d1e6cd22a23b27d6d to remote] DEBUG org.apache.http.wire - http-outgoing-3 << "HTTP/1.1 200 OK[\r][\n]"
11:51:27.837 [Forwarding getCurrentWindowHandle on session 37c14d504020035d1e6cd22a23b27d6d to remote] DEBUG org.apache.http.wire - http-outgoing-3 << "Content-Length:112[\r][\n]"
11:51:27.837 [Forwarding getCurrentWindowHandle on session 37c14d504020035d1e6cd22a23b27d6d to remote] DEBUG org.apache.http.wire - http-outgoing-3 << "Content-Type:application/json; charset=utf-8[\r][\n]"
11:51:27.837 [Forwarding getCurrentWindowHandle on session 37c14d504020035d1e6cd22a23b27d6d to remote] DEBUG org.apache.http.wire - http-outgoing-3 << "Connection:close[\r][\n]"
11:51:27.837 [Forwarding getCurrentWindowHandle on session 37c14d504020035d1e6cd22a23b27d6d to remote] DEBUG org.apache.http.wire - http-outgoing-3 << "[\r][\n]"
11:51:27.837 [Forwarding getCurrentWindowHandle on session 37c14d504020035d1e6cd22a23b27d6d to remote] DEBUG org.apache.http.wire - http-outgoing-3 << "{"sessionId":"37c14d504020035d1e6cd22a23b27d6d","status":0,"value":"CDwindow-(F06E5A870F4D451F4F57857195E0F62)"}"
11:51:27.837 [Forwarding getCurrentWindowHandle on session 37c14d504020035d1e6cd22a23b27d6d to remote] DEBUG org.apache.http.headers - http-outgoing-3 << HTTP/1.1 200 OK
11:51:27.838 [Forwarding getCurrentWindowHandle on session 37c14d504020035d1e6cd22a23b27d6d to remote] DEBUG org.apache.http.headers - http-outgoing-3 << Content-Length:112
11:51:27.838 [Forwarding getCurrentWindowHandle on session 37c14d504020035d1e6cd22a23b27d6d to remote] DEBUG org.apache.http.headers - http-outgoing-3 << Content-Type:application/json; charset=utf-8
11:51:27.838 [Forwarding getCurrentWindowHandle on session 37c14d504020035d1e6cd22a23b27d6d to remote] DEBUG org.apache.http.headers - http-outgoing-3 << Connection:close
11:51:27.838 [Forwarding getCurrentWindowHandle on session 37c14d504020035d1e6cd22a23b27d6d to remote] DEBUG o.a.h.i.c.DefaultManagedHttpClientConnection - http-outgoing-3: Close connection
11:51:27.838 [Forwarding getCurrentWindowHandle on session 37c14d504020035d1e6cd22a23b27d6d to remote] DEBUG o.a.h.impl.execchain.MainClientExec - Connection discarded
11:51:27.838 [Forwarding getCurrentWindowHandle on session 37c14d504020035d1e6cd22a23b27d6d to remote] DEBUG o.a.h.i.c.PoolingHttpClientConnectionManager - Connection released: [id: 3][route: {}->http://localhost:38386][total kept alive: 0; route allocated: 0 of 2000; total allocated: 0 of 2000]
11:51:27.839 [Forwarding getWindowHandles on session 37c14d504020035d1e6cd22a23b27d6d to remote] DEBUG o.a.h.c.protocol.RequestAddCookies - CookieSpec selected: default
11:51:27.839 [Forwarding getWindowHandles on session 37c14d504020035d1e6cd22a23b27d6d to remote] DEBUG o.a.h.c.protocol.RequestAuthCache - Auth cache not set in the context
11:51:27.839 [Forwarding getWindowHandles on session 37c14d504020035d1e6cd22a23b27d6d to remote] DEBUG o.a.h.i.c.PoolingHttpClientConnectionManager - Connection request: [route: {}->http://localhost:38386][total kept alive: 0; route allocated: 0 of 2000; total allocated: 0 of 2000]
11:51:27.839 [Forwarding getWindowHandles on session 37c14d504020035d1e6cd22a23b27d6d to remote] DEBUG o.a.h.i.c.PoolingHttpClientConnectionManager - Connection leased: [id: 4][route: {}->http://localhost:38386][total kept alive: 0; route allocated: 1 of 2000; total allocated: 1 of 2000]
11:51:27.839 [Forwarding getWindowHandles on session 37c14d504020035d1e6cd22a23b27d6d to remote] DEBUG o.a.h.impl.execchain.MainClientExec - Opening connection {}->http://localhost:38386
11:51:27.839 [Forwarding getWindowHandles on session 37c14d504020035d1e6cd22a23b27d6d to remote] DEBUG o.a.h.i.c.DefaultHttpClientConnectionOperator - Connecting to localhost/127.0.0.1:38386
11:51:27.839 [Forwarding getWindowHandles on session 37c14d504020035d1e6cd22a23b27d6d to remote] DEBUG o.a.h.i.c.DefaultHttpClientConnectionOperator - Connection established 127.0.0.1:55166<->127.0.0.1:38386
11:51:27.839 [Forwarding getWindowHandles on session 37c14d504020035d1e6cd22a23b27d6d to remote] DEBUG o.a.h.i.c.DefaultManagedHttpClientConnection - http-outgoing-4: set socket timeout to 10800000
11:51:27.840 [Forwarding getWindowHandles on session 37c14d504020035d1e6cd22a23b27d6d to remote] DEBUG o.a.h.impl.execchain.MainClientExec - Executing request GET /session/37c14d504020035d1e6cd22a23b27d6d/window_handles HTTP/1.1
11:51:27.840 [Forwarding getWindowHandles on session 37c14d504020035d1e6cd22a23b27d6d to remote] DEBUG o.a.h.impl.execchain.MainClientExec - Target auth state: UNCHALLENGED
11:51:27.840 [Forwarding getWindowHandles on session 37c14d504020035d1e6cd22a23b27d6d to remote] DEBUG o.a.h.impl.execchain.MainClientExec - Proxy auth state: UNCHALLENGED
11:51:27.840 [Forwarding getWindowHandles on session 37c14d504020035d1e6cd22a23b27d6d to remote] DEBUG org.apache.http.headers - http-outgoing-4 >> GET /session/37c14d504020035d1e6cd22a23b27d6d/window_handles HTTP/1.1
11:51:27.840 [Forwarding getWindowHandles on session 37c14d504020035d1e6cd22a23b27d6d to remote] DEBUG org.apache.http.headers - http-outgoing-4 >> Cache-Control: no-cache
11:51:27.840 [Forwarding getWindowHandles on session 37c14d504020035d1e6cd22a23b27d6d to remote] DEBUG org.apache.http.headers - http-outgoing-4 >> Host: localhost:38386
11:51:27.840 [Forwarding getWindowHandles on session 37c14d504020035d1e6cd22a23b27d6d to remote] DEBUG org.apache.http.headers - http-outgoing-4 >> Connection: Keep-Alive
11:51:27.840 [Forwarding getWindowHandles on session 37c14d504020035d1e6cd22a23b27d6d to remote] DEBUG org.apache.http.headers - http-outgoing-4 >> User-Agent: Apache-HttpClient/4.5.2 (Java/1.8.0_111)
11:51:27.840 [Forwarding getWindowHandles on session 37c14d504020035d1e6cd22a23b27d6d to remote] DEBUG org.apache.http.headers - http-outgoing-4 >> Accept-Encoding: gzip,deflate
11:51:27.840 [Forwarding getWindowHandles on session 37c14d504020035d1e6cd22a23b27d6d to remote] DEBUG org.apache.http.wire - http-outgoing-4 >> "GET /session/37c14d504020035d1e6cd22a23b27d6d/window_handles HTTP/1.1[\r][\n]"
11:51:27.840 [Forwarding getWindowHandles on session 37c14d504020035d1e6cd22a23b27d6d to remote] DEBUG org.apache.http.wire - http-outgoing-4 >> "Cache-Control: no-cache[\r][\n]"
11:51:27.840 [Forwarding getWindowHandles on session 37c14d504020035d1e6cd22a23b27d6d to remote] DEBUG org.apache.http.wire - http-outgoing-4 >> "Host: localhost:38386[\r][\n]"
11:51:27.840 [Forwarding getWindowHandles on session 37c14d504020035d1e6cd22a23b27d6d to remote] DEBUG org.apache.http.wire - http-outgoing-4 >> "Connection: Keep-Alive[\r][\n]"
11:51:27.840 [Forwarding getWindowHandles on session 37c14d504020035d1e6cd22a23b27d6d to remote] DEBUG org.apache.http.wire - http-outgoing-4 >> "User-Agent: Apache-HttpClient/4.5.2 (Java/1.8.0_111)[\r][\n]"
11:51:27.840 [Forwarding getWindowHandles on session 37c14d504020035d1e6cd22a23b27d6d to remote] DEBUG org.apache.http.wire - http-outgoing-4 >> "Accept-Encoding: gzip,deflate[\r][\n]"
11:51:27.840 [Forwarding getWindowHandles on session 37c14d504020035d1e6cd22a23b27d6d to remote] DEBUG org.apache.http.wire - http-outgoing-4 >> "[\r][\n]"
11:51:27.846 [Forwarding getWindowHandles on session 37c14d504020035d1e6cd22a23b27d6d to remote] DEBUG org.apache.http.wire - http-outgoing-4 << "HTTP/1.1 200 OK[\r][\n]"
11:51:27.846 [Forwarding getWindowHandles on session 37c14d504020035d1e6cd22a23b27d6d to remote] DEBUG org.apache.http.wire - http-outgoing-4 << "Content-Length:114[\r][\n]"
11:51:27.846 [Forwarding getWindowHandles on session 37c14d504020035d1e6cd22a23b27d6d to remote] DEBUG org.apache.http.wire - http-outgoing-4 << "Content-Type:application/json; charset=utf-8[\r][\n]"
11:51:27.846 [Forwarding getWindowHandles on session 37c14d504020035d1e6cd22a23b27d6d to remote] DEBUG org.apache.http.wire - http-outgoing-4 << "Connection:close[\r][\n]"
11:51:27.846 [Forwarding getWindowHandles on session 37c14d504020035d1e6cd22a23b27d6d to remote] DEBUG org.apache.http.wire - http-outgoing-4 << "[\r][\n]"
11:51:27.846 [Forwarding getWindowHandles on session 37c14d504020035d1e6cd22a23b27d6d to remote] DEBUG org.apache.http.wire - http-outgoing-4 << "{"sessionId":"37c14d504020035d1e6cd22a23b27d6d","status":0,"value":["CDwindow-(F06E5A870F4D451F4F57857195E0F62)"]}"
11:51:27.846 [Forwarding getWindowHandles on session 37c14d504020035d1e6cd22a23b27d6d to remote] DEBUG org.apache.http.headers - http-outgoing-4 << HTTP/1.1 200 OK
11:51:27.847 [Forwarding getWindowHandles on session 37c14d504020035d1e6cd22a23b27d6d to remote] DEBUG org.apache.http.headers - http-outgoing-4 << Content-Length:114
11:51:27.847 [Forwarding getWindowHandles on session 37c14d504020035d1e6cd22a23b27d6d to remote] DEBUG org.apache.http.headers - http-outgoing-4 << Content-Type:application/json; charset=utf-8
11:51:27.847 [Forwarding getWindowHandles on session 37c14d504020035d1e6cd22a23b27d6d to remote] DEBUG org.apache.http.headers - http-outgoing-4 << Connection:close
11:51:27.847 [Forwarding getWindowHandles on session 37c14d504020035d1e6cd22a23b27d6d to remote] DEBUG o.a.h.i.c.DefaultManagedHttpClientConnection - http-outgoing-4: Close connection
11:51:27.847 [Forwarding getWindowHandles on session 37c14d504020035d1e6cd22a23b27d6d to remote] DEBUG o.a.h.impl.execchain.MainClientExec - Connection discarded
11:51:27.847 [Forwarding getWindowHandles on session 37c14d504020035d1e6cd22a23b27d6d to remote] DEBUG o.a.h.i.c.PoolingHttpClientConnectionManager - Connection released: [id: 4][route: {}->http://localhost:38386][total kept alive: 0; route allocated: 0 of 2000; total allocated: 0 of 2000]
Navigating to URL: https://www.hooq.tv
11:51:27.850 [Forwarding get on session 37c14d504020035d1e6cd22a23b27d6d to remote] DEBUG o.a.h.c.protocol.RequestAddCookies - CookieSpec selected: default
11:51:27.851 [Forwarding get on session 37c14d504020035d1e6cd22a23b27d6d to remote] DEBUG o.a.h.c.protocol.RequestAuthCache - Auth cache not set in the context
11:51:27.851 [Forwarding get on session 37c14d504020035d1e6cd22a23b27d6d to remote] DEBUG o.a.h.i.c.PoolingHttpClientConnectionManager - Connection request: [route: {}->http://localhost:38386][total kept alive: 0; route allocated: 0 of 2000; total allocated: 0 of 2000]
11:51:27.851 [Forwarding get on session 37c14d504020035d1e6cd22a23b27d6d to remote] DEBUG o.a.h.i.c.PoolingHttpClientConnectionManager - Connection leased: [id: 5][route: {}->http://localhost:38386][total kept alive: 0; route allocated: 1 of 2000; total allocated: 1 of 2000]
11:51:27.851 [Forwarding get on session 37c14d504020035d1e6cd22a23b27d6d to remote] DEBUG o.a.h.impl.execchain.MainClientExec - Opening connection {}->http://localhost:38386
11:51:27.851 [Forwarding get on session 37c14d504020035d1e6cd22a23b27d6d to remote] DEBUG o.a.h.i.c.DefaultHttpClientConnectionOperator - Connecting to localhost/127.0.0.1:38386
11:51:27.851 [Forwarding get on session 37c14d504020035d1e6cd22a23b27d6d to remote] DEBUG o.a.h.i.c.DefaultHttpClientConnectionOperator - Connection established 127.0.0.1:55167<->127.0.0.1:38386
11:51:27.851 [Forwarding get on session 37c14d504020035d1e6cd22a23b27d6d to remote] DEBUG o.a.h.i.c.DefaultManagedHttpClientConnection - http-outgoing-5: set socket timeout to 10800000
11:51:27.852 [Forwarding get on session 37c14d504020035d1e6cd22a23b27d6d to remote] DEBUG o.a.h.impl.execchain.MainClientExec - Executing request POST /session/37c14d504020035d1e6cd22a23b27d6d/url HTTP/1.1
11:51:27.852 [Forwarding get on session 37c14d504020035d1e6cd22a23b27d6d to remote] DEBUG o.a.h.impl.execchain.MainClientExec - Target auth state: UNCHALLENGED
11:51:27.852 [Forwarding get on session 37c14d504020035d1e6cd22a23b27d6d to remote] DEBUG o.a.h.impl.execchain.MainClientExec - Proxy auth state: UNCHALLENGED
11:51:27.852 [Forwarding get on session 37c14d504020035d1e6cd22a23b27d6d to remote] DEBUG org.apache.http.headers - http-outgoing-5 >> POST /session/37c14d504020035d1e6cd22a23b27d6d/url HTTP/1.1
11:51:27.852 [Forwarding get on session 37c14d504020035d1e6cd22a23b27d6d to remote] DEBUG org.apache.http.headers - http-outgoing-5 >> Content-Type: application/json; charset=utf-8
11:51:27.852 [Forwarding get on session 37c14d504020035d1e6cd22a23b27d6d to remote] DEBUG org.apache.http.headers - http-outgoing-5 >> Content-Length: 29
11:51:27.852 [Forwarding get on session 37c14d504020035d1e6cd22a23b27d6d to remote] DEBUG org.apache.http.headers - http-outgoing-5 >> Host: localhost:38386
11:51:27.852 [Forwarding get on session 37c14d504020035d1e6cd22a23b27d6d to remote] DEBUG org.apache.http.headers - http-outgoing-5 >> Connection: Keep-Alive
11:51:27.852 [Forwarding get on session 37c14d504020035d1e6cd22a23b27d6d to remote] DEBUG org.apache.http.headers - http-outgoing-5 >> User-Agent: Apache-HttpClient/4.5.2 (Java/1.8.0_111)
11:51:27.852 [Forwarding get on session 37c14d504020035d1e6cd22a23b27d6d to remote] DEBUG org.apache.http.headers - http-outgoing-5 >> Accept-Encoding: gzip,deflate
11:51:27.852 [Forwarding get on session 37c14d504020035d1e6cd22a23b27d6d to remote] DEBUG org.apache.http.wire - http-outgoing-5 >> "POST /session/37c14d504020035d1e6cd22a23b27d6d/url HTTP/1.1[\r][\n]"
11:51:27.852 [Forwarding get on session 37c14d504020035d1e6cd22a23b27d6d to remote] DEBUG org.apache.http.wire - http-outgoing-5 >> "Content-Type: application/json; charset=utf-8[\r][\n]"
11:51:27.852 [Forwarding get on session 37c14d504020035d1e6cd22a23b27d6d to remote] DEBUG org.apache.http.wire - http-outgoing-5 >> "Content-Length: 29[\r][\n]"
11:51:27.852 [Forwarding get on session 37c14d504020035d1e6cd22a23b27d6d to remote] DEBUG org.apache.http.wire - http-outgoing-5 >> "Host: localhost:38386[\r][\n]"
11:51:27.852 [Forwarding get on session 37c14d504020035d1e6cd22a23b27d6d to remote] DEBUG org.apache.http.wire - http-outgoing-5 >> "Connection: Keep-Alive[\r][\n]"
11:51:27.852 [Forwarding get on session 37c14d504020035d1e6cd22a23b27d6d to remote] DEBUG org.apache.http.wire - http-outgoing-5 >> "User-Agent: Apache-HttpClient/4.5.2 (Java/1.8.0_111)[\r][\n]"
11:51:27.852 [Forwarding get on session 37c14d504020035d1e6cd22a23b27d6d to remote] DEBUG org.apache.http.wire - http-outgoing-5 >> "Accept-Encoding: gzip,deflate[\r][\n]"
11:51:27.852 [Forwarding get on session 37c14d504020035d1e6cd22a23b27d6d to remote] DEBUG org.apache.http.wire - http-outgoing-5 >> "[\r][\n]"
11:51:27.852 [Forwarding get on session 37c14d504020035d1e6cd22a23b27d6d to remote] DEBUG org.apache.http.wire - http-outgoing-5 >> "{"url":"https://www.hooq.tv"}"
11:52:01.386 [Forwarding get on session 37c14d504020035d1e6cd22a23b27d6d to remote] DEBUG org.apache.http.wire - http-outgoing-5 << "HTTP/1.1 200 OK[\r][\n]"
11:52:01.387 [Forwarding get on session 37c14d504020035d1e6cd22a23b27d6d to remote] DEBUG org.apache.http.wire - http-outgoing-5 << "Content-Length:72[\r][\n]"
11:52:01.387 [Forwarding get on session 37c14d504020035d1e6cd22a23b27d6d to remote] DEBUG org.apache.http.wire - http-outgoing-5 << "Content-Type:application/json; charset=utf-8[\r][\n]"
11:52:01.387 [Forwarding get on session 37c14d504020035d1e6cd22a23b27d6d to remote] DEBUG org.apache.http.wire - http-outgoing-5 << "Connection:close[\r][\n]"
11:52:01.387 [Forwarding get on session 37c14d504020035d1e6cd22a23b27d6d to remote] DEBUG org.apache.http.wire - http-outgoing-5 << "[\r][\n]"
11:52:01.387 [Forwarding get on session 37c14d504020035d1e6cd22a23b27d6d to remote] DEBUG org.apache.http.wire - http-outgoing-5 << "{"sessionId":"37c14d504020035d1e6cd22a23b27d6d","status":0,"value":null}"
11:52:01.387 [Forwarding get on session 37c14d504020035d1e6cd22a23b27d6d to remote] DEBUG org.apache.http.headers - http-outgoing-5 << HTTP/1.1 200 OK
11:52:01.387 [Forwarding get on session 37c14d504020035d1e6cd22a23b27d6d to remote] DEBUG org.apache.http.headers - http-outgoing-5 << Content-Length:72
11:52:01.387 [Forwarding get on session 37c14d504020035d1e6cd22a23b27d6d to remote] DEBUG org.apache.http.headers - http-outgoing-5 << Content-Type:application/json; charset=utf-8
11:52:01.387 [Forwarding get on session 37c14d504020035d1e6cd22a23b27d6d to remote] DEBUG org.apache.http.headers - http-outgoing-5 << Connection:close
11:52:01.388 [Forwarding get on session 37c14d504020035d1e6cd22a23b27d6d to remote] DEBUG o.a.h.i.c.DefaultManagedHttpClientConnection - http-outgoing-5: Close connection
11:52:01.388 [Forwarding get on session 37c14d504020035d1e6cd22a23b27d6d to remote] DEBUG o.a.h.impl.execchain.MainClientExec - Connection discarded
11:52:01.388 [Forwarding get on session 37c14d504020035d1e6cd22a23b27d6d to remote] DEBUG o.a.h.i.c.PoolingHttpClientConnectionManager - Connection released: [id: 5][route: {}->http://localhost:38386][total kept alive: 0; route allocated: 0 of 2000; total allocated: 0 of 2000]
Method Description : HOOQ
String email Cigniinfree02@yopmail.comString type validString userType valid
11:52:03.648 [Forwarding findElement on session 37c14d504020035d1e6cd22a23b27d6d to remote] DEBUG o.a.h.c.protocol.RequestAddCookies - CookieSpec selected: default
11:52:03.648 [Forwarding findElement on session 37c14d504020035d1e6cd22a23b27d6d to remote] DEBUG o.a.h.c.protocol.RequestAuthCache - Auth cache not set in the context
11:52:03.648 [Forwarding findElement on session 37c14d504020035d1e6cd22a23b27d6d to remote] DEBUG o.a.h.i.c.PoolingHttpClientConnectionManager - Connection request: [route: {}->http://localhost:38386][total kept alive: 0; route allocated: 0 of 2000; total allocated: 0 of 2000]
11:52:03.648 [Forwarding findElement on session 37c14d504020035d1e6cd22a23b27d6d to remote] DEBUG o.a.h.i.c.PoolingHttpClientConnectionManager - Connection leased: [id: 6][route: {}->http://localhost:38386][total kept alive: 0; route allocated: 1 of 2000; total allocated: 1 of 2000]
11:52:03.648 [Forwarding findElement on session 37c14d504020035d1e6cd22a23b27d6d to remote] DEBUG o.a.h.impl.execchain.MainClientExec - Opening connection {}->http://localhost:38386
11:52:03.649 [Forwarding findElement on session 37c14d504020035d1e6cd22a23b27d6d to remote] DEBUG o.a.h.i.c.DefaultHttpClientConnectionOperator - Connecting to localhost/127.0.0.1:38386
11:52:03.650 [Forwarding findElement on session 37c14d504020035d1e6cd22a23b27d6d to remote] DEBUG o.a.h.i.c.DefaultHttpClientConnectionOperator - Connection established 127.0.0.1:55286<->127.0.0.1:38386
11:52:03.650 [Forwarding findElement on session 37c14d504020035d1e6cd22a23b27d6d to remote] DEBUG o.a.h.i.c.DefaultManagedHttpClientConnection - http-outgoing-6: set socket timeout to 10800000
11:52:03.650 [Forwarding findElement on session 37c14d504020035d1e6cd22a23b27d6d to remote] DEBUG o.a.h.impl.execchain.MainClientExec - Executing request POST /session/37c14d504020035d1e6cd22a23b27d6d/element HTTP/1.1
11:52:03.650 [Forwarding findElement on session 37c14d504020035d1e6cd22a23b27d6d to remote] DEBUG o.a.h.impl.execchain.MainClientExec - Target auth state: UNCHALLENGED
11:52:03.650 [Forwarding findElement on session 37c14d504020035d1e6cd22a23b27d6d to remote] DEBUG o.a.h.impl.execchain.MainClientExec - Proxy auth state: UNCHALLENGED
11:52:03.650 [Forwarding findElement on session 37c14d504020035d1e6cd22a23b27d6d to remote] DEBUG org.apache.http.headers - http-outgoing-6 >> POST /session/37c14d504020035d1e6cd22a23b27d6d/element HTTP/1.1
11:52:03.650 [Forwarding findElement on session 37c14d504020035d1e6cd22a23b27d6d to remote] DEBUG org.apache.http.headers - http-outgoing-6 >> Content-Type: application/json; charset=utf-8
11:52:03.650 [Forwarding findElement on session 37c14d504020035d1e6cd22a23b27d6d to remote] DEBUG org.apache.http.headers - http-outgoing-6 >> Content-Length: 72
11:52:03.650 [Forwarding findElement on session 37c14d504020035d1e6cd22a23b27d6d to remote] DEBUG org.apache.http.headers - http-outgoing-6 >> Host: localhost:38386
11:52:03.651 [Forwarding findElement on session 37c14d504020035d1e6cd22a23b27d6d to remote] DEBUG org.apache.http.headers - http-outgoing-6 >> Connection: Keep-Alive
11:52:03.651 [Forwarding findElement on session 37c14d504020035d1e6cd22a23b27d6d to remote] DEBUG org.apache.http.headers - http-outgoing-6 >> User-Agent: Apache-HttpClient/4.5.2 (Java/1.8.0_111)
11:52:03.651 [Forwarding findElement on session 37c14d504020035d1e6cd22a23b27d6d to remote] DEBUG org.apache.http.headers - http-outgoing-6 >> Accept-Encoding: gzip,deflate
11:52:03.651 [Forwarding findElement on session 37c14d504020035d1e6cd22a23b27d6d to remote] DEBUG org.apache.http.wire - http-outgoing-6 >> "POST /session/37c14d504020035d1e6cd22a23b27d6d/element HTTP/1.1[\r][\n]"
11:52:03.651 [Forwarding findElement on session 37c14d504020035d1e6cd22a23b27d6d to remote] DEBUG org.apache.http.wire - http-outgoing-6 >> "Content-Type: application/json; charset=utf-8[\r][\n]"
11:52:03.651 [Forwarding findElement on session 37c14d504020035d1e6cd22a23b27d6d to remote] DEBUG org.apache.http.wire - http-outgoing-6 >> "Content-Length: 72[\r][\n]"
11:52:03.651 [Forwarding findElement on session 37c14d504020035d1e6cd22a23b27d6d to remote] DEBUG org.apache.http.wire - http-outgoing-6 >> "Host: localhost:38386[\r][\n]"
11:52:03.651 [Forwarding findElement on session 37c14d504020035d1e6cd22a23b27d6d to remote] DEBUG org.apache.http.wire - http-outgoing-6 >> "Connection: Keep-Alive[\r][\n]"
11:52:03.651 [Forwarding findElement on session 37c14d504020035d1e6cd22a23b27d6d to remote] DEBUG org.apache.http.wire - http-outgoing-6 >> "User-Agent: Apache-HttpClient/4.5.2 (Java/1.8.0_111)[\r][\n]"
11:52:03.651 [Forwarding findElement on session 37c14d504020035d1e6cd22a23b27d6d to remote] DEBUG org.apache.http.wire - http-outgoing-6 >> "Accept-Encoding: gzip,deflate[\r][\n]"
11:52:03.651 [Forwarding findElement on session 37c14d504020035d1e6cd22a23b27d6d to remote] DEBUG org.apache.http.wire - http-outgoing-6 >> "[\r][\n]"
11:52:03.651 [Forwarding findElement on session 37c14d504020035d1e6cd22a23b27d6d to remote] DEBUG org.apache.http.wire - http-outgoing-6 >> "{"using":"xpath","value":".//*[@id='welcome-mount']/div/nav/ul/li[2]/a"}"
11:52:03.750 [Forwarding findElement on session 37c14d504020035d1e6cd22a23b27d6d to remote] DEBUG org.apache.http.wire - http-outgoing-6 << "HTTP/1.1 200 OK[\r][\n]"
11:52:03.751 [Forwarding findElement on session 37c14d504020035d1e6cd22a23b27d6d to remote] DEBUG org.apache.http.wire - http-outgoing-6 << "Content-Length:102[\r][\n]"
11:52:03.751 [Forwarding findElement on session 37c14d504020035d1e6cd22a23b27d6d to remote] DEBUG org.apache.http.wire - http-outgoing-6 << "Content-Type:application/json; charset=utf-8[\r][\n]"
11:52:03.751 [Forwarding findElement on session 37c14d504020035d1e6cd22a23b27d6d to remote] DEBUG org.apache.http.wire - http-outgoing-6 << "Connection:close[\r][\n]"
11:52:03.751 [Forwarding findElement on session 37c14d504020035d1e6cd22a23b27d6d to remote] DEBUG org.apache.http.wire - http-outgoing-6 << "[\r][\n]"
11:52:03.751 [Forwarding findElement on session 37c14d504020035d1e6cd22a23b27d6d to remote] DEBUG org.apache.http.wire - http-outgoing-6 << "{"sessionId":"37c14d504020035d1e6cd22a23b27d6d","status":0,"value":{"ELEMENT":"0.9611460988129836-1"}}"
11:52:03.751 [Forwarding findElement on session 37c14d504020035d1e6cd22a23b27d6d to remote] DEBUG org.apache.http.headers - http-outgoing-6 << HTTP/1.1 200 OK
11:52:03.751 [Forwarding findElement on session 37c14d504020035d1e6cd22a23b27d6d to remote] DEBUG org.apache.http.headers - http-outgoing-6 << Content-Length:102
11:52:03.751 [Forwarding findElement on session 37c14d504020035d1e6cd22a23b27d6d to remote] DEBUG org.apache.http.headers - http-outgoing-6 << Content-Type:application/json; charset=utf-8
11:52:03.751 [Forwarding findElement on session 37c14d504020035d1e6cd22a23b27d6d to remote] DEBUG org.apache.http.headers - http-outgoing-6 << Connection:close
11:52:03.751 [Forwarding findElement on session 37c14d504020035d1e6cd22a23b27d6d to remote] DEBUG o.a.h.i.c.DefaultManagedHttpClientConnection - http-outgoing-6: Close connection
11:52:03.751 [Forwarding findElement on session 37c14d504020035d1e6cd22a23b27d6d to remote] DEBUG o.a.h.impl.execchain.MainClientExec - Connection discarded
11:52:03.751 [Forwarding findElement on session 37c14d504020035d1e6cd22a23b27d6d to remote] DEBUG o.a.h.i.c.PoolingHttpClientConnectionManager - Connection released: [id: 6][route: {}->http://localhost:38386][total kept alive: 0; route allocated: 0 of 2000; total allocated: 0 of 2000]
11:52:03.756 [Forwarding executeScript on session 37c14d504020035d1e6cd22a23b27d6d to remote] DEBUG o.a.h.c.protocol.RequestAddCookies - CookieSpec selected: default
11:52:03.757 [Forwarding executeScript on session 37c14d504020035d1e6cd22a23b27d6d to remote] DEBUG o.a.h.c.protocol.RequestAuthCache - Auth cache not set in the context
11:52:03.757 [Forwarding executeScript on session 37c14d504020035d1e6cd22a23b27d6d to remote] DEBUG o.a.h.i.c.PoolingHttpClientConnectionManager - Connection request: [route: {}->http://localhost:38386][total kept alive: 0; route allocated: 0 of 2000; total allocated: 0 of 2000]
11:52:03.757 [Forwarding executeScript on session 37c14d504020035d1e6cd22a23b27d6d to remote] DEBUG o.a.h.i.c.PoolingHttpClientConnectionManager - Connection leased: [id: 7][route: {}->http://localhost:38386][total kept alive: 0; route allocated: 1 of 2000; total allocated: 1 of 2000]
11:52:03.757 [Forwarding executeScript on session 37c14d504020035d1e6cd22a23b27d6d to remote] DEBUG o.a.h.impl.execchain.MainClientExec - Opening connection {}->http://localhost:38386
11:52:03.757 [Forwarding executeScript on session 37c14d504020035d1e6cd22a23b27d6d to remote] DEBUG o.a.h.i.c.DefaultHttpClientConnectionOperator - Connecting to localhost/127.0.0.1:38386
11:52:03.758 [Forwarding executeScript on session 37c14d504020035d1e6cd22a23b27d6d to remote] DEBUG o.a.h.i.c.DefaultHttpClientConnectionOperator - Connection established 127.0.0.1:55287<->127.0.0.1:38386
11:52:03.758 [Forwarding executeScript on session 37c14d504020035d1e6cd22a23b27d6d to remote] DEBUG o.a.h.i.c.DefaultManagedHttpClientConnection - http-outgoing-7: set socket timeout to 10800000
11:52:03.758 [Forwarding executeScript on session 37c14d504020035d1e6cd22a23b27d6d to remote] DEBUG o.a.h.impl.execchain.MainClientExec - Executing request POST /session/37c14d504020035d1e6cd22a23b27d6d/execute HTTP/1.1
11:52:03.758 [Forwarding executeScript on session 37c14d504020035d1e6cd22a23b27d6d to remote] DEBUG o.a.h.impl.execchain.MainClientExec - Target auth state: UNCHALLENGED
11:52:03.758 [Forwarding executeScript on session 37c14d504020035d1e6cd22a23b27d6d to remote] DEBUG o.a.h.impl.execchain.MainClientExec - Proxy auth state: UNCHALLENGED
11:52:03.758 [Forwarding executeScript on session 37c14d504020035d1e6cd22a23b27d6d to remote] DEBUG org.apache.http.headers - http-outgoing-7 >> POST /session/37c14d504020035d1e6cd22a23b27d6d/execute HTTP/1.1
11:52:03.758 [Forwarding executeScript on session 37c14d504020035d1e6cd22a23b27d6d to remote] DEBUG org.apache.http.headers - http-outgoing-7 >> Content-Type: application/json; charset=utf-8
11:52:03.758 [Forwarding executeScript on session 37c14d504020035d1e6cd22a23b27d6d to remote] DEBUG org.apache.http.headers - http-outgoing-7 >> Content-Length: 161
11:52:03.758 [Forwarding executeScript on session 37c14d504020035d1e6cd22a23b27d6d to remote] DEBUG org.apache.http.headers - http-outgoing-7 >> Host: localhost:38386
11:52:03.758 [Forwarding executeScript on session 37c14d504020035d1e6cd22a23b27d6d to remote] DEBUG org.apache.http.headers - http-outgoing-7 >> Connection: Keep-Alive
11:52:03.758 [Forwarding executeScript on session 37c14d504020035d1e6cd22a23b27d6d to remote] DEBUG org.apache.http.headers - http-outgoing-7 >> User-Agent: Apache-HttpClient/4.5.2 (Java/1.8.0_111)
11:52:03.758 [Forwarding executeScript on session 37c14d504020035d1e6cd22a23b27d6d to remote] DEBUG org.apache.http.headers - http-outgoing-7 >> Accept-Encoding: gzip,deflate
11:52:03.758 [Forwarding executeScript on session 37c14d504020035d1e6cd22a23b27d6d to remote] DEBUG org.apache.http.wire - http-outgoing-7 >> "POST /session/37c14d504020035d1e6cd22a23b27d6d/execute HTTP/1.1[\r][\n]"
11:52:03.758 [Forwarding executeScript on session 37c14d504020035d1e6cd22a23b27d6d to remote] DEBUG org.apache.http.wire - http-outgoing-7 >> "Content-Type: application/json; charset=utf-8[\r][\n]"
11:52:03.758 [Forwarding executeScript on session 37c14d504020035d1e6cd22a23b27d6d to remote] DEBUG org.apache.http.wire - http-outgoing-7 >> "Content-Length: 161[\r][\n]"
11:52:03.758 [Forwarding executeScript on session 37c14d504020035d1e6cd22a23b27d6d to remote] DEBUG org.apache.http.wire - http-outgoing-7 >> "Host: localhost:38386[\r][\n]"
11:52:03.758 [Forwarding executeScript on session 37c14d504020035d1e6cd22a23b27d6d to remote] DEBUG org.apache.http.wire - http-outgoing-7 >> "Connection: Keep-Alive[\r][\n]"
11:52:03.758 [Forwarding executeScript on session 37c14d504020035d1e6cd22a23b27d6d to remote] DEBUG org.apache.http.wire - http-outgoing-7 >> "User-Agent: Apache-HttpClient/4.5.2 (Java/1.8.0_111)[\r][\n]"
11:52:03.758 [Forwarding executeScript on session 37c14d504020035d1e6cd22a23b27d6d to remote] DEBUG org.apache.http.wire - http-outgoing-7 >> "Accept-Encoding: gzip,deflate[\r][\n]"
11:52:03.758 [Forwarding executeScript on session 37c14d504020035d1e6cd22a23b27d6d to remote] DEBUG org.apache.http.wire - http-outgoing-7 >> "[\r][\n]"
11:52:03.758 [Forwarding executeScript on session 37c14d504020035d1e6cd22a23b27d6d to remote] DEBUG org.apache.http.wire - http-outgoing-7 >> "{"script":"arguments[0].style.border='4px solid green'","args":[{"ELEMENT":"0.9611460988129836-1","element-6066-11e4-a52e-4f735466cecf":"0.9611460988129836-1"}]}"
11:52:03.768 [Forwarding executeScript on session 37c14d504020035d1e6cd22a23b27d6d to remote] DEBUG org.apache.http.wire - http-outgoing-7 << "HTTP/1.1 200 OK[\r][\n]"
11:52:03.768 [Forwarding executeScript on session 37c14d504020035d1e6cd22a23b27d6d to remote] DEBUG org.apache.http.wire - http-outgoing-7 << "Content-Length:72[\r][\n]"
11:52:03.768 [Forwarding executeScript on session 37c14d504020035d1e6cd22a23b27d6d to remote] DEBUG org.apache.http.wire - http-outgoing-7 << "Content-Type:application/json; charset=utf-8[\r][\n]"
11:52:03.768 [Forwarding executeScript on session 37c14d504020035d1e6cd22a23b27d6d to remote] DEBUG org.apache.http.wire - http-outgoing-7 << "Connection:close[\r][\n]"
11:52:03.768 [Forwarding executeScript on session 37c14d504020035d1e6cd22a23b27d6d to remote] DEBUG org.apache.http.wire - http-outgoing-7 << "[\r][\n]"
11:52:03.768 [Forwarding executeScript on session 37c14d504020035d1e6cd22a23b27d6d to remote] DEBUG org.apache.http.wire - http-outgoing-7 << "{"sessionId":"37c14d504020035d1e6cd22a23b27d6d","status":0,"value":null}"
11:52:03.768 [Forwarding executeScript on session 37c14d504020035d1e6cd22a23b27d6d to remote] DEBUG org.apache.http.headers - http-outgoing-7 << HTTP/1.1 200 OK
11:52:03.768 [Forwarding executeScript on session 37c14d504020035d1e6cd22a23b27d6d to remote] DEBUG org.apache.http.headers - http-outgoing-7 << Content-Length:72
11:52:03.768 [Forwarding executeScript on session 37c14d504020035d1e6cd22a23b27d6d to remote] DEBUG org.apache.http.headers - http-outgoing-7 << Content-Type:application/json; charset=utf-8
11:52:03.768 [Forwarding executeScript on session 37c14d504020035d1e6cd22a23b27d6d to remote] DEBUG org.apache.http.headers - http-outgoing-7 << Connection:close
11:52:03.769 [Forwarding executeScript on session 37c14d504020035d1e6cd22a23b27d6d to remote] DEBUG o.a.h.i.c.DefaultManagedHttpClientConnection - http-outgoing-7: Close connection
11:52:03.769 [Forwarding executeScript on session 37c14d504020035d1e6cd22a23b27d6d to remote] DEBUG o.a.h.impl.execchain.MainClientExec - Connection discarded
11:52:03.769 [Forwarding executeScript on session 37c14d504020035d1e6cd22a23b27d6d to remote] DEBUG o.a.h.i.c.PoolingHttpClientConnectionManager - Connection released: [id: 7][route: {}->http://localhost:38386][total kept alive: 0; route allocated: 0 of 2000; total allocated: 0 of 2000]
11:52:03.770 [Forwarding findElement on session 37c14d504020035d1e6cd22a23b27d6d to remote] DEBUG o.a.h.c.protocol.RequestAddCookies - CookieSpec selected: default
11:52:03.770 [Forwarding findElement on session 37c14d504020035d1e6cd22a23b27d6d to remote] DEBUG o.a.h.c.protocol.RequestAuthCache - Auth cache not set in the context
11:52:03.770 [Forwarding findElement on session 37c14d504020035d1e6cd22a23b27d6d to remote] DEBUG o.a.h.i.c.PoolingHttpClientConnectionManager - Connection request: [route: {}->http://localhost:38386][total kept alive: 0; route allocated: 0 of 2000; total allocated: 0 of 2000]
11:52:03.770 [Forwarding findElement on session 37c14d504020035d1e6cd22a23b27d6d to remote] DEBUG o.a.h.i.c.PoolingHttpClientConnectionManager - Connection leased: [id: 8][route: {}->http://localhost:38386][total kept alive: 0; route allocated: 1 of 2000; total allocated: 1 of 2000]
11:52:03.770 [Forwarding findElement on session 37c14d504020035d1e6cd22a23b27d6d to remote] DEBUG o.a.h.impl.execchain.MainClientExec - Opening connection {}->http://localhost:38386
11:52:03.770 [Forwarding findElement on session 37c14d504020035d1e6cd22a23b27d6d to remote] DEBUG o.a.h.i.c.DefaultHttpClientConnectionOperator - Connecting to localhost/127.0.0.1:38386
11:52:03.771 [Forwarding findElement on session 37c14d504020035d1e6cd22a23b27d6d to remote] DEBUG o.a.h.i.c.DefaultHttpClientConnectionOperator - Connection established 127.0.0.1:55288<->127.0.0.1:38386
11:52:03.771 [Forwarding findElement on session 37c14d504020035d1e6cd22a23b27d6d to remote] DEBUG o.a.h.i.c.DefaultManagedHttpClientConnection - http-outgoing-8: set socket timeout to 10800000
11:52:03.771 [Forwarding findElement on session 37c14d504020035d1e6cd22a23b27d6d to remote] DEBUG o.a.h.impl.execchain.MainClientExec - Executing request POST /session/37c14d504020035d1e6cd22a23b27d6d/element HTTP/1.1
11:52:03.771 [Forwarding findElement on session 37c14d504020035d1e6cd22a23b27d6d to remote] DEBUG o.a.h.impl.execchain.MainClientExec - Target auth state: UNCHALLENGED
11:52:03.771 [Forwarding findElement on session 37c14d504020035d1e6cd22a23b27d6d to remote] DEBUG o.a.h.impl.execchain.MainClientExec - Proxy auth state: UNCHALLENGED
11:52:03.771 [Forwarding findElement on session 37c14d504020035d1e6cd22a23b27d6d to remote] DEBUG org.apache.http.headers - http-outgoing-8 >> POST /session/37c14d504020035d1e6cd22a23b27d6d/element HTTP/1.1
11:52:03.771 [Forwarding findElement on session 37c14d504020035d1e6cd22a23b27d6d to remote] DEBUG org.apache.http.headers - http-outgoing-8 >> Content-Type: application/json; charset=utf-8
11:52:03.771 [Forwarding findElement on session 37c14d504020035d1e6cd22a23b27d6d to remote] DEBUG org.apache.http.headers - http-outgoing-8 >> Content-Length: 72
11:52:03.771 [Forwarding findElement on session 37c14d504020035d1e6cd22a23b27d6d to remote] DEBUG org.apache.http.headers - http-outgoing-8 >> Host: localhost:38386
11:52:03.771 [Forwarding findElement on session 37c14d504020035d1e6cd22a23b27d6d to remote] DEBUG org.apache.http.headers - http-outgoing-8 >> Connection: Keep-Alive
11:52:03.771 [Forwarding findElement on session 37c14d504020035d1e6cd22a23b27d6d to remote] DEBUG org.apache.http.headers - http-outgoing-8 >> User-Agent: Apache-HttpClient/4.5.2 (Java/1.8.0_111)
11:52:03.771 [Forwarding findElement on session 37c14d504020035d1e6cd22a23b27d6d to remote] DEBUG org.apache.http.headers - http-outgoing-8 >> Accept-Encoding: gzip,deflate
11:52:03.771 [Forwarding findElement on session 37c14d504020035d1e6cd22a23b27d6d to remote] DEBUG org.apache.http.wire - http-outgoing-8 >> "POST /session/37c14d504020035d1e6cd22a23b27d6d/element HTTP/1.1[\r][\n]"
11:52:03.771 [Forwarding findElement on session 37c14d504020035d1e6cd22a23b27d6d to remote] DEBUG org.apache.http.wire - http-outgoing-8 >> "Content-Type: application/json; charset=utf-8[\r][\n]"
11:52:03.771 [Forwarding findElement on session 37c14d504020035d1e6cd22a23b27d6d to remote] DEBUG org.apache.http.wire - http-outgoing-8 >> "Content-Length: 72[\r][\n]"
11:52:03.771 [Forwarding findElement on session 37c14d504020035d1e6cd22a23b27d6d to remote] DEBUG org.apache.http.wire - http-outgoing-8 >> "Host: localhost:38386[\r][\n]"
11:52:03.771 [Forwarding findElement on session 37c14d504020035d1e6cd22a23b27d6d to remote] DEBUG org.apache.http.wire - http-outgoing-8 >> "Connection: Keep-Alive[\r][\n]"
11:52:03.771 [Forwarding findElement on session 37c14d504020035d1e6cd22a23b27d6d to remote] DEBUG org.apache.http.wire - http-outgoing-8 >> "User-Agent: Apache-HttpClient/4.5.2 (Java/1.8.0_111)[\r][\n]"
11:52:03.771 [Forwarding findElement on session 37c14d504020035d1e6cd22a23b27d6d to remote] DEBUG org.apache.http.wire - http-outgoing-8 >> "Accept-Encoding: gzip,deflate[\r][\n]"
11:52:03.771 [Forwarding findElement on session 37c14d504020035d1e6cd22a23b27d6d to remote] DEBUG org.apache.http.wire - http-outgoing-8 >> "[\r][\n]"
11:52:03.771 [Forwarding findElement on session 37c14d504020035d1e6cd22a23b27d6d to remote] DEBUG org.apache.http.wire - http-outgoing-8 >> "{"using":"xpath","value":".//*[@id='welcome-mount']/div/nav/ul/li[2]/a"}"
11:52:03.782 [Forwarding findElement on session 37c14d504020035d1e6cd22a23b27d6d to remote] DEBUG org.apache.http.wire - http-outgoing-8 << "HTTP/1.1 200 OK[\r][\n]"
11:52:03.782 [Forwarding findElement on session 37c14d504020035d1e6cd22a23b27d6d to remote] DEBUG org.apache.http.wire - http-outgoing-8 << "Content-Length:102[\r][\n]"
11:52:03.782 [Forwarding findElement on session 37c14d504020035d1e6cd22a23b27d6d to remote] DEBUG org.apache.http.wire - http-outgoing-8 << "Content-Type:application/json; charset=utf-8[\r][\n]"
11:52:03.782 [Forwarding findElement on session 37c14d504020035d1e6cd22a23b27d6d to remote] DEBUG org.apache.http.wire - http-outgoing-8 << "Connection:close[\r][\n]"
11:52:03.782 [Forwarding findElement on session 37c14d504020035d1e6cd22a23b27d6d to remote] DEBUG org.apache.http.wire - http-outgoing-8 << "[\r][\n]"
11:52:03.782 [Forwarding findElement on session 37c14d504020035d1e6cd22a23b27d6d to remote] DEBUG org.apache.http.wire - http-outgoing-8 << "{"sessionId":"37c14d504020035d1e6cd22a23b27d6d","status":0,"value":{"ELEMENT":"0.9611460988129836-1"}}"
11:52:03.782 [Forwarding findElement on session 37c14d504020035d1e6cd22a23b27d6d to remote] DEBUG org.apache.http.headers - http-outgoing-8 << HTTP/1.1 200 OK
11:52:03.782 [Forwarding findElement on session 37c14d504020035d1e6cd22a23b27d6d to remote] DEBUG org.apache.http.headers - http-outgoing-8 << Content-Length:102
11:52:03.782 [Forwarding findElement on session 37c14d504020035d1e6cd22a23b27d6d to remote] DEBUG org.apache.http.headers - http-outgoing-8 << Content-Type:application/json; charset=utf-8
11:52:03.782 [Forwarding findElement on session 37c14d504020035d1e6cd22a23b27d6d to remote] DEBUG org.apache.http.headers - http-outgoing-8 << Connection:close
11:52:03.782 [Forwarding findElement on session 37c14d504020035d1e6cd22a23b27d6d to remote] DEBUG o.a.h.i.c.DefaultManagedHttpClientConnection - http-outgoing-8: Close connection
11:52:03.782 [Forwarding findElement on session 37c14d504020035d1e6cd22a23b27d6d to remote] DEBUG o.a.h.impl.execchain.MainClientExec - Connection discarded
11:52:03.782 [Forwarding findElement on session 37c14d504020035d1e6cd22a23b27d6d to remote] DEBUG o.a.h.i.c.PoolingHttpClientConnectionManager - Connection released: [id: 8][route: {}->http://localhost:38386][total kept alive: 0; route allocated: 0 of 2000; total allocated: 0 of 2000]
11:52:03.787 [Forwarding executeScript on session 37c14d504020035d1e6cd22a23b27d6d to remote] DEBUG o.a.h.c.protocol.RequestAddCookies - CookieSpec selected: default
11:52:03.788 [Forwarding executeScript on session 37c14d504020035d1e6cd22a23b27d6d to remote] DEBUG o.a.h.c.protocol.RequestAuthCache - Auth cache not set in the context
11:52:03.788 [Forwarding executeScript on session 37c14d504020035d1e6cd22a23b27d6d to remote] DEBUG o.a.h.i.c.PoolingHttpClientConnectionManager - Connection request: [route: {}->http://localhost:38386][total kept alive: 0; route allocated: 0 of 2000; total allocated: 0 of 2000]
11:52:03.788 [Forwarding executeScript on session 37c14d504020035d1e6cd22a23b27d6d to remote] DEBUG o.a.h.i.c.PoolingHttpClientConnectionManager - Connection leased: [id: 9][route: {}->http://localhost:38386][total kept alive: 0; route allocated: 1 of 2000; total allocated: 1 of 2000]
11:52:03.788 [Forwarding executeScript on session 37c14d504020035d1e6cd22a23b27d6d to remote] DEBUG o.a.h.impl.execchain.MainClientExec - Opening connection {}->http://localhost:38386
11:52:03.788 [Forwarding executeScript on session 37c14d504020035d1e6cd22a23b27d6d to remote] DEBUG o.a.h.i.c.DefaultHttpClientConnectionOperator - Connecting to localhost/127.0.0.1:38386
11:52:03.788 [Forwarding executeScript on session 37c14d504020035d1e6cd22a23b27d6d to remote] DEBUG o.a.h.i.c.DefaultHttpClientConnectionOperator - Connection established 127.0.0.1:55289<->127.0.0.1:38386
11:52:03.788 [Forwarding executeScript on session 37c14d504020035d1e6cd22a23b27d6d to remote] DEBUG o.a.h.i.c.DefaultManagedHttpClientConnection - http-outgoing-9: set socket timeout to 10800000
11:52:03.789 [Forwarding executeScript on session 37c14d504020035d1e6cd22a23b27d6d to remote] DEBUG o.a.h.impl.execchain.MainClientExec - Executing request POST /session/37c14d504020035d1e6cd22a23b27d6d/execute HTTP/1.1
11:52:03.789 [Forwarding executeScript on session 37c14d504020035d1e6cd22a23b27d6d to remote] DEBUG o.a.h.impl.execchain.MainClientExec - Target auth state: UNCHALLENGED
11:52:03.789 [Forwarding executeScript on session 37c14d504020035d1e6cd22a23b27d6d to remote] DEBUG o.a.h.impl.execchain.MainClientExec - Proxy auth state: UNCHALLENGED
11:52:03.789 [Forwarding executeScript on session 37c14d504020035d1e6cd22a23b27d6d to remote] DEBUG org.apache.http.headers - http-outgoing-9 >> POST /session/37c14d504020035d1e6cd22a23b27d6d/execute HTTP/1.1
11:52:03.789 [Forwarding executeScript on session 37c14d504020035d1e6cd22a23b27d6d to remote] DEBUG org.apache.http.headers - http-outgoing-9 >> Content-Type: application/json; charset=utf-8
11:52:03.789 [Forwarding executeScript on session 37c14d504020035d1e6cd22a23b27d6d to remote] DEBUG org.apache.http.headers - http-outgoing-9 >> Content-Length: 139
11:52:03.789 [Forwarding executeScript on session 37c14d504020035d1e6cd22a23b27d6d to remote] DEBUG org.apache.http.headers - http-outgoing-9 >> Host: localhost:38386
11:52:03.789 [Forwarding executeScript on session 37c14d504020035d1e6cd22a23b27d6d to remote] DEBUG org.apache.http.headers - http-outgoing-9 >> Connection: Keep-Alive
11:52:03.789 [Forwarding executeScript on session 37c14d504020035d1e6cd22a23b27d6d to remote] DEBUG org.apache.http.headers - http-outgoing-9 >> User-Agent: Apache-HttpClient/4.5.2 (Java/1.8.0_111)
11:52:03.789 [Forwarding executeScript on session 37c14d504020035d1e6cd22a23b27d6d to remote] DEBUG org.apache.http.headers - http-outgoing-9 >> Accept-Encoding: gzip,deflate
11:52:03.789 [Forwarding executeScript on session 37c14d504020035d1e6cd22a23b27d6d to remote] DEBUG org.apache.http.wire - http-outgoing-9 >> "POST /session/37c14d504020035d1e6cd22a23b27d6d/execute HTTP/1.1[\r][\n]"
11:52:03.789 [Forwarding executeScript on session 37c14d504020035d1e6cd22a23b27d6d to remote] DEBUG org.apache.http.wire - http-outgoing-9 >> "Content-Type: application/json; charset=utf-8[\r][\n]"
11:52:03.789 [Forwarding executeScript on session 37c14d504020035d1e6cd22a23b27d6d to remote] DEBUG org.apache.http.wire - http-outgoing-9 >> "Content-Length: 139[\r][\n]"
11:52:03.789 [Forwarding executeScript on session 37c14d504020035d1e6cd22a23b27d6d to remote] DEBUG org.apache.http.wire - http-outgoing-9 >> "Host: localhost:38386[\r][\n]"
11:52:03.789 [Forwarding executeScript on session 37c14d504020035d1e6cd22a23b27d6d to remote] DEBUG org.apache.http.wire - http-outgoing-9 >> "Connection: Keep-Alive[\r][\n]"
11:52:03.789 [Forwarding executeScript on session 37c14d504020035d1e6cd22a23b27d6d to remote] DEBUG org.apache.http.wire - http-outgoing-9 >> "User-Agent: Apache-HttpClient/4.5.2 (Java/1.8.0_111)[\r][\n]"
11:52:03.789 [Forwarding executeScript on session 37c14d504020035d1e6cd22a23b27d6d to remote] DEBUG org.apache.http.wire - http-outgoing-9 >> "Accept-Encoding: gzip,deflate[\r][\n]"
11:52:03.789 [Forwarding executeScript on session 37c14d504020035d1e6cd22a23b27d6d to remote] DEBUG org.apache.http.wire - http-outgoing-9 >> "[\r][\n]"
11:52:03.789 [Forwarding executeScript on session 37c14d504020035d1e6cd22a23b27d6d to remote] DEBUG org.apache.http.wire - http-outgoing-9 >> "{"script":"arguments[0].click();","args":[{"ELEMENT":"0.9611460988129836-1","element-6066-11e4-a52e-4f735466cecf":"0.9611460988129836-1"}]}"
11:52:03.812 [Forwarding executeScript on session 37c14d504020035d1e6cd22a23b27d6d to remote] DEBUG org.apache.http.wire - http-outgoing-9 << "HTTP/1.1 200 OK[\r][\n]"
11:52:03.812 [Forwarding executeScript on session 37c14d504020035d1e6cd22a23b27d6d to remote] DEBUG org.apache.http.wire - http-outgoing-9 << "Content-Length:72[\r][\n]"
11:52:03.812 [Forwarding executeScript on session 37c14d504020035d1e6cd22a23b27d6d to remote] DEBUG org.apache.http.wire - http-outgoing-9 << "Content-Type:application/json; charset=utf-8[\r][\n]"
11:52:03.812 [Forwarding executeScript on session 37c14d504020035d1e6cd22a23b27d6d to remote] DEBUG org.apache.http.wire - http-outgoing-9 << "Connection:close[\r][\n]"
11:52:03.812 [Forwarding executeScript on session 37c14d504020035d1e6cd22a23b27d6d to remote] DEBUG org.apache.http.wire - http-outgoing-9 << "[\r][\n]"
11:52:03.812 [Forwarding executeScript on session 37c14d504020035d1e6cd22a23b27d6d to remote] DEBUG org.apache.http.wire - http-outgoing-9 << "{"sessionId":"37c14d504020035d1e6cd22a23b27d6d","status":0,"value":null}"
11:52:03.812 [Forwarding executeScript on session 37c14d504020035d1e6cd22a23b27d6d to remote] DEBUG org.apache.http.headers - http-outgoing-9 << HTTP/1.1 200 OK
11:52:03.812 [Forwarding executeScript on session 37c14d504020035d1e6cd22a23b27d6d to remote] DEBUG org.apache.http.headers - http-outgoing-9 << Content-Length:72
11:52:03.812 [Forwarding executeScript on session 37c14d504020035d1e6cd22a23b27d6d to remote] DEBUG org.apache.http.headers - http-outgoing-9 << Content-Type:application/json; charset=utf-8
11:52:03.812 [Forwarding executeScript on session 37c14d504020035d1e6cd22a23b27d6d to remote] DEBUG org.apache.http.headers - http-outgoing-9 << Connection:close
11:52:03.812 [Forwarding executeScript on session 37c14d504020035d1e6cd22a23b27d6d to remote] DEBUG o.a.h.i.c.DefaultManagedHttpClientConnection - http-outgoing-9: Close connection
11:52:03.813 [Forwarding executeScript on session 37c14d504020035d1e6cd22a23b27d6d to remote] DEBUG o.a.h.impl.execchain.MainClientExec - Connection discarded
11:52:03.813 [Forwarding executeScript on session 37c14d504020035d1e6cd22a23b27d6d to remote] DEBUG o.a.h.i.c.PoolingHttpClientConnectionManager - Connection released: [id: 9][route: {}->http://localhost:38386][total kept alive: 0; route allocated: 0 of 2000; total allocated: 0 of 2000]
11:52:07.836 [Forwarding findElement on session 37c14d504020035d1e6cd22a23b27d6d to remote] DEBUG o.a.h.c.protocol.RequestAddCookies - CookieSpec selected: default
11:52:07.836 [Forwarding findElement on session 37c14d504020035d1e6cd22a23b27d6d to remote] DEBUG o.a.h.c.protocol.RequestAuthCache - Auth cache not set in the context
11:52:07.836 [Forwarding findElement on session 37c14d504020035d1e6cd22a23b27d6d to remote] DEBUG o.a.h.i.c.PoolingHttpClientConnectionManager - Connection request: [route: {}->http://localhost:38386][total kept alive: 0; route allocated: 0 of 2000; total allocated: 0 of 2000]
11:52:07.836 [Forwarding findElement on session 37c14d504020035d1e6cd22a23b27d6d to remote] DEBUG o.a.h.i.c.PoolingHttpClientConnectionManager - Connection leased: [id: 10][route: {}->http://localhost:38386][total kept alive: 0; route allocated: 1 of 2000; total allocated: 1 of 2000]
11:52:07.836 [Forwarding findElement on session 37c14d504020035d1e6cd22a23b27d6d to remote] DEBUG o.a.h.impl.execchain.MainClientExec - Opening connection {}->http://localhost:38386
11:52:07.836 [Forwarding findElement on session 37c14d504020035d1e6cd22a23b27d6d to remote] DEBUG o.a.h.i.c.DefaultHttpClientConnectionOperator - Connecting to localhost/127.0.0.1:38386
11:52:07.837 [Forwarding findElement on session 37c14d504020035d1e6cd22a23b27d6d to remote] DEBUG o.a.h.i.c.DefaultHttpClientConnectionOperator - Connection established 127.0.0.1:55306<->127.0.0.1:38386
11:52:07.837 [Forwarding findElement on session 37c14d504020035d1e6cd22a23b27d6d to remote] DEBUG o.a.h.i.c.DefaultManagedHttpClientConnection - http-outgoing-10: set socket timeout to 10800000
11:52:07.837 [Forwarding findElement on session 37c14d504020035d1e6cd22a23b27d6d to remote] DEBUG o.a.h.impl.execchain.MainClientExec - Executing request POST /session/37c14d504020035d1e6cd22a23b27d6d/element HTTP/1.1
11:52:07.837 [Forwarding findElement on session 37c14d504020035d1e6cd22a23b27d6d to remote] DEBUG o.a.h.impl.execchain.MainClientExec - Target auth state: UNCHALLENGED
11:52:07.837 [Forwarding findElement on session 37c14d504020035d1e6cd22a23b27d6d to remote] DEBUG o.a.h.impl.execchain.MainClientExec - Proxy auth state: UNCHALLENGED
11:52:07.837 [Forwarding findElement on session 37c14d504020035d1e6cd22a23b27d6d to remote] DEBUG org.apache.http.headers - http-outgoing-10 >> POST /session/37c14d504020035d1e6cd22a23b27d6d/element HTTP/1.1
11:52:07.837 [Forwarding findElement on session 37c14d504020035d1e6cd22a23b27d6d to remote] DEBUG org.apache.http.headers - http-outgoing-10 >> Content-Type: application/json; charset=utf-8
11:52:07.837 [Forwarding findElement on session 37c14d504020035d1e6cd22a23b27d6d to remote] DEBUG org.apache.http.headers - http-outgoing-10 >> Content-Length: 45
11:52:07.837 [Forwarding findElement on session 37c14d504020035d1e6cd22a23b27d6d to remote] DEBUG org.apache.http.headers - http-outgoing-10 >> Host: localhost:38386
11:52:07.837 [Forwarding findElement on session 37c14d504020035d1e6cd22a23b27d6d to remote] DEBUG org.apache.http.headers - http-outgoing-10 >> Connection: Keep-Alive
11:52:07.837 [Forwarding findElement on session 37c14d504020035d1e6cd22a23b27d6d to remote] DEBUG org.apache.http.headers - http-outgoing-10 >> User-Agent: Apache-HttpClient/4.5.2 (Java/1.8.0_111)
11:52:07.837 [Forwarding findElement on session 37c14d504020035d1e6cd22a23b27d6d to remote] DEBUG org.apache.http.headers - http-outgoing-10 >> Accept-Encoding: gzip,deflate
11:52:07.837 [Forwarding findElement on session 37c14d504020035d1e6cd22a23b27d6d to remote] DEBUG org.apache.http.wire - http-outgoing-10 >> "POST /session/37c14d504020035d1e6cd22a23b27d6d/element HTTP/1.1[\r][\n]"
11:52:07.837 [Forwarding findElement on session 37c14d504020035d1e6cd22a23b27d6d to remote] DEBUG org.apache.http.wire - http-outgoing-10 >> "Content-Type: application/json; charset=utf-8[\r][\n]"
11:52:07.837 [Forwarding findElement on session 37c14d504020035d1e6cd22a23b27d6d to remote] DEBUG org.apache.http.wire - http-outgoing-10 >> "Content-Length: 45[\r][\n]"
11:52:07.837 [Forwarding findElement on session 37c14d504020035d1e6cd22a23b27d6d to remote] DEBUG org.apache.http.wire - http-outgoing-10 >> "Host: localhost:38386[\r][\n]"
11:52:07.837 [Forwarding findElement on session 37c14d504020035d1e6cd22a23b27d6d to remote] DEBUG org.apache.http.wire - http-outgoing-10 >> "Connection: Keep-Alive[\r][\n]"
11:52:07.838 [Forwarding findElement on session 37c14d504020035d1e6cd22a23b27d6d to remote] DEBUG org.apache.http.wire - http-outgoing-10 >> "User-Agent: Apache-HttpClient/4.5.2 (Java/1.8.0_111)[\r][\n]"
11:52:07.838 [Forwarding findElement on session 37c14d504020035d1e6cd22a23b27d6d to remote] DEBUG org.apache.http.wire - http-outgoing-10 >> "Accept-Encoding: gzip,deflate[\r][\n]"
11:52:07.838 [Forwarding findElement on session 37c14d504020035d1e6cd22a23b27d6d to remote] DEBUG org.apache.http.wire - http-outgoing-10 >> "[\r][\n]"
11:52:07.838 [Forwarding findElement on session 37c14d504020035d1e6cd22a23b27d6d to remote] DEBUG org.apache.http.wire - http-outgoing-10 >> "{"using":"xpath","value":".//*[@id='email']"}"
11:52:39.481 [Forwarding findElement on session 37c14d504020035d1e6cd22a23b27d6d to remote] DEBUG org.apache.http.wire - http-outgoing-10 << "HTTP/1.1 200 OK[\r][\n]"
11:52:39.482 [Forwarding findElement on session 37c14d504020035d1e6cd22a23b27d6d to remote] DEBUG org.apache.http.wire - http-outgoing-10 << "Content-Length:103[\r][\n]"
11:52:39.482 [Forwarding findElement on session 37c14d504020035d1e6cd22a23b27d6d to remote] DEBUG org.apache.http.wire - http-outgoing-10 << "Content-Type:application/json; charset=utf-8[\r][\n]"
11:52:39.482 [Forwarding findElement on session 37c14d504020035d1e6cd22a23b27d6d to remote] DEBUG org.apache.http.wire - http-outgoing-10 << "Connection:close[\r][\n]"
11:52:39.482 [Forwarding findElement on session 37c14d504020035d1e6cd22a23b27d6d to remote] DEBUG org.apache.http.wire - http-outgoing-10 << "[\r][\n]"
11:52:39.482 [Forwarding findElement on session 37c14d504020035d1e6cd22a23b27d6d to remote] DEBUG org.apache.http.wire - http-outgoing-10 << "{"sessionId":"37c14d504020035d1e6cd22a23b27d6d","status":0,"value":{"ELEMENT":"0.34229775852503574-1"}}"
11:52:39.482 [Forwarding findElement on session 37c14d504020035d1e6cd22a23b27d6d to remote] DEBUG org.apache.http.headers - http-outgoing-10 << HTTP/1.1 200 OK
11:52:39.482 [Forwarding findElement on session 37c14d504020035d1e6cd22a23b27d6d to remote] DEBUG org.apache.http.headers - http-outgoing-10 << Content-Length:103
11:52:39.482 [Forwarding findElement on session 37c14d504020035d1e6cd22a23b27d6d to remote] DEBUG org.apache.http.headers - http-outgoing-10 << Content-Type:application/json; charset=utf-8
11:52:39.482 [Forwarding findElement on session 37c14d504020035d1e6cd22a23b27d6d to remote] DEBUG org.apache.http.headers - http-outgoing-10 << Connection:close
11:52:39.482 [Forwarding findElement on session 37c14d504020035d1e6cd22a23b27d6d to remote] DEBUG o.a.h.i.c.DefaultManagedHttpClientConnection - http-outgoing-10: Close connection
11:52:39.482 [Forwarding findElement on session 37c14d504020035d1e6cd22a23b27d6d to remote] DEBUG o.a.h.impl.execchain.MainClientExec - Connection discarded
11:52:39.482 [Forwarding findElement on session 37c14d504020035d1e6cd22a23b27d6d to remote] DEBUG o.a.h.i.c.PoolingHttpClientConnectionManager - Connection released: [id: 10][route: {}->http://localhost:38386][total kept alive: 0; route allocated: 0 of 2000; total allocated: 0 of 2000]
11:52:39.483 [Forwarding executeScript on session 37c14d504020035d1e6cd22a23b27d6d to remote] DEBUG o.a.h.c.protocol.RequestAddCookies - CookieSpec selected: default
11:52:39.484 [Forwarding executeScript on session 37c14d504020035d1e6cd22a23b27d6d to remote] DEBUG o.a.h.c.protocol.RequestAuthCache - Auth cache not set in the context
11:52:39.484 [Forwarding executeScript on session 37c14d504020035d1e6cd22a23b27d6d to remote] DEBUG o.a.h.i.c.PoolingHttpClientConnectionManager - Connection request: [route: {}->http://localhost:38386][total kept alive: 0; route allocated: 0 of 2000; total allocated: 0 of 2000]
11:52:39.484 [Forwarding executeScript on session 37c14d504020035d1e6cd22a23b27d6d to remote] DEBUG o.a.h.i.c.PoolingHttpClientConnectionManager - Connection leased: [id: 11][route: {}->http://localhost:38386][total kept alive: 0; route allocated: 1 of 2000; total allocated: 1 of 2000]
11:52:39.484 [Forwarding executeScript on session 37c14d504020035d1e6cd22a23b27d6d to remote] DEBUG o.a.h.impl.execchain.MainClientExec - Opening connection {}->http://localhost:38386
11:52:39.485 [Forwarding executeScript on session 37c14d504020035d1e6cd22a23b27d6d to remote] DEBUG o.a.h.i.c.DefaultHttpClientConnectionOperator - Connecting to localhost/127.0.0.1:38386
11:52:39.485 [Forwarding executeScript on session 37c14d504020035d1e6cd22a23b27d6d to remote] DEBUG o.a.h.i.c.DefaultHttpClientConnectionOperator - Connection established 127.0.0.1:55341<->127.0.0.1:38386
11:52:39.485 [Forwarding executeScript on session 37c14d504020035d1e6cd22a23b27d6d to remote] DEBUG o.a.h.i.c.DefaultManagedHttpClientConnection - http-outgoing-11: set socket timeout to 10800000
11:52:39.485 [Forwarding executeScript on session 37c14d504020035d1e6cd22a23b27d6d to remote] DEBUG o.a.h.impl.execchain.MainClientExec - Executing request POST /session/37c14d504020035d1e6cd22a23b27d6d/execute HTTP/1.1
11:52:39.485 [Forwarding executeScript on session 37c14d504020035d1e6cd22a23b27d6d to remote] DEBUG o.a.h.impl.execchain.MainClientExec - Target auth state: UNCHALLENGED
11:52:39.485 [Forwarding executeScript on session 37c14d504020035d1e6cd22a23b27d6d to remote] DEBUG o.a.h.impl.execchain.MainClientExec - Proxy auth state: UNCHALLENGED
11:52:39.485 [Forwarding executeScript on session 37c14d504020035d1e6cd22a23b27d6d to remote] DEBUG org.apache.http.headers - http-outgoing-11 >> POST /session/37c14d504020035d1e6cd22a23b27d6d/execute HTTP/1.1
11:52:39.485 [Forwarding executeScript on session 37c14d504020035d1e6cd22a23b27d6d to remote] DEBUG org.apache.http.headers - http-outgoing-11 >> Content-Type: application/json; charset=utf-8
11:52:39.485 [Forwarding executeScript on session 37c14d504020035d1e6cd22a23b27d6d to remote] DEBUG org.apache.http.headers - http-outgoing-11 >> Content-Length: 163
11:52:39.486 [Forwarding executeScript on session 37c14d504020035d1e6cd22a23b27d6d to remote] DEBUG org.apache.http.headers - http-outgoing-11 >> Host: localhost:38386
11:52:39.486 [Forwarding executeScript on session 37c14d504020035d1e6cd22a23b27d6d to remote] DEBUG org.apache.http.headers - http-outgoing-11 >> Connection: Keep-Alive
11:52:39.486 [Forwarding executeScript on session 37c14d504020035d1e6cd22a23b27d6d to remote] DEBUG org.apache.http.headers - http-outgoing-11 >> User-Agent: Apache-HttpClient/4.5.2 (Java/1.8.0_111)
11:52:39.486 [Forwarding executeScript on session 37c14d504020035d1e6cd22a23b27d6d to remote] DEBUG org.apache.http.headers - http-outgoing-11 >> Accept-Encoding: gzip,deflate
11:52:39.486 [Forwarding executeScript on session 37c14d504020035d1e6cd22a23b27d6d to remote] DEBUG org.apache.http.wire - http-outgoing-11 >> "POST /session/37c14d504020035d1e6cd22a23b27d6d/execute HTTP/1.1[\r][\n]"
11:52:39.486 [Forwarding executeScript on session 37c14d504020035d1e6cd22a23b27d6d to remote] DEBUG org.apache.http.wire - http-outgoing-11 >> "Content-Type: application/json; charset=utf-8[\r][\n]"
11:52:39.486 [Forwarding executeScript on session 37c14d504020035d1e6cd22a23b27d6d to remote] DEBUG org.apache.http.wire - http-outgoing-11 >> "Content-Length: 163[\r][\n]"
11:52:39.486 [Forwarding executeScript on session 37c14d504020035d1e6cd22a23b27d6d to remote] DEBUG org.apache.http.wire - http-outgoing-11 >> "Host: localhost:38386[\r][\n]"
11:52:39.486 [Forwarding executeScript on session 37c14d504020035d1e6cd22a23b27d6d to remote] DEBUG org.apache.http.wire - http-outgoing-11 >> "Connection: Keep-Alive[\r][\n]"
11:52:39.486 [Forwarding executeScript on session 37c14d504020035d1e6cd22a23b27d6d to remote] DEBUG org.apache.http.wire - http-outgoing-11 >> "User-Agent: Apache-HttpClient/4.5.2 (Java/1.8.0_111)[\r][\n]"
11:52:39.486 [Forwarding executeScript on session 37c14d504020035d1e6cd22a23b27d6d to remote] DEBUG org.apache.http.wire - http-outgoing-11 >> "Accept-Encoding: gzip,deflate[\r][\n]"
11:52:39.486 [Forwarding executeScript on session 37c14d504020035d1e6cd22a23b27d6d to remote] DEBUG org.apache.http.wire - http-outgoing-11 >> "[\r][\n]"
11:52:39.486 [Forwarding executeScript on session 37c14d504020035d1e6cd22a23b27d6d to remote] DEBUG org.apache.http.wire - http-outgoing-11 >> "{"script":"arguments[0].style.border='4px solid green'","args":[{"ELEMENT":"0.34229775852503574-1","element-6066-11e4-a52e-4f735466cecf":"0.34229775852503574-1"}]}"
11:52:39.495 [Forwarding executeScript on session 37c14d504020035d1e6cd22a23b27d6d to remote] DEBUG org.apache.http.wire - http-outgoing-11 << "HTTP/1.1 200 OK[\r][\n]"
11:52:39.495 [Forwarding executeScript on session 37c14d504020035d1e6cd22a23b27d6d to remote] DEBUG org.apache.http.wire - http-outgoing-11 << "Content-Length:72[\r][\n]"
11:52:39.495 [Forwarding executeScript on session 37c14d504020035d1e6cd22a23b27d6d to remote] DEBUG org.apache.http.wire - http-outgoing-11 << "Content-Type:application/json; charset=utf-8[\r][\n]"
11:52:39.495 [Forwarding executeScript on session 37c14d504020035d1e6cd22a23b27d6d to remote] DEBUG org.apache.http.wire - http-outgoing-11 << "Connection:close[\r][\n]"
11:52:39.495 [Forwarding executeScript on session 37c14d504020035d1e6cd22a23b27d6d to remote] DEBUG org.apache.http.wire - http-outgoing-11 << "[\r][\n]"
11:52:39.495 [Forwarding executeScript on session 37c14d504020035d1e6cd22a23b27d6d to remote] DEBUG org.apache.http.wire - http-outgoing-11 << "{"sessionId":"37c14d504020035d1e6cd22a23b27d6d","status":0,"value":null}"
11:52:39.495 [Forwarding executeScript on session 37c14d504020035d1e6cd22a23b27d6d to remote] DEBUG org.apache.http.headers - http-outgoing-11 << HTTP/1.1 200 OK
11:52:39.495 [Forwarding executeScript on session 37c14d504020035d1e6cd22a23b27d6d to remote] DEBUG org.apache.http.headers - http-outgoing-11 << Content-Length:72
11:52:39.495 [Forwarding executeScript on session 37c14d504020035d1e6cd22a23b27d6d to remote] DEBUG org.apache.http.headers - http-outgoing-11 << Content-Type:application/json; charset=utf-8
11:52:39.495 [Forwarding executeScript on session 37c14d504020035d1e6cd22a23b27d6d to remote] DEBUG org.apache.http.headers - http-outgoing-11 << Connection:close
11:52:39.496 [Forwarding executeScript on session 37c14d504020035d1e6cd22a23b27d6d to remote] DEBUG o.a.h.i.c.DefaultManagedHttpClientConnection - http-outgoing-11: Close connection
11:52:39.496 [Forwarding executeScript on session 37c14d504020035d1e6cd22a23b27d6d to remote] DEBUG o.a.h.impl.execchain.MainClientExec - Connection discarded
11:52:39.496 [Forwarding executeScript on session 37c14d504020035d1e6cd22a23b27d6d to remote] DEBUG o.a.h.i.c.PoolingHttpClientConnectionManager - Connection released: [id: 11][route: {}->http://localhost:38386][total kept alive: 0; route allocated: 0 of 2000; total allocated: 0 of 2000]
11:52:39.497 [Forwarding findElement on session 37c14d504020035d1e6cd22a23b27d6d to remote] DEBUG o.a.h.c.protocol.RequestAddCookies - CookieSpec selected: default
11:52:39.497 [Forwarding findElement on session 37c14d504020035d1e6cd22a23b27d6d to remote] DEBUG o.a.h.c.protocol.RequestAuthCache - Auth cache not set in the context
11:52:39.497 [Forwarding findElement on session 37c14d504020035d1e6cd22a23b27d6d to remote] DEBUG o.a.h.i.c.PoolingHttpClientConnectionManager - Connection request: [route: {}->http://localhost:38386][total kept alive: 0; route allocated: 0 of 2000; total allocated: 0 of 2000]
11:52:39.497 [Forwarding findElement on session 37c14d504020035d1e6cd22a23b27d6d to remote] DEBUG o.a.h.i.c.PoolingHttpClientConnectionManager - Connection leased: [id: 12][route: {}->http://localhost:38386][total kept alive: 0; route allocated: 1 of 2000; total allocated: 1 of 2000]
11:52:39.497 [Forwarding findElement on session 37c14d504020035d1e6cd22a23b27d6d to remote] DEBUG o.a.h.impl.execchain.MainClientExec - Opening connection {}->http://localhost:38386
11:52:39.497 [Forwarding findElement on session 37c14d504020035d1e6cd22a23b27d6d to remote] DEBUG o.a.h.i.c.DefaultHttpClientConnectionOperator - Connecting to localhost/127.0.0.1:38386
11:52:39.498 [Forwarding findElement on session 37c14d504020035d1e6cd22a23b27d6d to remote] DEBUG o.a.h.i.c.DefaultHttpClientConnectionOperator - Connection established 127.0.0.1:55342<->127.0.0.1:38386
11:52:39.498 [Forwarding findElement on session 37c14d504020035d1e6cd22a23b27d6d to remote] DEBUG o.a.h.i.c.DefaultManagedHttpClientConnection - http-outgoing-12: set socket timeout to 10800000
11:52:39.498 [Forwarding findElement on session 37c14d504020035d1e6cd22a23b27d6d to remote] DEBUG o.a.h.impl.execchain.MainClientExec - Executing request POST /session/37c14d504020035d1e6cd22a23b27d6d/element HTTP/1.1
11:52:39.498 [Forwarding findElement on session 37c14d504020035d1e6cd22a23b27d6d to remote] DEBUG o.a.h.impl.execchain.MainClientExec - Target auth state: UNCHALLENGED
11:52:39.498 [Forwarding findElement on session 37c14d504020035d1e6cd22a23b27d6d to remote] DEBUG o.a.h.impl.execchain.MainClientExec - Proxy auth state: UNCHALLENGED
11:52:39.498 [Forwarding findElement on session 37c14d504020035d1e6cd22a23b27d6d to remote] DEBUG org.apache.http.headers - http-outgoing-12 >> POST /session/37c14d504020035d1e6cd22a23b27d6d/element HTTP/1.1
11:52:39.498 [Forwarding findElement on session 37c14d504020035d1e6cd22a23b27d6d to remote] DEBUG org.apache.http.headers - http-outgoing-12 >> Content-Type: application/json; charset=utf-8
11:52:39.498 [Forwarding findElement on session 37c14d504020035d1e6cd22a23b27d6d to remote] DEBUG org.apache.http.headers - http-outgoing-12 >> Content-Length: 45
11:52:39.498 [Forwarding findElement on session 37c14d504020035d1e6cd22a23b27d6d to remote] DEBUG org.apache.http.headers - http-outgoing-12 >> Host: localhost:38386
11:52:39.498 [Forwarding findElement on session 37c14d504020035d1e6cd22a23b27d6d to remote] DEBUG org.apache.http.headers - http-outgoing-12 >> Connection: Keep-Alive
11:52:39.498 [Forwarding findElement on session 37c14d504020035d1e6cd22a23b27d6d to remote] DEBUG org.apache.http.headers - http-outgoing-12 >> User-Agent: Apache-HttpClient/4.5.2 (Java/1.8.0_111)
11:52:39.498 [Forwarding findElement on session 37c14d504020035d1e6cd22a23b27d6d to remote] DEBUG org.apache.http.headers - http-outgoing-12 >> Accept-Encoding: gzip,deflate
11:52:39.498 [Forwarding findElement on session 37c14d504020035d1e6cd22a23b27d6d to remote] DEBUG org.apache.http.wire - http-outgoing-12 >> "POST /session/37c14d504020035d1e6cd22a23b27d6d/element HTTP/1.1[\r][\n]"
11:52:39.498 [Forwarding findElement on session 37c14d504020035d1e6cd22a23b27d6d to remote] DEBUG org.apache.http.wire - http-outgoing-12 >> "Content-Type: application/json; charset=utf-8[\r][\n]"
11:52:39.498 [Forwarding findElement on session 37c14d504020035d1e6cd22a23b27d6d to remote] DEBUG org.apache.http.wire - http-outgoing-12 >> "Content-Length: 45[\r][\n]"
11:52:39.498 [Forwarding findElement on session 37c14d504020035d1e6cd22a23b27d6d to remote] DEBUG org.apache.http.wire - http-outgoing-12 >> "Host: localhost:38386[\r][\n]"
11:52:39.498 [Forwarding findElement on session 37c14d504020035d1e6cd22a23b27d6d to remote] DEBUG org.apache.http.wire - http-outgoing-12 >> "Connection: Keep-Alive[\r][\n]"
11:52:39.498 [Forwarding findElement on session 37c14d504020035d1e6cd22a23b27d6d to remote] DEBUG org.apache.http.wire - http-outgoing-12 >> "User-Agent: Apache-HttpClient/4.5.2 (Java/1.8.0_111)[\r][\n]"
11:52:39.499 [Forwarding findElement on session 37c14d504020035d1e6cd22a23b27d6d to remote] DEBUG org.apache.http.wire - http-outgoing-12 >> "Accept-Encoding: gzip,deflate[\r][\n]"
11:52:39.499 [Forwarding findElement on session 37c14d504020035d1e6cd22a23b27d6d to remote] DEBUG org.apache.http.wire - http-outgoing-12 >> "[\r][\n]"
11:52:39.499 [Forwarding findElement on session 37c14d504020035d1e6cd22a23b27d6d to remote] DEBUG org.apache.http.wire - http-outgoing-12 >> "{"using":"xpath","value":".//*[@id='email']"}"
11:52:39.510 [Forwarding findElement on session 37c14d504020035d1e6cd22a23b27d6d to remote] DEBUG org.apache.http.wire - http-outgoing-12 << "HTTP/1.1 200 OK[\r][\n]"
11:52:39.510 [Forwarding findElement on session 37c14d504020035d1e6cd22a23b27d6d to remote] DEBUG org.apache.http.wire - http-outgoing-12 << "Content-Length:103[\r][\n]"
11:52:39.510 [Forwarding findElement on session 37c14d504020035d1e6cd22a23b27d6d to remote] DEBUG org.apache.http.wire - http-outgoing-12 << "Content-Type:application/json; charset=utf-8[\r][\n]"
11:52:39.510 [Forwarding findElement on session 37c14d504020035d1e6cd22a23b27d6d to remote] DEBUG org.apache.http.wire - http-outgoing-12 << "Connection:close[\r][\n]"
11:52:39.510 [Forwarding findElement on session 37c14d504020035d1e6cd22a23b27d6d to remote] DEBUG org.apache.http.wire - http-outgoing-12 << "[\r][\n]"
11:52:39.510 [Forwarding findElement on session 37c14d504020035d1e6cd22a23b27d6d to remote] DEBUG org.apache.http.wire - http-outgoing-12 << "{"sessionId":"37c14d504020035d1e6cd22a23b27d6d","status":0,"value":{"ELEMENT":"0.34229775852503574-1"}}"
11:52:39.511 [Forwarding findElement on session 37c14d504020035d1e6cd22a23b27d6d to remote] DEBUG org.apache.http.headers - http-outgoing-12 << HTTP/1.1 200 OK
11:52:39.511 [Forwarding findElement on session 37c14d504020035d1e6cd22a23b27d6d to remote] DEBUG org.apache.http.headers - http-outgoing-12 << Content-Length:103
11:52:39.511 [Forwarding findElement on session 37c14d504020035d1e6cd22a23b27d6d to remote] DEBUG org.apache.http.headers - http-outgoing-12 << Content-Type:application/json; charset=utf-8
11:52:39.511 [Forwarding findElement on session 37c14d504020035d1e6cd22a23b27d6d to remote] DEBUG org.apache.http.headers - http-outgoing-12 << Connection:close
11:52:39.511 [Forwarding findElement on session 37c14d504020035d1e6cd22a23b27d6d to remote] DEBUG o.a.h.i.c.DefaultManagedHttpClientConnection - http-outgoing-12: Close connection
11:52:39.511 [Forwarding findElement on session 37c14d504020035d1e6cd22a23b27d6d to remote] DEBUG o.a.h.impl.execchain.MainClientExec - Connection discarded
11:52:39.511 [Forwarding findElement on session 37c14d504020035d1e6cd22a23b27d6d to remote] DEBUG o.a.h.i.c.PoolingHttpClientConnectionManager - Connection released: [id: 12][route: {}->http://localhost:38386][total kept alive: 0; route allocated: 0 of 2000; total allocated: 0 of 2000]
11:52:39.590 [Forwarding executeScript on session 37c14d504020035d1e6cd22a23b27d6d to remote] DEBUG o.a.h.c.protocol.RequestAddCookies - CookieSpec selected: default
11:52:39.591 [Forwarding executeScript on session 37c14d504020035d1e6cd22a23b27d6d to remote] DEBUG o.a.h.c.protocol.RequestAuthCache - Auth cache not set in the context
11:52:39.591 [Forwarding executeScript on session 37c14d504020035d1e6cd22a23b27d6d to remote] DEBUG o.a.h.i.c.PoolingHttpClientConnectionManager - Connection request: [route: {}->http://localhost:38386][total kept alive: 0; route allocated: 0 of 2000; total allocated: 0 of 2000]
11:52:39.591 [Forwarding executeScript on session 37c14d504020035d1e6cd22a23b27d6d to remote] DEBUG o.a.h.i.c.PoolingHttpClientConnectionManager - Connection leased: [id: 13][route: {}->http://localhost:38386][total kept alive: 0; route allocated: 1 of 2000; total allocated: 1 of 2000]
11:52:39.591 [Forwarding executeScript on session 37c14d504020035d1e6cd22a23b27d6d to remote] DEBUG o.a.h.impl.execchain.MainClientExec - Opening connection {}->http://localhost:38386
11:52:39.591 [Forwarding executeScript on session 37c14d504020035d1e6cd22a23b27d6d to remote] DEBUG o.a.h.i.c.DefaultHttpClientConnectionOperator - Connecting to localhost/127.0.0.1:38386
11:52:39.592 [Forwarding executeScript on session 37c14d504020035d1e6cd22a23b27d6d to remote] DEBUG o.a.h.i.c.DefaultHttpClientConnectionOperator - Connection established 127.0.0.1:55343<->127.0.0.1:38386
11:52:39.592 [Forwarding executeScript on session 37c14d504020035d1e6cd22a23b27d6d to remote] DEBUG o.a.h.i.c.DefaultManagedHttpClientConnection - http-outgoing-13: set socket timeout to 10800000
11:52:39.592 [Forwarding executeScript on session 37c14d504020035d1e6cd22a23b27d6d to remote] DEBUG o.a.h.impl.execchain.MainClientExec - Executing request POST /session/37c14d504020035d1e6cd22a23b27d6d/execute HTTP/1.1
11:52:39.592 [Forwarding executeScript on session 37c14d504020035d1e6cd22a23b27d6d to remote] DEBUG o.a.h.impl.execchain.MainClientExec - Target auth state: UNCHALLENGED
11:52:39.592 [Forwarding executeScript on session 37c14d504020035d1e6cd22a23b27d6d to remote] DEBUG o.a.h.impl.execchain.MainClientExec - Proxy auth state: UNCHALLENGED
11:52:39.592 [Forwarding executeScript on session 37c14d504020035d1e6cd22a23b27d6d to remote] DEBUG org.apache.http.headers - http-outgoing-13 >> POST /session/37c14d504020035d1e6cd22a23b27d6d/execute HTTP/1.1
11:52:39.592 [Forwarding executeScript on session 37c14d504020035d1e6cd22a23b27d6d to remote] DEBUG org.apache.http.headers - http-outgoing-13 >> Content-Type: application/json; charset=utf-8
11:52:39.592 [Forwarding executeScript on session 37c14d504020035d1e6cd22a23b27d6d to remote] DEBUG org.apache.http.headers - http-outgoing-13 >> Content-Length: 44
11:52:39.592 [Forwarding executeScript on session 37c14d504020035d1e6cd22a23b27d6d to remote] DEBUG org.apache.http.headers - http-outgoing-13 >> Host: localhost:38386
11:52:39.592 [Forwarding executeScript on session 37c14d504020035d1e6cd22a23b27d6d to remote] DEBUG org.apache.http.headers - http-outgoing-13 >> Connection: Keep-Alive
11:52:39.592 [Forwarding executeScript on session 37c14d504020035d1e6cd22a23b27d6d to remote] DEBUG org.apache.http.headers - http-outgoing-13 >> User-Agent: Apache-HttpClient/4.5.2 (Java/1.8.0_111)
11:52:39.592 [Forwarding executeScript on session 37c14d504020035d1e6cd22a23b27d6d to remote] DEBUG org.apache.http.headers - http-outgoing-13 >> Accept-Encoding: gzip,deflate
11:52:39.592 [Forwarding executeScript on session 37c14d504020035d1e6cd22a23b27d6d to remote] DEBUG org.apache.http.wire - http-outgoing-13 >> "POST /session/37c14d504020035d1e6cd22a23b27d6d/execute HTTP/1.1[\r][\n]"
11:52:39.592 [Forwarding executeScript on session 37c14d504020035d1e6cd22a23b27d6d to remote] DEBUG org.apache.http.wire - http-outgoing-13 >> "Content-Type: application/json; charset=utf-8[\r][\n]"
11:52:39.592 [Forwarding executeScript on session 37c14d504020035d1e6cd22a23b27d6d to remote] DEBUG org.apache.http.wire - http-outgoing-13 >> "Content-Length: 44[\r][\n]"
11:52:39.592 [Forwarding executeScript on session 37c14d504020035d1e6cd22a23b27d6d to remote] DEBUG org.apache.http.wire - http-outgoing-13 >> "Host: localhost:38386[\r][\n]"
11:52:39.592 [Forwarding executeScript on session 37c14d504020035d1e6cd22a23b27d6d to remote] DEBUG org.apache.http.wire - http-outgoing-13 >> "Connection: Keep-Alive[\r][\n]"
11:52:39.592 [Forwarding executeScript on session 37c14d504020035d1e6cd22a23b27d6d to remote] DEBUG org.apache.http.wire - http-outgoing-13 >> "User-Agent: Apache-HttpClient/4.5.2 (Java/1.8.0_111)[\r][\n]"
11:52:39.592 [Forwarding executeScript on session 37c14d504020035d1e6cd22a23b27d6d to remote] DEBUG org.apache.http.wire - http-outgoing-13 >> "Accept-Encoding: gzip,deflate[\r][\n]"
11:52:39.592 [Forwarding executeScript on session 37c14d504020035d1e6cd22a23b27d6d to remote] DEBUG org.apache.http.wire - http-outgoing-13 >> "[\r][\n]"
11:52:39.592 [Forwarding executeScript on session 37c14d504020035d1e6cd22a23b27d6d to remote] DEBUG org.apache.http.wire - http-outgoing-13 >> "{"script":"window.scrollTo(0,0);","args":[]}"
11:52:39.603 [Forwarding executeScript on session 37c14d504020035d1e6cd22a23b27d6d to remote] DEBUG org.apache.http.wire - http-outgoing-13 << "HTTP/1.1 200 OK[\r][\n]"
11:52:39.603 [Forwarding executeScript on session 37c14d504020035d1e6cd22a23b27d6d to remote] DEBUG org.apache.http.wire - http-outgoing-13 << "Content-Length:72[\r][\n]"
11:52:39.603 [Forwarding executeScript on session 37c14d504020035d1e6cd22a23b27d6d to remote] DEBUG org.apache.http.wire - http-outgoing-13 << "Content-Type:application/json; charset=utf-8[\r][\n]"
11:52:39.603 [Forwarding executeScript on session 37c14d504020035d1e6cd22a23b27d6d to remote] DEBUG org.apache.http.wire - http-outgoing-13 << "Connection:close[\r][\n]"
11:52:39.603 [Forwarding executeScript on session 37c14d504020035d1e6cd22a23b27d6d to remote] DEBUG org.apache.http.wire - http-outgoing-13 << "[\r][\n]"
11:52:39.603 [Forwarding executeScript on session 37c14d504020035d1e6cd22a23b27d6d to remote] DEBUG org.apache.http.wire - http-outgoing-13 << "{"sessionId":"37c14d504020035d1e6cd22a23b27d6d","status":0,"value":null}"
11:52:39.603 [Forwarding executeScript on session 37c14d504020035d1e6cd22a23b27d6d to remote] DEBUG org.apache.http.headers - http-outgoing-13 << HTTP/1.1 200 OK
11:52:39.603 [Forwarding executeScript on session 37c14d504020035d1e6cd22a23b27d6d to remote] DEBUG org.apache.http.headers - http-outgoing-13 << Content-Length:72
11:52:39.603 [Forwarding executeScript on session 37c14d504020035d1e6cd22a23b27d6d to remote] DEBUG org.apache.http.headers - http-outgoing-13 << Content-Type:application/json; charset=utf-8
11:52:39.603 [Forwarding executeScript on session 37c14d504020035d1e6cd22a23b27d6d to remote] DEBUG org.apache.http.headers - http-outgoing-13 << Connection:close
11:52:39.603 [Forwarding executeScript on session 37c14d504020035d1e6cd22a23b27d6d to remote] DEBUG o.a.h.i.c.DefaultManagedHttpClientConnection - http-outgoing-13: Close connection
11:52:39.604 [Forwarding executeScript on session 37c14d504020035d1e6cd22a23b27d6d to remote] DEBUG o.a.h.impl.execchain.MainClientExec - Connection discarded
11:52:39.604 [Forwarding executeScript on session 37c14d504020035d1e6cd22a23b27d6d to remote] DEBUG o.a.h.i.c.PoolingHttpClientConnectionManager - Connection released: [id: 13][route: {}->http://localhost:38386][total kept alive: 0; route allocated: 0 of 2000; total allocated: 0 of 2000]
11:52:39.605 [Forwarding getElementLocation on session 37c14d504020035d1e6cd22a23b27d6d to remote] DEBUG o.a.h.c.protocol.RequestAddCookies - CookieSpec selected: default
11:52:39.605 [Forwarding getElementLocation on session 37c14d504020035d1e6cd22a23b27d6d to remote] DEBUG o.a.h.c.protocol.RequestAuthCache - Auth cache not set in the context
11:52:39.605 [Forwarding getElementLocation on session 37c14d504020035d1e6cd22a23b27d6d to remote] DEBUG o.a.h.i.c.PoolingHttpClientConnectionManager - Connection request: [route: {}->http://localhost:38386][total kept alive: 0; route allocated: 0 of 2000; total allocated: 0 of 2000]
11:52:39.605 [Forwarding getElementLocation on session 37c14d504020035d1e6cd22a23b27d6d to remote] DEBUG o.a.h.i.c.PoolingHttpClientConnectionManager - Connection leased: [id: 14][route: {}->http://localhost:38386][total kept alive: 0; route allocated: 1 of 2000; total allocated: 1 of 2000]
11:52:39.605 [Forwarding getElementLocation on session 37c14d504020035d1e6cd22a23b27d6d to remote] DEBUG o.a.h.impl.execchain.MainClientExec - Opening connection {}->http://localhost:38386
11:52:39.605 [Forwarding getElementLocation on session 37c14d504020035d1e6cd22a23b27d6d to remote] DEBUG o.a.h.i.c.DefaultHttpClientConnectionOperator - Connecting to localhost/127.0.0.1:38386
11:52:39.606 [Forwarding getElementLocation on session 37c14d504020035d1e6cd22a23b27d6d to remote] DEBUG o.a.h.i.c.DefaultHttpClientConnectionOperator - Connection established 127.0.0.1:55344<->127.0.0.1:38386
11:52:39.606 [Forwarding getElementLocation on session 37c14d504020035d1e6cd22a23b27d6d to remote] DEBUG o.a.h.i.c.DefaultManagedHttpClientConnection - http-outgoing-14: set socket timeout to 10800000
11:52:39.606 [Forwarding getElementLocation on session 37c14d504020035d1e6cd22a23b27d6d to remote] DEBUG o.a.h.impl.execchain.MainClientExec - Executing request GET /session/37c14d504020035d1e6cd22a23b27d6d/element/0.34229775852503574-1/location HTTP/1.1
11:52:39.606 [Forwarding getElementLocation on session 37c14d504020035d1e6cd22a23b27d6d to remote] DEBUG o.a.h.impl.execchain.MainClientExec - Target auth state: UNCHALLENGED
11:52:39.606 [Forwarding getElementLocation on session 37c14d504020035d1e6cd22a23b27d6d to remote] DEBUG o.a.h.impl.execchain.MainClientExec - Proxy auth state: UNCHALLENGED
11:52:39.606 [Forwarding getElementLocation on session 37c14d504020035d1e6cd22a23b27d6d to remote] DEBUG org.apache.http.headers - http-outgoing-14 >> GET /session/37c14d504020035d1e6cd22a23b27d6d/element/0.34229775852503574-1/location HTTP/1.1
11:52:39.606 [Forwarding getElementLocation on session 37c14d504020035d1e6cd22a23b27d6d to remote] DEBUG org.apache.http.headers - http-outgoing-14 >> Cache-Control: no-cache
11:52:39.606 [Forwarding getElementLocation on session 37c14d504020035d1e6cd22a23b27d6d to remote] DEBUG org.apache.http.headers - http-outgoing-14 >> Host: localhost:38386
11:52:39.606 [Forwarding getElementLocation on session 37c14d504020035d1e6cd22a23b27d6d to remote] DEBUG org.apache.http.headers - http-outgoing-14 >> Connection: Keep-Alive
11:52:39.606 [Forwarding getElementLocation on session 37c14d504020035d1e6cd22a23b27d6d to remote] DEBUG org.apache.http.headers - http-outgoing-14 >> User-Agent: Apache-HttpClient/4.5.2 (Java/1.8.0_111)
11:52:39.606 [Forwarding getElementLocation on session 37c14d504020035d1e6cd22a23b27d6d to remote] DEBUG org.apache.http.headers - http-outgoing-14 >> Accept-Encoding: gzip,deflate
11:52:39.606 [Forwarding getElementLocation on session 37c14d504020035d1e6cd22a23b27d6d to remote] DEBUG org.apache.http.wire - http-outgoing-14 >> "GET /session/37c14d504020035d1e6cd22a23b27d6d/element/0.34229775852503574-1/location HTTP/1.1[\r][\n]"
11:52:39.606 [Forwarding getElementLocation on session 37c14d504020035d1e6cd22a23b27d6d to remote] DEBUG org.apache.http.wire - http-outgoing-14 >> "Cache-Control: no-cache[\r][\n]"
11:52:39.606 [Forwarding getElementLocation on session 37c14d504020035d1e6cd22a23b27d6d to remote] DEBUG org.apache.http.wire - http-outgoing-14 >> "Host: localhost:38386[\r][\n]"
11:52:39.606 [Forwarding getElementLocation on session 37c14d504020035d1e6cd22a23b27d6d to remote] DEBUG org.apache.http.wire - http-outgoing-14 >> "Connection: Keep-Alive[\r][\n]"
11:52:39.606 [Forwarding getElementLocation on session 37c14d504020035d1e6cd22a23b27d6d to remote] DEBUG org.apache.http.wire - http-outgoing-14 >> "User-Agent: Apache-HttpClient/4.5.2 (Java/1.8.0_111)[\r][\n]"
11:52:39.606 [Forwarding getElementLocation on session 37c14d504020035d1e6cd22a23b27d6d to remote] DEBUG org.apache.http.wire - http-outgoing-14 >> "Accept-Encoding: gzip,deflate[\r][\n]"
11:52:39.606 [Forwarding getElementLocation on session 37c14d504020035d1e6cd22a23b27d6d to remote] DEBUG org.apache.http.wire - http-outgoing-14 >> "[\r][\n]"
11:52:39.617 [Forwarding getElementLocation on session 37c14d504020035d1e6cd22a23b27d6d to remote] DEBUG org.apache.http.wire - http-outgoing-14 << "HTTP/1.1 200 OK[\r][\n]"
11:52:39.617 [Forwarding getElementLocation on session 37c14d504020035d1e6cd22a23b27d6d to remote] DEBUG org.apache.http.wire - http-outgoing-14 << "Content-Length:181[\r][\n]"
11:52:39.617 [Forwarding getElementLocation on session 37c14d504020035d1e6cd22a23b27d6d to remote] DEBUG org.apache.http.wire - http-outgoing-14 << "Content-Type:application/json; charset=utf-8[\r][\n]"
11:52:39.617 [Forwarding getElementLocation on session 37c14d504020035d1e6cd22a23b27d6d to remote] DEBUG org.apache.http.wire - http-outgoing-14 << "Connection:close[\r][\n]"
11:52:39.617 [Forwarding getElementLocation on session 37c14d504020035d1e6cd22a23b27d6d to remote] DEBUG org.apache.http.wire - http-outgoing-14 << "[\r][\n]"
11:52:39.617 [Forwarding getElementLocation on session 37c14d504020035d1e6cd22a23b27d6d to remote] DEBUG org.apache.http.wire - http-outgoing-14 << "{"sessionId":"37c14d504020035d1e6cd22a23b27d6d","status":0,"value":{"ceil":{},"clone":{},"floor":{},"round":{},"scale":{},"toString":{},"translate":{},"x":623.484375,"y":228.96875}}"
11:52:39.617 [Forwarding getElementLocation on session 37c14d504020035d1e6cd22a23b27d6d to remote] DEBUG org.apache.http.headers - http-outgoing-14 << HTTP/1.1 200 OK
11:52:39.617 [Forwarding getElementLocation on session 37c14d504020035d1e6cd22a23b27d6d to remote] DEBUG org.apache.http.headers - http-outgoing-14 << Content-Length:181
11:52:39.617 [Forwarding getElementLocation on session 37c14d504020035d1e6cd22a23b27d6d to remote] DEBUG org.apache.http.headers - http-outgoing-14 << Content-Type:application/json; charset=utf-8
11:52:39.617 [Forwarding getElementLocation on session 37c14d504020035d1e6cd22a23b27d6d to remote] DEBUG org.apache.http.headers - http-outgoing-14 << Connection:close
11:52:39.617 [Forwarding getElementLocation on session 37c14d504020035d1e6cd22a23b27d6d to remote] DEBUG o.a.h.i.c.DefaultManagedHttpClientConnection - http-outgoing-14: Close connection
11:52:39.618 [Forwarding getElementLocation on session 37c14d504020035d1e6cd22a23b27d6d to remote] DEBUG o.a.h.impl.execchain.MainClientExec - Connection discarded
11:52:39.618 [Forwarding getElementLocation on session 37c14d504020035d1e6cd22a23b27d6d to remote] DEBUG o.a.h.i.c.PoolingHttpClientConnectionManager - Connection released: [id: 14][route: {}->http://localhost:38386][total kept alive: 0; route allocated: 0 of 2000; total allocated: 0 of 2000]
11:52:39.619 [Forwarding executeScript on session 37c14d504020035d1e6cd22a23b27d6d to remote] DEBUG o.a.h.c.protocol.RequestAddCookies - CookieSpec selected: default
11:52:39.619 [Forwarding executeScript on session 37c14d504020035d1e6cd22a23b27d6d to remote] DEBUG o.a.h.c.protocol.RequestAuthCache - Auth cache not set in the context
11:52:39.619 [Forwarding executeScript on session 37c14d504020035d1e6cd22a23b27d6d to remote] DEBUG o.a.h.i.c.PoolingHttpClientConnectionManager - Connection request: [route: {}->http://localhost:38386][total kept alive: 0; route allocated: 0 of 2000; total allocated: 0 of 2000]
11:52:39.619 [Forwarding executeScript on session 37c14d504020035d1e6cd22a23b27d6d to remote] DEBUG o.a.h.i.c.PoolingHttpClientConnectionManager - Connection leased: [id: 15][route: {}->http://localhost:38386][total kept alive: 0; route allocated: 1 of 2000; total allocated: 1 of 2000]
11:52:39.619 [Forwarding executeScript on session 37c14d504020035d1e6cd22a23b27d6d to remote] DEBUG o.a.h.impl.execchain.MainClientExec - Opening connection {}->http://localhost:38386
11:52:39.619 [Forwarding executeScript on session 37c14d504020035d1e6cd22a23b27d6d to remote] DEBUG o.a.h.i.c.DefaultHttpClientConnectionOperator - Connecting to localhost/127.0.0.1:38386
11:52:39.620 [Forwarding executeScript on session 37c14d504020035d1e6cd22a23b27d6d to remote] DEBUG o.a.h.i.c.DefaultHttpClientConnectionOperator - Connection established 127.0.0.1:55345<->127.0.0.1:38386
11:52:39.620 [Forwarding executeScript on session 37c14d504020035d1e6cd22a23b27d6d to remote] DEBUG o.a.h.i.c.DefaultManagedHttpClientConnection - http-outgoing-15: set socket timeout to 10800000
11:52:39.620 [Forwarding executeScript on session 37c14d504020035d1e6cd22a23b27d6d to remote] DEBUG o.a.h.impl.execchain.MainClientExec - Executing request POST /session/37c14d504020035d1e6cd22a23b27d6d/execute HTTP/1.1
11:52:39.620 [Forwarding executeScript on session 37c14d504020035d1e6cd22a23b27d6d to remote] DEBUG o.a.h.impl.execchain.MainClientExec - Target auth state: UNCHALLENGED
11:52:39.620 [Forwarding executeScript on session 37c14d504020035d1e6cd22a23b27d6d to remote] DEBUG o.a.h.impl.execchain.MainClientExec - Proxy auth state: UNCHALLENGED
11:52:39.620 [Forwarding executeScript on session 37c14d504020035d1e6cd22a23b27d6d to remote] DEBUG org.apache.http.headers - http-outgoing-15 >> POST /session/37c14d504020035d1e6cd22a23b27d6d/execute HTTP/1.1
11:52:39.620 [Forwarding executeScript on session 37c14d504020035d1e6cd22a23b27d6d to remote] DEBUG org.apache.http.headers - http-outgoing-15 >> Content-Type: application/json; charset=utf-8
11:52:39.620 [Forwarding executeScript on session 37c14d504020035d1e6cd22a23b27d6d to remote] DEBUG org.apache.http.headers - http-outgoing-15 >> Content-Length: 46
11:52:39.620 [Forwarding executeScript on session 37c14d504020035d1e6cd22a23b27d6d to remote] DEBUG org.apache.http.headers - http-outgoing-15 >> Host: localhost:38386
11:52:39.620 [Forwarding executeScript on session 37c14d504020035d1e6cd22a23b27d6d to remote] DEBUG org.apache.http.headers - http-outgoing-15 >> Connection: Keep-Alive
11:52:39.620 [Forwarding executeScript on session 37c14d504020035d1e6cd22a23b27d6d to remote] DEBUG org.apache.http.headers - http-outgoing-15 >> User-Agent: Apache-HttpClient/4.5.2 (Java/1.8.0_111)
11:52:39.620 [Forwarding executeScript on session 37c14d504020035d1e6cd22a23b27d6d to remote] DEBUG org.apache.http.headers - http-outgoing-15 >> Accept-Encoding: gzip,deflate
11:52:39.620 [Forwarding executeScript on session 37c14d504020035d1e6cd22a23b27d6d to remote] DEBUG org.apache.http.wire - http-outgoing-15 >> "POST /session/37c14d504020035d1e6cd22a23b27d6d/execute HTTP/1.1[\r][\n]"
11:52:39.620 [Forwarding executeScript on session 37c14d504020035d1e6cd22a23b27d6d to remote] DEBUG org.apache.http.wire - http-outgoing-15 >> "Content-Type: application/json; charset=utf-8[\r][\n]"
11:52:39.620 [Forwarding executeScript on session 37c14d504020035d1e6cd22a23b27d6d to remote] DEBUG org.apache.http.wire - http-outgoing-15 >> "Content-Length: 46[\r][\n]"
11:52:39.620 [Forwarding executeScript on session 37c14d504020035d1e6cd22a23b27d6d to remote] DEBUG org.apache.http.wire - http-outgoing-15 >> "Host: localhost:38386[\r][\n]"
11:52:39.620 [Forwarding executeScript on session 37c14d504020035d1e6cd22a23b27d6d to remote] DEBUG org.apache.http.wire - http-outgoing-15 >> "Connection: Keep-Alive[\r][\n]"
11:52:39.620 [Forwarding executeScript on session 37c14d504020035d1e6cd22a23b27d6d to remote] DEBUG org.apache.http.wire - http-outgoing-15 >> "User-Agent: Apache-HttpClient/4.5.2 (Java/1.8.0_111)[\r][\n]"
11:52:39.620 [Forwarding executeScript on session 37c14d504020035d1e6cd22a23b27d6d to remote] DEBUG org.apache.http.wire - http-outgoing-15 >> "Accept-Encoding: gzip,deflate[\r][\n]"
11:52:39.620 [Forwarding executeScript on session 37c14d504020035d1e6cd22a23b27d6d to remote] DEBUG org.apache.http.wire - http-outgoing-15 >> "[\r][\n]"
11:52:39.620 [Forwarding executeScript on session 37c14d504020035d1e6cd22a23b27d6d to remote] DEBUG org.apache.http.wire - http-outgoing-15 >> "{"script":"window.scroll(623,108);","args":[]}"
11:52:39.631 [Forwarding executeScript on session 37c14d504020035d1e6cd22a23b27d6d to remote] DEBUG org.apache.http.wire - http-outgoing-15 << "HTTP/1.1 200 OK[\r][\n]"
11:52:39.631 [Forwarding executeScript on session 37c14d504020035d1e6cd22a23b27d6d to remote] DEBUG org.apache.http.wire - http-outgoing-15 << "Content-Length:72[\r][\n]"
11:52:39.631 [Forwarding executeScript on session 37c14d504020035d1e6cd22a23b27d6d to remote] DEBUG org.apache.http.wire - http-outgoing-15 << "Content-Type:application/json; charset=utf-8[\r][\n]"
11:52:39.631 [Forwarding executeScript on session 37c14d504020035d1e6cd22a23b27d6d to remote] DEBUG org.apache.http.wire - http-outgoing-15 << "Connection:close[\r][\n]"
11:52:39.631 [Forwarding executeScript on session 37c14d504020035d1e6cd22a23b27d6d to remote] DEBUG org.apache.http.wire - http-outgoing-15 << "[\r][\n]"
11:52:39.631 [Forwarding executeScript on session 37c14d504020035d1e6cd22a23b27d6d to remote] DEBUG org.apache.http.wire - http-outgoing-15 << "{"sessionId":"37c14d504020035d1e6cd22a23b27d6d","status":0,"value":null}"
11:52:39.631 [Forwarding executeScript on session 37c14d504020035d1e6cd22a23b27d6d to remote] DEBUG org.apache.http.headers - http-outgoing-15 << HTTP/1.1 200 OK
11:52:39.631 [Forwarding executeScript on session 37c14d504020035d1e6cd22a23b27d6d to remote] DEBUG org.apache.http.headers - http-outgoing-15 << Content-Length:72
11:52:39.631 [Forwarding executeScript on session 37c14d504020035d1e6cd22a23b27d6d to remote] DEBUG org.apache.http.headers - http-outgoing-15 << Content-Type:application/json; charset=utf-8
11:52:39.631 [Forwarding executeScript on session 37c14d504020035d1e6cd22a23b27d6d to remote] DEBUG org.apache.http.headers - http-outgoing-15 << Connection:close
11:52:39.631 [Forwarding executeScript on session 37c14d504020035d1e6cd22a23b27d6d to remote] DEBUG o.a.h.i.c.DefaultManagedHttpClientConnection - http-outgoing-15: Close connection
11:52:39.631 [Forwarding executeScript on session 37c14d504020035d1e6cd22a23b27d6d to remote] DEBUG o.a.h.impl.execchain.MainClientExec - Connection discarded
11:52:39.631 [Forwarding executeScript on session 37c14d504020035d1e6cd22a23b27d6d to remote] DEBUG o.a.h.i.c.PoolingHttpClientConnectionManager - Connection released: [id: 15][route: {}->http://localhost:38386][total kept alive: 0; route allocated: 0 of 2000; total allocated: 0 of 2000]
11:52:39.636 [Forwarding isElementDisplayed on session 37c14d504020035d1e6cd22a23b27d6d to remote] DEBUG o.a.h.c.protocol.RequestAddCookies - CookieSpec selected: default
11:52:39.636 [Forwarding isElementDisplayed on session 37c14d504020035d1e6cd22a23b27d6d to remote] DEBUG o.a.h.c.protocol.RequestAuthCache - Auth cache not set in the context
11:52:39.636 [Forwarding isElementDisplayed on session 37c14d504020035d1e6cd22a23b27d6d to remote] DEBUG o.a.h.i.c.PoolingHttpClientConnectionManager - Connection request: [route: {}->http://localhost:38386][total kept alive: 0; route allocated: 0 of 2000; total allocated: 0 of 2000]
11:52:39.636 [Forwarding isElementDisplayed on session 37c14d504020035d1e6cd22a23b27d6d to remote] DEBUG o.a.h.i.c.PoolingHttpClientConnectionManager - Connection leased: [id: 16][route: {}->http://localhost:38386][total kept alive: 0; route allocated: 1 of 2000; total allocated: 1 of 2000]
11:52:39.636 [Forwarding isElementDisplayed on session 37c14d504020035d1e6cd22a23b27d6d to remote] DEBUG o.a.h.impl.execchain.MainClientExec - Opening connection {}->http://localhost:38386
11:52:39.636 [Forwarding isElementDisplayed on session 37c14d504020035d1e6cd22a23b27d6d to remote] DEBUG o.a.h.i.c.DefaultHttpClientConnectionOperator - Connecting to localhost/127.0.0.1:38386
11:52:39.637 [Forwarding isElementDisplayed on session 37c14d504020035d1e6cd22a23b27d6d to remote] DEBUG o.a.h.i.c.DefaultHttpClientConnectionOperator - Connection established 127.0.0.1:55346<->127.0.0.1:38386
11:52:39.637 [Forwarding isElementDisplayed on session 37c14d504020035d1e6cd22a23b27d6d to remote] DEBUG o.a.h.i.c.DefaultManagedHttpClientConnection - http-outgoing-16: set socket timeout to 10800000
11:52:39.637 [Forwarding isElementDisplayed on session 37c14d504020035d1e6cd22a23b27d6d to remote] DEBUG o.a.h.impl.execchain.MainClientExec - Executing request GET /session/37c14d504020035d1e6cd22a23b27d6d/element/0.34229775852503574-1/displayed HTTP/1.1
11:52:39.637 [Forwarding isElementDisplayed on session 37c14d504020035d1e6cd22a23b27d6d to remote] DEBUG o.a.h.impl.execchain.MainClientExec - Target auth state: UNCHALLENGED
11:52:39.637 [Forwarding isElementDisplayed on session 37c14d504020035d1e6cd22a23b27d6d to remote] DEBUG o.a.h.impl.execchain.MainClientExec - Proxy auth state: UNCHALLENGED
11:52:39.637 [Forwarding isElementDisplayed on session 37c14d504020035d1e6cd22a23b27d6d to remote] DEBUG org.apache.http.headers - http-outgoing-16 >> GET /session/37c14d504020035d1e6cd22a23b27d6d/element/0.34229775852503574-1/displayed HTTP/1.1
11:52:39.637 [Forwarding isElementDisplayed on session 37c14d504020035d1e6cd22a23b27d6d to remote] DEBUG org.apache.http.headers - http-outgoing-16 >> Cache-Control: no-cache
11:52:39.637 [Forwarding isElementDisplayed on session 37c14d504020035d1e6cd22a23b27d6d to remote] DEBUG org.apache.http.headers - http-outgoing-16 >> Host: localhost:38386
11:52:39.637 [Forwarding isElementDisplayed on session 37c14d504020035d1e6cd22a23b27d6d to remote] DEBUG org.apache.http.headers - http-outgoing-16 >> Connection: Keep-Alive
11:52:39.637 [Forwarding isElementDisplayed on session 37c14d504020035d1e6cd22a23b27d6d to remote] DEBUG org.apache.http.headers - http-outgoing-16 >> User-Agent: Apache-HttpClient/4.5.2 (Java/1.8.0_111)
11:52:39.637 [Forwarding isElementDisplayed on session 37c14d504020035d1e6cd22a23b27d6d to remote] DEBUG org.apache.http.headers - http-outgoing-16 >> Accept-Encoding: gzip,deflate
11:52:39.637 [Forwarding isElementDisplayed on session 37c14d504020035d1e6cd22a23b27d6d to remote] DEBUG org.apache.http.wire - http-outgoing-16 >> "GET /session/37c14d504020035d1e6cd22a23b27d6d/element/0.34229775852503574-1/displayed HTTP/1.1[\r][\n]"
11:52:39.637 [Forwarding isElementDisplayed on session 37c14d504020035d1e6cd22a23b27d6d to remote] DEBUG org.apache.http.wire - http-outgoing-16 >> "Cache-Control: no-cache[\r][\n]"
11:52:39.637 [Forwarding isElementDisplayed on session 37c14d504020035d1e6cd22a23b27d6d to remote] DEBUG org.apache.http.wire - http-outgoing-16 >> "Host: localhost:38386[\r][\n]"
11:52:39.637 [Forwarding isElementDisplayed on session 37c14d504020035d1e6cd22a23b27d6d to remote] DEBUG org.apache.http.wire - http-outgoing-16 >> "Connection: Keep-Alive[\r][\n]"
11:52:39.637 [Forwarding isElementDisplayed on session 37c14d504020035d1e6cd22a23b27d6d to remote] DEBUG org.apache.http.wire - http-outgoing-16 >> "User-Agent: Apache-HttpClient/4.5.2 (Java/1.8.0_111)[\r][\n]"
11:52:39.637 [Forwarding isElementDisplayed on session 37c14d504020035d1e6cd22a23b27d6d to remote] DEBUG org.apache.http.wire - http-outgoing-16 >> "Accept-Encoding: gzip,deflate[\r][\n]"
11:52:39.637 [Forwarding isElementDisplayed on session 37c14d504020035d1e6cd22a23b27d6d to remote] DEBUG org.apache.http.wire - http-outgoing-16 >> "[\r][\n]"
11:52:39.655 [Forwarding isElementDisplayed on session 37c14d504020035d1e6cd22a23b27d6d to remote] DEBUG org.apache.http.wire - http-outgoing-16 << "HTTP/1.1 200 OK[\r][\n]"
11:52:39.655 [Forwarding isElementDisplayed on session 37c14d504020035d1e6cd22a23b27d6d to remote] DEBUG org.apache.http.wire - http-outgoing-16 << "Content-Length:72[\r][\n]"
11:52:39.655 [Forwarding isElementDisplayed on session 37c14d504020035d1e6cd22a23b27d6d to remote] DEBUG org.apache.http.wire - http-outgoing-16 << "Content-Type:application/json; charset=utf-8[\r][\n]"
11:52:39.655 [Forwarding isElementDisplayed on session 37c14d504020035d1e6cd22a23b27d6d to remote] DEBUG org.apache.http.wire - http-outgoing-16 << "Connection:close[\r][\n]"
11:52:39.655 [Forwarding isElementDisplayed on session 37c14d504020035d1e6cd22a23b27d6d to remote] DEBUG org.apache.http.wire - http-outgoing-16 << "[\r][\n]"
11:52:39.655 [Forwarding isElementDisplayed on session 37c14d504020035d1e6cd22a23b27d6d to remote] DEBUG org.apache.http.wire - http-outgoing-16 << "{"sessionId":"37c14d504020035d1e6cd22a23b27d6d","status":0,"value":true}"
11:52:39.655 [Forwarding isElementDisplayed on session 37c14d504020035d1e6cd22a23b27d6d to remote] DEBUG org.apache.http.headers - http-outgoing-16 << HTTP/1.1 200 OK
11:52:39.655 [Forwarding isElementDisplayed on session 37c14d504020035d1e6cd22a23b27d6d to remote] DEBUG org.apache.http.headers - http-outgoing-16 << Content-Length:72
11:52:39.655 [Forwarding isElementDisplayed on session 37c14d504020035d1e6cd22a23b27d6d to remote] DEBUG org.apache.http.headers - http-outgoing-16 << Content-Type:application/json; charset=utf-8
11:52:39.655 [Forwarding isElementDisplayed on session 37c14d504020035d1e6cd22a23b27d6d to remote] DEBUG org.apache.http.headers - http-outgoing-16 << Connection:close
11:52:39.656 [Forwarding isElementDisplayed on session 37c14d504020035d1e6cd22a23b27d6d to remote] DEBUG o.a.h.i.c.DefaultManagedHttpClientConnection - http-outgoing-16: Close connection
11:52:39.656 [Forwarding isElementDisplayed on session 37c14d504020035d1e6cd22a23b27d6d to remote] DEBUG o.a.h.impl.execchain.MainClientExec - Connection discarded
11:52:39.656 [Forwarding isElementDisplayed on session 37c14d504020035d1e6cd22a23b27d6d to remote] DEBUG o.a.h.i.c.PoolingHttpClientConnectionManager - Connection released: [id: 16][route: {}->http://localhost:38386][total kept alive: 0; route allocated: 0 of 2000; total allocated: 0 of 2000]
11:52:39.657 [Forwarding isElementEnabled on session 37c14d504020035d1e6cd22a23b27d6d to remote] DEBUG o.a.h.c.protocol.RequestAddCookies - CookieSpec selected: default
11:52:39.657 [Forwarding isElementEnabled on session 37c14d504020035d1e6cd22a23b27d6d to remote] DEBUG o.a.h.c.protocol.RequestAuthCache - Auth cache not set in the context
11:52:39.657 [Forwarding isElementEnabled on session 37c14d504020035d1e6cd22a23b27d6d to remote] DEBUG o.a.h.i.c.PoolingHttpClientConnectionManager - Connection request: [route: {}->http://localhost:38386][total kept alive: 0; route allocated: 0 of 2000; total allocated: 0 of 2000]
11:52:39.657 [Forwarding isElementEnabled on session 37c14d504020035d1e6cd22a23b27d6d to remote] DEBUG o.a.h.i.c.PoolingHttpClientConnectionManager - Connection leased: [id: 17][route: {}->http://localhost:38386][total kept alive: 0; route allocated: 1 of 2000; total allocated: 1 of 2000]
11:52:39.657 [Forwarding isElementEnabled on session 37c14d504020035d1e6cd22a23b27d6d to remote] DEBUG o.a.h.impl.execchain.MainClientExec - Opening connection {}->http://localhost:38386
11:52:39.657 [Forwarding isElementEnabled on session 37c14d504020035d1e6cd22a23b27d6d to remote] DEBUG o.a.h.i.c.DefaultHttpClientConnectionOperator - Connecting to localhost/127.0.0.1:38386
11:52:39.657 [Forwarding isElementEnabled on session 37c14d504020035d1e6cd22a23b27d6d to remote] DEBUG o.a.h.i.c.DefaultHttpClientConnectionOperator - Connection established 127.0.0.1:55347<->127.0.0.1:38386
11:52:39.657 [Forwarding isElementEnabled on session 37c14d504020035d1e6cd22a23b27d6d to remote] DEBUG o.a.h.i.c.DefaultManagedHttpClientConnection - http-outgoing-17: set socket timeout to 10800000
11:52:39.657 [Forwarding isElementEnabled on session 37c14d504020035d1e6cd22a23b27d6d to remote] DEBUG o.a.h.impl.execchain.MainClientExec - Executing request GET /session/37c14d504020035d1e6cd22a23b27d6d/element/0.34229775852503574-1/enabled HTTP/1.1
11:52:39.657 [Forwarding isElementEnabled on session 37c14d504020035d1e6cd22a23b27d6d to remote] DEBUG o.a.h.impl.execchain.MainClientExec - Target auth state: UNCHALLENGED
11:52:39.657 [Forwarding isElementEnabled on session 37c14d504020035d1e6cd22a23b27d6d to remote] DEBUG o.a.h.impl.execchain.MainClientExec - Proxy auth state: UNCHALLENGED
11:52:39.658 [Forwarding isElementEnabled on session 37c14d504020035d1e6cd22a23b27d6d to remote] DEBUG org.apache.http.headers - http-outgoing-17 >> GET /session/37c14d504020035d1e6cd22a23b27d6d/element/0.34229775852503574-1/enabled HTTP/1.1
11:52:39.658 [Forwarding isElementEnabled on session 37c14d504020035d1e6cd22a23b27d6d to remote] DEBUG org.apache.http.headers - http-outgoing-17 >> Cache-Control: no-cache
11:52:39.658 [Forwarding isElementEnabled on session 37c14d504020035d1e6cd22a23b27d6d to remote] DEBUG org.apache.http.headers - http-outgoing-17 >> Host: localhost:38386
11:52:39.658 [Forwarding isElementEnabled on session 37c14d504020035d1e6cd22a23b27d6d to remote] DEBUG org.apache.http.headers - http-outgoing-17 >> Connection: Keep-Alive
11:52:39.658 [Forwarding isElementEnabled on session 37c14d504020035d1e6cd22a23b27d6d to remote] DEBUG org.apache.http.headers - http-outgoing-17 >> User-Agent: Apache-HttpClient/4.5.2 (Java/1.8.0_111)
11:52:39.658 [Forwarding isElementEnabled on session 37c14d504020035d1e6cd22a23b27d6d to remote] DEBUG org.apache.http.headers - http-outgoing-17 >> Accept-Encoding: gzip,deflate
11:52:39.658 [Forwarding isElementEnabled on session 37c14d504020035d1e6cd22a23b27d6d to remote] DEBUG org.apache.http.wire - http-outgoing-17 >> "GET /session/37c14d504020035d1e6cd22a23b27d6d/element/0.34229775852503574-1/enabled HTTP/1.1[\r][\n]"
11:52:39.658 [Forwarding isElementEnabled on session 37c14d504020035d1e6cd22a23b27d6d to remote] DEBUG org.apache.http.wire - http-outgoing-17 >> "Cache-Control: no-cache[\r][\n]"
11:52:39.658 [Forwarding isElementEnabled on session 37c14d504020035d1e6cd22a23b27d6d to remote] DEBUG org.apache.http.wire - http-outgoing-17 >> "Host: localhost:38386[\r][\n]"
11:52:39.658 [Forwarding isElementEnabled on session 37c14d504020035d1e6cd22a23b27d6d to remote] DEBUG org.apache.http.wire - http-outgoing-17 >> "Connection: Keep-Alive[\r][\n]"
11:52:39.658 [Forwarding isElementEnabled on session 37c14d504020035d1e6cd22a23b27d6d to remote] DEBUG org.apache.http.wire - http-outgoing-17 >> "User-Agent: Apache-HttpClient/4.5.2 (Java/1.8.0_111)[\r][\n]"
11:52:39.658 [Forwarding isElementEnabled on session 37c14d504020035d1e6cd22a23b27d6d to remote] DEBUG org.apache.http.wire - http-outgoing-17 >> "Accept-Encoding: gzip,deflate[\r][\n]"
11:52:39.658 [Forwarding isElementEnabled on session 37c14d504020035d1e6cd22a23b27d6d to remote] DEBUG org.apache.http.wire - http-outgoing-17 >> "[\r][\n]"
11:52:39.671 [Forwarding isElementEnabled on session 37c14d504020035d1e6cd22a23b27d6d to remote] DEBUG org.apache.http.wire - http-outgoing-17 << "HTTP/1.1 200 OK[\r][\n]"
11:52:39.671 [Forwarding isElementEnabled on session 37c14d504020035d1e6cd22a23b27d6d to remote] DEBUG org.apache.http.wire - http-outgoing-17 << "Content-Length:72[\r][\n]"
11:52:39.671 [Forwarding isElementEnabled on session 37c14d504020035d1e6cd22a23b27d6d to remote] DEBUG org.apache.http.wire - http-outgoing-17 << "Content-Type:application/json; charset=utf-8[\r][\n]"
11:52:39.671 [Forwarding isElementEnabled on session 37c14d504020035d1e6cd22a23b27d6d to remote] DEBUG org.apache.http.wire - http-outgoing-17 << "Connection:close[\r][\n]"
11:52:39.671 [Forwarding isElementEnabled on session 37c14d504020035d1e6cd22a23b27d6d to remote] DEBUG org.apache.http.wire - http-outgoing-17 << "[\r][\n]"
11:52:39.671 [Forwarding isElementEnabled on session 37c14d504020035d1e6cd22a23b27d6d to remote] DEBUG org.apache.http.wire - http-outgoing-17 << "{"sessionId":"37c14d504020035d1e6cd22a23b27d6d","status":0,"value":true}"
11:52:39.671 [Forwarding isElementEnabled on session 37c14d504020035d1e6cd22a23b27d6d to remote] DEBUG org.apache.http.headers - http-outgoing-17 << HTTP/1.1 200 OK
11:52:39.671 [Forwarding isElementEnabled on session 37c14d504020035d1e6cd22a23b27d6d to remote] DEBUG org.apache.http.headers - http-outgoing-17 << Content-Length:72
11:52:39.671 [Forwarding isElementEnabled on session 37c14d504020035d1e6cd22a23b27d6d to remote] DEBUG org.apache.http.headers - http-outgoing-17 << Content-Type:application/json; charset=utf-8
11:52:39.671 [Forwarding isElementEnabled on session 37c14d504020035d1e6cd22a23b27d6d to remote] DEBUG org.apache.http.headers - http-outgoing-17 << Connection:close
11:52:39.672 [Forwarding isElementEnabled on session 37c14d504020035d1e6cd22a23b27d6d to remote] DEBUG o.a.h.i.c.DefaultManagedHttpClientConnection - http-outgoing-17: Close connection
11:52:39.672 [Forwarding isElementEnabled on session 37c14d504020035d1e6cd22a23b27d6d to remote] DEBUG o.a.h.impl.execchain.MainClientExec - Connection discarded
11:52:39.672 [Forwarding isElementEnabled on session 37c14d504020035d1e6cd22a23b27d6d to remote] DEBUG o.a.h.i.c.PoolingHttpClientConnectionManager - Connection released: [id: 17][route: {}->http://localhost:38386][total kept alive: 0; route allocated: 0 of 2000; total allocated: 0 of 2000]
11:52:39.673 [Forwarding clearElement on session 37c14d504020035d1e6cd22a23b27d6d to remote] DEBUG o.a.h.c.protocol.RequestAddCookies - CookieSpec selected: default
11:52:39.673 [Forwarding clearElement on session 37c14d504020035d1e6cd22a23b27d6d to remote] DEBUG o.a.h.c.protocol.RequestAuthCache - Auth cache not set in the context
11:52:39.673 [Forwarding clearElement on session 37c14d504020035d1e6cd22a23b27d6d to remote] DEBUG o.a.h.i.c.PoolingHttpClientConnectionManager - Connection request: [route: {}->http://localhost:38386][total kept alive: 0; route allocated: 0 of 2000; total allocated: 0 of 2000]
11:52:39.673 [Forwarding clearElement on session 37c14d504020035d1e6cd22a23b27d6d to remote] DEBUG o.a.h.i.c.PoolingHttpClientConnectionManager - Connection leased: [id: 18][route: {}->http://localhost:38386][total kept alive: 0; route allocated: 1 of 2000; total allocated: 1 of 2000]
11:52:39.673 [Forwarding clearElement on session 37c14d504020035d1e6cd22a23b27d6d to remote] DEBUG o.a.h.impl.execchain.MainClientExec - Opening connection {}->http://localhost:38386
11:52:39.673 [Forwarding clearElement on session 37c14d504020035d1e6cd22a23b27d6d to remote] DEBUG o.a.h.i.c.DefaultHttpClientConnectionOperator - Connecting to localhost/127.0.0.1:38386
11:52:39.673 [Forwarding clearElement on session 37c14d504020035d1e6cd22a23b27d6d to remote] DEBUG o.a.h.i.c.DefaultHttpClientConnectionOperator - Connection established 127.0.0.1:55348<->127.0.0.1:38386
11:52:39.673 [Forwarding clearElement on session 37c14d504020035d1e6cd22a23b27d6d to remote] DEBUG o.a.h.i.c.DefaultManagedHttpClientConnection - http-outgoing-18: set socket timeout to 10800000
11:52:39.673 [Forwarding clearElement on session 37c14d504020035d1e6cd22a23b27d6d to remote] DEBUG o.a.h.impl.execchain.MainClientExec - Executing request POST /session/37c14d504020035d1e6cd22a23b27d6d/element/0.34229775852503574-1/clear HTTP/1.1
11:52:39.673 [Forwarding clearElement on session 37c14d504020035d1e6cd22a23b27d6d to remote] DEBUG o.a.h.impl.execchain.MainClientExec - Target auth state: UNCHALLENGED
11:52:39.673 [Forwarding clearElement on session 37c14d504020035d1e6cd22a23b27d6d to remote] DEBUG o.a.h.impl.execchain.MainClientExec - Proxy auth state: UNCHALLENGED
11:52:39.673 [Forwarding clearElement on session 37c14d504020035d1e6cd22a23b27d6d to remote] DEBUG org.apache.http.headers - http-outgoing-18 >> POST /session/37c14d504020035d1e6cd22a23b27d6d/element/0.34229775852503574-1/clear HTTP/1.1
11:52:39.673 [Forwarding clearElement on session 37c14d504020035d1e6cd22a23b27d6d to remote] DEBUG org.apache.http.headers - http-outgoing-18 >> Content-Type: application/json; charset=utf-8
11:52:39.673 [Forwarding clearElement on session 37c14d504020035d1e6cd22a23b27d6d to remote] DEBUG org.apache.http.headers - http-outgoing-18 >> Content-Length: 30
11:52:39.673 [Forwarding clearElement on session 37c14d504020035d1e6cd22a23b27d6d to remote] DEBUG org.apache.http.headers - http-outgoing-18 >> Host: localhost:38386
11:52:39.673 [Forwarding clearElement on session 37c14d504020035d1e6cd22a23b27d6d to remote] DEBUG org.apache.http.headers - http-outgoing-18 >> Connection: Keep-Alive
11:52:39.673 [Forwarding clearElement on session 37c14d504020035d1e6cd22a23b27d6d to remote] DEBUG org.apache.http.headers - http-outgoing-18 >> User-Agent: Apache-HttpClient/4.5.2 (Java/1.8.0_111)
11:52:39.673 [Forwarding clearElement on session 37c14d504020035d1e6cd22a23b27d6d to remote] DEBUG org.apache.http.headers - http-outgoing-18 >> Accept-Encoding: gzip,deflate
11:52:39.673 [Forwarding clearElement on session 37c14d504020035d1e6cd22a23b27d6d to remote] DEBUG org.apache.http.wire - http-outgoing-18 >> "POST /session/37c14d504020035d1e6cd22a23b27d6d/element/0.34229775852503574-1/clear HTTP/1.1[\r][\n]"
11:52:39.673 [Forwarding clearElement on session 37c14d504020035d1e6cd22a23b27d6d to remote] DEBUG org.apache.http.wire - http-outgoing-18 >> "Content-Type: application/json; charset=utf-8[\r][\n]"
11:52:39.673 [Forwarding clearElement on session 37c14d504020035d1e6cd22a23b27d6d to remote] DEBUG org.apache.http.wire - http-outgoing-18 >> "Content-Length: 30[\r][\n]"
11:52:39.673 [Forwarding clearElement on session 37c14d504020035d1e6cd22a23b27d6d to remote] DEBUG org.apache.http.wire - http-outgoing-18 >> "Host: localhost:38386[\r][\n]"
11:52:39.673 [Forwarding clearElement on session 37c14d504020035d1e6cd22a23b27d6d to remote] DEBUG org.apache.http.wire - http-outgoing-18 >> "Connection: Keep-Alive[\r][\n]"
11:52:39.673 [Forwarding clearElement on session 37c14d504020035d1e6cd22a23b27d6d to remote] DEBUG org.apache.http.wire - http-outgoing-18 >> "User-Agent: Apache-HttpClient/4.5.2 (Java/1.8.0_111)[\r][\n]"
11:52:39.673 [Forwarding clearElement on session 37c14d504020035d1e6cd22a23b27d6d to remote] DEBUG org.apache.http.wire - http-outgoing-18 >> "Accept-Encoding: gzip,deflate[\r][\n]"
11:52:39.674 [Forwarding clearElement on session 37c14d504020035d1e6cd22a23b27d6d to remote] DEBUG org.apache.http.wire - http-outgoing-18 >> "[\r][\n]"
11:52:39.674 [Forwarding clearElement on session 37c14d504020035d1e6cd22a23b27d6d to remote] DEBUG org.apache.http.wire - http-outgoing-18 >> "{"id":"0.34229775852503574-1"}"
11:52:39.695 [Forwarding clearElement on session 37c14d504020035d1e6cd22a23b27d6d to remote] DEBUG org.apache.http.wire - http-outgoing-18 << "HTTP/1.1 200 OK[\r][\n]"
11:52:39.696 [Forwarding clearElement on session 37c14d504020035d1e6cd22a23b27d6d to remote] DEBUG org.apache.http.wire - http-outgoing-18 << "Content-Length:72[\r][\n]"
11:52:39.696 [Forwarding clearElement on session 37c14d504020035d1e6cd22a23b27d6d to remote] DEBUG org.apache.http.wire - http-outgoing-18 << "Content-Type:application/json; charset=utf-8[\r][\n]"
11:52:39.696 [Forwarding clearElement on session 37c14d504020035d1e6cd22a23b27d6d to remote] DEBUG org.apache.http.wire - http-outgoing-18 << "Connection:close[\r][\n]"
11:52:39.696 [Forwarding clearElement on session 37c14d504020035d1e6cd22a23b27d6d to remote] DEBUG org.apache.http.wire - http-outgoing-18 << "[\r][\n]"
11:52:39.696 [Forwarding clearElement on session 37c14d504020035d1e6cd22a23b27d6d to remote] DEBUG org.apache.http.wire - http-outgoing-18 << "{"sessionId":"37c14d504020035d1e6cd22a23b27d6d","status":0,"value":null}"
11:52:39.696 [Forwarding clearElement on session 37c14d504020035d1e6cd22a23b27d6d to remote] DEBUG org.apache.http.headers - http-outgoing-18 << HTTP/1.1 200 OK
11:52:39.696 [Forwarding clearElement on session 37c14d504020035d1e6cd22a23b27d6d to remote] DEBUG org.apache.http.headers - http-outgoing-18 << Content-Length:72
11:52:39.696 [Forwarding clearElement on session 37c14d504020035d1e6cd22a23b27d6d to remote] DEBUG org.apache.http.headers - http-outgoing-18 << Content-Type:application/json; charset=utf-8
11:52:39.696 [Forwarding clearElement on session 37c14d504020035d1e6cd22a23b27d6d to remote] DEBUG org.apache.http.headers - http-outgoing-18 << Connection:close
11:52:39.696 [Forwarding clearElement on session 37c14d504020035d1e6cd22a23b27d6d to remote] DEBUG o.a.h.i.c.DefaultManagedHttpClientConnection - http-outgoing-18: Close connection
11:52:39.696 [Forwarding clearElement on session 37c14d504020035d1e6cd22a23b27d6d to remote] DEBUG o.a.h.impl.execchain.MainClientExec - Connection discarded
11:52:39.696 [Forwarding clearElement on session 37c14d504020035d1e6cd22a23b27d6d to remote] DEBUG o.a.h.i.c.PoolingHttpClientConnectionManager - Connection released: [id: 18][route: {}->http://localhost:38386][total kept alive: 0; route allocated: 0 of 2000; total allocated: 0 of 2000]
11:52:39.697 [Forwarding sendKeysToElement on session 37c14d504020035d1e6cd22a23b27d6d to remote] DEBUG o.a.h.c.protocol.RequestAddCookies - CookieSpec selected: default
11:52:39.697 [Forwarding sendKeysToElement on session 37c14d504020035d1e6cd22a23b27d6d to remote] DEBUG o.a.h.c.protocol.RequestAuthCache - Auth cache not set in the context
11:52:39.697 [Forwarding sendKeysToElement on session 37c14d504020035d1e6cd22a23b27d6d to remote] DEBUG o.a.h.i.c.PoolingHttpClientConnectionManager - Connection request: [route: {}->http://localhost:38386][total kept alive: 0; route allocated: 0 of 2000; total allocated: 0 of 2000]
11:52:39.697 [Forwarding sendKeysToElement on session 37c14d504020035d1e6cd22a23b27d6d to remote] DEBUG o.a.h.i.c.PoolingHttpClientConnectionManager - Connection leased: [id: 19][route: {}->http://localhost:38386][total kept alive: 0; route allocated: 1 of 2000; total allocated: 1 of 2000]
11:52:39.697 [Forwarding sendKeysToElement on session 37c14d504020035d1e6cd22a23b27d6d to remote] DEBUG o.a.h.impl.execchain.MainClientExec - Opening connection {}->http://localhost:38386
11:52:39.698 [Forwarding sendKeysToElement on session 37c14d504020035d1e6cd22a23b27d6d to remote] DEBUG o.a.h.i.c.DefaultHttpClientConnectionOperator - Connecting to localhost/127.0.0.1:38386
11:52:39.698 [Forwarding sendKeysToElement on session 37c14d504020035d1e6cd22a23b27d6d to remote] DEBUG o.a.h.i.c.DefaultHttpClientConnectionOperator - Connection established 127.0.0.1:55349<->127.0.0.1:38386
11:52:39.698 [Forwarding sendKeysToElement on session 37c14d504020035d1e6cd22a23b27d6d to remote] DEBUG o.a.h.i.c.DefaultManagedHttpClientConnection - http-outgoing-19: set socket timeout to 10800000
11:52:39.698 [Forwarding sendKeysToElement on session 37c14d504020035d1e6cd22a23b27d6d to remote] DEBUG o.a.h.impl.execchain.MainClientExec - Executing request POST /session/37c14d504020035d1e6cd22a23b27d6d/element/0.34229775852503574-1/value HTTP/1.1
11:52:39.698 [Forwarding sendKeysToElement on session 37c14d504020035d1e6cd22a23b27d6d to remote] DEBUG o.a.h.impl.execchain.MainClientExec - Target auth state: UNCHALLENGED
11:52:39.698 [Forwarding sendKeysToElement on session 37c14d504020035d1e6cd22a23b27d6d to remote] DEBUG o.a.h.impl.execchain.MainClientExec - Proxy auth state: UNCHALLENGED
11:52:39.698 [Forwarding sendKeysToElement on session 37c14d504020035d1e6cd22a23b27d6d to remote] DEBUG org.apache.http.headers - http-outgoing-19 >> POST /session/37c14d504020035d1e6cd22a23b27d6d/element/0.34229775852503574-1/value HTTP/1.1
11:52:39.698 [Forwarding sendKeysToElement on session 37c14d504020035d1e6cd22a23b27d6d to remote] DEBUG org.apache.http.headers - http-outgoing-19 >> Content-Type: application/json; charset=utf-8
11:52:39.698 [Forwarding sendKeysToElement on session 37c14d504020035d1e6cd22a23b27d6d to remote] DEBUG org.apache.http.headers - http-outgoing-19 >> Content-Length: 68
11:52:39.698 [Forwarding sendKeysToElement on session 37c14d504020035d1e6cd22a23b27d6d to remote] DEBUG org.apache.http.headers - http-outgoing-19 >> Host: localhost:38386
11:52:39.698 [Forwarding sendKeysToElement on session 37c14d504020035d1e6cd22a23b27d6d to remote] DEBUG org.apache.http.headers - http-outgoing-19 >> Connection: Keep-Alive
11:52:39.698 [Forwarding sendKeysToElement on session 37c14d504020035d1e6cd22a23b27d6d to remote] DEBUG org.apache.http.headers - http-outgoing-19 >> User-Agent: Apache-HttpClient/4.5.2 (Java/1.8.0_111)
11:52:39.698 [Forwarding sendKeysToElement on session 37c14d504020035d1e6cd22a23b27d6d to remote] DEBUG org.apache.http.headers - http-outgoing-19 >> Accept-Encoding: gzip,deflate
11:52:39.698 [Forwarding sendKeysToElement on session 37c14d504020035d1e6cd22a23b27d6d to remote] DEBUG org.apache.http.wire - http-outgoing-19 >> "POST /session/37c14d504020035d1e6cd22a23b27d6d/element/0.34229775852503574-1/value HTTP/1.1[\r][\n]"
11:52:39.698 [Forwarding sendKeysToElement on session 37c14d504020035d1e6cd22a23b27d6d to remote] DEBUG org.apache.http.wire - http-outgoing-19 >> "Content-Type: application/json; charset=utf-8[\r][\n]"
11:52:39.698 [Forwarding sendKeysToElement on session 37c14d504020035d1e6cd22a23b27d6d to remote] DEBUG org.apache.http.wire - http-outgoing-19 >> "Content-Length: 68[\r][\n]"
11:52:39.698 [Forwarding sendKeysToElement on session 37c14d504020035d1e6cd22a23b27d6d to remote] DEBUG org.apache.http.wire - http-outgoing-19 >> "Host: localhost:38386[\r][\n]"
11:52:39.698 [Forwarding sendKeysToElement on session 37c14d504020035d1e6cd22a23b27d6d to remote] DEBUG org.apache.http.wire - http-outgoing-19 >> "Connection: Keep-Alive[\r][\n]"
11:52:39.698 [Forwarding sendKeysToElement on session 37c14d504020035d1e6cd22a23b27d6d to remote] DEBUG org.apache.http.wire - http-outgoing-19 >> "User-Agent: Apache-HttpClient/4.5.2 (Java/1.8.0_111)[\r][\n]"
11:52:39.698 [Forwarding sendKeysToElement on session 37c14d504020035d1e6cd22a23b27d6d to remote] DEBUG org.apache.http.wire - http-outgoing-19 >> "Accept-Encoding: gzip,deflate[\r][\n]"
11:52:39.698 [Forwarding sendKeysToElement on session 37c14d504020035d1e6cd22a23b27d6d to remote] DEBUG org.apache.http.wire - http-outgoing-19 >> "[\r][\n]"
11:52:39.698 [Forwarding sendKeysToElement on session 37c14d504020035d1e6cd22a23b27d6d to remote] DEBUG org.apache.http.wire - http-outgoing-19 >> "{"id":"0.34229775852503574-1","value":["Cigniinfree02@yopmail.com"]}"
11:52:40.038 [Forwarding sendKeysToElement on session 37c14d504020035d1e6cd22a23b27d6d to remote] DEBUG org.apache.http.wire - http-outgoing-19 << "HTTP/1.1 200 OK[\r][\n]"
11:52:40.038 [Forwarding sendKeysToElement on session 37c14d504020035d1e6cd22a23b27d6d to remote] DEBUG org.apache.http.wire - http-outgoing-19 << "Content-Length:72[\r][\n]"
11:52:40.038 [Forwarding sendKeysToElement on session 37c14d504020035d1e6cd22a23b27d6d to remote] DEBUG org.apache.http.wire - http-outgoing-19 << "Content-Type:application/json; charset=utf-8[\r][\n]"
11:52:40.038 [Forwarding sendKeysToElement on session 37c14d504020035d1e6cd22a23b27d6d to remote] DEBUG org.apache.http.wire - http-outgoing-19 << "Connection:close[\r][\n]"
11:52:40.038 [Forwarding sendKeysToElement on session 37c14d504020035d1e6cd22a23b27d6d to remote] DEBUG org.apache.http.wire - http-outgoing-19 << "[\r][\n]"
11:52:40.038 [Forwarding sendKeysToElement on session 37c14d504020035d1e6cd22a23b27d6d to remote] DEBUG org.apache.http.wire - http-outgoing-19 << "{"sessionId":"37c14d504020035d1e6cd22a23b27d6d","status":0,"value":null}"
11:52:40.038 [Forwarding sendKeysToElement on session 37c14d504020035d1e6cd22a23b27d6d to remote] DEBUG org.apache.http.headers - http-outgoing-19 << HTTP/1.1 200 OK
11:52:40.038 [Forwarding sendKeysToElement on session 37c14d504020035d1e6cd22a23b27d6d to remote] DEBUG org.apache.http.headers - http-outgoing-19 << Content-Length:72
11:52:40.038 [Forwarding sendKeysToElement on session 37c14d504020035d1e6cd22a23b27d6d to remote] DEBUG org.apache.http.headers - http-outgoing-19 << Content-Type:application/json; charset=utf-8
11:52:40.038 [Forwarding sendKeysToElement on session 37c14d504020035d1e6cd22a23b27d6d to remote] DEBUG org.apache.http.headers - http-outgoing-19 << Connection:close
11:52:40.038 [Forwarding sendKeysToElement on session 37c14d504020035d1e6cd22a23b27d6d to remote] DEBUG o.a.h.i.c.DefaultManagedHttpClientConnection - http-outgoing-19: Close connection
11:52:40.038 [Forwarding sendKeysToElement on session 37c14d504020035d1e6cd22a23b27d6d to remote] DEBUG o.a.h.impl.execchain.MainClientExec - Connection discarded
11:52:40.038 [Forwarding sendKeysToElement on session 37c14d504020035d1e6cd22a23b27d6d to remote] DEBUG o.a.h.i.c.PoolingHttpClientConnectionManager - Connection released: [id: 19][route: {}->http://localhost:38386][total kept alive: 0; route allocated: 0 of 2000; total allocated: 0 of 2000]
11:52:42.039 [Forwarding findElement on session 37c14d504020035d1e6cd22a23b27d6d to remote] DEBUG o.a.h.c.protocol.RequestAddCookies - CookieSpec selected: default
11:52:42.039 [Forwarding findElement on session 37c14d504020035d1e6cd22a23b27d6d to remote] DEBUG o.a.h.c.protocol.RequestAuthCache - Auth cache not set in the context
11:52:42.039 [Forwarding findElement on session 37c14d504020035d1e6cd22a23b27d6d to remote] DEBUG o.a.h.i.c.PoolingHttpClientConnectionManager - Connection request: [route: {}->http://localhost:38386][total kept alive: 0; route allocated: 0 of 2000; total allocated: 0 of 2000]
11:52:42.040 [Forwarding findElement on session 37c14d504020035d1e6cd22a23b27d6d to remote] DEBUG o.a.h.i.c.PoolingHttpClientConnectionManager - Connection leased: [id: 20][route: {}->http://localhost:38386][total kept alive: 0; route allocated: 1 of 2000; total allocated: 1 of 2000]
11:52:42.040 [Forwarding findElement on session 37c14d504020035d1e6cd22a23b27d6d to remote] DEBUG o.a.h.impl.execchain.MainClientExec - Opening connection {}->http://localhost:38386
11:52:42.040 [Forwarding findElement on session 37c14d504020035d1e6cd22a23b27d6d to remote] DEBUG o.a.h.i.c.DefaultHttpClientConnectionOperator - Connecting to localhost/127.0.0.1:38386
11:52:42.040 [Forwarding findElement on session 37c14d504020035d1e6cd22a23b27d6d to remote] DEBUG o.a.h.i.c.DefaultHttpClientConnectionOperator - Connection established 127.0.0.1:55364<->127.0.0.1:38386
11:52:42.040 [Forwarding findElement on session 37c14d504020035d1e6cd22a23b27d6d to remote] DEBUG o.a.h.i.c.DefaultManagedHttpClientConnection - http-outgoing-20: set socket timeout to 10800000
11:52:42.040 [Forwarding findElement on session 37c14d504020035d1e6cd22a23b27d6d to remote] DEBUG o.a.h.impl.execchain.MainClientExec - Executing request POST /session/37c14d504020035d1e6cd22a23b27d6d/element HTTP/1.1
11:52:42.040 [Forwarding findElement on session 37c14d504020035d1e6cd22a23b27d6d to remote] DEBUG o.a.h.impl.execchain.MainClientExec - Target auth state: UNCHALLENGED
11:52:42.040 [Forwarding findElement on session 37c14d504020035d1e6cd22a23b27d6d to remote] DEBUG o.a.h.impl.execchain.MainClientExec - Proxy auth state: UNCHALLENGED
11:52:42.040 [Forwarding findElement on session 37c14d504020035d1e6cd22a23b27d6d to remote] DEBUG org.apache.http.headers - http-outgoing-20 >> POST /session/37c14d504020035d1e6cd22a23b27d6d/element HTTP/1.1
11:52:42.040 [Forwarding findElement on session 37c14d504020035d1e6cd22a23b27d6d to remote] DEBUG org.apache.http.headers - http-outgoing-20 >> Content-Type: application/json; charset=utf-8
11:52:42.040 [Forwarding findElement on session 37c14d504020035d1e6cd22a23b27d6d to remote] DEBUG org.apache.http.headers - http-outgoing-20 >> Content-Length: 53
11:52:42.040 [Forwarding findElement on session 37c14d504020035d1e6cd22a23b27d6d to remote] DEBUG org.apache.http.headers - http-outgoing-20 >> Host: localhost:38386
11:52:42.040 [Forwarding findElement on session 37c14d504020035d1e6cd22a23b27d6d to remote] DEBUG org.apache.http.headers - http-outgoing-20 >> Connection: Keep-Alive
11:52:42.040 [Forwarding findElement on session 37c14d504020035d1e6cd22a23b27d6d to remote] DEBUG org.apache.http.headers - http-outgoing-20 >> User-Agent: Apache-HttpClient/4.5.2 (Java/1.8.0_111)
11:52:42.040 [Forwarding findElement on session 37c14d504020035d1e6cd22a23b27d6d to remote] DEBUG org.apache.http.headers - http-outgoing-20 >> Accept-Encoding: gzip,deflate
11:52:42.040 [Forwarding findElement on session 37c14d504020035d1e6cd22a23b27d6d to remote] DEBUG org.apache.http.wire - http-outgoing-20 >> "POST /session/37c14d504020035d1e6cd22a23b27d6d/element HTTP/1.1[\r][\n]"
11:52:42.040 [Forwarding findElement on session 37c14d504020035d1e6cd22a23b27d6d to remote] DEBUG org.apache.http.wire - http-outgoing-20 >> "Content-Type: application/json; charset=utf-8[\r][\n]"
11:52:42.040 [Forwarding findElement on session 37c14d504020035d1e6cd22a23b27d6d to remote] DEBUG org.apache.http.wire - http-outgoing-20 >> "Content-Length: 53[\r][\n]"
11:52:42.041 [Forwarding findElement on session 37c14d504020035d1e6cd22a23b27d6d to remote] DEBUG org.apache.http.wire - http-outgoing-20 >> "Host: localhost:38386[\r][\n]"
11:52:42.041 [Forwarding findElement on session 37c14d504020035d1e6cd22a23b27d6d to remote] DEBUG org.apache.http.wire - http-outgoing-20 >> "Connection: Keep-Alive[\r][\n]"
11:52:42.041 [Forwarding findElement on session 37c14d504020035d1e6cd22a23b27d6d to remote] DEBUG org.apache.http.wire - http-outgoing-20 >> "User-Agent: Apache-HttpClient/4.5.2 (Java/1.8.0_111)[\r][\n]"
11:52:42.041 [Forwarding findElement on session 37c14d504020035d1e6cd22a23b27d6d to remote] DEBUG org.apache.http.wire - http-outgoing-20 >> "Accept-Encoding: gzip,deflate[\r][\n]"
11:52:42.041 [Forwarding findElement on session 37c14d504020035d1e6cd22a23b27d6d to remote] DEBUG org.apache.http.wire - http-outgoing-20 >> "[\r][\n]"
11:52:42.041 [Forwarding findElement on session 37c14d504020035d1e6cd22a23b27d6d to remote] DEBUG org.apache.http.wire - http-outgoing-20 >> "{"using":"xpath","value":".//*[@id='submit-button']"}"
11:52:42.060 [Forwarding findElement on session 37c14d504020035d1e6cd22a23b27d6d to remote] DEBUG org.apache.http.wire - http-outgoing-20 << "HTTP/1.1 200 OK[\r][\n]"
11:52:42.060 [Forwarding findElement on session 37c14d504020035d1e6cd22a23b27d6d to remote] DEBUG org.apache.http.wire - http-outgoing-20 << "Content-Length:103[\r][\n]"
11:52:42.060 [Forwarding findElement on session 37c14d504020035d1e6cd22a23b27d6d to remote] DEBUG org.apache.http.wire - http-outgoing-20 << "Content-Type:application/json; charset=utf-8[\r][\n]"
11:52:42.060 [Forwarding findElement on session 37c14d504020035d1e6cd22a23b27d6d to remote] DEBUG org.apache.http.wire - http-outgoing-20 << "Connection:close[\r][\n]"
11:52:42.060 [Forwarding findElement on session 37c14d504020035d1e6cd22a23b27d6d to remote] DEBUG org.apache.http.wire - http-outgoing-20 << "[\r][\n]"
11:52:42.060 [Forwarding findElement on session 37c14d504020035d1e6cd22a23b27d6d to remote] DEBUG org.apache.http.wire - http-outgoing-20 << "{"sessionId":"37c14d504020035d1e6cd22a23b27d6d","status":0,"value":{"ELEMENT":"0.34229775852503574-2"}}"
11:52:42.060 [Forwarding findElement on session 37c14d504020035d1e6cd22a23b27d6d to remote] DEBUG org.apache.http.headers - http-outgoing-20 << HTTP/1.1 200 OK
11:52:42.060 [Forwarding findElement on session 37c14d504020035d1e6cd22a23b27d6d to remote] DEBUG org.apache.http.headers - http-outgoing-20 << Content-Length:103
11:52:42.060 [Forwarding findElement on session 37c14d504020035d1e6cd22a23b27d6d to remote] DEBUG org.apache.http.headers - http-outgoing-20 << Content-Type:application/json; charset=utf-8
11:52:42.060 [Forwarding findElement on session 37c14d504020035d1e6cd22a23b27d6d to remote] DEBUG org.apache.http.headers - http-outgoing-20 << Connection:close
11:52:42.061 [Forwarding findElement on session 37c14d504020035d1e6cd22a23b27d6d to remote] DEBUG o.a.h.i.c.DefaultManagedHttpClientConnection - http-outgoing-20: Close connection
11:52:42.061 [Forwarding findElement on session 37c14d504020035d1e6cd22a23b27d6d to remote] DEBUG o.a.h.impl.execchain.MainClientExec - Connection discarded
11:52:42.061 [Forwarding findElement on session 37c14d504020035d1e6cd22a23b27d6d to remote] DEBUG o.a.h.i.c.PoolingHttpClientConnectionManager - Connection released: [id: 20][route: {}->http://localhost:38386][total kept alive: 0; route allocated: 0 of 2000; total allocated: 0 of 2000]
11:52:42.062 [Forwarding executeScript on session 37c14d504020035d1e6cd22a23b27d6d to remote] DEBUG o.a.h.c.protocol.RequestAddCookies - CookieSpec selected: default
11:52:42.062 [Forwarding executeScript on session 37c14d504020035d1e6cd22a23b27d6d to remote] DEBUG o.a.h.c.protocol.RequestAuthCache - Auth cache not set in the context
11:52:42.062 [Forwarding executeScript on session 37c14d504020035d1e6cd22a23b27d6d to remote] DEBUG o.a.h.i.c.PoolingHttpClientConnectionManager - Connection request: [route: {}->http://localhost:38386][total kept alive: 0; route allocated: 0 of 2000; total allocated: 0 of 2000]
11:52:42.062 [Forwarding executeScript on session 37c14d504020035d1e6cd22a23b27d6d to remote] DEBUG o.a.h.i.c.PoolingHttpClientConnectionManager - Connection leased: [id: 21][route: {}->http://localhost:38386][total kept alive: 0; route allocated: 1 of 2000; total allocated: 1 of 2000]
11:52:42.062 [Forwarding executeScript on session 37c14d504020035d1e6cd22a23b27d6d to remote] DEBUG o.a.h.impl.execchain.MainClientExec - Opening connection {}->http://localhost:38386
11:52:42.062 [Forwarding executeScript on session 37c14d504020035d1e6cd22a23b27d6d to remote] DEBUG o.a.h.i.c.DefaultHttpClientConnectionOperator - Connecting to localhost/127.0.0.1:38386
11:52:42.063 [Forwarding executeScript on session 37c14d504020035d1e6cd22a23b27d6d to remote] DEBUG o.a.h.i.c.DefaultHttpClientConnectionOperator - Connection established 127.0.0.1:55365<->127.0.0.1:38386
11:52:42.063 [Forwarding executeScript on session 37c14d504020035d1e6cd22a23b27d6d to remote] DEBUG o.a.h.i.c.DefaultManagedHttpClientConnection - http-outgoing-21: set socket timeout to 10800000
11:52:42.063 [Forwarding executeScript on session 37c14d504020035d1e6cd22a23b27d6d to remote] DEBUG o.a.h.impl.execchain.MainClientExec - Executing request POST /session/37c14d504020035d1e6cd22a23b27d6d/execute HTTP/1.1
11:52:42.063 [Forwarding executeScript on session 37c14d504020035d1e6cd22a23b27d6d to remote] DEBUG o.a.h.impl.execchain.MainClientExec - Target auth state: UNCHALLENGED
11:52:42.063 [Forwarding executeScript on session 37c14d504020035d1e6cd22a23b27d6d to remote] DEBUG o.a.h.impl.execchain.MainClientExec - Proxy auth state: UNCHALLENGED
11:52:42.063 [Forwarding executeScript on session 37c14d504020035d1e6cd22a23b27d6d to remote] DEBUG org.apache.http.headers - http-outgoing-21 >> POST /session/37c14d504020035d1e6cd22a23b27d6d/execute HTTP/1.1
11:52:42.063 [Forwarding executeScript on session 37c14d504020035d1e6cd22a23b27d6d to remote] DEBUG org.apache.http.headers - http-outgoing-21 >> Content-Type: application/json; charset=utf-8
11:52:42.063 [Forwarding executeScript on session 37c14d504020035d1e6cd22a23b27d6d to remote] DEBUG org.apache.http.headers - http-outgoing-21 >> Content-Length: 163
11:52:42.063 [Forwarding executeScript on session 37c14d504020035d1e6cd22a23b27d6d to remote] DEBUG org.apache.http.headers - http-outgoing-21 >> Host: localhost:38386
11:52:42.063 [Forwarding executeScript on session 37c14d504020035d1e6cd22a23b27d6d to remote] DEBUG org.apache.http.headers - http-outgoing-21 >> Connection: Keep-Alive
11:52:42.063 [Forwarding executeScript on session 37c14d504020035d1e6cd22a23b27d6d to remote] DEBUG org.apache.http.headers - http-outgoing-21 >> User-Agent: Apache-HttpClient/4.5.2 (Java/1.8.0_111)
11:52:42.063 [Forwarding executeScript on session 37c14d504020035d1e6cd22a23b27d6d to remote] DEBUG org.apache.http.headers - http-outgoing-21 >> Accept-Encoding: gzip,deflate
11:52:42.063 [Forwarding executeScript on session 37c14d504020035d1e6cd22a23b27d6d to remote] DEBUG org.apache.http.wire - http-outgoing-21 >> "POST /session/37c14d504020035d1e6cd22a23b27d6d/execute HTTP/1.1[\r][\n]"
11:52:42.063 [Forwarding executeScript on session 37c14d504020035d1e6cd22a23b27d6d to remote] DEBUG org.apache.http.wire - http-outgoing-21 >> "Content-Type: application/json; charset=utf-8[\r][\n]"
11:52:42.063 [Forwarding executeScript on session 37c14d504020035d1e6cd22a23b27d6d to remote] DEBUG org.apache.http.wire - http-outgoing-21 >> "Content-Length: 163[\r][\n]"
11:52:42.063 [Forwarding executeScript on session 37c14d504020035d1e6cd22a23b27d6d to remote] DEBUG org.apache.http.wire - http-outgoing-21 >> "Host: localhost:38386[\r][\n]"
11:52:42.063 [Forwarding executeScript on session 37c14d504020035d1e6cd22a23b27d6d to remote] DEBUG org.apache.http.wire - http-outgoing-21 >> "Connection: Keep-Alive[\r][\n]"
11:52:42.063 [Forwarding executeScript on session 37c14d504020035d1e6cd22a23b27d6d to remote] DEBUG org.apache.http.wire - http-outgoing-21 >> "User-Agent: Apache-HttpClient/4.5.2 (Java/1.8.0_111)[\r][\n]"
11:52:42.063 [Forwarding executeScript on session 37c14d504020035d1e6cd22a23b27d6d to remote] DEBUG org.apache.http.wire - http-outgoing-21 >> "Accept-Encoding: gzip,deflate[\r][\n]"
11:52:42.063 [Forwarding executeScript on session 37c14d504020035d1e6cd22a23b27d6d to remote] DEBUG org.apache.http.wire - http-outgoing-21 >> "[\r][\n]"
11:52:42.063 [Forwarding executeScript on session 37c14d504020035d1e6cd22a23b27d6d to remote] DEBUG org.apache.http.wire - http-outgoing-21 >> "{"script":"arguments[0].style.border='4px solid green'","args":[{"ELEMENT":"0.34229775852503574-2","element-6066-11e4-a52e-4f735466cecf":"0.34229775852503574-2"}]}"
11:52:42.073 [Forwarding executeScript on session 37c14d504020035d1e6cd22a23b27d6d to remote] DEBUG org.apache.http.wire - http-outgoing-21 << "HTTP/1.1 200 OK[\r][\n]"
11:52:42.073 [Forwarding executeScript on session 37c14d504020035d1e6cd22a23b27d6d to remote] DEBUG org.apache.http.wire - http-outgoing-21 << "Content-Length:72[\r][\n]"
11:52:42.073 [Forwarding executeScript on session 37c14d504020035d1e6cd22a23b27d6d to remote] DEBUG org.apache.http.wire - http-outgoing-21 << "Content-Type:application/json; charset=utf-8[\r][\n]"
11:52:42.073 [Forwarding executeScript on session 37c14d504020035d1e6cd22a23b27d6d to remote] DEBUG org.apache.http.wire - http-outgoing-21 << "Connection:close[\r][\n]"
11:52:42.073 [Forwarding executeScript on session 37c14d504020035d1e6cd22a23b27d6d to remote] DEBUG org.apache.http.wire - http-outgoing-21 << "[\r][\n]"
11:52:42.073 [Forwarding executeScript on session 37c14d504020035d1e6cd22a23b27d6d to remote] DEBUG org.apache.http.wire - http-outgoing-21 << "{"sessionId":"37c14d504020035d1e6cd22a23b27d6d","status":0,"value":null}"
11:52:42.073 [Forwarding executeScript on session 37c14d504020035d1e6cd22a23b27d6d to remote] DEBUG org.apache.http.headers - http-outgoing-21 << HTTP/1.1 200 OK
11:52:42.073 [Forwarding executeScript on session 37c14d504020035d1e6cd22a23b27d6d to remote] DEBUG org.apache.http.headers - http-outgoing-21 << Content-Length:72
11:52:42.073 [Forwarding executeScript on session 37c14d504020035d1e6cd22a23b27d6d to remote] DEBUG org.apache.http.headers - http-outgoing-21 << Content-Type:application/json; charset=utf-8
11:52:42.073 [Forwarding executeScript on session 37c14d504020035d1e6cd22a23b27d6d to remote] DEBUG org.apache.http.headers - http-outgoing-21 << Connection:close
11:52:42.073 [Forwarding executeScript on session 37c14d504020035d1e6cd22a23b27d6d to remote] DEBUG o.a.h.i.c.DefaultManagedHttpClientConnection - http-outgoing-21: Close connection
11:52:42.074 [Forwarding executeScript on session 37c14d504020035d1e6cd22a23b27d6d to remote] DEBUG o.a.h.impl.execchain.MainClientExec - Connection discarded
11:52:42.074 [Forwarding executeScript on session 37c14d504020035d1e6cd22a23b27d6d to remote] DEBUG o.a.h.i.c.PoolingHttpClientConnectionManager - Connection released: [id: 21][route: {}->http://localhost:38386][total kept alive: 0; route allocated: 0 of 2000; total allocated: 0 of 2000]
11:52:42.075 [Forwarding findElement on session 37c14d504020035d1e6cd22a23b27d6d to remote] DEBUG o.a.h.c.protocol.RequestAddCookies - CookieSpec selected: default
11:52:42.075 [Forwarding findElement on session 37c14d504020035d1e6cd22a23b27d6d to remote] DEBUG o.a.h.c.protocol.RequestAuthCache - Auth cache not set in the context
11:52:42.075 [Forwarding findElement on session 37c14d504020035d1e6cd22a23b27d6d to remote] DEBUG o.a.h.i.c.PoolingHttpClientConnectionManager - Connection request: [route: {}->http://localhost:38386][total kept alive: 0; route allocated: 0 of 2000; total allocated: 0 of 2000]
11:52:42.075 [Forwarding findElement on session 37c14d504020035d1e6cd22a23b27d6d to remote] DEBUG o.a.h.i.c.PoolingHttpClientConnectionManager - Connection leased: [id: 22][route: {}->http://localhost:38386][total kept alive: 0; route allocated: 1 of 2000; total allocated: 1 of 2000]
11:52:42.075 [Forwarding findElement on session 37c14d504020035d1e6cd22a23b27d6d to remote] DEBUG o.a.h.impl.execchain.MainClientExec - Opening connection {}->http://localhost:38386
11:52:42.076 [Forwarding findElement on session 37c14d504020035d1e6cd22a23b27d6d to remote] DEBUG o.a.h.i.c.DefaultHttpClientConnectionOperator - Connecting to localhost/127.0.0.1:38386
11:52:42.076 [Forwarding findElement on session 37c14d504020035d1e6cd22a23b27d6d to remote] DEBUG o.a.h.i.c.DefaultHttpClientConnectionOperator - Connection established 127.0.0.1:55366<->127.0.0.1:38386
11:52:42.076 [Forwarding findElement on session 37c14d504020035d1e6cd22a23b27d6d to remote] DEBUG o.a.h.i.c.DefaultManagedHttpClientConnection - http-outgoing-22: set socket timeout to 10800000
11:52:42.076 [Forwarding findElement on session 37c14d504020035d1e6cd22a23b27d6d to remote] DEBUG o.a.h.impl.execchain.MainClientExec - Executing request POST /session/37c14d504020035d1e6cd22a23b27d6d/element HTTP/1.1
11:52:42.076 [Forwarding findElement on session 37c14d504020035d1e6cd22a23b27d6d to remote] DEBUG o.a.h.impl.execchain.MainClientExec - Target auth state: UNCHALLENGED
11:52:42.076 [Forwarding findElement on session 37c14d504020035d1e6cd22a23b27d6d to remote] DEBUG o.a.h.impl.execchain.MainClientExec - Proxy auth state: UNCHALLENGED
11:52:42.076 [Forwarding findElement on session 37c14d504020035d1e6cd22a23b27d6d to remote] DEBUG org.apache.http.headers - http-outgoing-22 >> POST /session/37c14d504020035d1e6cd22a23b27d6d/element HTTP/1.1
11:52:42.076 [Forwarding findElement on session 37c14d504020035d1e6cd22a23b27d6d to remote] DEBUG org.apache.http.headers - http-outgoing-22 >> Content-Type: application/json; charset=utf-8
11:52:42.076 [Forwarding findElement on session 37c14d504020035d1e6cd22a23b27d6d to remote] DEBUG org.apache.http.headers - http-outgoing-22 >> Content-Length: 53
11:52:42.076 [Forwarding findElement on session 37c14d504020035d1e6cd22a23b27d6d to remote] DEBUG org.apache.http.headers - http-outgoing-22 >> Host: localhost:38386
11:52:42.076 [Forwarding findElement on session 37c14d504020035d1e6cd22a23b27d6d to remote] DEBUG org.apache.http.headers - http-outgoing-22 >> Connection: Keep-Alive
11:52:42.076 [Forwarding findElement on session 37c14d504020035d1e6cd22a23b27d6d to remote] DEBUG org.apache.http.headers - http-outgoing-22 >> User-Agent: Apache-HttpClient/4.5.2 (Java/1.8.0_111)
11:52:42.076 [Forwarding findElement on session 37c14d504020035d1e6cd22a23b27d6d to remote] DEBUG org.apache.http.headers - http-outgoing-22 >> Accept-Encoding: gzip,deflate
11:52:42.076 [Forwarding findElement on session 37c14d504020035d1e6cd22a23b27d6d to remote] DEBUG org.apache.http.wire - http-outgoing-22 >> "POST /session/37c14d504020035d1e6cd22a23b27d6d/element HTTP/1.1[\r][\n]"
11:52:42.076 [Forwarding findElement on session 37c14d504020035d1e6cd22a23b27d6d to remote] DEBUG org.apache.http.wire - http-outgoing-22 >> "Content-Type: application/json; charset=utf-8[\r][\n]"
11:52:42.076 [Forwarding findElement on session 37c14d504020035d1e6cd22a23b27d6d to remote] DEBUG org.apache.http.wire - http-outgoing-22 >> "Content-Length: 53[\r][\n]"
11:52:42.076 [Forwarding findElement on session 37c14d504020035d1e6cd22a23b27d6d to remote] DEBUG org.apache.http.wire - http-outgoing-22 >> "Host: localhost:38386[\r][\n]"
11:52:42.076 [Forwarding findElement on session 37c14d504020035d1e6cd22a23b27d6d to remote] DEBUG org.apache.http.wire - http-outgoing-22 >> "Connection: Keep-Alive[\r][\n]"
11:52:42.076 [Forwarding findElement on session 37c14d504020035d1e6cd22a23b27d6d to remote] DEBUG org.apache.http.wire - http-outgoing-22 >> "User-Agent: Apache-HttpClient/4.5.2 (Java/1.8.0_111)[\r][\n]"
11:52:42.076 [Forwarding findElement on session 37c14d504020035d1e6cd22a23b27d6d to remote] DEBUG org.apache.http.wire - http-outgoing-22 >> "Accept-Encoding: gzip,deflate[\r][\n]"
11:52:42.076 [Forwarding findElement on session 37c14d504020035d1e6cd22a23b27d6d to remote] DEBUG org.apache.http.wire - http-outgoing-22 >> "[\r][\n]"
11:52:42.076 [Forwarding findElement on session 37c14d504020035d1e6cd22a23b27d6d to remote] DEBUG org.apache.http.wire - http-outgoing-22 >> "{"using":"xpath","value":".//*[@id='submit-button']"}"
11:52:42.090 [Forwarding findElement on session 37c14d504020035d1e6cd22a23b27d6d to remote] DEBUG org.apache.http.wire - http-outgoing-22 << "HTTP/1.1 200 OK[\r][\n]"
11:52:42.091 [Forwarding findElement on session 37c14d504020035d1e6cd22a23b27d6d to remote] DEBUG org.apache.http.wire - http-outgoing-22 << "Content-Length:103[\r][\n]"
11:52:42.091 [Forwarding findElement on session 37c14d504020035d1e6cd22a23b27d6d to remote] DEBUG org.apache.http.wire - http-outgoing-22 << "Content-Type:application/json; charset=utf-8[\r][\n]"
11:52:42.091 [Forwarding findElement on session 37c14d504020035d1e6cd22a23b27d6d to remote] DEBUG org.apache.http.wire - http-outgoing-22 << "Connection:close[\r][\n]"
11:52:42.091 [Forwarding findElement on session 37c14d504020035d1e6cd22a23b27d6d to remote] DEBUG org.apache.http.wire - http-outgoing-22 << "[\r][\n]"
11:52:42.091 [Forwarding findElement on session 37c14d504020035d1e6cd22a23b27d6d to remote] DEBUG org.apache.http.wire - http-outgoing-22 << "{"sessionId":"37c14d504020035d1e6cd22a23b27d6d","status":0,"value":{"ELEMENT":"0.34229775852503574-2"}}"
11:52:42.091 [Forwarding findElement on session 37c14d504020035d1e6cd22a23b27d6d to remote] DEBUG org.apache.http.headers - http-outgoing-22 << HTTP/1.1 200 OK
11:52:42.091 [Forwarding findElement on session 37c14d504020035d1e6cd22a23b27d6d to remote] DEBUG org.apache.http.headers - http-outgoing-22 << Content-Length:103
11:52:42.091 [Forwarding findElement on session 37c14d504020035d1e6cd22a23b27d6d to remote] DEBUG org.apache.http.headers - http-outgoing-22 << Content-Type:application/json; charset=utf-8
11:52:42.091 [Forwarding findElement on session 37c14d504020035d1e6cd22a23b27d6d to remote] DEBUG org.apache.http.headers - http-outgoing-22 << Connection:close
11:52:42.091 [Forwarding findElement on session 37c14d504020035d1e6cd22a23b27d6d to remote] DEBUG o.a.h.i.c.DefaultManagedHttpClientConnection - http-outgoing-22: Close connection
11:52:42.091 [Forwarding findElement on session 37c14d504020035d1e6cd22a23b27d6d to remote] DEBUG o.a.h.impl.execchain.MainClientExec - Connection discarded
11:52:42.091 [Forwarding findElement on session 37c14d504020035d1e6cd22a23b27d6d to remote] DEBUG o.a.h.i.c.PoolingHttpClientConnectionManager - Connection released: [id: 22][route: {}->http://localhost:38386][total kept alive: 0; route allocated: 0 of 2000; total allocated: 0 of 2000]
11:52:42.092 [Forwarding executeScript on session 37c14d504020035d1e6cd22a23b27d6d to remote] DEBUG o.a.h.c.protocol.RequestAddCookies - CookieSpec selected: default
11:52:42.092 [Forwarding executeScript on session 37c14d504020035d1e6cd22a23b27d6d to remote] DEBUG o.a.h.c.protocol.RequestAuthCache - Auth cache not set in the context
11:52:42.092 [Forwarding executeScript on session 37c14d504020035d1e6cd22a23b27d6d to remote] DEBUG o.a.h.i.c.PoolingHttpClientConnectionManager - Connection request: [route: {}->http://localhost:38386][total kept alive: 0; route allocated: 0 of 2000; total allocated: 0 of 2000]
11:52:42.092 [Forwarding executeScript on session 37c14d504020035d1e6cd22a23b27d6d to remote] DEBUG o.a.h.i.c.PoolingHttpClientConnectionManager - Connection leased: [id: 23][route: {}->http://localhost:38386][total kept alive: 0; route allocated: 1 of 2000; total allocated: 1 of 2000]
11:52:42.092 [Forwarding executeScript on session 37c14d504020035d1e6cd22a23b27d6d to remote] DEBUG o.a.h.impl.execchain.MainClientExec - Opening connection {}->http://localhost:38386
11:52:42.093 [Forwarding executeScript on session 37c14d504020035d1e6cd22a23b27d6d to remote] DEBUG o.a.h.i.c.DefaultHttpClientConnectionOperator - Connecting to localhost/127.0.0.1:38386
11:52:42.093 [Forwarding executeScript on session 37c14d504020035d1e6cd22a23b27d6d to remote] DEBUG o.a.h.i.c.DefaultHttpClientConnectionOperator - Connection established 127.0.0.1:55367<->127.0.0.1:38386
11:52:42.093 [Forwarding executeScript on session 37c14d504020035d1e6cd22a23b27d6d to remote] DEBUG o.a.h.i.c.DefaultManagedHttpClientConnection - http-outgoing-23: set socket timeout to 10800000
11:52:42.093 [Forwarding executeScript on session 37c14d504020035d1e6cd22a23b27d6d to remote] DEBUG o.a.h.impl.execchain.MainClientExec - Executing request POST /session/37c14d504020035d1e6cd22a23b27d6d/execute HTTP/1.1
11:52:42.093 [Forwarding executeScript on session 37c14d504020035d1e6cd22a23b27d6d to remote] DEBUG o.a.h.impl.execchain.MainClientExec - Target auth state: UNCHALLENGED
11:52:42.093 [Forwarding executeScript on session 37c14d504020035d1e6cd22a23b27d6d to remote] DEBUG o.a.h.impl.execchain.MainClientExec - Proxy auth state: UNCHALLENGED
11:52:42.093 [Forwarding executeScript on session 37c14d504020035d1e6cd22a23b27d6d to remote] DEBUG org.apache.http.headers - http-outgoing-23 >> POST /session/37c14d504020035d1e6cd22a23b27d6d/execute HTTP/1.1
11:52:42.093 [Forwarding executeScript on session 37c14d504020035d1e6cd22a23b27d6d to remote] DEBUG org.apache.http.headers - http-outgoing-23 >> Content-Type: application/json; charset=utf-8
11:52:42.093 [Forwarding executeScript on session 37c14d504020035d1e6cd22a23b27d6d to remote] DEBUG org.apache.http.headers - http-outgoing-23 >> Content-Length: 141
11:52:42.093 [Forwarding executeScript on session 37c14d504020035d1e6cd22a23b27d6d to remote] DEBUG org.apache.http.headers - http-outgoing-23 >> Host: localhost:38386
11:52:42.093 [Forwarding executeScript on session 37c14d504020035d1e6cd22a23b27d6d to remote] DEBUG org.apache.http.headers - http-outgoing-23 >> Connection: Keep-Alive
11:52:42.093 [Forwarding executeScript on session 37c14d504020035d1e6cd22a23b27d6d to remote] DEBUG org.apache.http.headers - http-outgoing-23 >> User-Agent: Apache-HttpClient/4.5.2 (Java/1.8.0_111)
11:52:42.093 [Forwarding executeScript on session 37c14d504020035d1e6cd22a23b27d6d to remote] DEBUG org.apache.http.headers - http-outgoing-23 >> Accept-Encoding: gzip,deflate
11:52:42.093 [Forwarding executeScript on session 37c14d504020035d1e6cd22a23b27d6d to remote] DEBUG org.apache.http.wire - http-outgoing-23 >> "POST /session/37c14d504020035d1e6cd22a23b27d6d/execute HTTP/1.1[\r][\n]"
11:52:42.093 [Forwarding executeScript on session 37c14d504020035d1e6cd22a23b27d6d to remote] DEBUG org.apache.http.wire - http-outgoing-23 >> "Content-Type: application/json; charset=utf-8[\r][\n]"
11:52:42.093 [Forwarding executeScript on session 37c14d504020035d1e6cd22a23b27d6d to remote] DEBUG org.apache.http.wire - http-outgoing-23 >> "Content-Length: 141[\r][\n]"
11:52:42.093 [Forwarding executeScript on session 37c14d504020035d1e6cd22a23b27d6d to remote] DEBUG org.apache.http.wire - http-outgoing-23 >> "Host: localhost:38386[\r][\n]"
11:52:42.093 [Forwarding executeScript on session 37c14d504020035d1e6cd22a23b27d6d to remote] DEBUG org.apache.http.wire - http-outgoing-23 >> "Connection: Keep-Alive[\r][\n]"
11:52:42.093 [Forwarding executeScript on session 37c14d504020035d1e6cd22a23b27d6d to remote] DEBUG org.apache.http.wire - http-outgoing-23 >> "User-Agent: Apache-HttpClient/4.5.2 (Java/1.8.0_111)[\r][\n]"
11:52:42.093 [Forwarding executeScript on session 37c14d504020035d1e6cd22a23b27d6d to remote] DEBUG org.apache.http.wire - http-outgoing-23 >> "Accept-Encoding: gzip,deflate[\r][\n]"
11:52:42.093 [Forwarding executeScript on session 37c14d504020035d1e6cd22a23b27d6d to remote] DEBUG org.apache.http.wire - http-outgoing-23 >> "[\r][\n]"
11:52:42.093 [Forwarding executeScript on session 37c14d504020035d1e6cd22a23b27d6d to remote] DEBUG org.apache.http.wire - http-outgoing-23 >> "{"script":"arguments[0].click();","args":[{"ELEMENT":"0.34229775852503574-2","element-6066-11e4-a52e-4f735466cecf":"0.34229775852503574-2"}]}"
11:52:42.129 [Forwarding executeScript on session 37c14d504020035d1e6cd22a23b27d6d to remote] DEBUG org.apache.http.wire - http-outgoing-23 << "HTTP/1.1 200 OK[\r][\n]"
11:52:42.129 [Forwarding executeScript on session 37c14d504020035d1e6cd22a23b27d6d to remote] DEBUG org.apache.http.wire - http-outgoing-23 << "Content-Length:72[\r][\n]"
11:52:42.129 [Forwarding executeScript on session 37c14d504020035d1e6cd22a23b27d6d to remote] DEBUG org.apache.http.wire - http-outgoing-23 << "Content-Type:application/json; charset=utf-8[\r][\n]"
11:52:42.129 [Forwarding executeScript on session 37c14d504020035d1e6cd22a23b27d6d to remote] DEBUG org.apache.http.wire - http-outgoing-23 << "Connection:close[\r][\n]"
11:52:42.129 [Forwarding executeScript on session 37c14d504020035d1e6cd22a23b27d6d to remote] DEBUG org.apache.http.wire - http-outgoing-23 << "[\r][\n]"
11:52:42.129 [Forwarding executeScript on session 37c14d504020035d1e6cd22a23b27d6d to remote] DEBUG org.apache.http.wire - http-outgoing-23 << "{"sessionId":"37c14d504020035d1e6cd22a23b27d6d","status":0,"value":null}"
11:52:42.129 [Forwarding executeScript on session 37c14d504020035d1e6cd22a23b27d6d to remote] DEBUG org.apache.http.headers - http-outgoing-23 << HTTP/1.1 200 OK
11:52:42.129 [Forwarding executeScript on session 37c14d504020035d1e6cd22a23b27d6d to remote] DEBUG org.apache.http.headers - http-outgoing-23 << Content-Length:72
11:52:42.129 [Forwarding executeScript on session 37c14d504020035d1e6cd22a23b27d6d to remote] DEBUG org.apache.http.headers - http-outgoing-23 << Content-Type:application/json; charset=utf-8
11:52:42.129 [Forwarding executeScript on session 37c14d504020035d1e6cd22a23b27d6d to remote] DEBUG org.apache.http.headers - http-outgoing-23 << Connection:close
11:52:42.130 [Forwarding executeScript on session 37c14d504020035d1e6cd22a23b27d6d to remote] DEBUG o.a.h.i.c.DefaultManagedHttpClientConnection - http-outgoing-23: Close connection
11:52:42.130 [Forwarding executeScript on session 37c14d504020035d1e6cd22a23b27d6d to remote] DEBUG o.a.h.impl.execchain.MainClientExec - Connection discarded
11:52:42.130 [Forwarding executeScript on session 37c14d504020035d1e6cd22a23b27d6d to remote] DEBUG o.a.h.i.c.PoolingHttpClientConnectionManager - Connection released: [id: 23][route: {}->http://localhost:38386][total kept alive: 0; route allocated: 0 of 2000; total allocated: 0 of 2000]
11:52:46.133 [Forwarding getAlertText on session 37c14d504020035d1e6cd22a23b27d6d to remote] DEBUG o.a.h.c.protocol.RequestAddCookies - CookieSpec selected: default
11:52:46.133 [Forwarding getAlertText on session 37c14d504020035d1e6cd22a23b27d6d to remote] DEBUG o.a.h.c.protocol.RequestAuthCache - Auth cache not set in the context
11:52:46.133 [Forwarding getAlertText on session 37c14d504020035d1e6cd22a23b27d6d to remote] DEBUG o.a.h.i.c.PoolingHttpClientConnectionManager - Connection request: [route: {}->http://localhost:38386][total kept alive: 0; route allocated: 0 of 2000; total allocated: 0 of 2000]
11:52:46.133 [Forwarding getAlertText on session 37c14d504020035d1e6cd22a23b27d6d to remote] DEBUG o.a.h.i.c.PoolingHttpClientConnectionManager - Connection leased: [id: 24][route: {}->http://localhost:38386][total kept alive: 0; route allocated: 1 of 2000; total allocated: 1 of 2000]
11:52:46.133 [Forwarding getAlertText on session 37c14d504020035d1e6cd22a23b27d6d to remote] DEBUG o.a.h.impl.execchain.MainClientExec - Opening connection {}->http://localhost:38386
11:52:46.133 [Forwarding getAlertText on session 37c14d504020035d1e6cd22a23b27d6d to remote] DEBUG o.a.h.i.c.DefaultHttpClientConnectionOperator - Connecting to localhost/127.0.0.1:38386
11:52:46.134 [Forwarding getAlertText on session 37c14d504020035d1e6cd22a23b27d6d to remote] DEBUG o.a.h.i.c.DefaultHttpClientConnectionOperator - Connection established 127.0.0.1:55402<->127.0.0.1:38386
11:52:46.134 [Forwarding getAlertText on session 37c14d504020035d1e6cd22a23b27d6d to remote] DEBUG o.a.h.i.c.DefaultManagedHttpClientConnection - http-outgoing-24: set socket timeout to 10800000
11:52:46.134 [Forwarding getAlertText on session 37c14d504020035d1e6cd22a23b27d6d to remote] DEBUG o.a.h.impl.execchain.MainClientExec - Executing request GET /session/37c14d504020035d1e6cd22a23b27d6d/alert_text HTTP/1.1
11:52:46.134 [Forwarding getAlertText on session 37c14d504020035d1e6cd22a23b27d6d to remote] DEBUG o.a.h.impl.execchain.MainClientExec - Target auth state: UNCHALLENGED
11:52:46.134 [Forwarding getAlertText on session 37c14d504020035d1e6cd22a23b27d6d to remote] DEBUG o.a.h.impl.execchain.MainClientExec - Proxy auth state: UNCHALLENGED
11:52:46.134 [Forwarding getAlertText on session 37c14d504020035d1e6cd22a23b27d6d to remote] DEBUG org.apache.http.headers - http-outgoing-24 >> GET /session/37c14d504020035d1e6cd22a23b27d6d/alert_text HTTP/1.1
11:52:46.134 [Forwarding getAlertText on session 37c14d504020035d1e6cd22a23b27d6d to remote] DEBUG org.apache.http.headers - http-outgoing-24 >> Cache-Control: no-cache
11:52:46.134 [Forwarding getAlertText on session 37c14d504020035d1e6cd22a23b27d6d to remote] DEBUG org.apache.http.headers - http-outgoing-24 >> Host: localhost:38386
11:52:46.134 [Forwarding getAlertText on session 37c14d504020035d1e6cd22a23b27d6d to remote] DEBUG org.apache.http.headers - http-outgoing-24 >> Connection: Keep-Alive
11:52:46.134 [Forwarding getAlertText on session 37c14d504020035d1e6cd22a23b27d6d to remote] DEBUG org.apache.http.headers - http-outgoing-24 >> User-Agent: Apache-HttpClient/4.5.2 (Java/1.8.0_111)
11:52:46.134 [Forwarding getAlertText on session 37c14d504020035d1e6cd22a23b27d6d to remote] DEBUG org.apache.http.headers - http-outgoing-24 >> Accept-Encoding: gzip,deflate
11:52:46.134 [Forwarding getAlertText on session 37c14d504020035d1e6cd22a23b27d6d to remote] DEBUG org.apache.http.wire - http-outgoing-24 >> "GET /session/37c14d504020035d1e6cd22a23b27d6d/alert_text HTTP/1.1[\r][\n]"
11:52:46.134 [Forwarding getAlertText on session 37c14d504020035d1e6cd22a23b27d6d to remote] DEBUG org.apache.http.wire - http-outgoing-24 >> "Cache-Control: no-cache[\r][\n]"
11:52:46.134 [Forwarding getAlertText on session 37c14d504020035d1e6cd22a23b27d6d to remote] DEBUG org.apache.http.wire - http-outgoing-24 >> "Host: localhost:38386[\r][\n]"
11:52:46.134 [Forwarding getAlertText on session 37c14d504020035d1e6cd22a23b27d6d to remote] DEBUG org.apache.http.wire - http-outgoing-24 >> "Connection: Keep-Alive[\r][\n]"
11:52:46.134 [Forwarding getAlertText on session 37c14d504020035d1e6cd22a23b27d6d to remote] DEBUG org.apache.http.wire - http-outgoing-24 >> "User-Agent: Apache-HttpClient/4.5.2 (Java/1.8.0_111)[\r][\n]"
11:52:46.134 [Forwarding getAlertText on session 37c14d504020035d1e6cd22a23b27d6d to remote] DEBUG org.apache.http.wire - http-outgoing-24 >> "Accept-Encoding: gzip,deflate[\r][\n]"
11:52:46.134 [Forwarding getAlertText on session 37c14d504020035d1e6cd22a23b27d6d to remote] DEBUG org.apache.http.wire - http-outgoing-24 >> "[\r][\n]"
11:53:15.083 [Forwarding getAlertText on session 37c14d504020035d1e6cd22a23b27d6d to remote] DEBUG org.apache.http.wire - http-outgoing-24 << "HTTP/1.1 200 OK[\r][\n]"
11:53:15.083 [Forwarding getAlertText on session 37c14d504020035d1e6cd22a23b27d6d to remote] DEBUG org.apache.http.wire - http-outgoing-24 << "Content-Length:260[\r][\n]"
11:53:15.083 [Forwarding getAlertText on session 37c14d504020035d1e6cd22a23b27d6d to remote] DEBUG org.apache.http.wire - http-outgoing-24 << "Content-Type:application/json; charset=utf-8[\r][\n]"
11:53:15.083 [Forwarding getAlertText on session 37c14d504020035d1e6cd22a23b27d6d to remote] DEBUG org.apache.http.wire - http-outgoing-24 << "Connection:close[\r][\n]"
11:53:15.083 [Forwarding getAlertText on session 37c14d504020035d1e6cd22a23b27d6d to remote] DEBUG org.apache.http.wire - http-outgoing-24 << "[\r][\n]"
11:53:15.083 [Forwarding getAlertText on session 37c14d504020035d1e6cd22a23b27d6d to remote] DEBUG org.apache.http.wire - http-outgoing-24 << "{"sessionId":"37c14d504020035d1e6cd22a23b27d6d","status":27,"value":{"message":"no alert open\n  (Session info: chrome=63.0.3239.108)\n  (Driver info: chromedriver=2.33.506120 (e3e53437346286c0bc2d2dc9aa4915ba81d9023f),platform=Windows NT 10.0.10586 x86_64)"}}"
11:53:15.083 [Forwarding getAlertText on session 37c14d504020035d1e6cd22a23b27d6d to remote] DEBUG org.apache.http.headers - http-outgoing-24 << HTTP/1.1 200 OK
11:53:15.083 [Forwarding getAlertText on session 37c14d504020035d1e6cd22a23b27d6d to remote] DEBUG org.apache.http.headers - http-outgoing-24 << Content-Length:260
11:53:15.083 [Forwarding getAlertText on session 37c14d504020035d1e6cd22a23b27d6d to remote] DEBUG org.apache.http.headers - http-outgoing-24 << Content-Type:application/json; charset=utf-8
11:53:15.083 [Forwarding getAlertText on session 37c14d504020035d1e6cd22a23b27d6d to remote] DEBUG org.apache.http.headers - http-outgoing-24 << Connection:close
11:53:15.084 [Forwarding getAlertText on session 37c14d504020035d1e6cd22a23b27d6d to remote] DEBUG o.a.h.i.c.DefaultManagedHttpClientConnection - http-outgoing-24: Close connection
11:53:15.084 [Forwarding getAlertText on session 37c14d504020035d1e6cd22a23b27d6d to remote] DEBUG o.a.h.impl.execchain.MainClientExec - Connection discarded
11:53:15.084 [Forwarding getAlertText on session 37c14d504020035d1e6cd22a23b27d6d to remote] DEBUG o.a.h.i.c.PoolingHttpClientConnectionManager - Connection released: [id: 24][route: {}->http://localhost:38386][total kept alive: 0; route allocated: 0 of 2000; total allocated: 0 of 2000]
11:53:15.105 [Forwarding findElement on session 37c14d504020035d1e6cd22a23b27d6d to remote] DEBUG o.a.h.c.protocol.RequestAddCookies - CookieSpec selected: default
11:53:15.105 [Forwarding findElement on session 37c14d504020035d1e6cd22a23b27d6d to remote] DEBUG o.a.h.c.protocol.RequestAuthCache - Auth cache not set in the context
11:53:15.105 [Forwarding findElement on session 37c14d504020035d1e6cd22a23b27d6d to remote] DEBUG o.a.h.i.c.PoolingHttpClientConnectionManager - Connection request: [route: {}->http://localhost:38386][total kept alive: 0; route allocated: 0 of 2000; total allocated: 0 of 2000]
11:53:15.105 [Forwarding findElement on session 37c14d504020035d1e6cd22a23b27d6d to remote] DEBUG o.a.h.i.c.PoolingHttpClientConnectionManager - Connection leased: [id: 25][route: {}->http://localhost:38386][total kept alive: 0; route allocated: 1 of 2000; total allocated: 1 of 2000]
11:53:15.105 [Forwarding findElement on session 37c14d504020035d1e6cd22a23b27d6d to remote] DEBUG o.a.h.impl.execchain.MainClientExec - Opening connection {}->http://localhost:38386
11:53:15.106 [Forwarding findElement on session 37c14d504020035d1e6cd22a23b27d6d to remote] DEBUG o.a.h.i.c.DefaultHttpClientConnectionOperator - Connecting to localhost/127.0.0.1:38386
11:53:15.107 [Forwarding findElement on session 37c14d504020035d1e6cd22a23b27d6d to remote] DEBUG o.a.h.i.c.DefaultHttpClientConnectionOperator - Connection established 127.0.0.1:55414<->127.0.0.1:38386
11:53:15.107 [Forwarding findElement on session 37c14d504020035d1e6cd22a23b27d6d to remote] DEBUG o.a.h.i.c.DefaultManagedHttpClientConnection - http-outgoing-25: set socket timeout to 10800000
11:53:15.107 [Forwarding findElement on session 37c14d504020035d1e6cd22a23b27d6d to remote] DEBUG o.a.h.impl.execchain.MainClientExec - Executing request POST /session/37c14d504020035d1e6cd22a23b27d6d/element HTTP/1.1
11:53:15.107 [Forwarding findElement on session 37c14d504020035d1e6cd22a23b27d6d to remote] DEBUG o.a.h.impl.execchain.MainClientExec - Target auth state: UNCHALLENGED
11:53:15.107 [Forwarding findElement on session 37c14d504020035d1e6cd22a23b27d6d to remote] DEBUG o.a.h.impl.execchain.MainClientExec - Proxy auth state: UNCHALLENGED
11:53:15.107 [Forwarding findElement on session 37c14d504020035d1e6cd22a23b27d6d to remote] DEBUG org.apache.http.headers - http-outgoing-25 >> POST /session/37c14d504020035d1e6cd22a23b27d6d/element HTTP/1.1
11:53:15.107 [Forwarding findElement on session 37c14d504020035d1e6cd22a23b27d6d to remote] DEBUG org.apache.http.headers - http-outgoing-25 >> Content-Type: application/json; charset=utf-8
11:53:15.107 [Forwarding findElement on session 37c14d504020035d1e6cd22a23b27d6d to remote] DEBUG org.apache.http.headers - http-outgoing-25 >> Content-Length: 59
11:53:15.107 [Forwarding findElement on session 37c14d504020035d1e6cd22a23b27d6d to remote] DEBUG org.apache.http.headers - http-outgoing-25 >> Host: localhost:38386
11:53:15.107 [Forwarding findElement on session 37c14d504020035d1e6cd22a23b27d6d to remote] DEBUG org.apache.http.headers - http-outgoing-25 >> Connection: Keep-Alive
11:53:15.107 [Forwarding findElement on session 37c14d504020035d1e6cd22a23b27d6d to remote] DEBUG org.apache.http.headers - http-outgoing-25 >> User-Agent: Apache-HttpClient/4.5.2 (Java/1.8.0_111)
11:53:15.107 [Forwarding findElement on session 37c14d504020035d1e6cd22a23b27d6d to remote] DEBUG org.apache.http.headers - http-outgoing-25 >> Accept-Encoding: gzip,deflate
11:53:15.107 [Forwarding findElement on session 37c14d504020035d1e6cd22a23b27d6d to remote] DEBUG org.apache.http.wire - http-outgoing-25 >> "POST /session/37c14d504020035d1e6cd22a23b27d6d/element HTTP/1.1[\r][\n]"
11:53:15.107 [Forwarding findElement on session 37c14d504020035d1e6cd22a23b27d6d to remote] DEBUG org.apache.http.wire - http-outgoing-25 >> "Content-Type: application/json; charset=utf-8[\r][\n]"
11:53:15.107 [Forwarding findElement on session 37c14d504020035d1e6cd22a23b27d6d to remote] DEBUG org.apache.http.wire - http-outgoing-25 >> "Content-Length: 59[\r][\n]"
11:53:15.107 [Forwarding findElement on session 37c14d504020035d1e6cd22a23b27d6d to remote] DEBUG org.apache.http.wire - http-outgoing-25 >> "Host: localhost:38386[\r][\n]"
11:53:15.107 [Forwarding findElement on session 37c14d504020035d1e6cd22a23b27d6d to remote] DEBUG org.apache.http.wire - http-outgoing-25 >> "Connection: Keep-Alive[\r][\n]"
11:53:15.107 [Forwarding findElement on session 37c14d504020035d1e6cd22a23b27d6d to remote] DEBUG org.apache.http.wire - http-outgoing-25 >> "User-Agent: Apache-HttpClient/4.5.2 (Java/1.8.0_111)[\r][\n]"
11:53:15.107 [Forwarding findElement on session 37c14d504020035d1e6cd22a23b27d6d to remote] DEBUG org.apache.http.wire - http-outgoing-25 >> "Accept-Encoding: gzip,deflate[\r][\n]"
11:53:15.107 [Forwarding findElement on session 37c14d504020035d1e6cd22a23b27d6d to remote] DEBUG org.apache.http.wire - http-outgoing-25 >> "[\r][\n]"
11:53:15.107 [Forwarding findElement on session 37c14d504020035d1e6cd22a23b27d6d to remote] DEBUG org.apache.http.wire - http-outgoing-25 >> "{"using":"xpath","value":"//*[@id='card-block-form']/p[2]"}"
11:53:15.124 [Forwarding findElement on session 37c14d504020035d1e6cd22a23b27d6d to remote] DEBUG org.apache.http.wire - http-outgoing-25 << "HTTP/1.1 200 OK[\r][\n]"
11:53:15.124 [Forwarding findElement on session 37c14d504020035d1e6cd22a23b27d6d to remote] DEBUG org.apache.http.wire - http-outgoing-25 << "Content-Length:102[\r][\n]"
11:53:15.124 [Forwarding findElement on session 37c14d504020035d1e6cd22a23b27d6d to remote] DEBUG org.apache.http.wire - http-outgoing-25 << "Content-Type:application/json; charset=utf-8[\r][\n]"
11:53:15.124 [Forwarding findElement on session 37c14d504020035d1e6cd22a23b27d6d to remote] DEBUG org.apache.http.wire - http-outgoing-25 << "Connection:close[\r][\n]"
11:53:15.124 [Forwarding findElement on session 37c14d504020035d1e6cd22a23b27d6d to remote] DEBUG org.apache.http.wire - http-outgoing-25 << "[\r][\n]"
11:53:15.124 [Forwarding findElement on session 37c14d504020035d1e6cd22a23b27d6d to remote] DEBUG org.apache.http.wire - http-outgoing-25 << "{"sessionId":"37c14d504020035d1e6cd22a23b27d6d","status":0,"value":{"ELEMENT":"0.8965113778999618-1"}}"
11:53:15.124 [Forwarding findElement on session 37c14d504020035d1e6cd22a23b27d6d to remote] DEBUG org.apache.http.headers - http-outgoing-25 << HTTP/1.1 200 OK
11:53:15.124 [Forwarding findElement on session 37c14d504020035d1e6cd22a23b27d6d to remote] DEBUG org.apache.http.headers - http-outgoing-25 << Content-Length:102
11:53:15.124 [Forwarding findElement on session 37c14d504020035d1e6cd22a23b27d6d to remote] DEBUG org.apache.http.headers - http-outgoing-25 << Content-Type:application/json; charset=utf-8
11:53:15.125 [Forwarding findElement on session 37c14d504020035d1e6cd22a23b27d6d to remote] DEBUG org.apache.http.headers - http-outgoing-25 << Connection:close
11:53:15.125 [Forwarding findElement on session 37c14d504020035d1e6cd22a23b27d6d to remote] DEBUG o.a.h.i.c.DefaultManagedHttpClientConnection - http-outgoing-25: Close connection
11:53:15.125 [Forwarding findElement on session 37c14d504020035d1e6cd22a23b27d6d to remote] DEBUG o.a.h.impl.execchain.MainClientExec - Connection discarded
11:53:15.125 [Forwarding findElement on session 37c14d504020035d1e6cd22a23b27d6d to remote] DEBUG o.a.h.i.c.PoolingHttpClientConnectionManager - Connection released: [id: 25][route: {}->http://localhost:38386][total kept alive: 0; route allocated: 0 of 2000; total allocated: 0 of 2000]
11:53:15.126 [Forwarding executeScript on session 37c14d504020035d1e6cd22a23b27d6d to remote] DEBUG o.a.h.c.protocol.RequestAddCookies - CookieSpec selected: default
11:53:15.126 [Forwarding executeScript on session 37c14d504020035d1e6cd22a23b27d6d to remote] DEBUG o.a.h.c.protocol.RequestAuthCache - Auth cache not set in the context
11:53:15.126 [Forwarding executeScript on session 37c14d504020035d1e6cd22a23b27d6d to remote] DEBUG o.a.h.i.c.PoolingHttpClientConnectionManager - Connection request: [route: {}->http://localhost:38386][total kept alive: 0; route allocated: 0 of 2000; total allocated: 0 of 2000]
11:53:15.126 [Forwarding executeScript on session 37c14d504020035d1e6cd22a23b27d6d to remote] DEBUG o.a.h.i.c.PoolingHttpClientConnectionManager - Connection leased: [id: 26][route: {}->http://localhost:38386][total kept alive: 0; route allocated: 1 of 2000; total allocated: 1 of 2000]
11:53:15.126 [Forwarding executeScript on session 37c14d504020035d1e6cd22a23b27d6d to remote] DEBUG o.a.h.impl.execchain.MainClientExec - Opening connection {}->http://localhost:38386
11:53:15.126 [Forwarding executeScript on session 37c14d504020035d1e6cd22a23b27d6d to remote] DEBUG o.a.h.i.c.DefaultHttpClientConnectionOperator - Connecting to localhost/127.0.0.1:38386
11:53:15.127 [Forwarding executeScript on session 37c14d504020035d1e6cd22a23b27d6d to remote] DEBUG o.a.h.i.c.DefaultHttpClientConnectionOperator - Connection established 127.0.0.1:55415<->127.0.0.1:38386
11:53:15.127 [Forwarding executeScript on session 37c14d504020035d1e6cd22a23b27d6d to remote] DEBUG o.a.h.i.c.DefaultManagedHttpClientConnection - http-outgoing-26: set socket timeout to 10800000
11:53:15.127 [Forwarding executeScript on session 37c14d504020035d1e6cd22a23b27d6d to remote] DEBUG o.a.h.impl.execchain.MainClientExec - Executing request POST /session/37c14d504020035d1e6cd22a23b27d6d/execute HTTP/1.1
11:53:15.127 [Forwarding executeScript on session 37c14d504020035d1e6cd22a23b27d6d to remote] DEBUG o.a.h.impl.execchain.MainClientExec - Target auth state: UNCHALLENGED
11:53:15.127 [Forwarding executeScript on session 37c14d504020035d1e6cd22a23b27d6d to remote] DEBUG o.a.h.impl.execchain.MainClientExec - Proxy auth state: UNCHALLENGED
11:53:15.127 [Forwarding executeScript on session 37c14d504020035d1e6cd22a23b27d6d to remote] DEBUG org.apache.http.headers - http-outgoing-26 >> POST /session/37c14d504020035d1e6cd22a23b27d6d/execute HTTP/1.1
11:53:15.127 [Forwarding executeScript on session 37c14d504020035d1e6cd22a23b27d6d to remote] DEBUG org.apache.http.headers - http-outgoing-26 >> Content-Type: application/json; charset=utf-8
11:53:15.127 [Forwarding executeScript on session 37c14d504020035d1e6cd22a23b27d6d to remote] DEBUG org.apache.http.headers - http-outgoing-26 >> Content-Length: 161
11:53:15.127 [Forwarding executeScript on session 37c14d504020035d1e6cd22a23b27d6d to remote] DEBUG org.apache.http.headers - http-outgoing-26 >> Host: localhost:38386
11:53:15.127 [Forwarding executeScript on session 37c14d504020035d1e6cd22a23b27d6d to remote] DEBUG org.apache.http.headers - http-outgoing-26 >> Connection: Keep-Alive
11:53:15.127 [Forwarding executeScript on session 37c14d504020035d1e6cd22a23b27d6d to remote] DEBUG org.apache.http.headers - http-outgoing-26 >> User-Agent: Apache-HttpClient/4.5.2 (Java/1.8.0_111)
11:53:15.127 [Forwarding executeScript on session 37c14d504020035d1e6cd22a23b27d6d to remote] DEBUG org.apache.http.headers - http-outgoing-26 >> Accept-Encoding: gzip,deflate
11:53:15.127 [Forwarding executeScript on session 37c14d504020035d1e6cd22a23b27d6d to remote] DEBUG org.apache.http.wire - http-outgoing-26 >> "POST /session/37c14d504020035d1e6cd22a23b27d6d/execute HTTP/1.1[\r][\n]"
11:53:15.127 [Forwarding executeScript on session 37c14d504020035d1e6cd22a23b27d6d to remote] DEBUG org.apache.http.wire - http-outgoing-26 >> "Content-Type: application/json; charset=utf-8[\r][\n]"
11:53:15.127 [Forwarding executeScript on session 37c14d504020035d1e6cd22a23b27d6d to remote] DEBUG org.apache.http.wire - http-outgoing-26 >> "Content-Length: 161[\r][\n]"
11:53:15.127 [Forwarding executeScript on session 37c14d504020035d1e6cd22a23b27d6d to remote] DEBUG org.apache.http.wire - http-outgoing-26 >> "Host: localhost:38386[\r][\n]"
11:53:15.127 [Forwarding executeScript on session 37c14d504020035d1e6cd22a23b27d6d to remote] DEBUG org.apache.http.wire - http-outgoing-26 >> "Connection: Keep-Alive[\r][\n]"
11:53:15.127 [Forwarding executeScript on session 37c14d504020035d1e6cd22a23b27d6d to remote] DEBUG org.apache.http.wire - http-outgoing-26 >> "User-Agent: Apache-HttpClient/4.5.2 (Java/1.8.0_111)[\r][\n]"
11:53:15.127 [Forwarding executeScript on session 37c14d504020035d1e6cd22a23b27d6d to remote] DEBUG org.apache.http.wire - http-outgoing-26 >> "Accept-Encoding: gzip,deflate[\r][\n]"
11:53:15.127 [Forwarding executeScript on session 37c14d504020035d1e6cd22a23b27d6d to remote] DEBUG org.apache.http.wire - http-outgoing-26 >> "[\r][\n]"
11:53:15.127 [Forwarding executeScript on session 37c14d504020035d1e6cd22a23b27d6d to remote] DEBUG org.apache.http.wire - http-outgoing-26 >> "{"script":"arguments[0].style.border='4px solid green'","args":[{"ELEMENT":"0.8965113778999618-1","element-6066-11e4-a52e-4f735466cecf":"0.8965113778999618-1"}]}"
11:53:15.138 [Forwarding executeScript on session 37c14d504020035d1e6cd22a23b27d6d to remote] DEBUG org.apache.http.wire - http-outgoing-26 << "HTTP/1.1 200 OK[\r][\n]"
11:53:15.139 [Forwarding executeScript on session 37c14d504020035d1e6cd22a23b27d6d to remote] DEBUG org.apache.http.wire - http-outgoing-26 << "Content-Length:72[\r][\n]"
11:53:15.139 [Forwarding executeScript on session 37c14d504020035d1e6cd22a23b27d6d to remote] DEBUG org.apache.http.wire - http-outgoing-26 << "Content-Type:application/json; charset=utf-8[\r][\n]"
11:53:15.139 [Forwarding executeScript on session 37c14d504020035d1e6cd22a23b27d6d to remote] DEBUG org.apache.http.wire - http-outgoing-26 << "Connection:close[\r][\n]"
11:53:15.139 [Forwarding executeScript on session 37c14d504020035d1e6cd22a23b27d6d to remote] DEBUG org.apache.http.wire - http-outgoing-26 << "[\r][\n]"
11:53:15.139 [Forwarding executeScript on session 37c14d504020035d1e6cd22a23b27d6d to remote] DEBUG org.apache.http.wire - http-outgoing-26 << "{"sessionId":"37c14d504020035d1e6cd22a23b27d6d","status":0,"value":null}"
11:53:15.139 [Forwarding executeScript on session 37c14d504020035d1e6cd22a23b27d6d to remote] DEBUG org.apache.http.headers - http-outgoing-26 << HTTP/1.1 200 OK
11:53:15.139 [Forwarding executeScript on session 37c14d504020035d1e6cd22a23b27d6d to remote] DEBUG org.apache.http.headers - http-outgoing-26 << Content-Length:72
11:53:15.139 [Forwarding executeScript on session 37c14d504020035d1e6cd22a23b27d6d to remote] DEBUG org.apache.http.headers - http-outgoing-26 << Content-Type:application/json; charset=utf-8
11:53:15.139 [Forwarding executeScript on session 37c14d504020035d1e6cd22a23b27d6d to remote] DEBUG org.apache.http.headers - http-outgoing-26 << Connection:close
11:53:15.139 [Forwarding executeScript on session 37c14d504020035d1e6cd22a23b27d6d to remote] DEBUG o.a.h.i.c.DefaultManagedHttpClientConnection - http-outgoing-26: Close connection
11:53:15.139 [Forwarding executeScript on session 37c14d504020035d1e6cd22a23b27d6d to remote] DEBUG o.a.h.impl.execchain.MainClientExec - Connection discarded
11:53:15.139 [Forwarding executeScript on session 37c14d504020035d1e6cd22a23b27d6d to remote] DEBUG o.a.h.i.c.PoolingHttpClientConnectionManager - Connection released: [id: 26][route: {}->http://localhost:38386][total kept alive: 0; route allocated: 0 of 2000; total allocated: 0 of 2000]
11:53:15.140 [Forwarding findElement on session 37c14d504020035d1e6cd22a23b27d6d to remote] DEBUG o.a.h.c.protocol.RequestAddCookies - CookieSpec selected: default
11:53:15.140 [Forwarding findElement on session 37c14d504020035d1e6cd22a23b27d6d to remote] DEBUG o.a.h.c.protocol.RequestAuthCache - Auth cache not set in the context
11:53:15.140 [Forwarding findElement on session 37c14d504020035d1e6cd22a23b27d6d to remote] DEBUG o.a.h.i.c.PoolingHttpClientConnectionManager - Connection request: [route: {}->http://localhost:38386][total kept alive: 0; route allocated: 0 of 2000; total allocated: 0 of 2000]
11:53:15.141 [Forwarding findElement on session 37c14d504020035d1e6cd22a23b27d6d to remote] DEBUG o.a.h.i.c.PoolingHttpClientConnectionManager - Connection leased: [id: 27][route: {}->http://localhost:38386][total kept alive: 0; route allocated: 1 of 2000; total allocated: 1 of 2000]
11:53:15.141 [Forwarding findElement on session 37c14d504020035d1e6cd22a23b27d6d to remote] DEBUG o.a.h.impl.execchain.MainClientExec - Opening connection {}->http://localhost:38386
11:53:15.141 [Forwarding findElement on session 37c14d504020035d1e6cd22a23b27d6d to remote] DEBUG o.a.h.i.c.DefaultHttpClientConnectionOperator - Connecting to localhost/127.0.0.1:38386
11:53:15.141 [Forwarding findElement on session 37c14d504020035d1e6cd22a23b27d6d to remote] DEBUG o.a.h.i.c.DefaultHttpClientConnectionOperator - Connection established 127.0.0.1:55416<->127.0.0.1:38386
11:53:15.141 [Forwarding findElement on session 37c14d504020035d1e6cd22a23b27d6d to remote] DEBUG o.a.h.i.c.DefaultManagedHttpClientConnection - http-outgoing-27: set socket timeout to 10800000
11:53:15.141 [Forwarding findElement on session 37c14d504020035d1e6cd22a23b27d6d to remote] DEBUG o.a.h.impl.execchain.MainClientExec - Executing request POST /session/37c14d504020035d1e6cd22a23b27d6d/element HTTP/1.1
11:53:15.141 [Forwarding findElement on session 37c14d504020035d1e6cd22a23b27d6d to remote] DEBUG o.a.h.impl.execchain.MainClientExec - Target auth state: UNCHALLENGED
11:53:15.141 [Forwarding findElement on session 37c14d504020035d1e6cd22a23b27d6d to remote] DEBUG o.a.h.impl.execchain.MainClientExec - Proxy auth state: UNCHALLENGED
11:53:15.141 [Forwarding findElement on session 37c14d504020035d1e6cd22a23b27d6d to remote] DEBUG org.apache.http.headers - http-outgoing-27 >> POST /session/37c14d504020035d1e6cd22a23b27d6d/element HTTP/1.1
11:53:15.141 [Forwarding findElement on session 37c14d504020035d1e6cd22a23b27d6d to remote] DEBUG org.apache.http.headers - http-outgoing-27 >> Content-Type: application/json; charset=utf-8
11:53:15.141 [Forwarding findElement on session 37c14d504020035d1e6cd22a23b27d6d to remote] DEBUG org.apache.http.headers - http-outgoing-27 >> Content-Length: 59
11:53:15.141 [Forwarding findElement on session 37c14d504020035d1e6cd22a23b27d6d to remote] DEBUG org.apache.http.headers - http-outgoing-27 >> Host: localhost:38386
11:53:15.142 [Forwarding findElement on session 37c14d504020035d1e6cd22a23b27d6d to remote] DEBUG org.apache.http.headers - http-outgoing-27 >> Connection: Keep-Alive
11:53:15.142 [Forwarding findElement on session 37c14d504020035d1e6cd22a23b27d6d to remote] DEBUG org.apache.http.headers - http-outgoing-27 >> User-Agent: Apache-HttpClient/4.5.2 (Java/1.8.0_111)
11:53:15.142 [Forwarding findElement on session 37c14d504020035d1e6cd22a23b27d6d to remote] DEBUG org.apache.http.headers - http-outgoing-27 >> Accept-Encoding: gzip,deflate
11:53:15.142 [Forwarding findElement on session 37c14d504020035d1e6cd22a23b27d6d to remote] DEBUG org.apache.http.wire - http-outgoing-27 >> "POST /session/37c14d504020035d1e6cd22a23b27d6d/element HTTP/1.1[\r][\n]"
11:53:15.142 [Forwarding findElement on session 37c14d504020035d1e6cd22a23b27d6d to remote] DEBUG org.apache.http.wire - http-outgoing-27 >> "Content-Type: application/json; charset=utf-8[\r][\n]"
11:53:15.142 [Forwarding findElement on session 37c14d504020035d1e6cd22a23b27d6d to remote] DEBUG org.apache.http.wire - http-outgoing-27 >> "Content-Length: 59[\r][\n]"
11:53:15.142 [Forwarding findElement on session 37c14d504020035d1e6cd22a23b27d6d to remote] DEBUG org.apache.http.wire - http-outgoing-27 >> "Host: localhost:38386[\r][\n]"
11:53:15.142 [Forwarding findElement on session 37c14d504020035d1e6cd22a23b27d6d to remote] DEBUG org.apache.http.wire - http-outgoing-27 >> "Connection: Keep-Alive[\r][\n]"
11:53:15.142 [Forwarding findElement on session 37c14d504020035d1e6cd22a23b27d6d to remote] DEBUG org.apache.http.wire - http-outgoing-27 >> "User-Agent: Apache-HttpClient/4.5.2 (Java/1.8.0_111)[\r][\n]"
11:53:15.142 [Forwarding findElement on session 37c14d504020035d1e6cd22a23b27d6d to remote] DEBUG org.apache.http.wire - http-outgoing-27 >> "Accept-Encoding: gzip,deflate[\r][\n]"
11:53:15.142 [Forwarding findElement on session 37c14d504020035d1e6cd22a23b27d6d to remote] DEBUG org.apache.http.wire - http-outgoing-27 >> "[\r][\n]"
11:53:15.142 [Forwarding findElement on session 37c14d504020035d1e6cd22a23b27d6d to remote] DEBUG org.apache.http.wire - http-outgoing-27 >> "{"using":"xpath","value":"//*[@id='card-block-form']/p[2]"}"
11:53:15.154 [Forwarding findElement on session 37c14d504020035d1e6cd22a23b27d6d to remote] DEBUG org.apache.http.wire - http-outgoing-27 << "HTTP/1.1 200 OK[\r][\n]"
11:53:15.154 [Forwarding findElement on session 37c14d504020035d1e6cd22a23b27d6d to remote] DEBUG org.apache.http.wire - http-outgoing-27 << "Content-Length:102[\r][\n]"
11:53:15.154 [Forwarding findElement on session 37c14d504020035d1e6cd22a23b27d6d to remote] DEBUG org.apache.http.wire - http-outgoing-27 << "Content-Type:application/json; charset=utf-8[\r][\n]"
11:53:15.154 [Forwarding findElement on session 37c14d504020035d1e6cd22a23b27d6d to remote] DEBUG org.apache.http.wire - http-outgoing-27 << "Connection:close[\r][\n]"
11:53:15.154 [Forwarding findElement on session 37c14d504020035d1e6cd22a23b27d6d to remote] DEBUG org.apache.http.wire - http-outgoing-27 << "[\r][\n]"
11:53:15.154 [Forwarding findElement on session 37c14d504020035d1e6cd22a23b27d6d to remote] DEBUG org.apache.http.wire - http-outgoing-27 << "{"sessionId":"37c14d504020035d1e6cd22a23b27d6d","status":0,"value":{"ELEMENT":"0.8965113778999618-1"}}"
11:53:15.154 [Forwarding findElement on session 37c14d504020035d1e6cd22a23b27d6d to remote] DEBUG org.apache.http.headers - http-outgoing-27 << HTTP/1.1 200 OK
11:53:15.154 [Forwarding findElement on session 37c14d504020035d1e6cd22a23b27d6d to remote] DEBUG org.apache.http.headers - http-outgoing-27 << Content-Length:102
11:53:15.154 [Forwarding findElement on session 37c14d504020035d1e6cd22a23b27d6d to remote] DEBUG org.apache.http.headers - http-outgoing-27 << Content-Type:application/json; charset=utf-8
11:53:15.154 [Forwarding findElement on session 37c14d504020035d1e6cd22a23b27d6d to remote] DEBUG org.apache.http.headers - http-outgoing-27 << Connection:close
11:53:15.154 [Forwarding findElement on session 37c14d504020035d1e6cd22a23b27d6d to remote] DEBUG o.a.h.i.c.DefaultManagedHttpClientConnection - http-outgoing-27: Close connection
11:53:15.155 [Forwarding findElement on session 37c14d504020035d1e6cd22a23b27d6d to remote] DEBUG o.a.h.impl.execchain.MainClientExec - Connection discarded
11:53:15.155 [Forwarding findElement on session 37c14d504020035d1e6cd22a23b27d6d to remote] DEBUG o.a.h.i.c.PoolingHttpClientConnectionManager - Connection released: [id: 27][route: {}->http://localhost:38386][total kept alive: 0; route allocated: 0 of 2000; total allocated: 0 of 2000]
11:53:15.156 [Forwarding getTitle on session 37c14d504020035d1e6cd22a23b27d6d to remote] DEBUG o.a.h.c.protocol.RequestAddCookies - CookieSpec selected: default
11:53:15.156 [Forwarding getTitle on session 37c14d504020035d1e6cd22a23b27d6d to remote] DEBUG o.a.h.c.protocol.RequestAuthCache - Auth cache not set in the context
11:53:15.156 [Forwarding getTitle on session 37c14d504020035d1e6cd22a23b27d6d to remote] DEBUG o.a.h.i.c.PoolingHttpClientConnectionManager - Connection request: [route: {}->http://localhost:38386][total kept alive: 0; route allocated: 0 of 2000; total allocated: 0 of 2000]
11:53:15.156 [Forwarding getTitle on session 37c14d504020035d1e6cd22a23b27d6d to remote] DEBUG o.a.h.i.c.PoolingHttpClientConnectionManager - Connection leased: [id: 28][route: {}->http://localhost:38386][total kept alive: 0; route allocated: 1 of 2000; total allocated: 1 of 2000]
11:53:15.156 [Forwarding getTitle on session 37c14d504020035d1e6cd22a23b27d6d to remote] DEBUG o.a.h.impl.execchain.MainClientExec - Opening connection {}->http://localhost:38386
11:53:15.156 [Forwarding getTitle on session 37c14d504020035d1e6cd22a23b27d6d to remote] DEBUG o.a.h.i.c.DefaultHttpClientConnectionOperator - Connecting to localhost/127.0.0.1:38386
11:53:15.156 [Forwarding getTitle on session 37c14d504020035d1e6cd22a23b27d6d to remote] DEBUG o.a.h.i.c.DefaultHttpClientConnectionOperator - Connection established 127.0.0.1:55417<->127.0.0.1:38386
11:53:15.156 [Forwarding getTitle on session 37c14d504020035d1e6cd22a23b27d6d to remote] DEBUG o.a.h.i.c.DefaultManagedHttpClientConnection - http-outgoing-28: set socket timeout to 10800000
11:53:15.156 [Forwarding getTitle on session 37c14d504020035d1e6cd22a23b27d6d to remote] DEBUG o.a.h.impl.execchain.MainClientExec - Executing request GET /session/37c14d504020035d1e6cd22a23b27d6d/title HTTP/1.1
11:53:15.156 [Forwarding getTitle on session 37c14d504020035d1e6cd22a23b27d6d to remote] DEBUG o.a.h.impl.execchain.MainClientExec - Target auth state: UNCHALLENGED
11:53:15.156 [Forwarding getTitle on session 37c14d504020035d1e6cd22a23b27d6d to remote] DEBUG o.a.h.impl.execchain.MainClientExec - Proxy auth state: UNCHALLENGED
11:53:15.157 [Forwarding getTitle on session 37c14d504020035d1e6cd22a23b27d6d to remote] DEBUG org.apache.http.headers - http-outgoing-28 >> GET /session/37c14d504020035d1e6cd22a23b27d6d/title HTTP/1.1
11:53:15.157 [Forwarding getTitle on session 37c14d504020035d1e6cd22a23b27d6d to remote] DEBUG org.apache.http.headers - http-outgoing-28 >> Cache-Control: no-cache
11:53:15.157 [Forwarding getTitle on session 37c14d504020035d1e6cd22a23b27d6d to remote] DEBUG org.apache.http.headers - http-outgoing-28 >> Host: localhost:38386
11:53:15.157 [Forwarding getTitle on session 37c14d504020035d1e6cd22a23b27d6d to remote] DEBUG org.apache.http.headers - http-outgoing-28 >> Connection: Keep-Alive
11:53:15.157 [Forwarding getTitle on session 37c14d504020035d1e6cd22a23b27d6d to remote] DEBUG org.apache.http.headers - http-outgoing-28 >> User-Agent: Apache-HttpClient/4.5.2 (Java/1.8.0_111)
11:53:15.157 [Forwarding getTitle on session 37c14d504020035d1e6cd22a23b27d6d to remote] DEBUG org.apache.http.headers - http-outgoing-28 >> Accept-Encoding: gzip,deflate
11:53:15.157 [Forwarding getTitle on session 37c14d504020035d1e6cd22a23b27d6d to remote] DEBUG org.apache.http.wire - http-outgoing-28 >> "GET /session/37c14d504020035d1e6cd22a23b27d6d/title HTTP/1.1[\r][\n]"
11:53:15.157 [Forwarding getTitle on session 37c14d504020035d1e6cd22a23b27d6d to remote] DEBUG org.apache.http.wire - http-outgoing-28 >> "Cache-Control: no-cache[\r][\n]"
11:53:15.157 [Forwarding getTitle on session 37c14d504020035d1e6cd22a23b27d6d to remote] DEBUG org.apache.http.wire - http-outgoing-28 >> "Host: localhost:38386[\r][\n]"
11:53:15.157 [Forwarding getTitle on session 37c14d504020035d1e6cd22a23b27d6d to remote] DEBUG org.apache.http.wire - http-outgoing-28 >> "Connection: Keep-Alive[\r][\n]"
11:53:15.157 [Forwarding getTitle on session 37c14d504020035d1e6cd22a23b27d6d to remote] DEBUG org.apache.http.wire - http-outgoing-28 >> "User-Agent: Apache-HttpClient/4.5.2 (Java/1.8.0_111)[\r][\n]"
11:53:15.157 [Forwarding getTitle on session 37c14d504020035d1e6cd22a23b27d6d to remote] DEBUG org.apache.http.wire - http-outgoing-28 >> "Accept-Encoding: gzip,deflate[\r][\n]"
11:53:15.157 [Forwarding getTitle on session 37c14d504020035d1e6cd22a23b27d6d to remote] DEBUG org.apache.http.wire - http-outgoing-28 >> "[\r][\n]"
11:53:15.171 [Forwarding getTitle on session 37c14d504020035d1e6cd22a23b27d6d to remote] DEBUG org.apache.http.wire - http-outgoing-28 << "HTTP/1.1 200 OK[\r][\n]"
11:53:15.171 [Forwarding getTitle on session 37c14d504020035d1e6cd22a23b27d6d to remote] DEBUG org.apache.http.wire - http-outgoing-28 << "Content-Length:115[\r][\n]"
11:53:15.171 [Forwarding getTitle on session 37c14d504020035d1e6cd22a23b27d6d to remote] DEBUG org.apache.http.wire - http-outgoing-28 << "Content-Type:application/json; charset=utf-8[\r][\n]"
11:53:15.171 [Forwarding getTitle on session 37c14d504020035d1e6cd22a23b27d6d to remote] DEBUG org.apache.http.wire - http-outgoing-28 << "Connection:close[\r][\n]"
11:53:15.171 [Forwarding getTitle on session 37c14d504020035d1e6cd22a23b27d6d to remote] DEBUG org.apache.http.wire - http-outgoing-28 << "[\r][\n]"
11:53:15.171 [Forwarding getTitle on session 37c14d504020035d1e6cd22a23b27d6d to remote] DEBUG org.apache.http.wire - http-outgoing-28 << "{"sessionId":"37c14d504020035d1e6cd22a23b27d6d","status":0,"value":"A million stories for a billion people - HOOQ"}"
11:53:15.171 [Forwarding getTitle on session 37c14d504020035d1e6cd22a23b27d6d to remote] DEBUG org.apache.http.headers - http-outgoing-28 << HTTP/1.1 200 OK
11:53:15.171 [Forwarding getTitle on session 37c14d504020035d1e6cd22a23b27d6d to remote] DEBUG org.apache.http.headers - http-outgoing-28 << Content-Length:115
11:53:15.171 [Forwarding getTitle on session 37c14d504020035d1e6cd22a23b27d6d to remote] DEBUG org.apache.http.headers - http-outgoing-28 << Content-Type:application/json; charset=utf-8
11:53:15.171 [Forwarding getTitle on session 37c14d504020035d1e6cd22a23b27d6d to remote] DEBUG org.apache.http.headers - http-outgoing-28 << Connection:close
11:53:15.172 [Forwarding getTitle on session 37c14d504020035d1e6cd22a23b27d6d to remote] DEBUG o.a.h.i.c.DefaultManagedHttpClientConnection - http-outgoing-28: Close connection
11:53:15.172 [Forwarding getTitle on session 37c14d504020035d1e6cd22a23b27d6d to remote] DEBUG o.a.h.impl.execchain.MainClientExec - Connection discarded
11:53:15.172 [Forwarding getTitle on session 37c14d504020035d1e6cd22a23b27d6d to remote] DEBUG o.a.h.i.c.PoolingHttpClientConnectionManager - Connection released: [id: 28][route: {}->http://localhost:38386][total kept alive: 0; route allocated: 0 of 2000; total allocated: 0 of 2000]
11:53:15.173 [Forwarding getTitle on session 37c14d504020035d1e6cd22a23b27d6d to remote] DEBUG o.a.h.c.protocol.RequestAddCookies - CookieSpec selected: default
11:53:15.173 [Forwarding getTitle on session 37c14d504020035d1e6cd22a23b27d6d to remote] DEBUG o.a.h.c.protocol.RequestAuthCache - Auth cache not set in the context
11:53:15.173 [Forwarding getTitle on session 37c14d504020035d1e6cd22a23b27d6d to remote] DEBUG o.a.h.i.c.PoolingHttpClientConnectionManager - Connection request: [route: {}->http://localhost:38386][total kept alive: 0; route allocated: 0 of 2000; total allocated: 0 of 2000]
11:53:15.173 [Forwarding getTitle on session 37c14d504020035d1e6cd22a23b27d6d to remote] DEBUG o.a.h.i.c.PoolingHttpClientConnectionManager - Connection leased: [id: 29][route: {}->http://localhost:38386][total kept alive: 0; route allocated: 1 of 2000; total allocated: 1 of 2000]
11:53:15.173 [Forwarding getTitle on session 37c14d504020035d1e6cd22a23b27d6d to remote] DEBUG o.a.h.impl.execchain.MainClientExec - Opening connection {}->http://localhost:38386
11:53:15.173 [Forwarding getTitle on session 37c14d504020035d1e6cd22a23b27d6d to remote] DEBUG o.a.h.i.c.DefaultHttpClientConnectionOperator - Connecting to localhost/127.0.0.1:38386
11:53:15.173 [Forwarding getTitle on session 37c14d504020035d1e6cd22a23b27d6d to remote] DEBUG o.a.h.i.c.DefaultHttpClientConnectionOperator - Connection established 127.0.0.1:55418<->127.0.0.1:38386
11:53:15.173 [Forwarding getTitle on session 37c14d504020035d1e6cd22a23b27d6d to remote] DEBUG o.a.h.i.c.DefaultManagedHttpClientConnection - http-outgoing-29: set socket timeout to 10800000
11:53:15.173 [Forwarding getTitle on session 37c14d504020035d1e6cd22a23b27d6d to remote] DEBUG o.a.h.impl.execchain.MainClientExec - Executing request GET /session/37c14d504020035d1e6cd22a23b27d6d/title HTTP/1.1
11:53:15.173 [Forwarding getTitle on session 37c14d504020035d1e6cd22a23b27d6d to remote] DEBUG o.a.h.impl.execchain.MainClientExec - Target auth state: UNCHALLENGED
11:53:15.173 [Forwarding getTitle on session 37c14d504020035d1e6cd22a23b27d6d to remote] DEBUG o.a.h.impl.execchain.MainClientExec - Proxy auth state: UNCHALLENGED
11:53:15.174 [Forwarding getTitle on session 37c14d504020035d1e6cd22a23b27d6d to remote] DEBUG org.apache.http.headers - http-outgoing-29 >> GET /session/37c14d504020035d1e6cd22a23b27d6d/title HTTP/1.1
11:53:15.174 [Forwarding getTitle on session 37c14d504020035d1e6cd22a23b27d6d to remote] DEBUG org.apache.http.headers - http-outgoing-29 >> Cache-Control: no-cache
11:53:15.174 [Forwarding getTitle on session 37c14d504020035d1e6cd22a23b27d6d to remote] DEBUG org.apache.http.headers - http-outgoing-29 >> Host: localhost:38386
11:53:15.174 [Forwarding getTitle on session 37c14d504020035d1e6cd22a23b27d6d to remote] DEBUG org.apache.http.headers - http-outgoing-29 >> Connection: Keep-Alive
11:53:15.174 [Forwarding getTitle on session 37c14d504020035d1e6cd22a23b27d6d to remote] DEBUG org.apache.http.headers - http-outgoing-29 >> User-Agent: Apache-HttpClient/4.5.2 (Java/1.8.0_111)
11:53:15.174 [Forwarding getTitle on session 37c14d504020035d1e6cd22a23b27d6d to remote] DEBUG org.apache.http.headers - http-outgoing-29 >> Accept-Encoding: gzip,deflate
11:53:15.174 [Forwarding getTitle on session 37c14d504020035d1e6cd22a23b27d6d to remote] DEBUG org.apache.http.wire - http-outgoing-29 >> "GET /session/37c14d504020035d1e6cd22a23b27d6d/title HTTP/1.1[\r][\n]"
11:53:15.174 [Forwarding getTitle on session 37c14d504020035d1e6cd22a23b27d6d to remote] DEBUG org.apache.http.wire - http-outgoing-29 >> "Cache-Control: no-cache[\r][\n]"
11:53:15.174 [Forwarding getTitle on session 37c14d504020035d1e6cd22a23b27d6d to remote] DEBUG org.apache.http.wire - http-outgoing-29 >> "Host: localhost:38386[\r][\n]"
11:53:15.174 [Forwarding getTitle on session 37c14d504020035d1e6cd22a23b27d6d to remote] DEBUG org.apache.http.wire - http-outgoing-29 >> "Connection: Keep-Alive[\r][\n]"
11:53:15.174 [Forwarding getTitle on session 37c14d504020035d1e6cd22a23b27d6d to remote] DEBUG org.apache.http.wire - http-outgoing-29 >> "User-Agent: Apache-HttpClient/4.5.2 (Java/1.8.0_111)[\r][\n]"
11:53:15.174 [Forwarding getTitle on session 37c14d504020035d1e6cd22a23b27d6d to remote] DEBUG org.apache.http.wire - http-outgoing-29 >> "Accept-Encoding: gzip,deflate[\r][\n]"
11:53:15.174 [Forwarding getTitle on session 37c14d504020035d1e6cd22a23b27d6d to remote] DEBUG org.apache.http.wire - http-outgoing-29 >> "[\r][\n]"
11:53:15.189 [Forwarding getTitle on session 37c14d504020035d1e6cd22a23b27d6d to remote] DEBUG org.apache.http.wire - http-outgoing-29 << "HTTP/1.1 200 OK[\r][\n]"
11:53:15.189 [Forwarding getTitle on session 37c14d504020035d1e6cd22a23b27d6d to remote] DEBUG org.apache.http.wire - http-outgoing-29 << "Content-Length:115[\r][\n]"
11:53:15.189 [Forwarding getTitle on session 37c14d504020035d1e6cd22a23b27d6d to remote] DEBUG org.apache.http.wire - http-outgoing-29 << "Content-Type:application/json; charset=utf-8[\r][\n]"
11:53:15.189 [Forwarding getTitle on session 37c14d504020035d1e6cd22a23b27d6d to remote] DEBUG org.apache.http.wire - http-outgoing-29 << "Connection:close[\r][\n]"
11:53:15.189 [Forwarding getTitle on session 37c14d504020035d1e6cd22a23b27d6d to remote] DEBUG org.apache.http.wire - http-outgoing-29 << "[\r][\n]"
11:53:15.189 [Forwarding getTitle on session 37c14d504020035d1e6cd22a23b27d6d to remote] DEBUG org.apache.http.wire - http-outgoing-29 << "{"sessionId":"37c14d504020035d1e6cd22a23b27d6d","status":0,"value":"A million stories for a billion people - HOOQ"}"
11:53:15.190 [Forwarding getTitle on session 37c14d504020035d1e6cd22a23b27d6d to remote] DEBUG org.apache.http.headers - http-outgoing-29 << HTTP/1.1 200 OK
11:53:15.190 [Forwarding getTitle on session 37c14d504020035d1e6cd22a23b27d6d to remote] DEBUG org.apache.http.headers - http-outgoing-29 << Content-Length:115
11:53:15.190 [Forwarding getTitle on session 37c14d504020035d1e6cd22a23b27d6d to remote] DEBUG org.apache.http.headers - http-outgoing-29 << Content-Type:application/json; charset=utf-8
11:53:15.190 [Forwarding getTitle on session 37c14d504020035d1e6cd22a23b27d6d to remote] DEBUG org.apache.http.headers - http-outgoing-29 << Connection:close
11:53:15.190 [Forwarding getTitle on session 37c14d504020035d1e6cd22a23b27d6d to remote] DEBUG o.a.h.i.c.DefaultManagedHttpClientConnection - http-outgoing-29: Close connection
11:53:15.190 [Forwarding getTitle on session 37c14d504020035d1e6cd22a23b27d6d to remote] DEBUG o.a.h.impl.execchain.MainClientExec - Connection discarded
11:53:15.190 [Forwarding getTitle on session 37c14d504020035d1e6cd22a23b27d6d to remote] DEBUG o.a.h.i.c.PoolingHttpClientConnectionManager - Connection released: [id: 29][route: {}->http://localhost:38386][total kept alive: 0; route allocated: 0 of 2000; total allocated: 0 of 2000]
11:53:15.192 [Forwarding findElement on session 37c14d504020035d1e6cd22a23b27d6d to remote] DEBUG o.a.h.c.protocol.RequestAddCookies - CookieSpec selected: default
11:53:15.192 [Forwarding findElement on session 37c14d504020035d1e6cd22a23b27d6d to remote] DEBUG o.a.h.c.protocol.RequestAuthCache - Auth cache not set in the context
11:53:15.192 [Forwarding findElement on session 37c14d504020035d1e6cd22a23b27d6d to remote] DEBUG o.a.h.i.c.PoolingHttpClientConnectionManager - Connection request: [route: {}->http://localhost:38386][total kept alive: 0; route allocated: 0 of 2000; total allocated: 0 of 2000]
11:53:15.192 [Forwarding findElement on session 37c14d504020035d1e6cd22a23b27d6d to remote] DEBUG o.a.h.i.c.PoolingHttpClientConnectionManager - Connection leased: [id: 30][route: {}->http://localhost:38386][total kept alive: 0; route allocated: 1 of 2000; total allocated: 1 of 2000]
11:53:15.192 [Forwarding findElement on session 37c14d504020035d1e6cd22a23b27d6d to remote] DEBUG o.a.h.impl.execchain.MainClientExec - Opening connection {}->http://localhost:38386
11:53:15.192 [Forwarding findElement on session 37c14d504020035d1e6cd22a23b27d6d to remote] DEBUG o.a.h.i.c.DefaultHttpClientConnectionOperator - Connecting to localhost/127.0.0.1:38386
11:53:15.192 [Forwarding findElement on session 37c14d504020035d1e6cd22a23b27d6d to remote] DEBUG o.a.h.i.c.DefaultHttpClientConnectionOperator - Connection established 127.0.0.1:55421<->127.0.0.1:38386
11:53:15.192 [Forwarding findElement on session 37c14d504020035d1e6cd22a23b27d6d to remote] DEBUG o.a.h.i.c.DefaultManagedHttpClientConnection - http-outgoing-30: set socket timeout to 10800000
11:53:15.192 [Forwarding findElement on session 37c14d504020035d1e6cd22a23b27d6d to remote] DEBUG o.a.h.impl.execchain.MainClientExec - Executing request POST /session/37c14d504020035d1e6cd22a23b27d6d/element HTTP/1.1
11:53:15.192 [Forwarding findElement on session 37c14d504020035d1e6cd22a23b27d6d to remote] DEBUG o.a.h.impl.execchain.MainClientExec - Target auth state: UNCHALLENGED
11:53:15.192 [Forwarding findElement on session 37c14d504020035d1e6cd22a23b27d6d to remote] DEBUG o.a.h.impl.execchain.MainClientExec - Proxy auth state: UNCHALLENGED
11:53:15.192 [Forwarding findElement on session 37c14d504020035d1e6cd22a23b27d6d to remote] DEBUG org.apache.http.headers - http-outgoing-30 >> POST /session/37c14d504020035d1e6cd22a23b27d6d/element HTTP/1.1
11:53:15.192 [Forwarding findElement on session 37c14d504020035d1e6cd22a23b27d6d to remote] DEBUG org.apache.http.headers - http-outgoing-30 >> Content-Type: application/json; charset=utf-8
11:53:15.192 [Forwarding findElement on session 37c14d504020035d1e6cd22a23b27d6d to remote] DEBUG org.apache.http.headers - http-outgoing-30 >> Content-Length: 59
11:53:15.192 [Forwarding findElement on session 37c14d504020035d1e6cd22a23b27d6d to remote] DEBUG org.apache.http.headers - http-outgoing-30 >> Host: localhost:38386
11:53:15.192 [Forwarding findElement on session 37c14d504020035d1e6cd22a23b27d6d to remote] DEBUG org.apache.http.headers - http-outgoing-30 >> Connection: Keep-Alive
11:53:15.192 [Forwarding findElement on session 37c14d504020035d1e6cd22a23b27d6d to remote] DEBUG org.apache.http.headers - http-outgoing-30 >> User-Agent: Apache-HttpClient/4.5.2 (Java/1.8.0_111)
11:53:15.192 [Forwarding findElement on session 37c14d504020035d1e6cd22a23b27d6d to remote] DEBUG org.apache.http.headers - http-outgoing-30 >> Accept-Encoding: gzip,deflate
11:53:15.192 [Forwarding findElement on session 37c14d504020035d1e6cd22a23b27d6d to remote] DEBUG org.apache.http.wire - http-outgoing-30 >> "POST /session/37c14d504020035d1e6cd22a23b27d6d/element HTTP/1.1[\r][\n]"
11:53:15.192 [Forwarding findElement on session 37c14d504020035d1e6cd22a23b27d6d to remote] DEBUG org.apache.http.wire - http-outgoing-30 >> "Content-Type: application/json; charset=utf-8[\r][\n]"
11:53:15.192 [Forwarding findElement on session 37c14d504020035d1e6cd22a23b27d6d to remote] DEBUG org.apache.http.wire - http-outgoing-30 >> "Content-Length: 59[\r][\n]"
11:53:15.192 [Forwarding findElement on session 37c14d504020035d1e6cd22a23b27d6d to remote] DEBUG org.apache.http.wire - http-outgoing-30 >> "Host: localhost:38386[\r][\n]"
11:53:15.192 [Forwarding findElement on session 37c14d504020035d1e6cd22a23b27d6d to remote] DEBUG org.apache.http.wire - http-outgoing-30 >> "Connection: Keep-Alive[\r][\n]"
11:53:15.192 [Forwarding findElement on session 37c14d504020035d1e6cd22a23b27d6d to remote] DEBUG org.apache.http.wire - http-outgoing-30 >> "User-Agent: Apache-HttpClient/4.5.2 (Java/1.8.0_111)[\r][\n]"
11:53:15.193 [Forwarding findElement on session 37c14d504020035d1e6cd22a23b27d6d to remote] DEBUG org.apache.http.wire - http-outgoing-30 >> "Accept-Encoding: gzip,deflate[\r][\n]"
11:53:15.193 [Forwarding findElement on session 37c14d504020035d1e6cd22a23b27d6d to remote] DEBUG org.apache.http.wire - http-outgoing-30 >> "[\r][\n]"
11:53:15.193 [Forwarding findElement on session 37c14d504020035d1e6cd22a23b27d6d to remote] DEBUG org.apache.http.wire - http-outgoing-30 >> "{"using":"xpath","value":"//*[@id='card-block-form']/p[2]"}"
11:53:15.205 [Forwarding findElement on session 37c14d504020035d1e6cd22a23b27d6d to remote] DEBUG org.apache.http.wire - http-outgoing-30 << "HTTP/1.1 200 OK[\r][\n]"
11:53:15.205 [Forwarding findElement on session 37c14d504020035d1e6cd22a23b27d6d to remote] DEBUG org.apache.http.wire - http-outgoing-30 << "Content-Length:102[\r][\n]"
11:53:15.205 [Forwarding findElement on session 37c14d504020035d1e6cd22a23b27d6d to remote] DEBUG org.apache.http.wire - http-outgoing-30 << "Content-Type:application/json; charset=utf-8[\r][\n]"
11:53:15.205 [Forwarding findElement on session 37c14d504020035d1e6cd22a23b27d6d to remote] DEBUG org.apache.http.wire - http-outgoing-30 << "Connection:close[\r][\n]"
11:53:15.205 [Forwarding findElement on session 37c14d504020035d1e6cd22a23b27d6d to remote] DEBUG org.apache.http.wire - http-outgoing-30 << "[\r][\n]"
11:53:15.205 [Forwarding findElement on session 37c14d504020035d1e6cd22a23b27d6d to remote] DEBUG org.apache.http.wire - http-outgoing-30 << "{"sessionId":"37c14d504020035d1e6cd22a23b27d6d","status":0,"value":{"ELEMENT":"0.8965113778999618-1"}}"
11:53:15.206 [Forwarding findElement on session 37c14d504020035d1e6cd22a23b27d6d to remote] DEBUG org.apache.http.headers - http-outgoing-30 << HTTP/1.1 200 OK
11:53:15.206 [Forwarding findElement on session 37c14d504020035d1e6cd22a23b27d6d to remote] DEBUG org.apache.http.headers - http-outgoing-30 << Content-Length:102
11:53:15.206 [Forwarding findElement on session 37c14d504020035d1e6cd22a23b27d6d to remote] DEBUG org.apache.http.headers - http-outgoing-30 << Content-Type:application/json; charset=utf-8
11:53:15.206 [Forwarding findElement on session 37c14d504020035d1e6cd22a23b27d6d to remote] DEBUG org.apache.http.headers - http-outgoing-30 << Connection:close
11:53:15.206 [Forwarding findElement on session 37c14d504020035d1e6cd22a23b27d6d to remote] DEBUG o.a.h.i.c.DefaultManagedHttpClientConnection - http-outgoing-30: Close connection
11:53:15.206 [Forwarding findElement on session 37c14d504020035d1e6cd22a23b27d6d to remote] DEBUG o.a.h.impl.execchain.MainClientExec - Connection discarded
11:53:15.206 [Forwarding findElement on session 37c14d504020035d1e6cd22a23b27d6d to remote] DEBUG o.a.h.i.c.PoolingHttpClientConnectionManager - Connection released: [id: 30][route: {}->http://localhost:38386][total kept alive: 0; route allocated: 0 of 2000; total allocated: 0 of 2000]
11:53:15.207 [Forwarding executeScript on session 37c14d504020035d1e6cd22a23b27d6d to remote] DEBUG o.a.h.c.protocol.RequestAddCookies - CookieSpec selected: default
11:53:15.207 [Forwarding executeScript on session 37c14d504020035d1e6cd22a23b27d6d to remote] DEBUG o.a.h.c.protocol.RequestAuthCache - Auth cache not set in the context
11:53:15.207 [Forwarding executeScript on session 37c14d504020035d1e6cd22a23b27d6d to remote] DEBUG o.a.h.i.c.PoolingHttpClientConnectionManager - Connection request: [route: {}->http://localhost:38386][total kept alive: 0; route allocated: 0 of 2000; total allocated: 0 of 2000]
11:53:15.207 [Forwarding executeScript on session 37c14d504020035d1e6cd22a23b27d6d to remote] DEBUG o.a.h.i.c.PoolingHttpClientConnectionManager - Connection leased: [id: 31][route: {}->http://localhost:38386][total kept alive: 0; route allocated: 1 of 2000; total allocated: 1 of 2000]
11:53:15.207 [Forwarding executeScript on session 37c14d504020035d1e6cd22a23b27d6d to remote] DEBUG o.a.h.impl.execchain.MainClientExec - Opening connection {}->http://localhost:38386
11:53:15.208 [Forwarding executeScript on session 37c14d504020035d1e6cd22a23b27d6d to remote] DEBUG o.a.h.i.c.DefaultHttpClientConnectionOperator - Connecting to localhost/127.0.0.1:38386
11:53:15.208 [Forwarding executeScript on session 37c14d504020035d1e6cd22a23b27d6d to remote] DEBUG o.a.h.i.c.DefaultHttpClientConnectionOperator - Connection established 127.0.0.1:55422<->127.0.0.1:38386
11:53:15.208 [Forwarding executeScript on session 37c14d504020035d1e6cd22a23b27d6d to remote] DEBUG o.a.h.i.c.DefaultManagedHttpClientConnection - http-outgoing-31: set socket timeout to 10800000
11:53:15.208 [Forwarding executeScript on session 37c14d504020035d1e6cd22a23b27d6d to remote] DEBUG o.a.h.impl.execchain.MainClientExec - Executing request POST /session/37c14d504020035d1e6cd22a23b27d6d/execute HTTP/1.1
11:53:15.208 [Forwarding executeScript on session 37c14d504020035d1e6cd22a23b27d6d to remote] DEBUG o.a.h.impl.execchain.MainClientExec - Target auth state: UNCHALLENGED
11:53:15.208 [Forwarding executeScript on session 37c14d504020035d1e6cd22a23b27d6d to remote] DEBUG o.a.h.impl.execchain.MainClientExec - Proxy auth state: UNCHALLENGED
11:53:15.208 [Forwarding executeScript on session 37c14d504020035d1e6cd22a23b27d6d to remote] DEBUG org.apache.http.headers - http-outgoing-31 >> POST /session/37c14d504020035d1e6cd22a23b27d6d/execute HTTP/1.1
11:53:15.208 [Forwarding executeScript on session 37c14d504020035d1e6cd22a23b27d6d to remote] DEBUG org.apache.http.headers - http-outgoing-31 >> Content-Type: application/json; charset=utf-8
11:53:15.208 [Forwarding executeScript on session 37c14d504020035d1e6cd22a23b27d6d to remote] DEBUG org.apache.http.headers - http-outgoing-31 >> Content-Length: 161
11:53:15.208 [Forwarding executeScript on session 37c14d504020035d1e6cd22a23b27d6d to remote] DEBUG org.apache.http.headers - http-outgoing-31 >> Host: localhost:38386
11:53:15.208 [Forwarding executeScript on session 37c14d504020035d1e6cd22a23b27d6d to remote] DEBUG org.apache.http.headers - http-outgoing-31 >> Connection: Keep-Alive
11:53:15.208 [Forwarding executeScript on session 37c14d504020035d1e6cd22a23b27d6d to remote] DEBUG org.apache.http.headers - http-outgoing-31 >> User-Agent: Apache-HttpClient/4.5.2 (Java/1.8.0_111)
11:53:15.208 [Forwarding executeScript on session 37c14d504020035d1e6cd22a23b27d6d to remote] DEBUG org.apache.http.headers - http-outgoing-31 >> Accept-Encoding: gzip,deflate
11:53:15.208 [Forwarding executeScript on session 37c14d504020035d1e6cd22a23b27d6d to remote] DEBUG org.apache.http.wire - http-outgoing-31 >> "POST /session/37c14d504020035d1e6cd22a23b27d6d/execute HTTP/1.1[\r][\n]"
11:53:15.208 [Forwarding executeScript on session 37c14d504020035d1e6cd22a23b27d6d to remote] DEBUG org.apache.http.wire - http-outgoing-31 >> "Content-Type: application/json; charset=utf-8[\r][\n]"
11:53:15.208 [Forwarding executeScript on session 37c14d504020035d1e6cd22a23b27d6d to remote] DEBUG org.apache.http.wire - http-outgoing-31 >> "Content-Length: 161[\r][\n]"
11:53:15.208 [Forwarding executeScript on session 37c14d504020035d1e6cd22a23b27d6d to remote] DEBUG org.apache.http.wire - http-outgoing-31 >> "Host: localhost:38386[\r][\n]"
11:53:15.208 [Forwarding executeScript on session 37c14d504020035d1e6cd22a23b27d6d to remote] DEBUG org.apache.http.wire - http-outgoing-31 >> "Connection: Keep-Alive[\r][\n]"
11:53:15.208 [Forwarding executeScript on session 37c14d504020035d1e6cd22a23b27d6d to remote] DEBUG org.apache.http.wire - http-outgoing-31 >> "User-Agent: Apache-HttpClient/4.5.2 (Java/1.8.0_111)[\r][\n]"
11:53:15.208 [Forwarding executeScript on session 37c14d504020035d1e6cd22a23b27d6d to remote] DEBUG org.apache.http.wire - http-outgoing-31 >> "Accept-Encoding: gzip,deflate[\r][\n]"
11:53:15.208 [Forwarding executeScript on session 37c14d504020035d1e6cd22a23b27d6d to remote] DEBUG org.apache.http.wire - http-outgoing-31 >> "[\r][\n]"
11:53:15.208 [Forwarding executeScript on session 37c14d504020035d1e6cd22a23b27d6d to remote] DEBUG org.apache.http.wire - http-outgoing-31 >> "{"script":"arguments[0].style.border='4px solid green'","args":[{"ELEMENT":"0.8965113778999618-1","element-6066-11e4-a52e-4f735466cecf":"0.8965113778999618-1"}]}"
11:53:15.220 [Forwarding executeScript on session 37c14d504020035d1e6cd22a23b27d6d to remote] DEBUG org.apache.http.wire - http-outgoing-31 << "HTTP/1.1 200 OK[\r][\n]"
11:53:15.220 [Forwarding executeScript on session 37c14d504020035d1e6cd22a23b27d6d to remote] DEBUG org.apache.http.wire - http-outgoing-31 << "Content-Length:72[\r][\n]"
11:53:15.220 [Forwarding executeScript on session 37c14d504020035d1e6cd22a23b27d6d to remote] DEBUG org.apache.http.wire - http-outgoing-31 << "Content-Type:application/json; charset=utf-8[\r][\n]"
11:53:15.220 [Forwarding executeScript on session 37c14d504020035d1e6cd22a23b27d6d to remote] DEBUG org.apache.http.wire - http-outgoing-31 << "Connection:close[\r][\n]"
11:53:15.220 [Forwarding executeScript on session 37c14d504020035d1e6cd22a23b27d6d to remote] DEBUG org.apache.http.wire - http-outgoing-31 << "[\r][\n]"
11:53:15.220 [Forwarding executeScript on session 37c14d504020035d1e6cd22a23b27d6d to remote] DEBUG org.apache.http.wire - http-outgoing-31 << "{"sessionId":"37c14d504020035d1e6cd22a23b27d6d","status":0,"value":null}"
11:53:15.220 [Forwarding executeScript on session 37c14d504020035d1e6cd22a23b27d6d to remote] DEBUG org.apache.http.headers - http-outgoing-31 << HTTP/1.1 200 OK
11:53:15.220 [Forwarding executeScript on session 37c14d504020035d1e6cd22a23b27d6d to remote] DEBUG org.apache.http.headers - http-outgoing-31 << Content-Length:72
11:53:15.220 [Forwarding executeScript on session 37c14d504020035d1e6cd22a23b27d6d to remote] DEBUG org.apache.http.headers - http-outgoing-31 << Content-Type:application/json; charset=utf-8
11:53:15.220 [Forwarding executeScript on session 37c14d504020035d1e6cd22a23b27d6d to remote] DEBUG org.apache.http.headers - http-outgoing-31 << Connection:close
11:53:15.220 [Forwarding executeScript on session 37c14d504020035d1e6cd22a23b27d6d to remote] DEBUG o.a.h.i.c.DefaultManagedHttpClientConnection - http-outgoing-31: Close connection
11:53:15.220 [Forwarding executeScript on session 37c14d504020035d1e6cd22a23b27d6d to remote] DEBUG o.a.h.impl.execchain.MainClientExec - Connection discarded
11:53:15.221 [Forwarding executeScript on session 37c14d504020035d1e6cd22a23b27d6d to remote] DEBUG o.a.h.i.c.PoolingHttpClientConnectionManager - Connection released: [id: 31][route: {}->http://localhost:38386][total kept alive: 0; route allocated: 0 of 2000; total allocated: 0 of 2000]
11:53:15.221 [Forwarding findElement on session 37c14d504020035d1e6cd22a23b27d6d to remote] DEBUG o.a.h.c.protocol.RequestAddCookies - CookieSpec selected: default
11:53:15.221 [Forwarding findElement on session 37c14d504020035d1e6cd22a23b27d6d to remote] DEBUG o.a.h.c.protocol.RequestAuthCache - Auth cache not set in the context
11:53:15.222 [Forwarding findElement on session 37c14d504020035d1e6cd22a23b27d6d to remote] DEBUG o.a.h.i.c.PoolingHttpClientConnectionManager - Connection request: [route: {}->http://localhost:38386][total kept alive: 0; route allocated: 0 of 2000; total allocated: 0 of 2000]
11:53:15.222 [Forwarding findElement on session 37c14d504020035d1e6cd22a23b27d6d to remote] DEBUG o.a.h.i.c.PoolingHttpClientConnectionManager - Connection leased: [id: 32][route: {}->http://localhost:38386][total kept alive: 0; route allocated: 1 of 2000; total allocated: 1 of 2000]
11:53:15.222 [Forwarding findElement on session 37c14d504020035d1e6cd22a23b27d6d to remote] DEBUG o.a.h.impl.execchain.MainClientExec - Opening connection {}->http://localhost:38386
11:53:15.222 [Forwarding findElement on session 37c14d504020035d1e6cd22a23b27d6d to remote] DEBUG o.a.h.i.c.DefaultHttpClientConnectionOperator - Connecting to localhost/127.0.0.1:38386
11:53:15.222 [Forwarding findElement on session 37c14d504020035d1e6cd22a23b27d6d to remote] DEBUG o.a.h.i.c.DefaultHttpClientConnectionOperator - Connection established 127.0.0.1:55424<->127.0.0.1:38386
11:53:15.222 [Forwarding findElement on session 37c14d504020035d1e6cd22a23b27d6d to remote] DEBUG o.a.h.i.c.DefaultManagedHttpClientConnection - http-outgoing-32: set socket timeout to 10800000
11:53:15.222 [Forwarding findElement on session 37c14d504020035d1e6cd22a23b27d6d to remote] DEBUG o.a.h.impl.execchain.MainClientExec - Executing request POST /session/37c14d504020035d1e6cd22a23b27d6d/element HTTP/1.1
11:53:15.222 [Forwarding findElement on session 37c14d504020035d1e6cd22a23b27d6d to remote] DEBUG o.a.h.impl.execchain.MainClientExec - Target auth state: UNCHALLENGED
11:53:15.222 [Forwarding findElement on session 37c14d504020035d1e6cd22a23b27d6d to remote] DEBUG o.a.h.impl.execchain.MainClientExec - Proxy auth state: UNCHALLENGED
11:53:15.222 [Forwarding findElement on session 37c14d504020035d1e6cd22a23b27d6d to remote] DEBUG org.apache.http.headers - http-outgoing-32 >> POST /session/37c14d504020035d1e6cd22a23b27d6d/element HTTP/1.1
11:53:15.222 [Forwarding findElement on session 37c14d504020035d1e6cd22a23b27d6d to remote] DEBUG org.apache.http.headers - http-outgoing-32 >> Content-Type: application/json; charset=utf-8
11:53:15.222 [Forwarding findElement on session 37c14d504020035d1e6cd22a23b27d6d to remote] DEBUG org.apache.http.headers - http-outgoing-32 >> Content-Length: 59
11:53:15.222 [Forwarding findElement on session 37c14d504020035d1e6cd22a23b27d6d to remote] DEBUG org.apache.http.headers - http-outgoing-32 >> Host: localhost:38386
11:53:15.222 [Forwarding findElement on session 37c14d504020035d1e6cd22a23b27d6d to remote] DEBUG org.apache.http.headers - http-outgoing-32 >> Connection: Keep-Alive
11:53:15.222 [Forwarding findElement on session 37c14d504020035d1e6cd22a23b27d6d to remote] DEBUG org.apache.http.headers - http-outgoing-32 >> User-Agent: Apache-HttpClient/4.5.2 (Java/1.8.0_111)
11:53:15.222 [Forwarding findElement on session 37c14d504020035d1e6cd22a23b27d6d to remote] DEBUG org.apache.http.headers - http-outgoing-32 >> Accept-Encoding: gzip,deflate
11:53:15.222 [Forwarding findElement on session 37c14d504020035d1e6cd22a23b27d6d to remote] DEBUG org.apache.http.wire - http-outgoing-32 >> "POST /session/37c14d504020035d1e6cd22a23b27d6d/element HTTP/1.1[\r][\n]"
11:53:15.222 [Forwarding findElement on session 37c14d504020035d1e6cd22a23b27d6d to remote] DEBUG org.apache.http.wire - http-outgoing-32 >> "Content-Type: application/json; charset=utf-8[\r][\n]"
11:53:15.222 [Forwarding findElement on session 37c14d504020035d1e6cd22a23b27d6d to remote] DEBUG org.apache.http.wire - http-outgoing-32 >> "Content-Length: 59[\r][\n]"
11:53:15.222 [Forwarding findElement on session 37c14d504020035d1e6cd22a23b27d6d to remote] DEBUG org.apache.http.wire - http-outgoing-32 >> "Host: localhost:38386[\r][\n]"
11:53:15.222 [Forwarding findElement on session 37c14d504020035d1e6cd22a23b27d6d to remote] DEBUG org.apache.http.wire - http-outgoing-32 >> "Connection: Keep-Alive[\r][\n]"
11:53:15.222 [Forwarding findElement on session 37c14d504020035d1e6cd22a23b27d6d to remote] DEBUG org.apache.http.wire - http-outgoing-32 >> "User-Agent: Apache-HttpClient/4.5.2 (Java/1.8.0_111)[\r][\n]"
11:53:15.222 [Forwarding findElement on session 37c14d504020035d1e6cd22a23b27d6d to remote] DEBUG org.apache.http.wire - http-outgoing-32 >> "Accept-Encoding: gzip,deflate[\r][\n]"
11:53:15.222 [Forwarding findElement on session 37c14d504020035d1e6cd22a23b27d6d to remote] DEBUG org.apache.http.wire - http-outgoing-32 >> "[\r][\n]"
11:53:15.222 [Forwarding findElement on session 37c14d504020035d1e6cd22a23b27d6d to remote] DEBUG org.apache.http.wire - http-outgoing-32 >> "{"using":"xpath","value":"//*[@id='card-block-form']/p[2]"}"
11:53:15.237 [Forwarding findElement on session 37c14d504020035d1e6cd22a23b27d6d to remote] DEBUG org.apache.http.wire - http-outgoing-32 << "HTTP/1.1 200 OK[\r][\n]"
11:53:15.237 [Forwarding findElement on session 37c14d504020035d1e6cd22a23b27d6d to remote] DEBUG org.apache.http.wire - http-outgoing-32 << "Content-Length:102[\r][\n]"
11:53:15.237 [Forwarding findElement on session 37c14d504020035d1e6cd22a23b27d6d to remote] DEBUG org.apache.http.wire - http-outgoing-32 << "Content-Type:application/json; charset=utf-8[\r][\n]"
11:53:15.237 [Forwarding findElement on session 37c14d504020035d1e6cd22a23b27d6d to remote] DEBUG org.apache.http.wire - http-outgoing-32 << "Connection:close[\r][\n]"
11:53:15.237 [Forwarding findElement on session 37c14d504020035d1e6cd22a23b27d6d to remote] DEBUG org.apache.http.wire - http-outgoing-32 << "[\r][\n]"
11:53:15.237 [Forwarding findElement on session 37c14d504020035d1e6cd22a23b27d6d to remote] DEBUG org.apache.http.wire - http-outgoing-32 << "{"sessionId":"37c14d504020035d1e6cd22a23b27d6d","status":0,"value":{"ELEMENT":"0.8965113778999618-1"}}"
11:53:15.237 [Forwarding findElement on session 37c14d504020035d1e6cd22a23b27d6d to remote] DEBUG org.apache.http.headers - http-outgoing-32 << HTTP/1.1 200 OK
11:53:15.237 [Forwarding findElement on session 37c14d504020035d1e6cd22a23b27d6d to remote] DEBUG org.apache.http.headers - http-outgoing-32 << Content-Length:102
11:53:15.237 [Forwarding findElement on session 37c14d504020035d1e6cd22a23b27d6d to remote] DEBUG org.apache.http.headers - http-outgoing-32 << Content-Type:application/json; charset=utf-8
11:53:15.237 [Forwarding findElement on session 37c14d504020035d1e6cd22a23b27d6d to remote] DEBUG org.apache.http.headers - http-outgoing-32 << Connection:close
11:53:15.238 [Forwarding findElement on session 37c14d504020035d1e6cd22a23b27d6d to remote] DEBUG o.a.h.i.c.DefaultManagedHttpClientConnection - http-outgoing-32: Close connection
11:53:15.238 [Forwarding findElement on session 37c14d504020035d1e6cd22a23b27d6d to remote] DEBUG o.a.h.impl.execchain.MainClientExec - Connection discarded
11:53:15.238 [Forwarding findElement on session 37c14d504020035d1e6cd22a23b27d6d to remote] DEBUG o.a.h.i.c.PoolingHttpClientConnectionManager - Connection released: [id: 32][route: {}->http://localhost:38386][total kept alive: 0; route allocated: 0 of 2000; total allocated: 0 of 2000]
11:53:15.239 [Forwarding executeScript on session 37c14d504020035d1e6cd22a23b27d6d to remote] DEBUG o.a.h.c.protocol.RequestAddCookies - CookieSpec selected: default
11:53:15.239 [Forwarding executeScript on session 37c14d504020035d1e6cd22a23b27d6d to remote] DEBUG o.a.h.c.protocol.RequestAuthCache - Auth cache not set in the context
11:53:15.239 [Forwarding executeScript on session 37c14d504020035d1e6cd22a23b27d6d to remote] DEBUG o.a.h.i.c.PoolingHttpClientConnectionManager - Connection request: [route: {}->http://localhost:38386][total kept alive: 0; route allocated: 0 of 2000; total allocated: 0 of 2000]
11:53:15.239 [Forwarding executeScript on session 37c14d504020035d1e6cd22a23b27d6d to remote] DEBUG o.a.h.i.c.PoolingHttpClientConnectionManager - Connection leased: [id: 33][route: {}->http://localhost:38386][total kept alive: 0; route allocated: 1 of 2000; total allocated: 1 of 2000]
11:53:15.239 [Forwarding executeScript on session 37c14d504020035d1e6cd22a23b27d6d to remote] DEBUG o.a.h.impl.execchain.MainClientExec - Opening connection {}->http://localhost:38386
11:53:15.239 [Forwarding executeScript on session 37c14d504020035d1e6cd22a23b27d6d to remote] DEBUG o.a.h.i.c.DefaultHttpClientConnectionOperator - Connecting to localhost/127.0.0.1:38386
11:53:15.240 [Forwarding executeScript on session 37c14d504020035d1e6cd22a23b27d6d to remote] DEBUG o.a.h.i.c.DefaultHttpClientConnectionOperator - Connection established 127.0.0.1:55426<->127.0.0.1:38386
11:53:15.240 [Forwarding executeScript on session 37c14d504020035d1e6cd22a23b27d6d to remote] DEBUG o.a.h.i.c.DefaultManagedHttpClientConnection - http-outgoing-33: set socket timeout to 10800000
11:53:15.240 [Forwarding executeScript on session 37c14d504020035d1e6cd22a23b27d6d to remote] DEBUG o.a.h.impl.execchain.MainClientExec - Executing request POST /session/37c14d504020035d1e6cd22a23b27d6d/execute HTTP/1.1
11:53:15.240 [Forwarding executeScript on session 37c14d504020035d1e6cd22a23b27d6d to remote] DEBUG o.a.h.impl.execchain.MainClientExec - Target auth state: UNCHALLENGED
11:53:15.240 [Forwarding executeScript on session 37c14d504020035d1e6cd22a23b27d6d to remote] DEBUG o.a.h.impl.execchain.MainClientExec - Proxy auth state: UNCHALLENGED
11:53:15.240 [Forwarding executeScript on session 37c14d504020035d1e6cd22a23b27d6d to remote] DEBUG org.apache.http.headers - http-outgoing-33 >> POST /session/37c14d504020035d1e6cd22a23b27d6d/execute HTTP/1.1
11:53:15.240 [Forwarding executeScript on session 37c14d504020035d1e6cd22a23b27d6d to remote] DEBUG org.apache.http.headers - http-outgoing-33 >> Content-Type: application/json; charset=utf-8
11:53:15.240 [Forwarding executeScript on session 37c14d504020035d1e6cd22a23b27d6d to remote] DEBUG org.apache.http.headers - http-outgoing-33 >> Content-Length: 44
11:53:15.240 [Forwarding executeScript on session 37c14d504020035d1e6cd22a23b27d6d to remote] DEBUG org.apache.http.headers - http-outgoing-33 >> Host: localhost:38386
11:53:15.240 [Forwarding executeScript on session 37c14d504020035d1e6cd22a23b27d6d to remote] DEBUG org.apache.http.headers - http-outgoing-33 >> Connection: Keep-Alive
11:53:15.240 [Forwarding executeScript on session 37c14d504020035d1e6cd22a23b27d6d to remote] DEBUG org.apache.http.headers - http-outgoing-33 >> User-Agent: Apache-HttpClient/4.5.2 (Java/1.8.0_111)
11:53:15.240 [Forwarding executeScript on session 37c14d504020035d1e6cd22a23b27d6d to remote] DEBUG org.apache.http.headers - http-outgoing-33 >> Accept-Encoding: gzip,deflate
11:53:15.240 [Forwarding executeScript on session 37c14d504020035d1e6cd22a23b27d6d to remote] DEBUG org.apache.http.wire - http-outgoing-33 >> "POST /session/37c14d504020035d1e6cd22a23b27d6d/execute HTTP/1.1[\r][\n]"
11:53:15.240 [Forwarding executeScript on session 37c14d504020035d1e6cd22a23b27d6d to remote] DEBUG org.apache.http.wire - http-outgoing-33 >> "Content-Type: application/json; charset=utf-8[\r][\n]"
11:53:15.240 [Forwarding executeScript on session 37c14d504020035d1e6cd22a23b27d6d to remote] DEBUG org.apache.http.wire - http-outgoing-33 >> "Content-Length: 44[\r][\n]"
11:53:15.240 [Forwarding executeScript on session 37c14d504020035d1e6cd22a23b27d6d to remote] DEBUG org.apache.http.wire - http-outgoing-33 >> "Host: localhost:38386[\r][\n]"
11:53:15.240 [Forwarding executeScript on session 37c14d504020035d1e6cd22a23b27d6d to remote] DEBUG org.apache.http.wire - http-outgoing-33 >> "Connection: Keep-Alive[\r][\n]"
11:53:15.240 [Forwarding executeScript on session 37c14d504020035d1e6cd22a23b27d6d to remote] DEBUG org.apache.http.wire - http-outgoing-33 >> "User-Agent: Apache-HttpClient/4.5.2 (Java/1.8.0_111)[\r][\n]"
11:53:15.240 [Forwarding executeScript on session 37c14d504020035d1e6cd22a23b27d6d to remote] DEBUG org.apache.http.wire - http-outgoing-33 >> "Accept-Encoding: gzip,deflate[\r][\n]"
11:53:15.240 [Forwarding executeScript on session 37c14d504020035d1e6cd22a23b27d6d to remote] DEBUG org.apache.http.wire - http-outgoing-33 >> "[\r][\n]"
11:53:15.240 [Forwarding executeScript on session 37c14d504020035d1e6cd22a23b27d6d to remote] DEBUG org.apache.http.wire - http-outgoing-33 >> "{"script":"window.scrollTo(0,0);","args":[]}"
11:53:15.252 [Forwarding executeScript on session 37c14d504020035d1e6cd22a23b27d6d to remote] DEBUG org.apache.http.wire - http-outgoing-33 << "HTTP/1.1 200 OK[\r][\n]"
11:53:15.252 [Forwarding executeScript on session 37c14d504020035d1e6cd22a23b27d6d to remote] DEBUG org.apache.http.wire - http-outgoing-33 << "Content-Length:72[\r][\n]"
11:53:15.252 [Forwarding executeScript on session 37c14d504020035d1e6cd22a23b27d6d to remote] DEBUG org.apache.http.wire - http-outgoing-33 << "Content-Type:application/json; charset=utf-8[\r][\n]"
11:53:15.252 [Forwarding executeScript on session 37c14d504020035d1e6cd22a23b27d6d to remote] DEBUG org.apache.http.wire - http-outgoing-33 << "Connection:close[\r][\n]"
11:53:15.252 [Forwarding executeScript on session 37c14d504020035d1e6cd22a23b27d6d to remote] DEBUG org.apache.http.wire - http-outgoing-33 << "[\r][\n]"
11:53:15.252 [Forwarding executeScript on session 37c14d504020035d1e6cd22a23b27d6d to remote] DEBUG org.apache.http.wire - http-outgoing-33 << "{"sessionId":"37c14d504020035d1e6cd22a23b27d6d","status":0,"value":null}"
11:53:15.252 [Forwarding executeScript on session 37c14d504020035d1e6cd22a23b27d6d to remote] DEBUG org.apache.http.headers - http-outgoing-33 << HTTP/1.1 200 OK
11:53:15.252 [Forwarding executeScript on session 37c14d504020035d1e6cd22a23b27d6d to remote] DEBUG org.apache.http.headers - http-outgoing-33 << Content-Length:72
11:53:15.252 [Forwarding executeScript on session 37c14d504020035d1e6cd22a23b27d6d to remote] DEBUG org.apache.http.headers - http-outgoing-33 << Content-Type:application/json; charset=utf-8
11:53:15.252 [Forwarding executeScript on session 37c14d504020035d1e6cd22a23b27d6d to remote] DEBUG org.apache.http.headers - http-outgoing-33 << Connection:close
11:53:15.252 [Forwarding executeScript on session 37c14d504020035d1e6cd22a23b27d6d to remote] DEBUG o.a.h.i.c.DefaultManagedHttpClientConnection - http-outgoing-33: Close connection
11:53:15.252 [Forwarding executeScript on session 37c14d504020035d1e6cd22a23b27d6d to remote] DEBUG o.a.h.impl.execchain.MainClientExec - Connection discarded
11:53:15.252 [Forwarding executeScript on session 37c14d504020035d1e6cd22a23b27d6d to remote] DEBUG o.a.h.i.c.PoolingHttpClientConnectionManager - Connection released: [id: 33][route: {}->http://localhost:38386][total kept alive: 0; route allocated: 0 of 2000; total allocated: 0 of 2000]
11:53:15.254 [Forwarding getElementLocation on session 37c14d504020035d1e6cd22a23b27d6d to remote] DEBUG o.a.h.c.protocol.RequestAddCookies - CookieSpec selected: default
11:53:15.255 [Forwarding getElementLocation on session 37c14d504020035d1e6cd22a23b27d6d to remote] DEBUG o.a.h.c.protocol.RequestAuthCache - Auth cache not set in the context
11:53:15.255 [Forwarding getElementLocation on session 37c14d504020035d1e6cd22a23b27d6d to remote] DEBUG o.a.h.i.c.PoolingHttpClientConnectionManager - Connection request: [route: {}->http://localhost:38386][total kept alive: 0; route allocated: 0 of 2000; total allocated: 0 of 2000]
11:53:15.255 [Forwarding getElementLocation on session 37c14d504020035d1e6cd22a23b27d6d to remote] DEBUG o.a.h.i.c.PoolingHttpClientConnectionManager - Connection leased: [id: 34][route: {}->http://localhost:38386][total kept alive: 0; route allocated: 1 of 2000; total allocated: 1 of 2000]
11:53:15.255 [Forwarding getElementLocation on session 37c14d504020035d1e6cd22a23b27d6d to remote] DEBUG o.a.h.impl.execchain.MainClientExec - Opening connection {}->http://localhost:38386
11:53:15.255 [Forwarding getElementLocation on session 37c14d504020035d1e6cd22a23b27d6d to remote] DEBUG o.a.h.i.c.DefaultHttpClientConnectionOperator - Connecting to localhost/127.0.0.1:38386
11:53:15.256 [Forwarding getElementLocation on session 37c14d504020035d1e6cd22a23b27d6d to remote] DEBUG o.a.h.i.c.DefaultHttpClientConnectionOperator - Connection established 127.0.0.1:55428<->127.0.0.1:38386
11:53:15.256 [Forwarding getElementLocation on session 37c14d504020035d1e6cd22a23b27d6d to remote] DEBUG o.a.h.i.c.DefaultManagedHttpClientConnection - http-outgoing-34: set socket timeout to 10800000
11:53:15.256 [Forwarding getElementLocation on session 37c14d504020035d1e6cd22a23b27d6d to remote] DEBUG o.a.h.impl.execchain.MainClientExec - Executing request GET /session/37c14d504020035d1e6cd22a23b27d6d/element/0.8965113778999618-1/location HTTP/1.1
11:53:15.256 [Forwarding getElementLocation on session 37c14d504020035d1e6cd22a23b27d6d to remote] DEBUG o.a.h.impl.execchain.MainClientExec - Target auth state: UNCHALLENGED
11:53:15.256 [Forwarding getElementLocation on session 37c14d504020035d1e6cd22a23b27d6d to remote] DEBUG o.a.h.impl.execchain.MainClientExec - Proxy auth state: UNCHALLENGED
11:53:15.256 [Forwarding getElementLocation on session 37c14d504020035d1e6cd22a23b27d6d to remote] DEBUG org.apache.http.headers - http-outgoing-34 >> GET /session/37c14d504020035d1e6cd22a23b27d6d/element/0.8965113778999618-1/location HTTP/1.1
11:53:15.256 [Forwarding getElementLocation on session 37c14d504020035d1e6cd22a23b27d6d to remote] DEBUG org.apache.http.headers - http-outgoing-34 >> Cache-Control: no-cache
11:53:15.257 [Forwarding getElementLocation on session 37c14d504020035d1e6cd22a23b27d6d to remote] DEBUG org.apache.http.headers - http-outgoing-34 >> Host: localhost:38386
11:53:15.257 [Forwarding getElementLocation on session 37c14d504020035d1e6cd22a23b27d6d to remote] DEBUG org.apache.http.headers - http-outgoing-34 >> Connection: Keep-Alive
11:53:15.257 [Forwarding getElementLocation on session 37c14d504020035d1e6cd22a23b27d6d to remote] DEBUG org.apache.http.headers - http-outgoing-34 >> User-Agent: Apache-HttpClient/4.5.2 (Java/1.8.0_111)
11:53:15.257 [Forwarding getElementLocation on session 37c14d504020035d1e6cd22a23b27d6d to remote] DEBUG org.apache.http.headers - http-outgoing-34 >> Accept-Encoding: gzip,deflate
11:53:15.257 [Forwarding getElementLocation on session 37c14d504020035d1e6cd22a23b27d6d to remote] DEBUG org.apache.http.wire - http-outgoing-34 >> "GET /session/37c14d504020035d1e6cd22a23b27d6d/element/0.8965113778999618-1/location HTTP/1.1[\r][\n]"
11:53:15.257 [Forwarding getElementLocation on session 37c14d504020035d1e6cd22a23b27d6d to remote] DEBUG org.apache.http.wire - http-outgoing-34 >> "Cache-Control: no-cache[\r][\n]"
11:53:15.257 [Forwarding getElementLocation on session 37c14d504020035d1e6cd22a23b27d6d to remote] DEBUG org.apache.http.wire - http-outgoing-34 >> "Host: localhost:38386[\r][\n]"
11:53:15.257 [Forwarding getElementLocation on session 37c14d504020035d1e6cd22a23b27d6d to remote] DEBUG org.apache.http.wire - http-outgoing-34 >> "Connection: Keep-Alive[\r][\n]"
11:53:15.257 [Forwarding getElementLocation on session 37c14d504020035d1e6cd22a23b27d6d to remote] DEBUG org.apache.http.wire - http-outgoing-34 >> "User-Agent: Apache-HttpClient/4.5.2 (Java/1.8.0_111)[\r][\n]"
11:53:15.257 [Forwarding getElementLocation on session 37c14d504020035d1e6cd22a23b27d6d to remote] DEBUG org.apache.http.wire - http-outgoing-34 >> "Accept-Encoding: gzip,deflate[\r][\n]"
11:53:15.257 [Forwarding getElementLocation on session 37c14d504020035d1e6cd22a23b27d6d to remote] DEBUG org.apache.http.wire - http-outgoing-34 >> "[\r][\n]"
11:53:15.269 [Forwarding getElementLocation on session 37c14d504020035d1e6cd22a23b27d6d to remote] DEBUG org.apache.http.wire - http-outgoing-34 << "HTTP/1.1 200 OK[\r][\n]"
11:53:15.269 [Forwarding getElementLocation on session 37c14d504020035d1e6cd22a23b27d6d to remote] DEBUG org.apache.http.wire - http-outgoing-34 << "Content-Length:181[\r][\n]"
11:53:15.269 [Forwarding getElementLocation on session 37c14d504020035d1e6cd22a23b27d6d to remote] DEBUG org.apache.http.wire - http-outgoing-34 << "Content-Type:application/json; charset=utf-8[\r][\n]"
11:53:15.269 [Forwarding getElementLocation on session 37c14d504020035d1e6cd22a23b27d6d to remote] DEBUG org.apache.http.wire - http-outgoing-34 << "Connection:close[\r][\n]"
11:53:15.269 [Forwarding getElementLocation on session 37c14d504020035d1e6cd22a23b27d6d to remote] DEBUG org.apache.http.wire - http-outgoing-34 << "[\r][\n]"
11:53:15.269 [Forwarding getElementLocation on session 37c14d504020035d1e6cd22a23b27d6d to remote] DEBUG org.apache.http.wire - http-outgoing-34 << "{"sessionId":"37c14d504020035d1e6cd22a23b27d6d","status":0,"value":{"ceil":{},"clone":{},"floor":{},"round":{},"scale":{},"toString":{},"translate":{},"x":623.484375,"y":356.78125}}"
11:53:15.269 [Forwarding getElementLocation on session 37c14d504020035d1e6cd22a23b27d6d to remote] DEBUG org.apache.http.headers - http-outgoing-34 << HTTP/1.1 200 OK
11:53:15.270 [Forwarding getElementLocation on session 37c14d504020035d1e6cd22a23b27d6d to remote] DEBUG org.apache.http.headers - http-outgoing-34 << Content-Length:181
11:53:15.270 [Forwarding getElementLocation on session 37c14d504020035d1e6cd22a23b27d6d to remote] DEBUG org.apache.http.headers - http-outgoing-34 << Content-Type:application/json; charset=utf-8
11:53:15.270 [Forwarding getElementLocation on session 37c14d504020035d1e6cd22a23b27d6d to remote] DEBUG org.apache.http.headers - http-outgoing-34 << Connection:close
11:53:15.270 [Forwarding getElementLocation on session 37c14d504020035d1e6cd22a23b27d6d to remote] DEBUG o.a.h.i.c.DefaultManagedHttpClientConnection - http-outgoing-34: Close connection
11:53:15.270 [Forwarding getElementLocation on session 37c14d504020035d1e6cd22a23b27d6d to remote] DEBUG o.a.h.impl.execchain.MainClientExec - Connection discarded
11:53:15.270 [Forwarding getElementLocation on session 37c14d504020035d1e6cd22a23b27d6d to remote] DEBUG o.a.h.i.c.PoolingHttpClientConnectionManager - Connection released: [id: 34][route: {}->http://localhost:38386][total kept alive: 0; route allocated: 0 of 2000; total allocated: 0 of 2000]
11:53:15.271 [Forwarding executeScript on session 37c14d504020035d1e6cd22a23b27d6d to remote] DEBUG o.a.h.c.protocol.RequestAddCookies - CookieSpec selected: default
11:53:15.271 [Forwarding executeScript on session 37c14d504020035d1e6cd22a23b27d6d to remote] DEBUG o.a.h.c.protocol.RequestAuthCache - Auth cache not set in the context
11:53:15.271 [Forwarding executeScript on session 37c14d504020035d1e6cd22a23b27d6d to remote] DEBUG o.a.h.i.c.PoolingHttpClientConnectionManager - Connection request: [route: {}->http://localhost:38386][total kept alive: 0; route allocated: 0 of 2000; total allocated: 0 of 2000]
11:53:15.271 [Forwarding executeScript on session 37c14d504020035d1e6cd22a23b27d6d to remote] DEBUG o.a.h.i.c.PoolingHttpClientConnectionManager - Connection leased: [id: 35][route: {}->http://localhost:38386][total kept alive: 0; route allocated: 1 of 2000; total allocated: 1 of 2000]
11:53:15.271 [Forwarding executeScript on session 37c14d504020035d1e6cd22a23b27d6d to remote] DEBUG o.a.h.impl.execchain.MainClientExec - Opening connection {}->http://localhost:38386
11:53:15.271 [Forwarding executeScript on session 37c14d504020035d1e6cd22a23b27d6d to remote] DEBUG o.a.h.i.c.DefaultHttpClientConnectionOperator - Connecting to localhost/127.0.0.1:38386
11:53:15.272 [Forwarding executeScript on session 37c14d504020035d1e6cd22a23b27d6d to remote] DEBUG o.a.h.i.c.DefaultHttpClientConnectionOperator - Connection established 127.0.0.1:55431<->127.0.0.1:38386
11:53:15.272 [Forwarding executeScript on session 37c14d504020035d1e6cd22a23b27d6d to remote] DEBUG o.a.h.i.c.DefaultManagedHttpClientConnection - http-outgoing-35: set socket timeout to 10800000
11:53:15.272 [Forwarding executeScript on session 37c14d504020035d1e6cd22a23b27d6d to remote] DEBUG o.a.h.impl.execchain.MainClientExec - Executing request POST /session/37c14d504020035d1e6cd22a23b27d6d/execute HTTP/1.1
11:53:15.272 [Forwarding executeScript on session 37c14d504020035d1e6cd22a23b27d6d to remote] DEBUG o.a.h.impl.execchain.MainClientExec - Target auth state: UNCHALLENGED
11:53:15.272 [Forwarding executeScript on session 37c14d504020035d1e6cd22a23b27d6d to remote] DEBUG o.a.h.impl.execchain.MainClientExec - Proxy auth state: UNCHALLENGED
11:53:15.272 [Forwarding executeScript on session 37c14d504020035d1e6cd22a23b27d6d to remote] DEBUG org.apache.http.headers - http-outgoing-35 >> POST /session/37c14d504020035d1e6cd22a23b27d6d/execute HTTP/1.1
11:53:15.272 [Forwarding executeScript on session 37c14d504020035d1e6cd22a23b27d6d to remote] DEBUG org.apache.http.headers - http-outgoing-35 >> Content-Type: application/json; charset=utf-8
11:53:15.272 [Forwarding executeScript on session 37c14d504020035d1e6cd22a23b27d6d to remote] DEBUG org.apache.http.headers - http-outgoing-35 >> Content-Length: 46
11:53:15.272 [Forwarding executeScript on session 37c14d504020035d1e6cd22a23b27d6d to remote] DEBUG org.apache.http.headers - http-outgoing-35 >> Host: localhost:38386
11:53:15.272 [Forwarding executeScript on session 37c14d504020035d1e6cd22a23b27d6d to remote] DEBUG org.apache.http.headers - http-outgoing-35 >> Connection: Keep-Alive
11:53:15.272 [Forwarding executeScript on session 37c14d504020035d1e6cd22a23b27d6d to remote] DEBUG org.apache.http.headers - http-outgoing-35 >> User-Agent: Apache-HttpClient/4.5.2 (Java/1.8.0_111)
11:53:15.272 [Forwarding executeScript on session 37c14d504020035d1e6cd22a23b27d6d to remote] DEBUG org.apache.http.headers - http-outgoing-35 >> Accept-Encoding: gzip,deflate
11:53:15.272 [Forwarding executeScript on session 37c14d504020035d1e6cd22a23b27d6d to remote] DEBUG org.apache.http.wire - http-outgoing-35 >> "POST /session/37c14d504020035d1e6cd22a23b27d6d/execute HTTP/1.1[\r][\n]"
11:53:15.272 [Forwarding executeScript on session 37c14d504020035d1e6cd22a23b27d6d to remote] DEBUG org.apache.http.wire - http-outgoing-35 >> "Content-Type: application/json; charset=utf-8[\r][\n]"
11:53:15.272 [Forwarding executeScript on session 37c14d504020035d1e6cd22a23b27d6d to remote] DEBUG org.apache.http.wire - http-outgoing-35 >> "Content-Length: 46[\r][\n]"
11:53:15.272 [Forwarding executeScript on session 37c14d504020035d1e6cd22a23b27d6d to remote] DEBUG org.apache.http.wire - http-outgoing-35 >> "Host: localhost:38386[\r][\n]"
11:53:15.272 [Forwarding executeScript on session 37c14d504020035d1e6cd22a23b27d6d to remote] DEBUG org.apache.http.wire - http-outgoing-35 >> "Connection: Keep-Alive[\r][\n]"
11:53:15.272 [Forwarding executeScript on session 37c14d504020035d1e6cd22a23b27d6d to remote] DEBUG org.apache.http.wire - http-outgoing-35 >> "User-Agent: Apache-HttpClient/4.5.2 (Java/1.8.0_111)[\r][\n]"
11:53:15.272 [Forwarding executeScript on session 37c14d504020035d1e6cd22a23b27d6d to remote] DEBUG org.apache.http.wire - http-outgoing-35 >> "Accept-Encoding: gzip,deflate[\r][\n]"
11:53:15.272 [Forwarding executeScript on session 37c14d504020035d1e6cd22a23b27d6d to remote] DEBUG org.apache.http.wire - http-outgoing-35 >> "[\r][\n]"
11:53:15.272 [Forwarding executeScript on session 37c14d504020035d1e6cd22a23b27d6d to remote] DEBUG org.apache.http.wire - http-outgoing-35 >> "{"script":"window.scroll(623,236);","args":[]}"
11:53:15.282 [Forwarding executeScript on session 37c14d504020035d1e6cd22a23b27d6d to remote] DEBUG org.apache.http.wire - http-outgoing-35 << "HTTP/1.1 200 OK[\r][\n]"
11:53:15.282 [Forwarding executeScript on session 37c14d504020035d1e6cd22a23b27d6d to remote] DEBUG org.apache.http.wire - http-outgoing-35 << "Content-Length:72[\r][\n]"
11:53:15.282 [Forwarding executeScript on session 37c14d504020035d1e6cd22a23b27d6d to remote] DEBUG org.apache.http.wire - http-outgoing-35 << "Content-Type:application/json; charset=utf-8[\r][\n]"
11:53:15.282 [Forwarding executeScript on session 37c14d504020035d1e6cd22a23b27d6d to remote] DEBUG org.apache.http.wire - http-outgoing-35 << "Connection:close[\r][\n]"
11:53:15.282 [Forwarding executeScript on session 37c14d504020035d1e6cd22a23b27d6d to remote] DEBUG org.apache.http.wire - http-outgoing-35 << "[\r][\n]"
11:53:15.282 [Forwarding executeScript on session 37c14d504020035d1e6cd22a23b27d6d to remote] DEBUG org.apache.http.wire - http-outgoing-35 << "{"sessionId":"37c14d504020035d1e6cd22a23b27d6d","status":0,"value":null}"
11:53:15.282 [Forwarding executeScript on session 37c14d504020035d1e6cd22a23b27d6d to remote] DEBUG org.apache.http.headers - http-outgoing-35 << HTTP/1.1 200 OK
11:53:15.282 [Forwarding executeScript on session 37c14d504020035d1e6cd22a23b27d6d to remote] DEBUG org.apache.http.headers - http-outgoing-35 << Content-Length:72
11:53:15.282 [Forwarding executeScript on session 37c14d504020035d1e6cd22a23b27d6d to remote] DEBUG org.apache.http.headers - http-outgoing-35 << Content-Type:application/json; charset=utf-8
11:53:15.282 [Forwarding executeScript on session 37c14d504020035d1e6cd22a23b27d6d to remote] DEBUG org.apache.http.headers - http-outgoing-35 << Connection:close
11:53:15.283 [Forwarding executeScript on session 37c14d504020035d1e6cd22a23b27d6d to remote] DEBUG o.a.h.i.c.DefaultManagedHttpClientConnection - http-outgoing-35: Close connection
11:53:15.283 [Forwarding executeScript on session 37c14d504020035d1e6cd22a23b27d6d to remote] DEBUG o.a.h.impl.execchain.MainClientExec - Connection discarded
11:53:15.283 [Forwarding executeScript on session 37c14d504020035d1e6cd22a23b27d6d to remote] DEBUG o.a.h.i.c.PoolingHttpClientConnectionManager - Connection released: [id: 35][route: {}->http://localhost:38386][total kept alive: 0; route allocated: 0 of 2000; total allocated: 0 of 2000]
11:53:15.284 [Forwarding getElementText on session 37c14d504020035d1e6cd22a23b27d6d to remote] DEBUG o.a.h.c.protocol.RequestAddCookies - CookieSpec selected: default
11:53:15.284 [Forwarding getElementText on session 37c14d504020035d1e6cd22a23b27d6d to remote] DEBUG o.a.h.c.protocol.RequestAuthCache - Auth cache not set in the context
11:53:15.284 [Forwarding getElementText on session 37c14d504020035d1e6cd22a23b27d6d to remote] DEBUG o.a.h.i.c.PoolingHttpClientConnectionManager - Connection request: [route: {}->http://localhost:38386][total kept alive: 0; route allocated: 0 of 2000; total allocated: 0 of 2000]
11:53:15.284 [Forwarding getElementText on session 37c14d504020035d1e6cd22a23b27d6d to remote] DEBUG o.a.h.i.c.PoolingHttpClientConnectionManager - Connection leased: [id: 36][route: {}->http://localhost:38386][total kept alive: 0; route allocated: 1 of 2000; total allocated: 1 of 2000]
11:53:15.284 [Forwarding getElementText on session 37c14d504020035d1e6cd22a23b27d6d to remote] DEBUG o.a.h.impl.execchain.MainClientExec - Opening connection {}->http://localhost:38386
11:53:15.284 [Forwarding getElementText on session 37c14d504020035d1e6cd22a23b27d6d to remote] DEBUG o.a.h.i.c.DefaultHttpClientConnectionOperator - Connecting to localhost/127.0.0.1:38386
11:53:15.284 [Forwarding getElementText on session 37c14d504020035d1e6cd22a23b27d6d to remote] DEBUG o.a.h.i.c.DefaultHttpClientConnectionOperator - Connection established 127.0.0.1:55432<->127.0.0.1:38386
11:53:15.284 [Forwarding getElementText on session 37c14d504020035d1e6cd22a23b27d6d to remote] DEBUG o.a.h.i.c.DefaultManagedHttpClientConnection - http-outgoing-36: set socket timeout to 10800000
11:53:15.284 [Forwarding getElementText on session 37c14d504020035d1e6cd22a23b27d6d to remote] DEBUG o.a.h.impl.execchain.MainClientExec - Executing request GET /session/37c14d504020035d1e6cd22a23b27d6d/element/0.8965113778999618-1/text HTTP/1.1
11:53:15.284 [Forwarding getElementText on session 37c14d504020035d1e6cd22a23b27d6d to remote] DEBUG o.a.h.impl.execchain.MainClientExec - Target auth state: UNCHALLENGED
11:53:15.284 [Forwarding getElementText on session 37c14d504020035d1e6cd22a23b27d6d to remote] DEBUG o.a.h.impl.execchain.MainClientExec - Proxy auth state: UNCHALLENGED
11:53:15.284 [Forwarding getElementText on session 37c14d504020035d1e6cd22a23b27d6d to remote] DEBUG org.apache.http.headers - http-outgoing-36 >> GET /session/37c14d504020035d1e6cd22a23b27d6d/element/0.8965113778999618-1/text HTTP/1.1
11:53:15.284 [Forwarding getElementText on session 37c14d504020035d1e6cd22a23b27d6d to remote] DEBUG org.apache.http.headers - http-outgoing-36 >> Cache-Control: no-cache
11:53:15.284 [Forwarding getElementText on session 37c14d504020035d1e6cd22a23b27d6d to remote] DEBUG org.apache.http.headers - http-outgoing-36 >> Host: localhost:38386
11:53:15.284 [Forwarding getElementText on session 37c14d504020035d1e6cd22a23b27d6d to remote] DEBUG org.apache.http.headers - http-outgoing-36 >> Connection: Keep-Alive
11:53:15.284 [Forwarding getElementText on session 37c14d504020035d1e6cd22a23b27d6d to remote] DEBUG org.apache.http.headers - http-outgoing-36 >> User-Agent: Apache-HttpClient/4.5.2 (Java/1.8.0_111)
11:53:15.284 [Forwarding getElementText on session 37c14d504020035d1e6cd22a23b27d6d to remote] DEBUG org.apache.http.headers - http-outgoing-36 >> Accept-Encoding: gzip,deflate
11:53:15.284 [Forwarding getElementText on session 37c14d504020035d1e6cd22a23b27d6d to remote] DEBUG org.apache.http.wire - http-outgoing-36 >> "GET /session/37c14d504020035d1e6cd22a23b27d6d/element/0.8965113778999618-1/text HTTP/1.1[\r][\n]"
11:53:15.285 [Forwarding getElementText on session 37c14d504020035d1e6cd22a23b27d6d to remote] DEBUG org.apache.http.wire - http-outgoing-36 >> "Cache-Control: no-cache[\r][\n]"
11:53:15.285 [Forwarding getElementText on session 37c14d504020035d1e6cd22a23b27d6d to remote] DEBUG org.apache.http.wire - http-outgoing-36 >> "Host: localhost:38386[\r][\n]"
11:53:15.285 [Forwarding getElementText on session 37c14d504020035d1e6cd22a23b27d6d to remote] DEBUG org.apache.http.wire - http-outgoing-36 >> "Connection: Keep-Alive[\r][\n]"
11:53:15.285 [Forwarding getElementText on session 37c14d504020035d1e6cd22a23b27d6d to remote] DEBUG org.apache.http.wire - http-outgoing-36 >> "User-Agent: Apache-HttpClient/4.5.2 (Java/1.8.0_111)[\r][\n]"
11:53:15.285 [Forwarding getElementText on session 37c14d504020035d1e6cd22a23b27d6d to remote] DEBUG org.apache.http.wire - http-outgoing-36 >> "Accept-Encoding: gzip,deflate[\r][\n]"
11:53:15.285 [Forwarding getElementText on session 37c14d504020035d1e6cd22a23b27d6d to remote] DEBUG org.apache.http.wire - http-outgoing-36 >> "[\r][\n]"
11:53:15.308 [Forwarding getElementText on session 37c14d504020035d1e6cd22a23b27d6d to remote] DEBUG org.apache.http.wire - http-outgoing-36 << "HTTP/1.1 200 OK[\r][\n]"
11:53:15.308 [Forwarding getElementText on session 37c14d504020035d1e6cd22a23b27d6d to remote] DEBUG org.apache.http.wire - http-outgoing-36 << "Content-Length:125[\r][\n]"
11:53:15.308 [Forwarding getElementText on session 37c14d504020035d1e6cd22a23b27d6d to remote] DEBUG org.apache.http.wire - http-outgoing-36 << "Content-Type:application/json; charset=utf-8[\r][\n]"
11:53:15.308 [Forwarding getElementText on session 37c14d504020035d1e6cd22a23b27d6d to remote] DEBUG org.apache.http.wire - http-outgoing-36 << "Connection:close[\r][\n]"
11:53:15.308 [Forwarding getElementText on session 37c14d504020035d1e6cd22a23b27d6d to remote] DEBUG org.apache.http.wire - http-outgoing-36 << "[\r][\n]"
11:53:15.308 [Forwarding getElementText on session 37c14d504020035d1e6cd22a23b27d6d to remote] DEBUG org.apache.http.wire - http-outgoing-36 << "{"sessionId":"37c14d504020035d1e6cd22a23b27d6d","status":0,"value":"We sent you a link to sign in. Please check your inbox."}"
11:53:15.308 [Forwarding getElementText on session 37c14d504020035d1e6cd22a23b27d6d to remote] DEBUG org.apache.http.headers - http-outgoing-36 << HTTP/1.1 200 OK
11:53:15.308 [Forwarding getElementText on session 37c14d504020035d1e6cd22a23b27d6d to remote] DEBUG org.apache.http.headers - http-outgoing-36 << Content-Length:125
11:53:15.308 [Forwarding getElementText on session 37c14d504020035d1e6cd22a23b27d6d to remote] DEBUG org.apache.http.headers - http-outgoing-36 << Content-Type:application/json; charset=utf-8
11:53:15.308 [Forwarding getElementText on session 37c14d504020035d1e6cd22a23b27d6d to remote] DEBUG org.apache.http.headers - http-outgoing-36 << Connection:close
11:53:15.308 [Forwarding getElementText on session 37c14d504020035d1e6cd22a23b27d6d to remote] DEBUG o.a.h.i.c.DefaultManagedHttpClientConnection - http-outgoing-36: Close connection
11:53:15.308 [Forwarding getElementText on session 37c14d504020035d1e6cd22a23b27d6d to remote] DEBUG o.a.h.impl.execchain.MainClientExec - Connection discarded
11:53:15.308 [Forwarding getElementText on session 37c14d504020035d1e6cd22a23b27d6d to remote] DEBUG o.a.h.i.c.PoolingHttpClientConnectionManager - Connection released: [id: 36][route: {}->http://localhost:38386][total kept alive: 0; route allocated: 0 of 2000; total allocated: 0 of 2000]
We sent you a link to sign in. Please check your inbox.
11:53:15.309 [Forwarding findElement on session 37c14d504020035d1e6cd22a23b27d6d to remote] DEBUG o.a.h.c.protocol.RequestAddCookies - CookieSpec selected: default
11:53:15.309 [Forwarding findElement on session 37c14d504020035d1e6cd22a23b27d6d to remote] DEBUG o.a.h.c.protocol.RequestAuthCache - Auth cache not set in the context
11:53:15.309 [Forwarding findElement on session 37c14d504020035d1e6cd22a23b27d6d to remote] DEBUG o.a.h.i.c.PoolingHttpClientConnectionManager - Connection request: [route: {}->http://localhost:38386][total kept alive: 0; route allocated: 0 of 2000; total allocated: 0 of 2000]
11:53:15.309 [Forwarding findElement on session 37c14d504020035d1e6cd22a23b27d6d to remote] DEBUG o.a.h.i.c.PoolingHttpClientConnectionManager - Connection leased: [id: 37][route: {}->http://localhost:38386][total kept alive: 0; route allocated: 1 of 2000; total allocated: 1 of 2000]
11:53:15.309 [Forwarding findElement on session 37c14d504020035d1e6cd22a23b27d6d to remote] DEBUG o.a.h.impl.execchain.MainClientExec - Opening connection {}->http://localhost:38386
11:53:15.309 [Forwarding findElement on session 37c14d504020035d1e6cd22a23b27d6d to remote] DEBUG o.a.h.i.c.DefaultHttpClientConnectionOperator - Connecting to localhost/127.0.0.1:38386
11:53:15.310 [Forwarding findElement on session 37c14d504020035d1e6cd22a23b27d6d to remote] DEBUG o.a.h.i.c.DefaultHttpClientConnectionOperator - Connection established 127.0.0.1:55435<->127.0.0.1:38386
11:53:15.310 [Forwarding findElement on session 37c14d504020035d1e6cd22a23b27d6d to remote] DEBUG o.a.h.i.c.DefaultManagedHttpClientConnection - http-outgoing-37: set socket timeout to 10800000
11:53:15.310 [Forwarding findElement on session 37c14d504020035d1e6cd22a23b27d6d to remote] DEBUG o.a.h.impl.execchain.MainClientExec - Executing request POST /session/37c14d504020035d1e6cd22a23b27d6d/element HTTP/1.1
11:53:15.310 [Forwarding findElement on session 37c14d504020035d1e6cd22a23b27d6d to remote] DEBUG o.a.h.impl.execchain.MainClientExec - Target auth state: UNCHALLENGED
11:53:15.310 [Forwarding findElement on session 37c14d504020035d1e6cd22a23b27d6d to remote] DEBUG o.a.h.impl.execchain.MainClientExec - Proxy auth state: UNCHALLENGED
11:53:15.310 [Forwarding findElement on session 37c14d504020035d1e6cd22a23b27d6d to remote] DEBUG org.apache.http.headers - http-outgoing-37 >> POST /session/37c14d504020035d1e6cd22a23b27d6d/element HTTP/1.1
11:53:15.310 [Forwarding findElement on session 37c14d504020035d1e6cd22a23b27d6d to remote] DEBUG org.apache.http.headers - http-outgoing-37 >> Content-Type: application/json; charset=utf-8
11:53:15.310 [Forwarding findElement on session 37c14d504020035d1e6cd22a23b27d6d to remote] DEBUG org.apache.http.headers - http-outgoing-37 >> Content-Length: 55
11:53:15.310 [Forwarding findElement on session 37c14d504020035d1e6cd22a23b27d6d to remote] DEBUG org.apache.http.headers - http-outgoing-37 >> Host: localhost:38386
11:53:15.310 [Forwarding findElement on session 37c14d504020035d1e6cd22a23b27d6d to remote] DEBUG org.apache.http.headers - http-outgoing-37 >> Connection: Keep-Alive
11:53:15.310 [Forwarding findElement on session 37c14d504020035d1e6cd22a23b27d6d to remote] DEBUG org.apache.http.headers - http-outgoing-37 >> User-Agent: Apache-HttpClient/4.5.2 (Java/1.8.0_111)
11:53:15.310 [Forwarding findElement on session 37c14d504020035d1e6cd22a23b27d6d to remote] DEBUG org.apache.http.headers - http-outgoing-37 >> Accept-Encoding: gzip,deflate
11:53:15.310 [Forwarding findElement on session 37c14d504020035d1e6cd22a23b27d6d to remote] DEBUG org.apache.http.wire - http-outgoing-37 >> "POST /session/37c14d504020035d1e6cd22a23b27d6d/element HTTP/1.1[\r][\n]"
11:53:15.310 [Forwarding findElement on session 37c14d504020035d1e6cd22a23b27d6d to remote] DEBUG org.apache.http.wire - http-outgoing-37 >> "Content-Type: application/json; charset=utf-8[\r][\n]"
11:53:15.310 [Forwarding findElement on session 37c14d504020035d1e6cd22a23b27d6d to remote] DEBUG org.apache.http.wire - http-outgoing-37 >> "Content-Length: 55[\r][\n]"
11:53:15.310 [Forwarding findElement on session 37c14d504020035d1e6cd22a23b27d6d to remote] DEBUG org.apache.http.wire - http-outgoing-37 >> "Host: localhost:38386[\r][\n]"
11:53:15.310 [Forwarding findElement on session 37c14d504020035d1e6cd22a23b27d6d to remote] DEBUG org.apache.http.wire - http-outgoing-37 >> "Connection: Keep-Alive[\r][\n]"
11:53:15.310 [Forwarding findElement on session 37c14d504020035d1e6cd22a23b27d6d to remote] DEBUG org.apache.http.wire - http-outgoing-37 >> "User-Agent: Apache-HttpClient/4.5.2 (Java/1.8.0_111)[\r][\n]"
11:53:15.310 [Forwarding findElement on session 37c14d504020035d1e6cd22a23b27d6d to remote] DEBUG org.apache.http.wire - http-outgoing-37 >> "Accept-Encoding: gzip,deflate[\r][\n]"
11:53:15.310 [Forwarding findElement on session 37c14d504020035d1e6cd22a23b27d6d to remote] DEBUG org.apache.http.wire - http-outgoing-37 >> "[\r][\n]"
11:53:15.311 [Forwarding findElement on session 37c14d504020035d1e6cd22a23b27d6d to remote] DEBUG org.apache.http.wire - http-outgoing-37 >> "{"using":"xpath","value":".//*[@id='password-button']"}"
11:53:15.329 [Forwarding findElement on session 37c14d504020035d1e6cd22a23b27d6d to remote] DEBUG org.apache.http.wire - http-outgoing-37 << "HTTP/1.1 200 OK[\r][\n]"
11:53:15.329 [Forwarding findElement on session 37c14d504020035d1e6cd22a23b27d6d to remote] DEBUG org.apache.http.wire - http-outgoing-37 << "Content-Length:102[\r][\n]"
11:53:15.329 [Forwarding findElement on session 37c14d504020035d1e6cd22a23b27d6d to remote] DEBUG org.apache.http.wire - http-outgoing-37 << "Content-Type:application/json; charset=utf-8[\r][\n]"
11:53:15.329 [Forwarding findElement on session 37c14d504020035d1e6cd22a23b27d6d to remote] DEBUG org.apache.http.wire - http-outgoing-37 << "Connection:close[\r][\n]"
11:53:15.329 [Forwarding findElement on session 37c14d504020035d1e6cd22a23b27d6d to remote] DEBUG org.apache.http.wire - http-outgoing-37 << "[\r][\n]"
11:53:15.329 [Forwarding findElement on session 37c14d504020035d1e6cd22a23b27d6d to remote] DEBUG org.apache.http.wire - http-outgoing-37 << "{"sessionId":"37c14d504020035d1e6cd22a23b27d6d","status":0,"value":{"ELEMENT":"0.8965113778999618-2"}}"
11:53:15.330 [Forwarding findElement on session 37c14d504020035d1e6cd22a23b27d6d to remote] DEBUG org.apache.http.headers - http-outgoing-37 << HTTP/1.1 200 OK
11:53:15.330 [Forwarding findElement on session 37c14d504020035d1e6cd22a23b27d6d to remote] DEBUG org.apache.http.headers - http-outgoing-37 << Content-Length:102
11:53:15.330 [Forwarding findElement on session 37c14d504020035d1e6cd22a23b27d6d to remote] DEBUG org.apache.http.headers - http-outgoing-37 << Content-Type:application/json; charset=utf-8
11:53:15.330 [Forwarding findElement on session 37c14d504020035d1e6cd22a23b27d6d to remote] DEBUG org.apache.http.headers - http-outgoing-37 << Connection:close
11:53:15.330 [Forwarding findElement on session 37c14d504020035d1e6cd22a23b27d6d to remote] DEBUG o.a.h.i.c.DefaultManagedHttpClientConnection - http-outgoing-37: Close connection
11:53:15.330 [Forwarding findElement on session 37c14d504020035d1e6cd22a23b27d6d to remote] DEBUG o.a.h.impl.execchain.MainClientExec - Connection discarded
11:53:15.330 [Forwarding findElement on session 37c14d504020035d1e6cd22a23b27d6d to remote] DEBUG o.a.h.i.c.PoolingHttpClientConnectionManager - Connection released: [id: 37][route: {}->http://localhost:38386][total kept alive: 0; route allocated: 0 of 2000; total allocated: 0 of 2000]
11:53:15.331 [Forwarding executeScript on session 37c14d504020035d1e6cd22a23b27d6d to remote] DEBUG o.a.h.c.protocol.RequestAddCookies - CookieSpec selected: default
11:53:15.331 [Forwarding executeScript on session 37c14d504020035d1e6cd22a23b27d6d to remote] DEBUG o.a.h.c.protocol.RequestAuthCache - Auth cache not set in the context
11:53:15.331 [Forwarding executeScript on session 37c14d504020035d1e6cd22a23b27d6d to remote] DEBUG o.a.h.i.c.PoolingHttpClientConnectionManager - Connection request: [route: {}->http://localhost:38386][total kept alive: 0; route allocated: 0 of 2000; total allocated: 0 of 2000]
11:53:15.331 [Forwarding executeScript on session 37c14d504020035d1e6cd22a23b27d6d to remote] DEBUG o.a.h.i.c.PoolingHttpClientConnectionManager - Connection leased: [id: 38][route: {}->http://localhost:38386][total kept alive: 0; route allocated: 1 of 2000; total allocated: 1 of 2000]
11:53:15.331 [Forwarding executeScript on session 37c14d504020035d1e6cd22a23b27d6d to remote] DEBUG o.a.h.impl.execchain.MainClientExec - Opening connection {}->http://localhost:38386
11:53:15.331 [Forwarding executeScript on session 37c14d504020035d1e6cd22a23b27d6d to remote] DEBUG o.a.h.i.c.DefaultHttpClientConnectionOperator - Connecting to localhost/127.0.0.1:38386
11:53:15.332 [Forwarding executeScript on session 37c14d504020035d1e6cd22a23b27d6d to remote] DEBUG o.a.h.i.c.DefaultHttpClientConnectionOperator - Connection established 127.0.0.1:55438<->127.0.0.1:38386
11:53:15.332 [Forwarding executeScript on session 37c14d504020035d1e6cd22a23b27d6d to remote] DEBUG o.a.h.i.c.DefaultManagedHttpClientConnection - http-outgoing-38: set socket timeout to 10800000
11:53:15.332 [Forwarding executeScript on session 37c14d504020035d1e6cd22a23b27d6d to remote] DEBUG o.a.h.impl.execchain.MainClientExec - Executing request POST /session/37c14d504020035d1e6cd22a23b27d6d/execute HTTP/1.1
11:53:15.332 [Forwarding executeScript on session 37c14d504020035d1e6cd22a23b27d6d to remote] DEBUG o.a.h.impl.execchain.MainClientExec - Target auth state: UNCHALLENGED
11:53:15.332 [Forwarding executeScript on session 37c14d504020035d1e6cd22a23b27d6d to remote] DEBUG o.a.h.impl.execchain.MainClientExec - Proxy auth state: UNCHALLENGED
11:53:15.332 [Forwarding executeScript on session 37c14d504020035d1e6cd22a23b27d6d to remote] DEBUG org.apache.http.headers - http-outgoing-38 >> POST /session/37c14d504020035d1e6cd22a23b27d6d/execute HTTP/1.1
11:53:15.332 [Forwarding executeScript on session 37c14d504020035d1e6cd22a23b27d6d to remote] DEBUG org.apache.http.headers - http-outgoing-38 >> Content-Type: application/json; charset=utf-8
11:53:15.332 [Forwarding executeScript on session 37c14d504020035d1e6cd22a23b27d6d to remote] DEBUG org.apache.http.headers - http-outgoing-38 >> Content-Length: 161
11:53:15.332 [Forwarding executeScript on session 37c14d504020035d1e6cd22a23b27d6d to remote] DEBUG org.apache.http.headers - http-outgoing-38 >> Host: localhost:38386
11:53:15.332 [Forwarding executeScript on session 37c14d504020035d1e6cd22a23b27d6d to remote] DEBUG org.apache.http.headers - http-outgoing-38 >> Connection: Keep-Alive
11:53:15.332 [Forwarding executeScript on session 37c14d504020035d1e6cd22a23b27d6d to remote] DEBUG org.apache.http.headers - http-outgoing-38 >> User-Agent: Apache-HttpClient/4.5.2 (Java/1.8.0_111)
11:53:15.332 [Forwarding executeScript on session 37c14d504020035d1e6cd22a23b27d6d to remote] DEBUG org.apache.http.headers - http-outgoing-38 >> Accept-Encoding: gzip,deflate
11:53:15.332 [Forwarding executeScript on session 37c14d504020035d1e6cd22a23b27d6d to remote] DEBUG org.apache.http.wire - http-outgoing-38 >> "POST /session/37c14d504020035d1e6cd22a23b27d6d/execute HTTP/1.1[\r][\n]"
11:53:15.332 [Forwarding executeScript on session 37c14d504020035d1e6cd22a23b27d6d to remote] DEBUG org.apache.http.wire - http-outgoing-38 >> "Content-Type: application/json; charset=utf-8[\r][\n]"
11:53:15.332 [Forwarding executeScript on session 37c14d504020035d1e6cd22a23b27d6d to remote] DEBUG org.apache.http.wire - http-outgoing-38 >> "Content-Length: 161[\r][\n]"
11:53:15.332 [Forwarding executeScript on session 37c14d504020035d1e6cd22a23b27d6d to remote] DEBUG org.apache.http.wire - http-outgoing-38 >> "Host: localhost:38386[\r][\n]"
11:53:15.332 [Forwarding executeScript on session 37c14d504020035d1e6cd22a23b27d6d to remote] DEBUG org.apache.http.wire - http-outgoing-38 >> "Connection: Keep-Alive[\r][\n]"
11:53:15.332 [Forwarding executeScript on session 37c14d504020035d1e6cd22a23b27d6d to remote] DEBUG org.apache.http.wire - http-outgoing-38 >> "User-Agent: Apache-HttpClient/4.5.2 (Java/1.8.0_111)[\r][\n]"
11:53:15.332 [Forwarding executeScript on session 37c14d504020035d1e6cd22a23b27d6d to remote] DEBUG org.apache.http.wire - http-outgoing-38 >> "Accept-Encoding: gzip,deflate[\r][\n]"
11:53:15.332 [Forwarding executeScript on session 37c14d504020035d1e6cd22a23b27d6d to remote] DEBUG org.apache.http.wire - http-outgoing-38 >> "[\r][\n]"
11:53:15.332 [Forwarding executeScript on session 37c14d504020035d1e6cd22a23b27d6d to remote] DEBUG org.apache.http.wire - http-outgoing-38 >> "{"script":"arguments[0].style.border='4px solid green'","args":[{"ELEMENT":"0.8965113778999618-2","element-6066-11e4-a52e-4f735466cecf":"0.8965113778999618-2"}]}"
11:53:15.343 [Forwarding executeScript on session 37c14d504020035d1e6cd22a23b27d6d to remote] DEBUG org.apache.http.wire - http-outgoing-38 << "HTTP/1.1 200 OK[\r][\n]"
11:53:15.344 [Forwarding executeScript on session 37c14d504020035d1e6cd22a23b27d6d to remote] DEBUG org.apache.http.wire - http-outgoing-38 << "Content-Length:72[\r][\n]"
11:53:15.344 [Forwarding executeScript on session 37c14d504020035d1e6cd22a23b27d6d to remote] DEBUG org.apache.http.wire - http-outgoing-38 << "Content-Type:application/json; charset=utf-8[\r][\n]"
11:53:15.344 [Forwarding executeScript on session 37c14d504020035d1e6cd22a23b27d6d to remote] DEBUG org.apache.http.wire - http-outgoing-38 << "Connection:close[\r][\n]"
11:53:15.344 [Forwarding executeScript on session 37c14d504020035d1e6cd22a23b27d6d to remote] DEBUG org.apache.http.wire - http-outgoing-38 << "[\r][\n]"
11:53:15.344 [Forwarding executeScript on session 37c14d504020035d1e6cd22a23b27d6d to remote] DEBUG org.apache.http.wire - http-outgoing-38 << "{"sessionId":"37c14d504020035d1e6cd22a23b27d6d","status":0,"value":null}"
11:53:15.344 [Forwarding executeScript on session 37c14d504020035d1e6cd22a23b27d6d to remote] DEBUG org.apache.http.headers - http-outgoing-38 << HTTP/1.1 200 OK
11:53:15.344 [Forwarding executeScript on session 37c14d504020035d1e6cd22a23b27d6d to remote] DEBUG org.apache.http.headers - http-outgoing-38 << Content-Length:72
11:53:15.344 [Forwarding executeScript on session 37c14d504020035d1e6cd22a23b27d6d to remote] DEBUG org.apache.http.headers - http-outgoing-38 << Content-Type:application/json; charset=utf-8
11:53:15.344 [Forwarding executeScript on session 37c14d504020035d1e6cd22a23b27d6d to remote] DEBUG org.apache.http.headers - http-outgoing-38 << Connection:close
11:53:15.344 [Forwarding executeScript on session 37c14d504020035d1e6cd22a23b27d6d to remote] DEBUG o.a.h.i.c.DefaultManagedHttpClientConnection - http-outgoing-38: Close connection
11:53:15.344 [Forwarding executeScript on session 37c14d504020035d1e6cd22a23b27d6d to remote] DEBUG o.a.h.impl.execchain.MainClientExec - Connection discarded
11:53:15.344 [Forwarding executeScript on session 37c14d504020035d1e6cd22a23b27d6d to remote] DEBUG o.a.h.i.c.PoolingHttpClientConnectionManager - Connection released: [id: 38][route: {}->http://localhost:38386][total kept alive: 0; route allocated: 0 of 2000; total allocated: 0 of 2000]
11:53:15.346 [Forwarding findElement on session 37c14d504020035d1e6cd22a23b27d6d to remote] DEBUG o.a.h.c.protocol.RequestAddCookies - CookieSpec selected: default
11:53:15.346 [Forwarding findElement on session 37c14d504020035d1e6cd22a23b27d6d to remote] DEBUG o.a.h.c.protocol.RequestAuthCache - Auth cache not set in the context
11:53:15.346 [Forwarding findElement on session 37c14d504020035d1e6cd22a23b27d6d to remote] DEBUG o.a.h.i.c.PoolingHttpClientConnectionManager - Connection request: [route: {}->http://localhost:38386][total kept alive: 0; route allocated: 0 of 2000; total allocated: 0 of 2000]
11:53:15.346 [Forwarding findElement on session 37c14d504020035d1e6cd22a23b27d6d to remote] DEBUG o.a.h.i.c.PoolingHttpClientConnectionManager - Connection leased: [id: 39][route: {}->http://localhost:38386][total kept alive: 0; route allocated: 1 of 2000; total allocated: 1 of 2000]
11:53:15.346 [Forwarding findElement on session 37c14d504020035d1e6cd22a23b27d6d to remote] DEBUG o.a.h.impl.execchain.MainClientExec - Opening connection {}->http://localhost:38386
11:53:15.346 [Forwarding findElement on session 37c14d504020035d1e6cd22a23b27d6d to remote] DEBUG o.a.h.i.c.DefaultHttpClientConnectionOperator - Connecting to localhost/127.0.0.1:38386
11:53:15.347 [Forwarding findElement on session 37c14d504020035d1e6cd22a23b27d6d to remote] DEBUG o.a.h.i.c.DefaultHttpClientConnectionOperator - Connection established 127.0.0.1:55440<->127.0.0.1:38386
11:53:15.347 [Forwarding findElement on session 37c14d504020035d1e6cd22a23b27d6d to remote] DEBUG o.a.h.i.c.DefaultManagedHttpClientConnection - http-outgoing-39: set socket timeout to 10800000
11:53:15.347 [Forwarding findElement on session 37c14d504020035d1e6cd22a23b27d6d to remote] DEBUG o.a.h.impl.execchain.MainClientExec - Executing request POST /session/37c14d504020035d1e6cd22a23b27d6d/element HTTP/1.1
11:53:15.347 [Forwarding findElement on session 37c14d504020035d1e6cd22a23b27d6d to remote] DEBUG o.a.h.impl.execchain.MainClientExec - Target auth state: UNCHALLENGED
11:53:15.347 [Forwarding findElement on session 37c14d504020035d1e6cd22a23b27d6d to remote] DEBUG o.a.h.impl.execchain.MainClientExec - Proxy auth state: UNCHALLENGED
11:53:15.347 [Forwarding findElement on session 37c14d504020035d1e6cd22a23b27d6d to remote] DEBUG org.apache.http.headers - http-outgoing-39 >> POST /session/37c14d504020035d1e6cd22a23b27d6d/element HTTP/1.1
11:53:15.347 [Forwarding findElement on session 37c14d504020035d1e6cd22a23b27d6d to remote] DEBUG org.apache.http.headers - http-outgoing-39 >> Content-Type: application/json; charset=utf-8
11:53:15.347 [Forwarding findElement on session 37c14d504020035d1e6cd22a23b27d6d to remote] DEBUG org.apache.http.headers - http-outgoing-39 >> Content-Length: 55
11:53:15.347 [Forwarding findElement on session 37c14d504020035d1e6cd22a23b27d6d to remote] DEBUG org.apache.http.headers - http-outgoing-39 >> Host: localhost:38386
11:53:15.347 [Forwarding findElement on session 37c14d504020035d1e6cd22a23b27d6d to remote] DEBUG org.apache.http.headers - http-outgoing-39 >> Connection: Keep-Alive
11:53:15.347 [Forwarding findElement on session 37c14d504020035d1e6cd22a23b27d6d to remote] DEBUG org.apache.http.headers - http-outgoing-39 >> User-Agent: Apache-HttpClient/4.5.2 (Java/1.8.0_111)
11:53:15.347 [Forwarding findElement on session 37c14d504020035d1e6cd22a23b27d6d to remote] DEBUG org.apache.http.headers - http-outgoing-39 >> Accept-Encoding: gzip,deflate
11:53:15.347 [Forwarding findElement on session 37c14d504020035d1e6cd22a23b27d6d to remote] DEBUG org.apache.http.wire - http-outgoing-39 >> "POST /session/37c14d504020035d1e6cd22a23b27d6d/element HTTP/1.1[\r][\n]"
11:53:15.347 [Forwarding findElement on session 37c14d504020035d1e6cd22a23b27d6d to remote] DEBUG org.apache.http.wire - http-outgoing-39 >> "Content-Type: application/json; charset=utf-8[\r][\n]"
11:53:15.347 [Forwarding findElement on session 37c14d504020035d1e6cd22a23b27d6d to remote] DEBUG org.apache.http.wire - http-outgoing-39 >> "Content-Length: 55[\r][\n]"
11:53:15.347 [Forwarding findElement on session 37c14d504020035d1e6cd22a23b27d6d to remote] DEBUG org.apache.http.wire - http-outgoing-39 >> "Host: localhost:38386[\r][\n]"
11:53:15.347 [Forwarding findElement on session 37c14d504020035d1e6cd22a23b27d6d to remote] DEBUG org.apache.http.wire - http-outgoing-39 >> "Connection: Keep-Alive[\r][\n]"
11:53:15.347 [Forwarding findElement on session 37c14d504020035d1e6cd22a23b27d6d to remote] DEBUG org.apache.http.wire - http-outgoing-39 >> "User-Agent: Apache-HttpClient/4.5.2 (Java/1.8.0_111)[\r][\n]"
11:53:15.347 [Forwarding findElement on session 37c14d504020035d1e6cd22a23b27d6d to remote] DEBUG org.apache.http.wire - http-outgoing-39 >> "Accept-Encoding: gzip,deflate[\r][\n]"
11:53:15.347 [Forwarding findElement on session 37c14d504020035d1e6cd22a23b27d6d to remote] DEBUG org.apache.http.wire - http-outgoing-39 >> "[\r][\n]"
11:53:15.347 [Forwarding findElement on session 37c14d504020035d1e6cd22a23b27d6d to remote] DEBUG org.apache.http.wire - http-outgoing-39 >> "{"using":"xpath","value":".//*[@id='password-button']"}"
11:53:15.357 [Forwarding findElement on session 37c14d504020035d1e6cd22a23b27d6d to remote] DEBUG org.apache.http.wire - http-outgoing-39 << "HTTP/1.1 200 OK[\r][\n]"
11:53:15.357 [Forwarding findElement on session 37c14d504020035d1e6cd22a23b27d6d to remote] DEBUG org.apache.http.wire - http-outgoing-39 << "Content-Length:102[\r][\n]"
11:53:15.357 [Forwarding findElement on session 37c14d504020035d1e6cd22a23b27d6d to remote] DEBUG org.apache.http.wire - http-outgoing-39 << "Content-Type:application/json; charset=utf-8[\r][\n]"
11:53:15.357 [Forwarding findElement on session 37c14d504020035d1e6cd22a23b27d6d to remote] DEBUG org.apache.http.wire - http-outgoing-39 << "Connection:close[\r][\n]"
11:53:15.357 [Forwarding findElement on session 37c14d504020035d1e6cd22a23b27d6d to remote] DEBUG org.apache.http.wire - http-outgoing-39 << "[\r][\n]"
11:53:15.357 [Forwarding findElement on session 37c14d504020035d1e6cd22a23b27d6d to remote] DEBUG org.apache.http.wire - http-outgoing-39 << "{"sessionId":"37c14d504020035d1e6cd22a23b27d6d","status":0,"value":{"ELEMENT":"0.8965113778999618-2"}}"
11:53:15.357 [Forwarding findElement on session 37c14d504020035d1e6cd22a23b27d6d to remote] DEBUG org.apache.http.headers - http-outgoing-39 << HTTP/1.1 200 OK
11:53:15.357 [Forwarding findElement on session 37c14d504020035d1e6cd22a23b27d6d to remote] DEBUG org.apache.http.headers - http-outgoing-39 << Content-Length:102
11:53:15.357 [Forwarding findElement on session 37c14d504020035d1e6cd22a23b27d6d to remote] DEBUG org.apache.http.headers - http-outgoing-39 << Content-Type:application/json; charset=utf-8
11:53:15.357 [Forwarding findElement on session 37c14d504020035d1e6cd22a23b27d6d to remote] DEBUG org.apache.http.headers - http-outgoing-39 << Connection:close
11:53:15.358 [Forwarding findElement on session 37c14d504020035d1e6cd22a23b27d6d to remote] DEBUG o.a.h.i.c.DefaultManagedHttpClientConnection - http-outgoing-39: Close connection
11:53:15.358 [Forwarding findElement on session 37c14d504020035d1e6cd22a23b27d6d to remote] DEBUG o.a.h.impl.execchain.MainClientExec - Connection discarded
11:53:15.358 [Forwarding findElement on session 37c14d504020035d1e6cd22a23b27d6d to remote] DEBUG o.a.h.i.c.PoolingHttpClientConnectionManager - Connection released: [id: 39][route: {}->http://localhost:38386][total kept alive: 0; route allocated: 0 of 2000; total allocated: 0 of 2000]
11:53:15.359 [Forwarding executeScript on session 37c14d504020035d1e6cd22a23b27d6d to remote] DEBUG o.a.h.c.protocol.RequestAddCookies - CookieSpec selected: default
11:53:15.359 [Forwarding executeScript on session 37c14d504020035d1e6cd22a23b27d6d to remote] DEBUG o.a.h.c.protocol.RequestAuthCache - Auth cache not set in the context
11:53:15.359 [Forwarding executeScript on session 37c14d504020035d1e6cd22a23b27d6d to remote] DEBUG o.a.h.i.c.PoolingHttpClientConnectionManager - Connection request: [route: {}->http://localhost:38386][total kept alive: 0; route allocated: 0 of 2000; total allocated: 0 of 2000]
11:53:15.359 [Forwarding executeScript on session 37c14d504020035d1e6cd22a23b27d6d to remote] DEBUG o.a.h.i.c.PoolingHttpClientConnectionManager - Connection leased: [id: 40][route: {}->http://localhost:38386][total kept alive: 0; route allocated: 1 of 2000; total allocated: 1 of 2000]
11:53:15.359 [Forwarding executeScript on session 37c14d504020035d1e6cd22a23b27d6d to remote] DEBUG o.a.h.impl.execchain.MainClientExec - Opening connection {}->http://localhost:38386
11:53:15.359 [Forwarding executeScript on session 37c14d504020035d1e6cd22a23b27d6d to remote] DEBUG o.a.h.i.c.DefaultHttpClientConnectionOperator - Connecting to localhost/127.0.0.1:38386
11:53:15.360 [Forwarding executeScript on session 37c14d504020035d1e6cd22a23b27d6d to remote] DEBUG o.a.h.i.c.DefaultHttpClientConnectionOperator - Connection established 127.0.0.1:55442<->127.0.0.1:38386
11:53:15.360 [Forwarding executeScript on session 37c14d504020035d1e6cd22a23b27d6d to remote] DEBUG o.a.h.i.c.DefaultManagedHttpClientConnection - http-outgoing-40: set socket timeout to 10800000
11:53:15.360 [Forwarding executeScript on session 37c14d504020035d1e6cd22a23b27d6d to remote] DEBUG o.a.h.impl.execchain.MainClientExec - Executing request POST /session/37c14d504020035d1e6cd22a23b27d6d/execute HTTP/1.1
11:53:15.360 [Forwarding executeScript on session 37c14d504020035d1e6cd22a23b27d6d to remote] DEBUG o.a.h.impl.execchain.MainClientExec - Target auth state: UNCHALLENGED
11:53:15.360 [Forwarding executeScript on session 37c14d504020035d1e6cd22a23b27d6d to remote] DEBUG o.a.h.impl.execchain.MainClientExec - Proxy auth state: UNCHALLENGED
11:53:15.360 [Forwarding executeScript on session 37c14d504020035d1e6cd22a23b27d6d to remote] DEBUG org.apache.http.headers - http-outgoing-40 >> POST /session/37c14d504020035d1e6cd22a23b27d6d/execute HTTP/1.1
11:53:15.360 [Forwarding executeScript on session 37c14d504020035d1e6cd22a23b27d6d to remote] DEBUG org.apache.http.headers - http-outgoing-40 >> Content-Type: application/json; charset=utf-8
11:53:15.360 [Forwarding executeScript on session 37c14d504020035d1e6cd22a23b27d6d to remote] DEBUG org.apache.http.headers - http-outgoing-40 >> Content-Length: 139
11:53:15.360 [Forwarding executeScript on session 37c14d504020035d1e6cd22a23b27d6d to remote] DEBUG org.apache.http.headers - http-outgoing-40 >> Host: localhost:38386
11:53:15.360 [Forwarding executeScript on session 37c14d504020035d1e6cd22a23b27d6d to remote] DEBUG org.apache.http.headers - http-outgoing-40 >> Connection: Keep-Alive
11:53:15.360 [Forwarding executeScript on session 37c14d504020035d1e6cd22a23b27d6d to remote] DEBUG org.apache.http.headers - http-outgoing-40 >> User-Agent: Apache-HttpClient/4.5.2 (Java/1.8.0_111)
11:53:15.360 [Forwarding executeScript on session 37c14d504020035d1e6cd22a23b27d6d to remote] DEBUG org.apache.http.headers - http-outgoing-40 >> Accept-Encoding: gzip,deflate
11:53:15.360 [Forwarding executeScript on session 37c14d504020035d1e6cd22a23b27d6d to remote] DEBUG org.apache.http.wire - http-outgoing-40 >> "POST /session/37c14d504020035d1e6cd22a23b27d6d/execute HTTP/1.1[\r][\n]"
11:53:15.360 [Forwarding executeScript on session 37c14d504020035d1e6cd22a23b27d6d to remote] DEBUG org.apache.http.wire - http-outgoing-40 >> "Content-Type: application/json; charset=utf-8[\r][\n]"
11:53:15.360 [Forwarding executeScript on session 37c14d504020035d1e6cd22a23b27d6d to remote] DEBUG org.apache.http.wire - http-outgoing-40 >> "Content-Length: 139[\r][\n]"
11:53:15.360 [Forwarding executeScript on session 37c14d504020035d1e6cd22a23b27d6d to remote] DEBUG org.apache.http.wire - http-outgoing-40 >> "Host: localhost:38386[\r][\n]"
11:53:15.360 [Forwarding executeScript on session 37c14d504020035d1e6cd22a23b27d6d to remote] DEBUG org.apache.http.wire - http-outgoing-40 >> "Connection: Keep-Alive[\r][\n]"
11:53:15.360 [Forwarding executeScript on session 37c14d504020035d1e6cd22a23b27d6d to remote] DEBUG org.apache.http.wire - http-outgoing-40 >> "User-Agent: Apache-HttpClient/4.5.2 (Java/1.8.0_111)[\r][\n]"
11:53:15.360 [Forwarding executeScript on session 37c14d504020035d1e6cd22a23b27d6d to remote] DEBUG org.apache.http.wire - http-outgoing-40 >> "Accept-Encoding: gzip,deflate[\r][\n]"
11:53:15.360 [Forwarding executeScript on session 37c14d504020035d1e6cd22a23b27d6d to remote] DEBUG org.apache.http.wire - http-outgoing-40 >> "[\r][\n]"
11:53:15.360 [Forwarding executeScript on session 37c14d504020035d1e6cd22a23b27d6d to remote] DEBUG org.apache.http.wire - http-outgoing-40 >> "{"script":"arguments[0].click();","args":[{"ELEMENT":"0.8965113778999618-2","element-6066-11e4-a52e-4f735466cecf":"0.8965113778999618-2"}]}"
11:53:46.100 [Forwarding executeScript on session 37c14d504020035d1e6cd22a23b27d6d to remote] DEBUG org.apache.http.wire - http-outgoing-40 << "HTTP/1.1 200 OK[\r][\n]"
11:53:46.100 [Forwarding executeScript on session 37c14d504020035d1e6cd22a23b27d6d to remote] DEBUG org.apache.http.wire - http-outgoing-40 << "Content-Length:72[\r][\n]"
11:53:46.100 [Forwarding executeScript on session 37c14d504020035d1e6cd22a23b27d6d to remote] DEBUG org.apache.http.wire - http-outgoing-40 << "Content-Type:application/json; charset=utf-8[\r][\n]"
11:53:46.100 [Forwarding executeScript on session 37c14d504020035d1e6cd22a23b27d6d to remote] DEBUG org.apache.http.wire - http-outgoing-40 << "Connection:close[\r][\n]"
11:53:46.100 [Forwarding executeScript on session 37c14d504020035d1e6cd22a23b27d6d to remote] DEBUG org.apache.http.wire - http-outgoing-40 << "[\r][\n]"
11:53:46.100 [Forwarding executeScript on session 37c14d504020035d1e6cd22a23b27d6d to remote] DEBUG org.apache.http.wire - http-outgoing-40 << "{"sessionId":"37c14d504020035d1e6cd22a23b27d6d","status":0,"value":null}"
11:53:46.100 [Forwarding executeScript on session 37c14d504020035d1e6cd22a23b27d6d to remote] DEBUG org.apache.http.headers - http-outgoing-40 << HTTP/1.1 200 OK
11:53:46.100 [Forwarding executeScript on session 37c14d504020035d1e6cd22a23b27d6d to remote] DEBUG org.apache.http.headers - http-outgoing-40 << Content-Length:72
11:53:46.100 [Forwarding executeScript on session 37c14d504020035d1e6cd22a23b27d6d to remote] DEBUG org.apache.http.headers - http-outgoing-40 << Content-Type:application/json; charset=utf-8
11:53:46.100 [Forwarding executeScript on session 37c14d504020035d1e6cd22a23b27d6d to remote] DEBUG org.apache.http.headers - http-outgoing-40 << Connection:close
11:53:46.101 [Forwarding executeScript on session 37c14d504020035d1e6cd22a23b27d6d to remote] DEBUG o.a.h.i.c.DefaultManagedHttpClientConnection - http-outgoing-40: Close connection
11:53:46.101 [Forwarding executeScript on session 37c14d504020035d1e6cd22a23b27d6d to remote] DEBUG o.a.h.impl.execchain.MainClientExec - Connection discarded
11:53:46.101 [Forwarding executeScript on session 37c14d504020035d1e6cd22a23b27d6d to remote] DEBUG o.a.h.i.c.PoolingHttpClientConnectionManager - Connection released: [id: 40][route: {}->http://localhost:38386][total kept alive: 0; route allocated: 0 of 2000; total allocated: 0 of 2000]
11:53:52.104 [Forwarding findElement on session 37c14d504020035d1e6cd22a23b27d6d to remote] DEBUG o.a.h.c.protocol.RequestAddCookies - CookieSpec selected: default
11:53:52.104 [Forwarding findElement on session 37c14d504020035d1e6cd22a23b27d6d to remote] DEBUG o.a.h.c.protocol.RequestAuthCache - Auth cache not set in the context
11:53:52.104 [Forwarding findElement on session 37c14d504020035d1e6cd22a23b27d6d to remote] DEBUG o.a.h.i.c.PoolingHttpClientConnectionManager - Connection request: [route: {}->http://localhost:38386][total kept alive: 0; route allocated: 0 of 2000; total allocated: 0 of 2000]
11:53:52.104 [Forwarding findElement on session 37c14d504020035d1e6cd22a23b27d6d to remote] DEBUG o.a.h.i.c.PoolingHttpClientConnectionManager - Connection leased: [id: 41][route: {}->http://localhost:38386][total kept alive: 0; route allocated: 1 of 2000; total allocated: 1 of 2000]
11:53:52.104 [Forwarding findElement on session 37c14d504020035d1e6cd22a23b27d6d to remote] DEBUG o.a.h.impl.execchain.MainClientExec - Opening connection {}->http://localhost:38386
11:53:52.106 [Forwarding findElement on session 37c14d504020035d1e6cd22a23b27d6d to remote] DEBUG o.a.h.i.c.DefaultHttpClientConnectionOperator - Connecting to localhost/127.0.0.1:38386
11:53:52.107 [Forwarding findElement on session 37c14d504020035d1e6cd22a23b27d6d to remote] DEBUG o.a.h.i.c.DefaultHttpClientConnectionOperator - Connection established 127.0.0.1:55478<->127.0.0.1:38386
11:53:52.107 [Forwarding findElement on session 37c14d504020035d1e6cd22a23b27d6d to remote] DEBUG o.a.h.i.c.DefaultManagedHttpClientConnection - http-outgoing-41: set socket timeout to 10800000
11:53:52.107 [Forwarding findElement on session 37c14d504020035d1e6cd22a23b27d6d to remote] DEBUG o.a.h.impl.execchain.MainClientExec - Executing request POST /session/37c14d504020035d1e6cd22a23b27d6d/element HTTP/1.1
11:53:52.107 [Forwarding findElement on session 37c14d504020035d1e6cd22a23b27d6d to remote] DEBUG o.a.h.impl.execchain.MainClientExec - Target auth state: UNCHALLENGED
11:53:52.107 [Forwarding findElement on session 37c14d504020035d1e6cd22a23b27d6d to remote] DEBUG o.a.h.impl.execchain.MainClientExec - Proxy auth state: UNCHALLENGED
11:53:52.107 [Forwarding findElement on session 37c14d504020035d1e6cd22a23b27d6d to remote] DEBUG org.apache.http.headers - http-outgoing-41 >> POST /session/37c14d504020035d1e6cd22a23b27d6d/element HTTP/1.1
11:53:52.107 [Forwarding findElement on session 37c14d504020035d1e6cd22a23b27d6d to remote] DEBUG org.apache.http.headers - http-outgoing-41 >> Content-Type: application/json; charset=utf-8
11:53:52.107 [Forwarding findElement on session 37c14d504020035d1e6cd22a23b27d6d to remote] DEBUG org.apache.http.headers - http-outgoing-41 >> Content-Length: 45
11:53:52.107 [Forwarding findElement on session 37c14d504020035d1e6cd22a23b27d6d to remote] DEBUG org.apache.http.headers - http-outgoing-41 >> Host: localhost:38386
11:53:52.107 [Forwarding findElement on session 37c14d504020035d1e6cd22a23b27d6d to remote] DEBUG org.apache.http.headers - http-outgoing-41 >> Connection: Keep-Alive
11:53:52.107 [Forwarding findElement on session 37c14d504020035d1e6cd22a23b27d6d to remote] DEBUG org.apache.http.headers - http-outgoing-41 >> User-Agent: Apache-HttpClient/4.5.2 (Java/1.8.0_111)
11:53:52.107 [Forwarding findElement on session 37c14d504020035d1e6cd22a23b27d6d to remote] DEBUG org.apache.http.headers - http-outgoing-41 >> Accept-Encoding: gzip,deflate
11:53:52.107 [Forwarding findElement on session 37c14d504020035d1e6cd22a23b27d6d to remote] DEBUG org.apache.http.wire - http-outgoing-41 >> "POST /session/37c14d504020035d1e6cd22a23b27d6d/element HTTP/1.1[\r][\n]"
11:53:52.107 [Forwarding findElement on session 37c14d504020035d1e6cd22a23b27d6d to remote] DEBUG org.apache.http.wire - http-outgoing-41 >> "Content-Type: application/json; charset=utf-8[\r][\n]"
11:53:52.108 [Forwarding findElement on session 37c14d504020035d1e6cd22a23b27d6d to remote] DEBUG org.apache.http.wire - http-outgoing-41 >> "Content-Length: 45[\r][\n]"
11:53:52.108 [Forwarding findElement on session 37c14d504020035d1e6cd22a23b27d6d to remote] DEBUG org.apache.http.wire - http-outgoing-41 >> "Host: localhost:38386[\r][\n]"
11:53:52.108 [Forwarding findElement on session 37c14d504020035d1e6cd22a23b27d6d to remote] DEBUG org.apache.http.wire - http-outgoing-41 >> "Connection: Keep-Alive[\r][\n]"
11:53:52.108 [Forwarding findElement on session 37c14d504020035d1e6cd22a23b27d6d to remote] DEBUG org.apache.http.wire - http-outgoing-41 >> "User-Agent: Apache-HttpClient/4.5.2 (Java/1.8.0_111)[\r][\n]"
11:53:52.108 [Forwarding findElement on session 37c14d504020035d1e6cd22a23b27d6d to remote] DEBUG org.apache.http.wire - http-outgoing-41 >> "Accept-Encoding: gzip,deflate[\r][\n]"
11:53:52.108 [Forwarding findElement on session 37c14d504020035d1e6cd22a23b27d6d to remote] DEBUG org.apache.http.wire - http-outgoing-41 >> "[\r][\n]"
11:53:52.108 [Forwarding findElement on session 37c14d504020035d1e6cd22a23b27d6d to remote] DEBUG org.apache.http.wire - http-outgoing-41 >> "{"using":"xpath","value":".//*[@id='email']"}"
11:53:52.127 [Forwarding findElement on session 37c14d504020035d1e6cd22a23b27d6d to remote] DEBUG org.apache.http.wire - http-outgoing-41 << "HTTP/1.1 200 OK[\r][\n]"
11:53:52.127 [Forwarding findElement on session 37c14d504020035d1e6cd22a23b27d6d to remote] DEBUG org.apache.http.wire - http-outgoing-41 << "Content-Length:102[\r][\n]"
11:53:52.127 [Forwarding findElement on session 37c14d504020035d1e6cd22a23b27d6d to remote] DEBUG org.apache.http.wire - http-outgoing-41 << "Content-Type:application/json; charset=utf-8[\r][\n]"
11:53:52.127 [Forwarding findElement on session 37c14d504020035d1e6cd22a23b27d6d to remote] DEBUG org.apache.http.wire - http-outgoing-41 << "Connection:close[\r][\n]"
11:53:52.127 [Forwarding findElement on session 37c14d504020035d1e6cd22a23b27d6d to remote] DEBUG org.apache.http.wire - http-outgoing-41 << "[\r][\n]"
11:53:52.127 [Forwarding findElement on session 37c14d504020035d1e6cd22a23b27d6d to remote] DEBUG org.apache.http.wire - http-outgoing-41 << "{"sessionId":"37c14d504020035d1e6cd22a23b27d6d","status":0,"value":{"ELEMENT":"0.5943568280903053-1"}}"
11:53:52.128 [Forwarding findElement on session 37c14d504020035d1e6cd22a23b27d6d to remote] DEBUG org.apache.http.headers - http-outgoing-41 << HTTP/1.1 200 OK
11:53:52.128 [Forwarding findElement on session 37c14d504020035d1e6cd22a23b27d6d to remote] DEBUG org.apache.http.headers - http-outgoing-41 << Content-Length:102
11:53:52.128 [Forwarding findElement on session 37c14d504020035d1e6cd22a23b27d6d to remote] DEBUG org.apache.http.headers - http-outgoing-41 << Content-Type:application/json; charset=utf-8
11:53:52.128 [Forwarding findElement on session 37c14d504020035d1e6cd22a23b27d6d to remote] DEBUG org.apache.http.headers - http-outgoing-41 << Connection:close
11:53:52.128 [Forwarding findElement on session 37c14d504020035d1e6cd22a23b27d6d to remote] DEBUG o.a.h.i.c.DefaultManagedHttpClientConnection - http-outgoing-41: Close connection
11:53:52.128 [Forwarding findElement on session 37c14d504020035d1e6cd22a23b27d6d to remote] DEBUG o.a.h.impl.execchain.MainClientExec - Connection discarded
11:53:52.128 [Forwarding findElement on session 37c14d504020035d1e6cd22a23b27d6d to remote] DEBUG o.a.h.i.c.PoolingHttpClientConnectionManager - Connection released: [id: 41][route: {}->http://localhost:38386][total kept alive: 0; route allocated: 0 of 2000; total allocated: 0 of 2000]
11:53:52.129 [Forwarding executeScript on session 37c14d504020035d1e6cd22a23b27d6d to remote] DEBUG o.a.h.c.protocol.RequestAddCookies - CookieSpec selected: default
11:53:52.129 [Forwarding executeScript on session 37c14d504020035d1e6cd22a23b27d6d to remote] DEBUG o.a.h.c.protocol.RequestAuthCache - Auth cache not set in the context
11:53:52.129 [Forwarding executeScript on session 37c14d504020035d1e6cd22a23b27d6d to remote] DEBUG o.a.h.i.c.PoolingHttpClientConnectionManager - Connection request: [route: {}->http://localhost:38386][total kept alive: 0; route allocated: 0 of 2000; total allocated: 0 of 2000]
11:53:52.129 [Forwarding executeScript on session 37c14d504020035d1e6cd22a23b27d6d to remote] DEBUG o.a.h.i.c.PoolingHttpClientConnectionManager - Connection leased: [id: 42][route: {}->http://localhost:38386][total kept alive: 0; route allocated: 1 of 2000; total allocated: 1 of 2000]
11:53:52.129 [Forwarding executeScript on session 37c14d504020035d1e6cd22a23b27d6d to remote] DEBUG o.a.h.impl.execchain.MainClientExec - Opening connection {}->http://localhost:38386
11:53:52.130 [Forwarding executeScript on session 37c14d504020035d1e6cd22a23b27d6d to remote] DEBUG o.a.h.i.c.DefaultHttpClientConnectionOperator - Connecting to localhost/127.0.0.1:38386
11:53:52.130 [Forwarding executeScript on session 37c14d504020035d1e6cd22a23b27d6d to remote] DEBUG o.a.h.i.c.DefaultHttpClientConnectionOperator - Connection established 127.0.0.1:55479<->127.0.0.1:38386
11:53:52.130 [Forwarding executeScript on session 37c14d504020035d1e6cd22a23b27d6d to remote] DEBUG o.a.h.i.c.DefaultManagedHttpClientConnection - http-outgoing-42: set socket timeout to 10800000
11:53:52.130 [Forwarding executeScript on session 37c14d504020035d1e6cd22a23b27d6d to remote] DEBUG o.a.h.impl.execchain.MainClientExec - Executing request POST /session/37c14d504020035d1e6cd22a23b27d6d/execute HTTP/1.1
11:53:52.130 [Forwarding executeScript on session 37c14d504020035d1e6cd22a23b27d6d to remote] DEBUG o.a.h.impl.execchain.MainClientExec - Target auth state: UNCHALLENGED
11:53:52.130 [Forwarding executeScript on session 37c14d504020035d1e6cd22a23b27d6d to remote] DEBUG o.a.h.impl.execchain.MainClientExec - Proxy auth state: UNCHALLENGED
11:53:52.130 [Forwarding executeScript on session 37c14d504020035d1e6cd22a23b27d6d to remote] DEBUG org.apache.http.headers - http-outgoing-42 >> POST /session/37c14d504020035d1e6cd22a23b27d6d/execute HTTP/1.1
11:53:52.130 [Forwarding executeScript on session 37c14d504020035d1e6cd22a23b27d6d to remote] DEBUG org.apache.http.headers - http-outgoing-42 >> Content-Type: application/json; charset=utf-8
11:53:52.130 [Forwarding executeScript on session 37c14d504020035d1e6cd22a23b27d6d to remote] DEBUG org.apache.http.headers - http-outgoing-42 >> Content-Length: 161
11:53:52.130 [Forwarding executeScript on session 37c14d504020035d1e6cd22a23b27d6d to remote] DEBUG org.apache.http.headers - http-outgoing-42 >> Host: localhost:38386
11:53:52.130 [Forwarding executeScript on session 37c14d504020035d1e6cd22a23b27d6d to remote] DEBUG org.apache.http.headers - http-outgoing-42 >> Connection: Keep-Alive
11:53:52.130 [Forwarding executeScript on session 37c14d504020035d1e6cd22a23b27d6d to remote] DEBUG org.apache.http.headers - http-outgoing-42 >> User-Agent: Apache-HttpClient/4.5.2 (Java/1.8.0_111)
11:53:52.130 [Forwarding executeScript on session 37c14d504020035d1e6cd22a23b27d6d to remote] DEBUG org.apache.http.headers - http-outgoing-42 >> Accept-Encoding: gzip,deflate
11:53:52.130 [Forwarding executeScript on session 37c14d504020035d1e6cd22a23b27d6d to remote] DEBUG org.apache.http.wire - http-outgoing-42 >> "POST /session/37c14d504020035d1e6cd22a23b27d6d/execute HTTP/1.1[\r][\n]"
11:53:52.130 [Forwarding executeScript on session 37c14d504020035d1e6cd22a23b27d6d to remote] DEBUG org.apache.http.wire - http-outgoing-42 >> "Content-Type: application/json; charset=utf-8[\r][\n]"
11:53:52.130 [Forwarding executeScript on session 37c14d504020035d1e6cd22a23b27d6d to remote] DEBUG org.apache.http.wire - http-outgoing-42 >> "Content-Length: 161[\r][\n]"
11:53:52.130 [Forwarding executeScript on session 37c14d504020035d1e6cd22a23b27d6d to remote] DEBUG org.apache.http.wire - http-outgoing-42 >> "Host: localhost:38386[\r][\n]"
11:53:52.130 [Forwarding executeScript on session 37c14d504020035d1e6cd22a23b27d6d to remote] DEBUG org.apache.http.wire - http-outgoing-42 >> "Connection: Keep-Alive[\r][\n]"
11:53:52.130 [Forwarding executeScript on session 37c14d504020035d1e6cd22a23b27d6d to remote] DEBUG org.apache.http.wire - http-outgoing-42 >> "User-Agent: Apache-HttpClient/4.5.2 (Java/1.8.0_111)[\r][\n]"
11:53:52.130 [Forwarding executeScript on session 37c14d504020035d1e6cd22a23b27d6d to remote] DEBUG org.apache.http.wire - http-outgoing-42 >> "Accept-Encoding: gzip,deflate[\r][\n]"
11:53:52.130 [Forwarding executeScript on session 37c14d504020035d1e6cd22a23b27d6d to remote] DEBUG org.apache.http.wire - http-outgoing-42 >> "[\r][\n]"
11:53:52.130 [Forwarding executeScript on session 37c14d504020035d1e6cd22a23b27d6d to remote] DEBUG org.apache.http.wire - http-outgoing-42 >> "{"script":"arguments[0].style.border='4px solid green'","args":[{"ELEMENT":"0.5943568280903053-1","element-6066-11e4-a52e-4f735466cecf":"0.5943568280903053-1"}]}"
11:53:52.139 [Forwarding executeScript on session 37c14d504020035d1e6cd22a23b27d6d to remote] DEBUG org.apache.http.wire - http-outgoing-42 << "HTTP/1.1 200 OK[\r][\n]"
11:53:52.139 [Forwarding executeScript on session 37c14d504020035d1e6cd22a23b27d6d to remote] DEBUG org.apache.http.wire - http-outgoing-42 << "Content-Length:72[\r][\n]"
11:53:52.139 [Forwarding executeScript on session 37c14d504020035d1e6cd22a23b27d6d to remote] DEBUG org.apache.http.wire - http-outgoing-42 << "Content-Type:application/json; charset=utf-8[\r][\n]"
11:53:52.139 [Forwarding executeScript on session 37c14d504020035d1e6cd22a23b27d6d to remote] DEBUG org.apache.http.wire - http-outgoing-42 << "Connection:close[\r][\n]"
11:53:52.139 [Forwarding executeScript on session 37c14d504020035d1e6cd22a23b27d6d to remote] DEBUG org.apache.http.wire - http-outgoing-42 << "[\r][\n]"
11:53:52.139 [Forwarding executeScript on session 37c14d504020035d1e6cd22a23b27d6d to remote] DEBUG org.apache.http.wire - http-outgoing-42 << "{"sessionId":"37c14d504020035d1e6cd22a23b27d6d","status":0,"value":null}"
11:53:52.139 [Forwarding executeScript on session 37c14d504020035d1e6cd22a23b27d6d to remote] DEBUG org.apache.http.headers - http-outgoing-42 << HTTP/1.1 200 OK
11:53:52.139 [Forwarding executeScript on session 37c14d504020035d1e6cd22a23b27d6d to remote] DEBUG org.apache.http.headers - http-outgoing-42 << Content-Length:72
11:53:52.139 [Forwarding executeScript on session 37c14d504020035d1e6cd22a23b27d6d to remote] DEBUG org.apache.http.headers - http-outgoing-42 << Content-Type:application/json; charset=utf-8
11:53:52.139 [Forwarding executeScript on session 37c14d504020035d1e6cd22a23b27d6d to remote] DEBUG org.apache.http.headers - http-outgoing-42 << Connection:close
11:53:52.139 [Forwarding executeScript on session 37c14d504020035d1e6cd22a23b27d6d to remote] DEBUG o.a.h.i.c.DefaultManagedHttpClientConnection - http-outgoing-42: Close connection
11:53:52.139 [Forwarding executeScript on session 37c14d504020035d1e6cd22a23b27d6d to remote] DEBUG o.a.h.impl.execchain.MainClientExec - Connection discarded
11:53:52.139 [Forwarding executeScript on session 37c14d504020035d1e6cd22a23b27d6d to remote] DEBUG o.a.h.i.c.PoolingHttpClientConnectionManager - Connection released: [id: 42][route: {}->http://localhost:38386][total kept alive: 0; route allocated: 0 of 2000; total allocated: 0 of 2000]
11:53:52.140 [Forwarding findElement on session 37c14d504020035d1e6cd22a23b27d6d to remote] DEBUG o.a.h.c.protocol.RequestAddCookies - CookieSpec selected: default
11:53:52.140 [Forwarding findElement on session 37c14d504020035d1e6cd22a23b27d6d to remote] DEBUG o.a.h.c.protocol.RequestAuthCache - Auth cache not set in the context
11:53:52.140 [Forwarding findElement on session 37c14d504020035d1e6cd22a23b27d6d to remote] DEBUG o.a.h.i.c.PoolingHttpClientConnectionManager - Connection request: [route: {}->http://localhost:38386][total kept alive: 0; route allocated: 0 of 2000; total allocated: 0 of 2000]
11:53:52.140 [Forwarding findElement on session 37c14d504020035d1e6cd22a23b27d6d to remote] DEBUG o.a.h.i.c.PoolingHttpClientConnectionManager - Connection leased: [id: 43][route: {}->http://localhost:38386][total kept alive: 0; route allocated: 1 of 2000; total allocated: 1 of 2000]
11:53:52.140 [Forwarding findElement on session 37c14d504020035d1e6cd22a23b27d6d to remote] DEBUG o.a.h.impl.execchain.MainClientExec - Opening connection {}->http://localhost:38386
11:53:52.140 [Forwarding findElement on session 37c14d504020035d1e6cd22a23b27d6d to remote] DEBUG o.a.h.i.c.DefaultHttpClientConnectionOperator - Connecting to localhost/127.0.0.1:38386
11:53:52.141 [Forwarding findElement on session 37c14d504020035d1e6cd22a23b27d6d to remote] DEBUG o.a.h.i.c.DefaultHttpClientConnectionOperator - Connection established 127.0.0.1:55480<->127.0.0.1:38386
11:53:52.141 [Forwarding findElement on session 37c14d504020035d1e6cd22a23b27d6d to remote] DEBUG o.a.h.i.c.DefaultManagedHttpClientConnection - http-outgoing-43: set socket timeout to 10800000
11:53:52.141 [Forwarding findElement on session 37c14d504020035d1e6cd22a23b27d6d to remote] DEBUG o.a.h.impl.execchain.MainClientExec - Executing request POST /session/37c14d504020035d1e6cd22a23b27d6d/element HTTP/1.1
11:53:52.141 [Forwarding findElement on session 37c14d504020035d1e6cd22a23b27d6d to remote] DEBUG o.a.h.impl.execchain.MainClientExec - Target auth state: UNCHALLENGED
11:53:52.141 [Forwarding findElement on session 37c14d504020035d1e6cd22a23b27d6d to remote] DEBUG o.a.h.impl.execchain.MainClientExec - Proxy auth state: UNCHALLENGED
11:53:52.141 [Forwarding findElement on session 37c14d504020035d1e6cd22a23b27d6d to remote] DEBUG org.apache.http.headers - http-outgoing-43 >> POST /session/37c14d504020035d1e6cd22a23b27d6d/element HTTP/1.1
11:53:52.141 [Forwarding findElement on session 37c14d504020035d1e6cd22a23b27d6d to remote] DEBUG org.apache.http.headers - http-outgoing-43 >> Content-Type: application/json; charset=utf-8
11:53:52.141 [Forwarding findElement on session 37c14d504020035d1e6cd22a23b27d6d to remote] DEBUG org.apache.http.headers - http-outgoing-43 >> Content-Length: 45
11:53:52.141 [Forwarding findElement on session 37c14d504020035d1e6cd22a23b27d6d to remote] DEBUG org.apache.http.headers - http-outgoing-43 >> Host: localhost:38386
11:53:52.141 [Forwarding findElement on session 37c14d504020035d1e6cd22a23b27d6d to remote] DEBUG org.apache.http.headers - http-outgoing-43 >> Connection: Keep-Alive
11:53:52.141 [Forwarding findElement on session 37c14d504020035d1e6cd22a23b27d6d to remote] DEBUG org.apache.http.headers - http-outgoing-43 >> User-Agent: Apache-HttpClient/4.5.2 (Java/1.8.0_111)
11:53:52.141 [Forwarding findElement on session 37c14d504020035d1e6cd22a23b27d6d to remote] DEBUG org.apache.http.headers - http-outgoing-43 >> Accept-Encoding: gzip,deflate
11:53:52.141 [Forwarding findElement on session 37c14d504020035d1e6cd22a23b27d6d to remote] DEBUG org.apache.http.wire - http-outgoing-43 >> "POST /session/37c14d504020035d1e6cd22a23b27d6d/element HTTP/1.1[\r][\n]"
11:53:52.141 [Forwarding findElement on session 37c14d504020035d1e6cd22a23b27d6d to remote] DEBUG org.apache.http.wire - http-outgoing-43 >> "Content-Type: application/json; charset=utf-8[\r][\n]"
11:53:52.141 [Forwarding findElement on session 37c14d504020035d1e6cd22a23b27d6d to remote] DEBUG org.apache.http.wire - http-outgoing-43 >> "Content-Length: 45[\r][\n]"
11:53:52.141 [Forwarding findElement on session 37c14d504020035d1e6cd22a23b27d6d to remote] DEBUG org.apache.http.wire - http-outgoing-43 >> "Host: localhost:38386[\r][\n]"
11:53:52.141 [Forwarding findElement on session 37c14d504020035d1e6cd22a23b27d6d to remote] DEBUG org.apache.http.wire - http-outgoing-43 >> "Connection: Keep-Alive[\r][\n]"
11:53:52.141 [Forwarding findElement on session 37c14d504020035d1e6cd22a23b27d6d to remote] DEBUG org.apache.http.wire - http-outgoing-43 >> "User-Agent: Apache-HttpClient/4.5.2 (Java/1.8.0_111)[\r][\n]"
11:53:52.141 [Forwarding findElement on session 37c14d504020035d1e6cd22a23b27d6d to remote] DEBUG org.apache.http.wire - http-outgoing-43 >> "Accept-Encoding: gzip,deflate[\r][\n]"
11:53:52.141 [Forwarding findElement on session 37c14d504020035d1e6cd22a23b27d6d to remote] DEBUG org.apache.http.wire - http-outgoing-43 >> "[\r][\n]"
11:53:52.141 [Forwarding findElement on session 37c14d504020035d1e6cd22a23b27d6d to remote] DEBUG org.apache.http.wire - http-outgoing-43 >> "{"using":"xpath","value":".//*[@id='email']"}"
11:53:52.152 [Forwarding findElement on session 37c14d504020035d1e6cd22a23b27d6d to remote] DEBUG org.apache.http.wire - http-outgoing-43 << "HTTP/1.1 200 OK[\r][\n]"
11:53:52.152 [Forwarding findElement on session 37c14d504020035d1e6cd22a23b27d6d to remote] DEBUG org.apache.http.wire - http-outgoing-43 << "Content-Length:102[\r][\n]"
11:53:52.153 [Forwarding findElement on session 37c14d504020035d1e6cd22a23b27d6d to remote] DEBUG org.apache.http.wire - http-outgoing-43 << "Content-Type:application/json; charset=utf-8[\r][\n]"
11:53:52.153 [Forwarding findElement on session 37c14d504020035d1e6cd22a23b27d6d to remote] DEBUG org.apache.http.wire - http-outgoing-43 << "Connection:close[\r][\n]"
11:53:52.153 [Forwarding findElement on session 37c14d504020035d1e6cd22a23b27d6d to remote] DEBUG org.apache.http.wire - http-outgoing-43 << "[\r][\n]"
11:53:52.153 [Forwarding findElement on session 37c14d504020035d1e6cd22a23b27d6d to remote] DEBUG org.apache.http.wire - http-outgoing-43 << "{"sessionId":"37c14d504020035d1e6cd22a23b27d6d","status":0,"value":{"ELEMENT":"0.5943568280903053-1"}}"
11:53:52.153 [Forwarding findElement on session 37c14d504020035d1e6cd22a23b27d6d to remote] DEBUG org.apache.http.headers - http-outgoing-43 << HTTP/1.1 200 OK
11:53:52.153 [Forwarding findElement on session 37c14d504020035d1e6cd22a23b27d6d to remote] DEBUG org.apache.http.headers - http-outgoing-43 << Content-Length:102
11:53:52.153 [Forwarding findElement on session 37c14d504020035d1e6cd22a23b27d6d to remote] DEBUG org.apache.http.headers - http-outgoing-43 << Content-Type:application/json; charset=utf-8
11:53:52.153 [Forwarding findElement on session 37c14d504020035d1e6cd22a23b27d6d to remote] DEBUG org.apache.http.headers - http-outgoing-43 << Connection:close
11:53:52.153 [Forwarding findElement on session 37c14d504020035d1e6cd22a23b27d6d to remote] DEBUG o.a.h.i.c.DefaultManagedHttpClientConnection - http-outgoing-43: Close connection
11:53:52.153 [Forwarding findElement on session 37c14d504020035d1e6cd22a23b27d6d to remote] DEBUG o.a.h.impl.execchain.MainClientExec - Connection discarded
11:53:52.153 [Forwarding findElement on session 37c14d504020035d1e6cd22a23b27d6d to remote] DEBUG o.a.h.i.c.PoolingHttpClientConnectionManager - Connection released: [id: 43][route: {}->http://localhost:38386][total kept alive: 0; route allocated: 0 of 2000; total allocated: 0 of 2000]
11:53:52.154 [Forwarding isElementDisplayed on session 37c14d504020035d1e6cd22a23b27d6d to remote] DEBUG o.a.h.c.protocol.RequestAddCookies - CookieSpec selected: default
11:53:52.154 [Forwarding isElementDisplayed on session 37c14d504020035d1e6cd22a23b27d6d to remote] DEBUG o.a.h.c.protocol.RequestAuthCache - Auth cache not set in the context
11:53:52.154 [Forwarding isElementDisplayed on session 37c14d504020035d1e6cd22a23b27d6d to remote] DEBUG o.a.h.i.c.PoolingHttpClientConnectionManager - Connection request: [route: {}->http://localhost:38386][total kept alive: 0; route allocated: 0 of 2000; total allocated: 0 of 2000]
11:53:52.154 [Forwarding isElementDisplayed on session 37c14d504020035d1e6cd22a23b27d6d to remote] DEBUG o.a.h.i.c.PoolingHttpClientConnectionManager - Connection leased: [id: 44][route: {}->http://localhost:38386][total kept alive: 0; route allocated: 1 of 2000; total allocated: 1 of 2000]
11:53:52.154 [Forwarding isElementDisplayed on session 37c14d504020035d1e6cd22a23b27d6d to remote] DEBUG o.a.h.impl.execchain.MainClientExec - Opening connection {}->http://localhost:38386
11:53:52.154 [Forwarding isElementDisplayed on session 37c14d504020035d1e6cd22a23b27d6d to remote] DEBUG o.a.h.i.c.DefaultHttpClientConnectionOperator - Connecting to localhost/127.0.0.1:38386
11:53:52.155 [Forwarding isElementDisplayed on session 37c14d504020035d1e6cd22a23b27d6d to remote] DEBUG o.a.h.i.c.DefaultHttpClientConnectionOperator - Connection established 127.0.0.1:55481<->127.0.0.1:38386
11:53:52.155 [Forwarding isElementDisplayed on session 37c14d504020035d1e6cd22a23b27d6d to remote] DEBUG o.a.h.i.c.DefaultManagedHttpClientConnection - http-outgoing-44: set socket timeout to 10800000
11:53:52.155 [Forwarding isElementDisplayed on session 37c14d504020035d1e6cd22a23b27d6d to remote] DEBUG o.a.h.impl.execchain.MainClientExec - Executing request GET /session/37c14d504020035d1e6cd22a23b27d6d/element/0.5943568280903053-1/displayed HTTP/1.1
11:53:52.155 [Forwarding isElementDisplayed on session 37c14d504020035d1e6cd22a23b27d6d to remote] DEBUG o.a.h.impl.execchain.MainClientExec - Target auth state: UNCHALLENGED
11:53:52.155 [Forwarding isElementDisplayed on session 37c14d504020035d1e6cd22a23b27d6d to remote] DEBUG o.a.h.impl.execchain.MainClientExec - Proxy auth state: UNCHALLENGED
11:53:52.155 [Forwarding isElementDisplayed on session 37c14d504020035d1e6cd22a23b27d6d to remote] DEBUG org.apache.http.headers - http-outgoing-44 >> GET /session/37c14d504020035d1e6cd22a23b27d6d/element/0.5943568280903053-1/displayed HTTP/1.1
11:53:52.155 [Forwarding isElementDisplayed on session 37c14d504020035d1e6cd22a23b27d6d to remote] DEBUG org.apache.http.headers - http-outgoing-44 >> Cache-Control: no-cache
11:53:52.155 [Forwarding isElementDisplayed on session 37c14d504020035d1e6cd22a23b27d6d to remote] DEBUG org.apache.http.headers - http-outgoing-44 >> Host: localhost:38386
11:53:52.155 [Forwarding isElementDisplayed on session 37c14d504020035d1e6cd22a23b27d6d to remote] DEBUG org.apache.http.headers - http-outgoing-44 >> Connection: Keep-Alive
11:53:52.155 [Forwarding isElementDisplayed on session 37c14d504020035d1e6cd22a23b27d6d to remote] DEBUG org.apache.http.headers - http-outgoing-44 >> User-Agent: Apache-HttpClient/4.5.2 (Java/1.8.0_111)
11:53:52.155 [Forwarding isElementDisplayed on session 37c14d504020035d1e6cd22a23b27d6d to remote] DEBUG org.apache.http.headers - http-outgoing-44 >> Accept-Encoding: gzip,deflate
11:53:52.155 [Forwarding isElementDisplayed on session 37c14d504020035d1e6cd22a23b27d6d to remote] DEBUG org.apache.http.wire - http-outgoing-44 >> "GET /session/37c14d504020035d1e6cd22a23b27d6d/element/0.5943568280903053-1/displayed HTTP/1.1[\r][\n]"
11:53:52.155 [Forwarding isElementDisplayed on session 37c14d504020035d1e6cd22a23b27d6d to remote] DEBUG org.apache.http.wire - http-outgoing-44 >> "Cache-Control: no-cache[\r][\n]"
11:53:52.155 [Forwarding isElementDisplayed on session 37c14d504020035d1e6cd22a23b27d6d to remote] DEBUG org.apache.http.wire - http-outgoing-44 >> "Host: localhost:38386[\r][\n]"
11:53:52.155 [Forwarding isElementDisplayed on session 37c14d504020035d1e6cd22a23b27d6d to remote] DEBUG org.apache.http.wire - http-outgoing-44 >> "Connection: Keep-Alive[\r][\n]"
11:53:52.155 [Forwarding isElementDisplayed on session 37c14d504020035d1e6cd22a23b27d6d to remote] DEBUG org.apache.http.wire - http-outgoing-44 >> "User-Agent: Apache-HttpClient/4.5.2 (Java/1.8.0_111)[\r][\n]"
11:53:52.155 [Forwarding isElementDisplayed on session 37c14d504020035d1e6cd22a23b27d6d to remote] DEBUG org.apache.http.wire - http-outgoing-44 >> "Accept-Encoding: gzip,deflate[\r][\n]"
11:53:52.155 [Forwarding isElementDisplayed on session 37c14d504020035d1e6cd22a23b27d6d to remote] DEBUG org.apache.http.wire - http-outgoing-44 >> "[\r][\n]"
11:53:52.171 [Forwarding isElementDisplayed on session 37c14d504020035d1e6cd22a23b27d6d to remote] DEBUG org.apache.http.wire - http-outgoing-44 << "HTTP/1.1 200 OK[\r][\n]"
11:53:52.171 [Forwarding isElementDisplayed on session 37c14d504020035d1e6cd22a23b27d6d to remote] DEBUG org.apache.http.wire - http-outgoing-44 << "Content-Length:73[\r][\n]"
11:53:52.171 [Forwarding isElementDisplayed on session 37c14d504020035d1e6cd22a23b27d6d to remote] DEBUG org.apache.http.wire - http-outgoing-44 << "Content-Type:application/json; charset=utf-8[\r][\n]"
11:53:52.171 [Forwarding isElementDisplayed on session 37c14d504020035d1e6cd22a23b27d6d to remote] DEBUG org.apache.http.wire - http-outgoing-44 << "Connection:close[\r][\n]"
11:53:52.171 [Forwarding isElementDisplayed on session 37c14d504020035d1e6cd22a23b27d6d to remote] DEBUG org.apache.http.wire - http-outgoing-44 << "[\r][\n]"
11:53:52.171 [Forwarding isElementDisplayed on session 37c14d504020035d1e6cd22a23b27d6d to remote] DEBUG org.apache.http.wire - http-outgoing-44 << "{"sessionId":"37c14d504020035d1e6cd22a23b27d6d","status":0,"value":false}"
11:53:52.171 [Forwarding isElementDisplayed on session 37c14d504020035d1e6cd22a23b27d6d to remote] DEBUG org.apache.http.headers - http-outgoing-44 << HTTP/1.1 200 OK
11:53:52.171 [Forwarding isElementDisplayed on session 37c14d504020035d1e6cd22a23b27d6d to remote] DEBUG org.apache.http.headers - http-outgoing-44 << Content-Length:73
11:53:52.171 [Forwarding isElementDisplayed on session 37c14d504020035d1e6cd22a23b27d6d to remote] DEBUG org.apache.http.headers - http-outgoing-44 << Content-Type:application/json; charset=utf-8
11:53:52.171 [Forwarding isElementDisplayed on session 37c14d504020035d1e6cd22a23b27d6d to remote] DEBUG org.apache.http.headers - http-outgoing-44 << Connection:close
11:53:52.171 [Forwarding isElementDisplayed on session 37c14d504020035d1e6cd22a23b27d6d to remote] DEBUG o.a.h.i.c.DefaultManagedHttpClientConnection - http-outgoing-44: Close connection
11:53:52.172 [Forwarding isElementDisplayed on session 37c14d504020035d1e6cd22a23b27d6d to remote] DEBUG o.a.h.impl.execchain.MainClientExec - Connection discarded
11:53:52.172 [Forwarding isElementDisplayed on session 37c14d504020035d1e6cd22a23b27d6d to remote] DEBUG o.a.h.i.c.PoolingHttpClientConnectionManager - Connection released: [id: 44][route: {}->http://localhost:38386][total kept alive: 0; route allocated: 0 of 2000; total allocated: 0 of 2000]
11:53:52.173 [Forwarding findElement on session 37c14d504020035d1e6cd22a23b27d6d to remote] DEBUG o.a.h.c.protocol.RequestAddCookies - CookieSpec selected: default
11:53:52.173 [Forwarding findElement on session 37c14d504020035d1e6cd22a23b27d6d to remote] DEBUG o.a.h.c.protocol.RequestAuthCache - Auth cache not set in the context
11:53:52.173 [Forwarding findElement on session 37c14d504020035d1e6cd22a23b27d6d to remote] DEBUG o.a.h.i.c.PoolingHttpClientConnectionManager - Connection request: [route: {}->http://localhost:38386][total kept alive: 0; route allocated: 0 of 2000; total allocated: 0 of 2000]
11:53:52.173 [Forwarding findElement on session 37c14d504020035d1e6cd22a23b27d6d to remote] DEBUG o.a.h.i.c.PoolingHttpClientConnectionManager - Connection leased: [id: 45][route: {}->http://localhost:38386][total kept alive: 0; route allocated: 1 of 2000; total allocated: 1 of 2000]
11:53:52.173 [Forwarding findElement on session 37c14d504020035d1e6cd22a23b27d6d to remote] DEBUG o.a.h.impl.execchain.MainClientExec - Opening connection {}->http://localhost:38386
11:53:52.173 [Forwarding findElement on session 37c14d504020035d1e6cd22a23b27d6d to remote] DEBUG o.a.h.i.c.DefaultHttpClientConnectionOperator - Connecting to localhost/127.0.0.1:38386
11:53:52.173 [Forwarding findElement on session 37c14d504020035d1e6cd22a23b27d6d to remote] DEBUG o.a.h.i.c.DefaultHttpClientConnectionOperator - Connection established 127.0.0.1:55482<->127.0.0.1:38386
11:53:52.173 [Forwarding findElement on session 37c14d504020035d1e6cd22a23b27d6d to remote] DEBUG o.a.h.i.c.DefaultManagedHttpClientConnection - http-outgoing-45: set socket timeout to 10800000
11:53:52.173 [Forwarding findElement on session 37c14d504020035d1e6cd22a23b27d6d to remote] DEBUG o.a.h.impl.execchain.MainClientExec - Executing request POST /session/37c14d504020035d1e6cd22a23b27d6d/element HTTP/1.1
11:53:52.173 [Forwarding findElement on session 37c14d504020035d1e6cd22a23b27d6d to remote] DEBUG o.a.h.impl.execchain.MainClientExec - Target auth state: UNCHALLENGED
11:53:52.173 [Forwarding findElement on session 37c14d504020035d1e6cd22a23b27d6d to remote] DEBUG o.a.h.impl.execchain.MainClientExec - Proxy auth state: UNCHALLENGED
11:53:52.173 [Forwarding findElement on session 37c14d504020035d1e6cd22a23b27d6d to remote] DEBUG org.apache.http.headers - http-outgoing-45 >> POST /session/37c14d504020035d1e6cd22a23b27d6d/element HTTP/1.1
11:53:52.173 [Forwarding findElement on session 37c14d504020035d1e6cd22a23b27d6d to remote] DEBUG org.apache.http.headers - http-outgoing-45 >> Content-Type: application/json; charset=utf-8
11:53:52.173 [Forwarding findElement on session 37c14d504020035d1e6cd22a23b27d6d to remote] DEBUG org.apache.http.headers - http-outgoing-45 >> Content-Length: 48
11:53:52.173 [Forwarding findElement on session 37c14d504020035d1e6cd22a23b27d6d to remote] DEBUG org.apache.http.headers - http-outgoing-45 >> Host: localhost:38386
11:53:52.173 [Forwarding findElement on session 37c14d504020035d1e6cd22a23b27d6d to remote] DEBUG org.apache.http.headers - http-outgoing-45 >> Connection: Keep-Alive
11:53:52.173 [Forwarding findElement on session 37c14d504020035d1e6cd22a23b27d6d to remote] DEBUG org.apache.http.headers - http-outgoing-45 >> User-Agent: Apache-HttpClient/4.5.2 (Java/1.8.0_111)
11:53:52.174 [Forwarding findElement on session 37c14d504020035d1e6cd22a23b27d6d to remote] DEBUG org.apache.http.headers - http-outgoing-45 >> Accept-Encoding: gzip,deflate
11:53:52.174 [Forwarding findElement on session 37c14d504020035d1e6cd22a23b27d6d to remote] DEBUG org.apache.http.wire - http-outgoing-45 >> "POST /session/37c14d504020035d1e6cd22a23b27d6d/element HTTP/1.1[\r][\n]"
11:53:52.174 [Forwarding findElement on session 37c14d504020035d1e6cd22a23b27d6d to remote] DEBUG org.apache.http.wire - http-outgoing-45 >> "Content-Type: application/json; charset=utf-8[\r][\n]"
11:53:52.174 [Forwarding findElement on session 37c14d504020035d1e6cd22a23b27d6d to remote] DEBUG org.apache.http.wire - http-outgoing-45 >> "Content-Length: 48[\r][\n]"
11:53:52.174 [Forwarding findElement on session 37c14d504020035d1e6cd22a23b27d6d to remote] DEBUG org.apache.http.wire - http-outgoing-45 >> "Host: localhost:38386[\r][\n]"
11:53:52.174 [Forwarding findElement on session 37c14d504020035d1e6cd22a23b27d6d to remote] DEBUG org.apache.http.wire - http-outgoing-45 >> "Connection: Keep-Alive[\r][\n]"
11:53:52.174 [Forwarding findElement on session 37c14d504020035d1e6cd22a23b27d6d to remote] DEBUG org.apache.http.wire - http-outgoing-45 >> "User-Agent: Apache-HttpClient/4.5.2 (Java/1.8.0_111)[\r][\n]"
11:53:52.174 [Forwarding findElement on session 37c14d504020035d1e6cd22a23b27d6d to remote] DEBUG org.apache.http.wire - http-outgoing-45 >> "Accept-Encoding: gzip,deflate[\r][\n]"
11:53:52.174 [Forwarding findElement on session 37c14d504020035d1e6cd22a23b27d6d to remote] DEBUG org.apache.http.wire - http-outgoing-45 >> "[\r][\n]"
11:53:52.174 [Forwarding findElement on session 37c14d504020035d1e6cd22a23b27d6d to remote] DEBUG org.apache.http.wire - http-outgoing-45 >> "{"using":"xpath","value":".//*[@id='password']"}"
11:53:52.190 [Forwarding findElement on session 37c14d504020035d1e6cd22a23b27d6d to remote] DEBUG org.apache.http.wire - http-outgoing-45 << "HTTP/1.1 200 OK[\r][\n]"
11:53:52.190 [Forwarding findElement on session 37c14d504020035d1e6cd22a23b27d6d to remote] DEBUG org.apache.http.wire - http-outgoing-45 << "Content-Length:102[\r][\n]"
11:53:52.190 [Forwarding findElement on session 37c14d504020035d1e6cd22a23b27d6d to remote] DEBUG org.apache.http.wire - http-outgoing-45 << "Content-Type:application/json; charset=utf-8[\r][\n]"
11:53:52.190 [Forwarding findElement on session 37c14d504020035d1e6cd22a23b27d6d to remote] DEBUG org.apache.http.wire - http-outgoing-45 << "Connection:close[\r][\n]"
11:53:52.190 [Forwarding findElement on session 37c14d504020035d1e6cd22a23b27d6d to remote] DEBUG org.apache.http.wire - http-outgoing-45 << "[\r][\n]"
11:53:52.190 [Forwarding findElement on session 37c14d504020035d1e6cd22a23b27d6d to remote] DEBUG org.apache.http.wire - http-outgoing-45 << "{"sessionId":"37c14d504020035d1e6cd22a23b27d6d","status":0,"value":{"ELEMENT":"0.5943568280903053-2"}}"
11:53:52.190 [Forwarding findElement on session 37c14d504020035d1e6cd22a23b27d6d to remote] DEBUG org.apache.http.headers - http-outgoing-45 << HTTP/1.1 200 OK
11:53:52.190 [Forwarding findElement on session 37c14d504020035d1e6cd22a23b27d6d to remote] DEBUG org.apache.http.headers - http-outgoing-45 << Content-Length:102
11:53:52.190 [Forwarding findElement on session 37c14d504020035d1e6cd22a23b27d6d to remote] DEBUG org.apache.http.headers - http-outgoing-45 << Content-Type:application/json; charset=utf-8
11:53:52.190 [Forwarding findElement on session 37c14d504020035d1e6cd22a23b27d6d to remote] DEBUG org.apache.http.headers - http-outgoing-45 << Connection:close
11:53:52.190 [Forwarding findElement on session 37c14d504020035d1e6cd22a23b27d6d to remote] DEBUG o.a.h.i.c.DefaultManagedHttpClientConnection - http-outgoing-45: Close connection
11:53:52.190 [Forwarding findElement on session 37c14d504020035d1e6cd22a23b27d6d to remote] DEBUG o.a.h.impl.execchain.MainClientExec - Connection discarded
11:53:52.190 [Forwarding findElement on session 37c14d504020035d1e6cd22a23b27d6d to remote] DEBUG o.a.h.i.c.PoolingHttpClientConnectionManager - Connection released: [id: 45][route: {}->http://localhost:38386][total kept alive: 0; route allocated: 0 of 2000; total allocated: 0 of 2000]
11:53:52.191 [Forwarding executeScript on session 37c14d504020035d1e6cd22a23b27d6d to remote] DEBUG o.a.h.c.protocol.RequestAddCookies - CookieSpec selected: default
11:53:52.191 [Forwarding executeScript on session 37c14d504020035d1e6cd22a23b27d6d to remote] DEBUG o.a.h.c.protocol.RequestAuthCache - Auth cache not set in the context
11:53:52.191 [Forwarding executeScript on session 37c14d504020035d1e6cd22a23b27d6d to remote] DEBUG o.a.h.i.c.PoolingHttpClientConnectionManager - Connection request: [route: {}->http://localhost:38386][total kept alive: 0; route allocated: 0 of 2000; total allocated: 0 of 2000]
11:53:52.191 [Forwarding executeScript on session 37c14d504020035d1e6cd22a23b27d6d to remote] DEBUG o.a.h.i.c.PoolingHttpClientConnectionManager - Connection leased: [id: 46][route: {}->http://localhost:38386][total kept alive: 0; route allocated: 1 of 2000; total allocated: 1 of 2000]
11:53:52.191 [Forwarding executeScript on session 37c14d504020035d1e6cd22a23b27d6d to remote] DEBUG o.a.h.impl.execchain.MainClientExec - Opening connection {}->http://localhost:38386
11:53:52.191 [Forwarding executeScript on session 37c14d504020035d1e6cd22a23b27d6d to remote] DEBUG o.a.h.i.c.DefaultHttpClientConnectionOperator - Connecting to localhost/127.0.0.1:38386
11:53:52.192 [Forwarding executeScript on session 37c14d504020035d1e6cd22a23b27d6d to remote] DEBUG o.a.h.i.c.DefaultHttpClientConnectionOperator - Connection established 127.0.0.1:55483<->127.0.0.1:38386
11:53:52.192 [Forwarding executeScript on session 37c14d504020035d1e6cd22a23b27d6d to remote] DEBUG o.a.h.i.c.DefaultManagedHttpClientConnection - http-outgoing-46: set socket timeout to 10800000
11:53:52.192 [Forwarding executeScript on session 37c14d504020035d1e6cd22a23b27d6d to remote] DEBUG o.a.h.impl.execchain.MainClientExec - Executing request POST /session/37c14d504020035d1e6cd22a23b27d6d/execute HTTP/1.1
11:53:52.192 [Forwarding executeScript on session 37c14d504020035d1e6cd22a23b27d6d to remote] DEBUG o.a.h.impl.execchain.MainClientExec - Target auth state: UNCHALLENGED
11:53:52.192 [Forwarding executeScript on session 37c14d504020035d1e6cd22a23b27d6d to remote] DEBUG o.a.h.impl.execchain.MainClientExec - Proxy auth state: UNCHALLENGED
11:53:52.192 [Forwarding executeScript on session 37c14d504020035d1e6cd22a23b27d6d to remote] DEBUG org.apache.http.headers - http-outgoing-46 >> POST /session/37c14d504020035d1e6cd22a23b27d6d/execute HTTP/1.1
11:53:52.192 [Forwarding executeScript on session 37c14d504020035d1e6cd22a23b27d6d to remote] DEBUG org.apache.http.headers - http-outgoing-46 >> Content-Type: application/json; charset=utf-8
11:53:52.192 [Forwarding executeScript on session 37c14d504020035d1e6cd22a23b27d6d to remote] DEBUG org.apache.http.headers - http-outgoing-46 >> Content-Length: 161
11:53:52.192 [Forwarding executeScript on session 37c14d504020035d1e6cd22a23b27d6d to remote] DEBUG org.apache.http.headers - http-outgoing-46 >> Host: localhost:38386
11:53:52.192 [Forwarding executeScript on session 37c14d504020035d1e6cd22a23b27d6d to remote] DEBUG org.apache.http.headers - http-outgoing-46 >> Connection: Keep-Alive
11:53:52.192 [Forwarding executeScript on session 37c14d504020035d1e6cd22a23b27d6d to remote] DEBUG org.apache.http.headers - http-outgoing-46 >> User-Agent: Apache-HttpClient/4.5.2 (Java/1.8.0_111)
11:53:52.192 [Forwarding executeScript on session 37c14d504020035d1e6cd22a23b27d6d to remote] DEBUG org.apache.http.headers - http-outgoing-46 >> Accept-Encoding: gzip,deflate
11:53:52.192 [Forwarding executeScript on session 37c14d504020035d1e6cd22a23b27d6d to remote] DEBUG org.apache.http.wire - http-outgoing-46 >> "POST /session/37c14d504020035d1e6cd22a23b27d6d/execute HTTP/1.1[\r][\n]"
11:53:52.192 [Forwarding executeScript on session 37c14d504020035d1e6cd22a23b27d6d to remote] DEBUG org.apache.http.wire - http-outgoing-46 >> "Content-Type: application/json; charset=utf-8[\r][\n]"
11:53:52.192 [Forwarding executeScript on session 37c14d504020035d1e6cd22a23b27d6d to remote] DEBUG org.apache.http.wire - http-outgoing-46 >> "Content-Length: 161[\r][\n]"
11:53:52.192 [Forwarding executeScript on session 37c14d504020035d1e6cd22a23b27d6d to remote] DEBUG org.apache.http.wire - http-outgoing-46 >> "Host: localhost:38386[\r][\n]"
11:53:52.192 [Forwarding executeScript on session 37c14d504020035d1e6cd22a23b27d6d to remote] DEBUG org.apache.http.wire - http-outgoing-46 >> "Connection: Keep-Alive[\r][\n]"
11:53:52.192 [Forwarding executeScript on session 37c14d504020035d1e6cd22a23b27d6d to remote] DEBUG org.apache.http.wire - http-outgoing-46 >> "User-Agent: Apache-HttpClient/4.5.2 (Java/1.8.0_111)[\r][\n]"
11:53:52.192 [Forwarding executeScript on session 37c14d504020035d1e6cd22a23b27d6d to remote] DEBUG org.apache.http.wire - http-outgoing-46 >> "Accept-Encoding: gzip,deflate[\r][\n]"
11:53:52.192 [Forwarding executeScript on session 37c14d504020035d1e6cd22a23b27d6d to remote] DEBUG org.apache.http.wire - http-outgoing-46 >> "[\r][\n]"
11:53:52.192 [Forwarding executeScript on session 37c14d504020035d1e6cd22a23b27d6d to remote] DEBUG org.apache.http.wire - http-outgoing-46 >> "{"script":"arguments[0].style.border='4px solid green'","args":[{"ELEMENT":"0.5943568280903053-2","element-6066-11e4-a52e-4f735466cecf":"0.5943568280903053-2"}]}"
11:53:52.203 [Forwarding executeScript on session 37c14d504020035d1e6cd22a23b27d6d to remote] DEBUG org.apache.http.wire - http-outgoing-46 << "HTTP/1.1 200 OK[\r][\n]"
11:53:52.203 [Forwarding executeScript on session 37c14d504020035d1e6cd22a23b27d6d to remote] DEBUG org.apache.http.wire - http-outgoing-46 << "Content-Length:72[\r][\n]"
11:53:52.203 [Forwarding executeScript on session 37c14d504020035d1e6cd22a23b27d6d to remote] DEBUG org.apache.http.wire - http-outgoing-46 << "Content-Type:application/json; charset=utf-8[\r][\n]"
11:53:52.203 [Forwarding executeScript on session 37c14d504020035d1e6cd22a23b27d6d to remote] DEBUG org.apache.http.wire - http-outgoing-46 << "Connection:close[\r][\n]"
11:53:52.203 [Forwarding executeScript on session 37c14d504020035d1e6cd22a23b27d6d to remote] DEBUG org.apache.http.wire - http-outgoing-46 << "[\r][\n]"
11:53:52.203 [Forwarding executeScript on session 37c14d504020035d1e6cd22a23b27d6d to remote] DEBUG org.apache.http.wire - http-outgoing-46 << "{"sessionId":"37c14d504020035d1e6cd22a23b27d6d","status":0,"value":null}"
11:53:52.203 [Forwarding executeScript on session 37c14d504020035d1e6cd22a23b27d6d to remote] DEBUG org.apache.http.headers - http-outgoing-46 << HTTP/1.1 200 OK
11:53:52.203 [Forwarding executeScript on session 37c14d504020035d1e6cd22a23b27d6d to remote] DEBUG org.apache.http.headers - http-outgoing-46 << Content-Length:72
11:53:52.203 [Forwarding executeScript on session 37c14d504020035d1e6cd22a23b27d6d to remote] DEBUG org.apache.http.headers - http-outgoing-46 << Content-Type:application/json; charset=utf-8
11:53:52.203 [Forwarding executeScript on session 37c14d504020035d1e6cd22a23b27d6d to remote] DEBUG org.apache.http.headers - http-outgoing-46 << Connection:close
11:53:52.203 [Forwarding executeScript on session 37c14d504020035d1e6cd22a23b27d6d to remote] DEBUG o.a.h.i.c.DefaultManagedHttpClientConnection - http-outgoing-46: Close connection
11:53:52.203 [Forwarding executeScript on session 37c14d504020035d1e6cd22a23b27d6d to remote] DEBUG o.a.h.impl.execchain.MainClientExec - Connection discarded
11:53:52.203 [Forwarding executeScript on session 37c14d504020035d1e6cd22a23b27d6d to remote] DEBUG o.a.h.i.c.PoolingHttpClientConnectionManager - Connection released: [id: 46][route: {}->http://localhost:38386][total kept alive: 0; route allocated: 0 of 2000; total allocated: 0 of 2000]
11:53:52.205 [Forwarding findElement on session 37c14d504020035d1e6cd22a23b27d6d to remote] DEBUG o.a.h.c.protocol.RequestAddCookies - CookieSpec selected: default
11:53:52.206 [Forwarding findElement on session 37c14d504020035d1e6cd22a23b27d6d to remote] DEBUG o.a.h.c.protocol.RequestAuthCache - Auth cache not set in the context
11:53:52.206 [Forwarding findElement on session 37c14d504020035d1e6cd22a23b27d6d to remote] DEBUG o.a.h.i.c.PoolingHttpClientConnectionManager - Connection request: [route: {}->http://localhost:38386][total kept alive: 0; route allocated: 0 of 2000; total allocated: 0 of 2000]
11:53:52.206 [Forwarding findElement on session 37c14d504020035d1e6cd22a23b27d6d to remote] DEBUG o.a.h.i.c.PoolingHttpClientConnectionManager - Connection leased: [id: 47][route: {}->http://localhost:38386][total kept alive: 0; route allocated: 1 of 2000; total allocated: 1 of 2000]
11:53:52.206 [Forwarding findElement on session 37c14d504020035d1e6cd22a23b27d6d to remote] DEBUG o.a.h.impl.execchain.MainClientExec - Opening connection {}->http://localhost:38386
11:53:52.206 [Forwarding findElement on session 37c14d504020035d1e6cd22a23b27d6d to remote] DEBUG o.a.h.i.c.DefaultHttpClientConnectionOperator - Connecting to localhost/127.0.0.1:38386
11:53:52.206 [Forwarding findElement on session 37c14d504020035d1e6cd22a23b27d6d to remote] DEBUG o.a.h.i.c.DefaultHttpClientConnectionOperator - Connection established 127.0.0.1:55484<->127.0.0.1:38386
11:53:52.206 [Forwarding findElement on session 37c14d504020035d1e6cd22a23b27d6d to remote] DEBUG o.a.h.i.c.DefaultManagedHttpClientConnection - http-outgoing-47: set socket timeout to 10800000
11:53:52.206 [Forwarding findElement on session 37c14d504020035d1e6cd22a23b27d6d to remote] DEBUG o.a.h.impl.execchain.MainClientExec - Executing request POST /session/37c14d504020035d1e6cd22a23b27d6d/element HTTP/1.1
11:53:52.206 [Forwarding findElement on session 37c14d504020035d1e6cd22a23b27d6d to remote] DEBUG o.a.h.impl.execchain.MainClientExec - Target auth state: UNCHALLENGED
11:53:52.206 [Forwarding findElement on session 37c14d504020035d1e6cd22a23b27d6d to remote] DEBUG o.a.h.impl.execchain.MainClientExec - Proxy auth state: UNCHALLENGED
11:53:52.206 [Forwarding findElement on session 37c14d504020035d1e6cd22a23b27d6d to remote] DEBUG org.apache.http.headers - http-outgoing-47 >> POST /session/37c14d504020035d1e6cd22a23b27d6d/element HTTP/1.1
11:53:52.206 [Forwarding findElement on session 37c14d504020035d1e6cd22a23b27d6d to remote] DEBUG org.apache.http.headers - http-outgoing-47 >> Content-Type: application/json; charset=utf-8
11:53:52.206 [Forwarding findElement on session 37c14d504020035d1e6cd22a23b27d6d to remote] DEBUG org.apache.http.headers - http-outgoing-47 >> Content-Length: 48
11:53:52.206 [Forwarding findElement on session 37c14d504020035d1e6cd22a23b27d6d to remote] DEBUG org.apache.http.headers - http-outgoing-47 >> Host: localhost:38386
11:53:52.206 [Forwarding findElement on session 37c14d504020035d1e6cd22a23b27d6d to remote] DEBUG org.apache.http.headers - http-outgoing-47 >> Connection: Keep-Alive
11:53:52.206 [Forwarding findElement on session 37c14d504020035d1e6cd22a23b27d6d to remote] DEBUG org.apache.http.headers - http-outgoing-47 >> User-Agent: Apache-HttpClient/4.5.2 (Java/1.8.0_111)
11:53:52.206 [Forwarding findElement on session 37c14d504020035d1e6cd22a23b27d6d to remote] DEBUG org.apache.http.headers - http-outgoing-47 >> Accept-Encoding: gzip,deflate
11:53:52.207 [Forwarding findElement on session 37c14d504020035d1e6cd22a23b27d6d to remote] DEBUG org.apache.http.wire - http-outgoing-47 >> "POST /session/37c14d504020035d1e6cd22a23b27d6d/element HTTP/1.1[\r][\n]"
11:53:52.207 [Forwarding findElement on session 37c14d504020035d1e6cd22a23b27d6d to remote] DEBUG org.apache.http.wire - http-outgoing-47 >> "Content-Type: application/json; charset=utf-8[\r][\n]"
11:53:52.207 [Forwarding findElement on session 37c14d504020035d1e6cd22a23b27d6d to remote] DEBUG org.apache.http.wire - http-outgoing-47 >> "Content-Length: 48[\r][\n]"
11:53:52.207 [Forwarding findElement on session 37c14d504020035d1e6cd22a23b27d6d to remote] DEBUG org.apache.http.wire - http-outgoing-47 >> "Host: localhost:38386[\r][\n]"
11:53:52.207 [Forwarding findElement on session 37c14d504020035d1e6cd22a23b27d6d to remote] DEBUG org.apache.http.wire - http-outgoing-47 >> "Connection: Keep-Alive[\r][\n]"
11:53:52.207 [Forwarding findElement on session 37c14d504020035d1e6cd22a23b27d6d to remote] DEBUG org.apache.http.wire - http-outgoing-47 >> "User-Agent: Apache-HttpClient/4.5.2 (Java/1.8.0_111)[\r][\n]"
11:53:52.207 [Forwarding findElement on session 37c14d504020035d1e6cd22a23b27d6d to remote] DEBUG org.apache.http.wire - http-outgoing-47 >> "Accept-Encoding: gzip,deflate[\r][\n]"
11:53:52.207 [Forwarding findElement on session 37c14d504020035d1e6cd22a23b27d6d to remote] DEBUG org.apache.http.wire - http-outgoing-47 >> "[\r][\n]"
11:53:52.207 [Forwarding findElement on session 37c14d504020035d1e6cd22a23b27d6d to remote] DEBUG org.apache.http.wire - http-outgoing-47 >> "{"using":"xpath","value":".//*[@id='password']"}"
11:53:52.219 [Forwarding findElement on session 37c14d504020035d1e6cd22a23b27d6d to remote] DEBUG org.apache.http.wire - http-outgoing-47 << "HTTP/1.1 200 OK[\r][\n]"
11:53:52.219 [Forwarding findElement on session 37c14d504020035d1e6cd22a23b27d6d to remote] DEBUG org.apache.http.wire - http-outgoing-47 << "Content-Length:102[\r][\n]"
11:53:52.219 [Forwarding findElement on session 37c14d504020035d1e6cd22a23b27d6d to remote] DEBUG org.apache.http.wire - http-outgoing-47 << "Content-Type:application/json; charset=utf-8[\r][\n]"
11:53:52.219 [Forwarding findElement on session 37c14d504020035d1e6cd22a23b27d6d to remote] DEBUG org.apache.http.wire - http-outgoing-47 << "Connection:close[\r][\n]"
11:53:52.219 [Forwarding findElement on session 37c14d504020035d1e6cd22a23b27d6d to remote] DEBUG org.apache.http.wire - http-outgoing-47 << "[\r][\n]"
11:53:52.219 [Forwarding findElement on session 37c14d504020035d1e6cd22a23b27d6d to remote] DEBUG org.apache.http.wire - http-outgoing-47 << "{"sessionId":"37c14d504020035d1e6cd22a23b27d6d","status":0,"value":{"ELEMENT":"0.5943568280903053-2"}}"
11:53:52.219 [Forwarding findElement on session 37c14d504020035d1e6cd22a23b27d6d to remote] DEBUG org.apache.http.headers - http-outgoing-47 << HTTP/1.1 200 OK
11:53:52.219 [Forwarding findElement on session 37c14d504020035d1e6cd22a23b27d6d to remote] DEBUG org.apache.http.headers - http-outgoing-47 << Content-Length:102
11:53:52.219 [Forwarding findElement on session 37c14d504020035d1e6cd22a23b27d6d to remote] DEBUG org.apache.http.headers - http-outgoing-47 << Content-Type:application/json; charset=utf-8
11:53:52.219 [Forwarding findElement on session 37c14d504020035d1e6cd22a23b27d6d to remote] DEBUG org.apache.http.headers - http-outgoing-47 << Connection:close
11:53:52.219 [Forwarding findElement on session 37c14d504020035d1e6cd22a23b27d6d to remote] DEBUG o.a.h.i.c.DefaultManagedHttpClientConnection - http-outgoing-47: Close connection
11:53:52.219 [Forwarding findElement on session 37c14d504020035d1e6cd22a23b27d6d to remote] DEBUG o.a.h.impl.execchain.MainClientExec - Connection discarded
11:53:52.219 [Forwarding findElement on session 37c14d504020035d1e6cd22a23b27d6d to remote] DEBUG o.a.h.i.c.PoolingHttpClientConnectionManager - Connection released: [id: 47][route: {}->http://localhost:38386][total kept alive: 0; route allocated: 0 of 2000; total allocated: 0 of 2000]
11:53:52.221 [Forwarding executeScript on session 37c14d504020035d1e6cd22a23b27d6d to remote] DEBUG o.a.h.c.protocol.RequestAddCookies - CookieSpec selected: default
11:53:52.221 [Forwarding executeScript on session 37c14d504020035d1e6cd22a23b27d6d to remote] DEBUG o.a.h.c.protocol.RequestAuthCache - Auth cache not set in the context
11:53:52.221 [Forwarding executeScript on session 37c14d504020035d1e6cd22a23b27d6d to remote] DEBUG o.a.h.i.c.PoolingHttpClientConnectionManager - Connection request: [route: {}->http://localhost:38386][total kept alive: 0; route allocated: 0 of 2000; total allocated: 0 of 2000]
11:53:52.221 [Forwarding executeScript on session 37c14d504020035d1e6cd22a23b27d6d to remote] DEBUG o.a.h.i.c.PoolingHttpClientConnectionManager - Connection leased: [id: 48][route: {}->http://localhost:38386][total kept alive: 0; route allocated: 1 of 2000; total allocated: 1 of 2000]
11:53:52.221 [Forwarding executeScript on session 37c14d504020035d1e6cd22a23b27d6d to remote] DEBUG o.a.h.impl.execchain.MainClientExec - Opening connection {}->http://localhost:38386
11:53:52.221 [Forwarding executeScript on session 37c14d504020035d1e6cd22a23b27d6d to remote] DEBUG o.a.h.i.c.DefaultHttpClientConnectionOperator - Connecting to localhost/127.0.0.1:38386
11:53:52.221 [Forwarding executeScript on session 37c14d504020035d1e6cd22a23b27d6d to remote] DEBUG o.a.h.i.c.DefaultHttpClientConnectionOperator - Connection established 127.0.0.1:55486<->127.0.0.1:38386
11:53:52.221 [Forwarding executeScript on session 37c14d504020035d1e6cd22a23b27d6d to remote] DEBUG o.a.h.i.c.DefaultManagedHttpClientConnection - http-outgoing-48: set socket timeout to 10800000
11:53:52.221 [Forwarding executeScript on session 37c14d504020035d1e6cd22a23b27d6d to remote] DEBUG o.a.h.impl.execchain.MainClientExec - Executing request POST /session/37c14d504020035d1e6cd22a23b27d6d/execute HTTP/1.1
11:53:52.221 [Forwarding executeScript on session 37c14d504020035d1e6cd22a23b27d6d to remote] DEBUG o.a.h.impl.execchain.MainClientExec - Target auth state: UNCHALLENGED
11:53:52.221 [Forwarding executeScript on session 37c14d504020035d1e6cd22a23b27d6d to remote] DEBUG o.a.h.impl.execchain.MainClientExec - Proxy auth state: UNCHALLENGED
11:53:52.221 [Forwarding executeScript on session 37c14d504020035d1e6cd22a23b27d6d to remote] DEBUG org.apache.http.headers - http-outgoing-48 >> POST /session/37c14d504020035d1e6cd22a23b27d6d/execute HTTP/1.1
11:53:52.221 [Forwarding executeScript on session 37c14d504020035d1e6cd22a23b27d6d to remote] DEBUG org.apache.http.headers - http-outgoing-48 >> Content-Type: application/json; charset=utf-8
11:53:52.221 [Forwarding executeScript on session 37c14d504020035d1e6cd22a23b27d6d to remote] DEBUG org.apache.http.headers - http-outgoing-48 >> Content-Length: 44
11:53:52.221 [Forwarding executeScript on session 37c14d504020035d1e6cd22a23b27d6d to remote] DEBUG org.apache.http.headers - http-outgoing-48 >> Host: localhost:38386
11:53:52.221 [Forwarding executeScript on session 37c14d504020035d1e6cd22a23b27d6d to remote] DEBUG org.apache.http.headers - http-outgoing-48 >> Connection: Keep-Alive
11:53:52.221 [Forwarding executeScript on session 37c14d504020035d1e6cd22a23b27d6d to remote] DEBUG org.apache.http.headers - http-outgoing-48 >> User-Agent: Apache-HttpClient/4.5.2 (Java/1.8.0_111)
11:53:52.221 [Forwarding executeScript on session 37c14d504020035d1e6cd22a23b27d6d to remote] DEBUG org.apache.http.headers - http-outgoing-48 >> Accept-Encoding: gzip,deflate
11:53:52.221 [Forwarding executeScript on session 37c14d504020035d1e6cd22a23b27d6d to remote] DEBUG org.apache.http.wire - http-outgoing-48 >> "POST /session/37c14d504020035d1e6cd22a23b27d6d/execute HTTP/1.1[\r][\n]"
11:53:52.221 [Forwarding executeScript on session 37c14d504020035d1e6cd22a23b27d6d to remote] DEBUG org.apache.http.wire - http-outgoing-48 >> "Content-Type: application/json; charset=utf-8[\r][\n]"
11:53:52.221 [Forwarding executeScript on session 37c14d504020035d1e6cd22a23b27d6d to remote] DEBUG org.apache.http.wire - http-outgoing-48 >> "Content-Length: 44[\r][\n]"
11:53:52.221 [Forwarding executeScript on session 37c14d504020035d1e6cd22a23b27d6d to remote] DEBUG org.apache.http.wire - http-outgoing-48 >> "Host: localhost:38386[\r][\n]"
11:53:52.221 [Forwarding executeScript on session 37c14d504020035d1e6cd22a23b27d6d to remote] DEBUG org.apache.http.wire - http-outgoing-48 >> "Connection: Keep-Alive[\r][\n]"
11:53:52.221 [Forwarding executeScript on session 37c14d504020035d1e6cd22a23b27d6d to remote] DEBUG org.apache.http.wire - http-outgoing-48 >> "User-Agent: Apache-HttpClient/4.5.2 (Java/1.8.0_111)[\r][\n]"
11:53:52.221 [Forwarding executeScript on session 37c14d504020035d1e6cd22a23b27d6d to remote] DEBUG org.apache.http.wire - http-outgoing-48 >> "Accept-Encoding: gzip,deflate[\r][\n]"
11:53:52.221 [Forwarding executeScript on session 37c14d504020035d1e6cd22a23b27d6d to remote] DEBUG org.apache.http.wire - http-outgoing-48 >> "[\r][\n]"
11:53:52.221 [Forwarding executeScript on session 37c14d504020035d1e6cd22a23b27d6d to remote] DEBUG org.apache.http.wire - http-outgoing-48 >> "{"script":"window.scrollTo(0,0);","args":[]}"
11:53:52.234 [Forwarding executeScript on session 37c14d504020035d1e6cd22a23b27d6d to remote] DEBUG org.apache.http.wire - http-outgoing-48 << "HTTP/1.1 200 OK[\r][\n]"
11:53:52.234 [Forwarding executeScript on session 37c14d504020035d1e6cd22a23b27d6d to remote] DEBUG org.apache.http.wire - http-outgoing-48 << "Content-Length:72[\r][\n]"
11:53:52.234 [Forwarding executeScript on session 37c14d504020035d1e6cd22a23b27d6d to remote] DEBUG org.apache.http.wire - http-outgoing-48 << "Content-Type:application/json; charset=utf-8[\r][\n]"
11:53:52.234 [Forwarding executeScript on session 37c14d504020035d1e6cd22a23b27d6d to remote] DEBUG org.apache.http.wire - http-outgoing-48 << "Connection:close[\r][\n]"
11:53:52.234 [Forwarding executeScript on session 37c14d504020035d1e6cd22a23b27d6d to remote] DEBUG org.apache.http.wire - http-outgoing-48 << "[\r][\n]"
11:53:52.234 [Forwarding executeScript on session 37c14d504020035d1e6cd22a23b27d6d to remote] DEBUG org.apache.http.wire - http-outgoing-48 << "{"sessionId":"37c14d504020035d1e6cd22a23b27d6d","status":0,"value":null}"
11:53:52.234 [Forwarding executeScript on session 37c14d504020035d1e6cd22a23b27d6d to remote] DEBUG org.apache.http.headers - http-outgoing-48 << HTTP/1.1 200 OK
11:53:52.234 [Forwarding executeScript on session 37c14d504020035d1e6cd22a23b27d6d to remote] DEBUG org.apache.http.headers - http-outgoing-48 << Content-Length:72
11:53:52.234 [Forwarding executeScript on session 37c14d504020035d1e6cd22a23b27d6d to remote] DEBUG org.apache.http.headers - http-outgoing-48 << Content-Type:application/json; charset=utf-8
11:53:52.234 [Forwarding executeScript on session 37c14d504020035d1e6cd22a23b27d6d to remote] DEBUG org.apache.http.headers - http-outgoing-48 << Connection:close
11:53:52.235 [Forwarding executeScript on session 37c14d504020035d1e6cd22a23b27d6d to remote] DEBUG o.a.h.i.c.DefaultManagedHttpClientConnection - http-outgoing-48: Close connection
11:53:52.235 [Forwarding executeScript on session 37c14d504020035d1e6cd22a23b27d6d to remote] DEBUG o.a.h.impl.execchain.MainClientExec - Connection discarded
11:53:52.235 [Forwarding executeScript on session 37c14d504020035d1e6cd22a23b27d6d to remote] DEBUG o.a.h.i.c.PoolingHttpClientConnectionManager - Connection released: [id: 48][route: {}->http://localhost:38386][total kept alive: 0; route allocated: 0 of 2000; total allocated: 0 of 2000]
11:53:52.236 [Forwarding getElementLocation on session 37c14d504020035d1e6cd22a23b27d6d to remote] DEBUG o.a.h.c.protocol.RequestAddCookies - CookieSpec selected: default
11:53:52.237 [Forwarding getElementLocation on session 37c14d504020035d1e6cd22a23b27d6d to remote] DEBUG o.a.h.c.protocol.RequestAuthCache - Auth cache not set in the context
11:53:52.237 [Forwarding getElementLocation on session 37c14d504020035d1e6cd22a23b27d6d to remote] DEBUG o.a.h.i.c.PoolingHttpClientConnectionManager - Connection request: [route: {}->http://localhost:38386][total kept alive: 0; route allocated: 0 of 2000; total allocated: 0 of 2000]
11:53:52.237 [Forwarding getElementLocation on session 37c14d504020035d1e6cd22a23b27d6d to remote] DEBUG o.a.h.i.c.PoolingHttpClientConnectionManager - Connection leased: [id: 49][route: {}->http://localhost:38386][total kept alive: 0; route allocated: 1 of 2000; total allocated: 1 of 2000]
11:53:52.237 [Forwarding getElementLocation on session 37c14d504020035d1e6cd22a23b27d6d to remote] DEBUG o.a.h.impl.execchain.MainClientExec - Opening connection {}->http://localhost:38386
11:53:52.237 [Forwarding getElementLocation on session 37c14d504020035d1e6cd22a23b27d6d to remote] DEBUG o.a.h.i.c.DefaultHttpClientConnectionOperator - Connecting to localhost/127.0.0.1:38386
11:53:52.238 [Forwarding getElementLocation on session 37c14d504020035d1e6cd22a23b27d6d to remote] DEBUG o.a.h.i.c.DefaultHttpClientConnectionOperator - Connection established 127.0.0.1:55488<->127.0.0.1:38386
11:53:52.238 [Forwarding getElementLocation on session 37c14d504020035d1e6cd22a23b27d6d to remote] DEBUG o.a.h.i.c.DefaultManagedHttpClientConnection - http-outgoing-49: set socket timeout to 10800000
11:53:52.238 [Forwarding getElementLocation on session 37c14d504020035d1e6cd22a23b27d6d to remote] DEBUG o.a.h.impl.execchain.MainClientExec - Executing request GET /session/37c14d504020035d1e6cd22a23b27d6d/element/0.5943568280903053-2/location HTTP/1.1
11:53:52.238 [Forwarding getElementLocation on session 37c14d504020035d1e6cd22a23b27d6d to remote] DEBUG o.a.h.impl.execchain.MainClientExec - Target auth state: UNCHALLENGED
11:53:52.238 [Forwarding getElementLocation on session 37c14d504020035d1e6cd22a23b27d6d to remote] DEBUG o.a.h.impl.execchain.MainClientExec - Proxy auth state: UNCHALLENGED
11:53:52.238 [Forwarding getElementLocation on session 37c14d504020035d1e6cd22a23b27d6d to remote] DEBUG org.apache.http.headers - http-outgoing-49 >> GET /session/37c14d504020035d1e6cd22a23b27d6d/element/0.5943568280903053-2/location HTTP/1.1
11:53:52.238 [Forwarding getElementLocation on session 37c14d504020035d1e6cd22a23b27d6d to remote] DEBUG org.apache.http.headers - http-outgoing-49 >> Cache-Control: no-cache
11:53:52.238 [Forwarding getElementLocation on session 37c14d504020035d1e6cd22a23b27d6d to remote] DEBUG org.apache.http.headers - http-outgoing-49 >> Host: localhost:38386
11:53:52.238 [Forwarding getElementLocation on session 37c14d504020035d1e6cd22a23b27d6d to remote] DEBUG org.apache.http.headers - http-outgoing-49 >> Connection: Keep-Alive
11:53:52.238 [Forwarding getElementLocation on session 37c14d504020035d1e6cd22a23b27d6d to remote] DEBUG org.apache.http.headers - http-outgoing-49 >> User-Agent: Apache-HttpClient/4.5.2 (Java/1.8.0_111)
11:53:52.238 [Forwarding getElementLocation on session 37c14d504020035d1e6cd22a23b27d6d to remote] DEBUG org.apache.http.headers - http-outgoing-49 >> Accept-Encoding: gzip,deflate
11:53:52.238 [Forwarding getElementLocation on session 37c14d504020035d1e6cd22a23b27d6d to remote] DEBUG org.apache.http.wire - http-outgoing-49 >> "GET /session/37c14d504020035d1e6cd22a23b27d6d/element/0.5943568280903053-2/location HTTP/1.1[\r][\n]"
11:53:52.238 [Forwarding getElementLocation on session 37c14d504020035d1e6cd22a23b27d6d to remote] DEBUG org.apache.http.wire - http-outgoing-49 >> "Cache-Control: no-cache[\r][\n]"
11:53:52.238 [Forwarding getElementLocation on session 37c14d504020035d1e6cd22a23b27d6d to remote] DEBUG org.apache.http.wire - http-outgoing-49 >> "Host: localhost:38386[\r][\n]"
11:53:52.238 [Forwarding getElementLocation on session 37c14d504020035d1e6cd22a23b27d6d to remote] DEBUG org.apache.http.wire - http-outgoing-49 >> "Connection: Keep-Alive[\r][\n]"
11:53:52.238 [Forwarding getElementLocation on session 37c14d504020035d1e6cd22a23b27d6d to remote] DEBUG org.apache.http.wire - http-outgoing-49 >> "User-Agent: Apache-HttpClient/4.5.2 (Java/1.8.0_111)[\r][\n]"
11:53:52.238 [Forwarding getElementLocation on session 37c14d504020035d1e6cd22a23b27d6d to remote] DEBUG org.apache.http.wire - http-outgoing-49 >> "Accept-Encoding: gzip,deflate[\r][\n]"
11:53:52.238 [Forwarding getElementLocation on session 37c14d504020035d1e6cd22a23b27d6d to remote] DEBUG org.apache.http.wire - http-outgoing-49 >> "[\r][\n]"
11:53:52.253 [Forwarding getElementLocation on session 37c14d504020035d1e6cd22a23b27d6d to remote] DEBUG org.apache.http.wire - http-outgoing-49 << "HTTP/1.1 200 OK[\r][\n]"
11:53:52.253 [Forwarding getElementLocation on session 37c14d504020035d1e6cd22a23b27d6d to remote] DEBUG org.apache.http.wire - http-outgoing-49 << "Content-Length:181[\r][\n]"
11:53:52.253 [Forwarding getElementLocation on session 37c14d504020035d1e6cd22a23b27d6d to remote] DEBUG org.apache.http.wire - http-outgoing-49 << "Content-Type:application/json; charset=utf-8[\r][\n]"
11:53:52.253 [Forwarding getElementLocation on session 37c14d504020035d1e6cd22a23b27d6d to remote] DEBUG org.apache.http.wire - http-outgoing-49 << "Connection:close[\r][\n]"
11:53:52.253 [Forwarding getElementLocation on session 37c14d504020035d1e6cd22a23b27d6d to remote] DEBUG org.apache.http.wire - http-outgoing-49 << "[\r][\n]"
11:53:52.253 [Forwarding getElementLocation on session 37c14d504020035d1e6cd22a23b27d6d to remote] DEBUG org.apache.http.wire - http-outgoing-49 << "{"sessionId":"37c14d504020035d1e6cd22a23b27d6d","status":0,"value":{"ceil":{},"clone":{},"floor":{},"round":{},"scale":{},"toString":{},"translate":{},"x":623.484375,"y":294.96875}}"
11:53:52.253 [Forwarding getElementLocation on session 37c14d504020035d1e6cd22a23b27d6d to remote] DEBUG org.apache.http.headers - http-outgoing-49 << HTTP/1.1 200 OK
11:53:52.253 [Forwarding getElementLocation on session 37c14d504020035d1e6cd22a23b27d6d to remote] DEBUG org.apache.http.headers - http-outgoing-49 << Content-Length:181
11:53:52.253 [Forwarding getElementLocation on session 37c14d504020035d1e6cd22a23b27d6d to remote] DEBUG org.apache.http.headers - http-outgoing-49 << Content-Type:application/json; charset=utf-8
11:53:52.253 [Forwarding getElementLocation on session 37c14d504020035d1e6cd22a23b27d6d to remote] DEBUG org.apache.http.headers - http-outgoing-49 << Connection:close
11:53:52.253 [Forwarding getElementLocation on session 37c14d504020035d1e6cd22a23b27d6d to remote] DEBUG o.a.h.i.c.DefaultManagedHttpClientConnection - http-outgoing-49: Close connection
11:53:52.253 [Forwarding getElementLocation on session 37c14d504020035d1e6cd22a23b27d6d to remote] DEBUG o.a.h.impl.execchain.MainClientExec - Connection discarded
11:53:52.253 [Forwarding getElementLocation on session 37c14d504020035d1e6cd22a23b27d6d to remote] DEBUG o.a.h.i.c.PoolingHttpClientConnectionManager - Connection released: [id: 49][route: {}->http://localhost:38386][total kept alive: 0; route allocated: 0 of 2000; total allocated: 0 of 2000]
11:53:52.254 [Forwarding executeScript on session 37c14d504020035d1e6cd22a23b27d6d to remote] DEBUG o.a.h.c.protocol.RequestAddCookies - CookieSpec selected: default
11:53:52.254 [Forwarding executeScript on session 37c14d504020035d1e6cd22a23b27d6d to remote] DEBUG o.a.h.c.protocol.RequestAuthCache - Auth cache not set in the context
11:53:52.254 [Forwarding executeScript on session 37c14d504020035d1e6cd22a23b27d6d to remote] DEBUG o.a.h.i.c.PoolingHttpClientConnectionManager - Connection request: [route: {}->http://localhost:38386][total kept alive: 0; route allocated: 0 of 2000; total allocated: 0 of 2000]
11:53:52.254 [Forwarding executeScript on session 37c14d504020035d1e6cd22a23b27d6d to remote] DEBUG o.a.h.i.c.PoolingHttpClientConnectionManager - Connection leased: [id: 50][route: {}->http://localhost:38386][total kept alive: 0; route allocated: 1 of 2000; total allocated: 1 of 2000]
11:53:52.255 [Forwarding executeScript on session 37c14d504020035d1e6cd22a23b27d6d to remote] DEBUG o.a.h.impl.execchain.MainClientExec - Opening connection {}->http://localhost:38386
11:53:52.255 [Forwarding executeScript on session 37c14d504020035d1e6cd22a23b27d6d to remote] DEBUG o.a.h.i.c.DefaultHttpClientConnectionOperator - Connecting to localhost/127.0.0.1:38386
11:53:52.255 [Forwarding executeScript on session 37c14d504020035d1e6cd22a23b27d6d to remote] DEBUG o.a.h.i.c.DefaultHttpClientConnectionOperator - Connection established 127.0.0.1:55490<->127.0.0.1:38386
11:53:52.255 [Forwarding executeScript on session 37c14d504020035d1e6cd22a23b27d6d to remote] DEBUG o.a.h.i.c.DefaultManagedHttpClientConnection - http-outgoing-50: set socket timeout to 10800000
11:53:52.255 [Forwarding executeScript on session 37c14d504020035d1e6cd22a23b27d6d to remote] DEBUG o.a.h.impl.execchain.MainClientExec - Executing request POST /session/37c14d504020035d1e6cd22a23b27d6d/execute HTTP/1.1
11:53:52.255 [Forwarding executeScript on session 37c14d504020035d1e6cd22a23b27d6d to remote] DEBUG o.a.h.impl.execchain.MainClientExec - Target auth state: UNCHALLENGED
11:53:52.255 [Forwarding executeScript on session 37c14d504020035d1e6cd22a23b27d6d to remote] DEBUG o.a.h.impl.execchain.MainClientExec - Proxy auth state: UNCHALLENGED
11:53:52.255 [Forwarding executeScript on session 37c14d504020035d1e6cd22a23b27d6d to remote] DEBUG org.apache.http.headers - http-outgoing-50 >> POST /session/37c14d504020035d1e6cd22a23b27d6d/execute HTTP/1.1
11:53:52.255 [Forwarding executeScript on session 37c14d504020035d1e6cd22a23b27d6d to remote] DEBUG org.apache.http.headers - http-outgoing-50 >> Content-Type: application/json; charset=utf-8
11:53:52.255 [Forwarding executeScript on session 37c14d504020035d1e6cd22a23b27d6d to remote] DEBUG org.apache.http.headers - http-outgoing-50 >> Content-Length: 46
11:53:52.255 [Forwarding executeScript on session 37c14d504020035d1e6cd22a23b27d6d to remote] DEBUG org.apache.http.headers - http-outgoing-50 >> Host: localhost:38386
11:53:52.255 [Forwarding executeScript on session 37c14d504020035d1e6cd22a23b27d6d to remote] DEBUG org.apache.http.headers - http-outgoing-50 >> Connection: Keep-Alive
11:53:52.255 [Forwarding executeScript on session 37c14d504020035d1e6cd22a23b27d6d to remote] DEBUG org.apache.http.headers - http-outgoing-50 >> User-Agent: Apache-HttpClient/4.5.2 (Java/1.8.0_111)
11:53:52.255 [Forwarding executeScript on session 37c14d504020035d1e6cd22a23b27d6d to remote] DEBUG org.apache.http.headers - http-outgoing-50 >> Accept-Encoding: gzip,deflate
11:53:52.255 [Forwarding executeScript on session 37c14d504020035d1e6cd22a23b27d6d to remote] DEBUG org.apache.http.wire - http-outgoing-50 >> "POST /session/37c14d504020035d1e6cd22a23b27d6d/execute HTTP/1.1[\r][\n]"
11:53:52.255 [Forwarding executeScript on session 37c14d504020035d1e6cd22a23b27d6d to remote] DEBUG org.apache.http.wire - http-outgoing-50 >> "Content-Type: application/json; charset=utf-8[\r][\n]"
11:53:52.255 [Forwarding executeScript on session 37c14d504020035d1e6cd22a23b27d6d to remote] DEBUG org.apache.http.wire - http-outgoing-50 >> "Content-Length: 46[\r][\n]"
11:53:52.255 [Forwarding executeScript on session 37c14d504020035d1e6cd22a23b27d6d to remote] DEBUG org.apache.http.wire - http-outgoing-50 >> "Host: localhost:38386[\r][\n]"
11:53:52.255 [Forwarding executeScript on session 37c14d504020035d1e6cd22a23b27d6d to remote] DEBUG org.apache.http.wire - http-outgoing-50 >> "Connection: Keep-Alive[\r][\n]"
11:53:52.255 [Forwarding executeScript on session 37c14d504020035d1e6cd22a23b27d6d to remote] DEBUG org.apache.http.wire - http-outgoing-50 >> "User-Agent: Apache-HttpClient/4.5.2 (Java/1.8.0_111)[\r][\n]"
11:53:52.255 [Forwarding executeScript on session 37c14d504020035d1e6cd22a23b27d6d to remote] DEBUG org.apache.http.wire - http-outgoing-50 >> "Accept-Encoding: gzip,deflate[\r][\n]"
11:53:52.255 [Forwarding executeScript on session 37c14d504020035d1e6cd22a23b27d6d to remote] DEBUG org.apache.http.wire - http-outgoing-50 >> "[\r][\n]"
11:53:52.255 [Forwarding executeScript on session 37c14d504020035d1e6cd22a23b27d6d to remote] DEBUG org.apache.http.wire - http-outgoing-50 >> "{"script":"window.scroll(623,174);","args":[]}"
11:53:52.268 [Forwarding executeScript on session 37c14d504020035d1e6cd22a23b27d6d to remote] DEBUG org.apache.http.wire - http-outgoing-50 << "HTTP/1.1 200 OK[\r][\n]"
11:53:52.268 [Forwarding executeScript on session 37c14d504020035d1e6cd22a23b27d6d to remote] DEBUG org.apache.http.wire - http-outgoing-50 << "Content-Length:72[\r][\n]"
11:53:52.268 [Forwarding executeScript on session 37c14d504020035d1e6cd22a23b27d6d to remote] DEBUG org.apache.http.wire - http-outgoing-50 << "Content-Type:application/json; charset=utf-8[\r][\n]"
11:53:52.268 [Forwarding executeScript on session 37c14d504020035d1e6cd22a23b27d6d to remote] DEBUG org.apache.http.wire - http-outgoing-50 << "Connection:close[\r][\n]"
11:53:52.268 [Forwarding executeScript on session 37c14d504020035d1e6cd22a23b27d6d to remote] DEBUG org.apache.http.wire - http-outgoing-50 << "[\r][\n]"
11:53:52.268 [Forwarding executeScript on session 37c14d504020035d1e6cd22a23b27d6d to remote] DEBUG org.apache.http.wire - http-outgoing-50 << "{"sessionId":"37c14d504020035d1e6cd22a23b27d6d","status":0,"value":null}"
11:53:52.268 [Forwarding executeScript on session 37c14d504020035d1e6cd22a23b27d6d to remote] DEBUG org.apache.http.headers - http-outgoing-50 << HTTP/1.1 200 OK
11:53:52.268 [Forwarding executeScript on session 37c14d504020035d1e6cd22a23b27d6d to remote] DEBUG org.apache.http.headers - http-outgoing-50 << Content-Length:72
11:53:52.268 [Forwarding executeScript on session 37c14d504020035d1e6cd22a23b27d6d to remote] DEBUG org.apache.http.headers - http-outgoing-50 << Content-Type:application/json; charset=utf-8
11:53:52.268 [Forwarding executeScript on session 37c14d504020035d1e6cd22a23b27d6d to remote] DEBUG org.apache.http.headers - http-outgoing-50 << Connection:close
11:53:52.268 [Forwarding executeScript on session 37c14d504020035d1e6cd22a23b27d6d to remote] DEBUG o.a.h.i.c.DefaultManagedHttpClientConnection - http-outgoing-50: Close connection
11:53:52.268 [Forwarding executeScript on session 37c14d504020035d1e6cd22a23b27d6d to remote] DEBUG o.a.h.impl.execchain.MainClientExec - Connection discarded
11:53:52.268 [Forwarding executeScript on session 37c14d504020035d1e6cd22a23b27d6d to remote] DEBUG o.a.h.i.c.PoolingHttpClientConnectionManager - Connection released: [id: 50][route: {}->http://localhost:38386][total kept alive: 0; route allocated: 0 of 2000; total allocated: 0 of 2000]
11:53:52.269 [Forwarding isElementDisplayed on session 37c14d504020035d1e6cd22a23b27d6d to remote] DEBUG o.a.h.c.protocol.RequestAddCookies - CookieSpec selected: default
11:53:52.269 [Forwarding isElementDisplayed on session 37c14d504020035d1e6cd22a23b27d6d to remote] DEBUG o.a.h.c.protocol.RequestAuthCache - Auth cache not set in the context
11:53:52.269 [Forwarding isElementDisplayed on session 37c14d504020035d1e6cd22a23b27d6d to remote] DEBUG o.a.h.i.c.PoolingHttpClientConnectionManager - Connection request: [route: {}->http://localhost:38386][total kept alive: 0; route allocated: 0 of 2000; total allocated: 0 of 2000]
11:53:52.269 [Forwarding isElementDisplayed on session 37c14d504020035d1e6cd22a23b27d6d to remote] DEBUG o.a.h.i.c.PoolingHttpClientConnectionManager - Connection leased: [id: 51][route: {}->http://localhost:38386][total kept alive: 0; route allocated: 1 of 2000; total allocated: 1 of 2000]
11:53:52.269 [Forwarding isElementDisplayed on session 37c14d504020035d1e6cd22a23b27d6d to remote] DEBUG o.a.h.impl.execchain.MainClientExec - Opening connection {}->http://localhost:38386
11:53:52.269 [Forwarding isElementDisplayed on session 37c14d504020035d1e6cd22a23b27d6d to remote] DEBUG o.a.h.i.c.DefaultHttpClientConnectionOperator - Connecting to localhost/127.0.0.1:38386
11:53:52.270 [Forwarding isElementDisplayed on session 37c14d504020035d1e6cd22a23b27d6d to remote] DEBUG o.a.h.i.c.DefaultHttpClientConnectionOperator - Connection established 127.0.0.1:55492<->127.0.0.1:38386
11:53:52.270 [Forwarding isElementDisplayed on session 37c14d504020035d1e6cd22a23b27d6d to remote] DEBUG o.a.h.i.c.DefaultManagedHttpClientConnection - http-outgoing-51: set socket timeout to 10800000
11:53:52.270 [Forwarding isElementDisplayed on session 37c14d504020035d1e6cd22a23b27d6d to remote] DEBUG o.a.h.impl.execchain.MainClientExec - Executing request GET /session/37c14d504020035d1e6cd22a23b27d6d/element/0.5943568280903053-2/displayed HTTP/1.1
11:53:52.270 [Forwarding isElementDisplayed on session 37c14d504020035d1e6cd22a23b27d6d to remote] DEBUG o.a.h.impl.execchain.MainClientExec - Target auth state: UNCHALLENGED
11:53:52.270 [Forwarding isElementDisplayed on session 37c14d504020035d1e6cd22a23b27d6d to remote] DEBUG o.a.h.impl.execchain.MainClientExec - Proxy auth state: UNCHALLENGED
11:53:52.270 [Forwarding isElementDisplayed on session 37c14d504020035d1e6cd22a23b27d6d to remote] DEBUG org.apache.http.headers - http-outgoing-51 >> GET /session/37c14d504020035d1e6cd22a23b27d6d/element/0.5943568280903053-2/displayed HTTP/1.1
11:53:52.270 [Forwarding isElementDisplayed on session 37c14d504020035d1e6cd22a23b27d6d to remote] DEBUG org.apache.http.headers - http-outgoing-51 >> Cache-Control: no-cache
11:53:52.270 [Forwarding isElementDisplayed on session 37c14d504020035d1e6cd22a23b27d6d to remote] DEBUG org.apache.http.headers - http-outgoing-51 >> Host: localhost:38386
11:53:52.270 [Forwarding isElementDisplayed on session 37c14d504020035d1e6cd22a23b27d6d to remote] DEBUG org.apache.http.headers - http-outgoing-51 >> Connection: Keep-Alive
11:53:52.270 [Forwarding isElementDisplayed on session 37c14d504020035d1e6cd22a23b27d6d to remote] DEBUG org.apache.http.headers - http-outgoing-51 >> User-Agent: Apache-HttpClient/4.5.2 (Java/1.8.0_111)
11:53:52.270 [Forwarding isElementDisplayed on session 37c14d504020035d1e6cd22a23b27d6d to remote] DEBUG org.apache.http.headers - http-outgoing-51 >> Accept-Encoding: gzip,deflate
11:53:52.270 [Forwarding isElementDisplayed on session 37c14d504020035d1e6cd22a23b27d6d to remote] DEBUG org.apache.http.wire - http-outgoing-51 >> "GET /session/37c14d504020035d1e6cd22a23b27d6d/element/0.5943568280903053-2/displayed HTTP/1.1[\r][\n]"
11:53:52.270 [Forwarding isElementDisplayed on session 37c14d504020035d1e6cd22a23b27d6d to remote] DEBUG org.apache.http.wire - http-outgoing-51 >> "Cache-Control: no-cache[\r][\n]"
11:53:52.270 [Forwarding isElementDisplayed on session 37c14d504020035d1e6cd22a23b27d6d to remote] DEBUG org.apache.http.wire - http-outgoing-51 >> "Host: localhost:38386[\r][\n]"
11:53:52.270 [Forwarding isElementDisplayed on session 37c14d504020035d1e6cd22a23b27d6d to remote] DEBUG org.apache.http.wire - http-outgoing-51 >> "Connection: Keep-Alive[\r][\n]"
11:53:52.270 [Forwarding isElementDisplayed on session 37c14d504020035d1e6cd22a23b27d6d to remote] DEBUG org.apache.http.wire - http-outgoing-51 >> "User-Agent: Apache-HttpClient/4.5.2 (Java/1.8.0_111)[\r][\n]"
11:53:52.270 [Forwarding isElementDisplayed on session 37c14d504020035d1e6cd22a23b27d6d to remote] DEBUG org.apache.http.wire - http-outgoing-51 >> "Accept-Encoding: gzip,deflate[\r][\n]"
11:53:52.270 [Forwarding isElementDisplayed on session 37c14d504020035d1e6cd22a23b27d6d to remote] DEBUG org.apache.http.wire - http-outgoing-51 >> "[\r][\n]"
11:53:52.289 [Forwarding isElementDisplayed on session 37c14d504020035d1e6cd22a23b27d6d to remote] DEBUG org.apache.http.wire - http-outgoing-51 << "HTTP/1.1 200 OK[\r][\n]"
11:53:52.289 [Forwarding isElementDisplayed on session 37c14d504020035d1e6cd22a23b27d6d to remote] DEBUG org.apache.http.wire - http-outgoing-51 << "Content-Length:72[\r][\n]"
11:53:52.289 [Forwarding isElementDisplayed on session 37c14d504020035d1e6cd22a23b27d6d to remote] DEBUG org.apache.http.wire - http-outgoing-51 << "Content-Type:application/json; charset=utf-8[\r][\n]"
11:53:52.289 [Forwarding isElementDisplayed on session 37c14d504020035d1e6cd22a23b27d6d to remote] DEBUG org.apache.http.wire - http-outgoing-51 << "Connection:close[\r][\n]"
11:53:52.289 [Forwarding isElementDisplayed on session 37c14d504020035d1e6cd22a23b27d6d to remote] DEBUG org.apache.http.wire - http-outgoing-51 << "[\r][\n]"
11:53:52.289 [Forwarding isElementDisplayed on session 37c14d504020035d1e6cd22a23b27d6d to remote] DEBUG org.apache.http.wire - http-outgoing-51 << "{"sessionId":"37c14d504020035d1e6cd22a23b27d6d","status":0,"value":true}"
11:53:52.289 [Forwarding isElementDisplayed on session 37c14d504020035d1e6cd22a23b27d6d to remote] DEBUG org.apache.http.headers - http-outgoing-51 << HTTP/1.1 200 OK
11:53:52.289 [Forwarding isElementDisplayed on session 37c14d504020035d1e6cd22a23b27d6d to remote] DEBUG org.apache.http.headers - http-outgoing-51 << Content-Length:72
11:53:52.289 [Forwarding isElementDisplayed on session 37c14d504020035d1e6cd22a23b27d6d to remote] DEBUG org.apache.http.headers - http-outgoing-51 << Content-Type:application/json; charset=utf-8
11:53:52.289 [Forwarding isElementDisplayed on session 37c14d504020035d1e6cd22a23b27d6d to remote] DEBUG org.apache.http.headers - http-outgoing-51 << Connection:close
11:53:52.289 [Forwarding isElementDisplayed on session 37c14d504020035d1e6cd22a23b27d6d to remote] DEBUG o.a.h.i.c.DefaultManagedHttpClientConnection - http-outgoing-51: Close connection
11:53:52.289 [Forwarding isElementDisplayed on session 37c14d504020035d1e6cd22a23b27d6d to remote] DEBUG o.a.h.impl.execchain.MainClientExec - Connection discarded
11:53:52.289 [Forwarding isElementDisplayed on session 37c14d504020035d1e6cd22a23b27d6d to remote] DEBUG o.a.h.i.c.PoolingHttpClientConnectionManager - Connection released: [id: 51][route: {}->http://localhost:38386][total kept alive: 0; route allocated: 0 of 2000; total allocated: 0 of 2000]
11:53:52.290 [Forwarding isElementEnabled on session 37c14d504020035d1e6cd22a23b27d6d to remote] DEBUG o.a.h.c.protocol.RequestAddCookies - CookieSpec selected: default
11:53:52.290 [Forwarding isElementEnabled on session 37c14d504020035d1e6cd22a23b27d6d to remote] DEBUG o.a.h.c.protocol.RequestAuthCache - Auth cache not set in the context
11:53:52.290 [Forwarding isElementEnabled on session 37c14d504020035d1e6cd22a23b27d6d to remote] DEBUG o.a.h.i.c.PoolingHttpClientConnectionManager - Connection request: [route: {}->http://localhost:38386][total kept alive: 0; route allocated: 0 of 2000; total allocated: 0 of 2000]
11:53:52.290 [Forwarding isElementEnabled on session 37c14d504020035d1e6cd22a23b27d6d to remote] DEBUG o.a.h.i.c.PoolingHttpClientConnectionManager - Connection leased: [id: 52][route: {}->http://localhost:38386][total kept alive: 0; route allocated: 1 of 2000; total allocated: 1 of 2000]
11:53:52.290 [Forwarding isElementEnabled on session 37c14d504020035d1e6cd22a23b27d6d to remote] DEBUG o.a.h.impl.execchain.MainClientExec - Opening connection {}->http://localhost:38386
11:53:52.290 [Forwarding isElementEnabled on session 37c14d504020035d1e6cd22a23b27d6d to remote] DEBUG o.a.h.i.c.DefaultHttpClientConnectionOperator - Connecting to localhost/127.0.0.1:38386
11:53:52.291 [Forwarding isElementEnabled on session 37c14d504020035d1e6cd22a23b27d6d to remote] DEBUG o.a.h.i.c.DefaultHttpClientConnectionOperator - Connection established 127.0.0.1:55494<->127.0.0.1:38386
11:53:52.291 [Forwarding isElementEnabled on session 37c14d504020035d1e6cd22a23b27d6d to remote] DEBUG o.a.h.i.c.DefaultManagedHttpClientConnection - http-outgoing-52: set socket timeout to 10800000
11:53:52.291 [Forwarding isElementEnabled on session 37c14d504020035d1e6cd22a23b27d6d to remote] DEBUG o.a.h.impl.execchain.MainClientExec - Executing request GET /session/37c14d504020035d1e6cd22a23b27d6d/element/0.5943568280903053-2/enabled HTTP/1.1
11:53:52.291 [Forwarding isElementEnabled on session 37c14d504020035d1e6cd22a23b27d6d to remote] DEBUG o.a.h.impl.execchain.MainClientExec - Target auth state: UNCHALLENGED
11:53:52.291 [Forwarding isElementEnabled on session 37c14d504020035d1e6cd22a23b27d6d to remote] DEBUG o.a.h.impl.execchain.MainClientExec - Proxy auth state: UNCHALLENGED
11:53:52.291 [Forwarding isElementEnabled on session 37c14d504020035d1e6cd22a23b27d6d to remote] DEBUG org.apache.http.headers - http-outgoing-52 >> GET /session/37c14d504020035d1e6cd22a23b27d6d/element/0.5943568280903053-2/enabled HTTP/1.1
11:53:52.291 [Forwarding isElementEnabled on session 37c14d504020035d1e6cd22a23b27d6d to remote] DEBUG org.apache.http.headers - http-outgoing-52 >> Cache-Control: no-cache
11:53:52.291 [Forwarding isElementEnabled on session 37c14d504020035d1e6cd22a23b27d6d to remote] DEBUG org.apache.http.headers - http-outgoing-52 >> Host: localhost:38386
11:53:52.291 [Forwarding isElementEnabled on session 37c14d504020035d1e6cd22a23b27d6d to remote] DEBUG org.apache.http.headers - http-outgoing-52 >> Connection: Keep-Alive
11:53:52.291 [Forwarding isElementEnabled on session 37c14d504020035d1e6cd22a23b27d6d to remote] DEBUG org.apache.http.headers - http-outgoing-52 >> User-Agent: Apache-HttpClient/4.5.2 (Java/1.8.0_111)
11:53:52.291 [Forwarding isElementEnabled on session 37c14d504020035d1e6cd22a23b27d6d to remote] DEBUG org.apache.http.headers - http-outgoing-52 >> Accept-Encoding: gzip,deflate
11:53:52.291 [Forwarding isElementEnabled on session 37c14d504020035d1e6cd22a23b27d6d to remote] DEBUG org.apache.http.wire - http-outgoing-52 >> "GET /session/37c14d504020035d1e6cd22a23b27d6d/element/0.5943568280903053-2/enabled HTTP/1.1[\r][\n]"
11:53:52.291 [Forwarding isElementEnabled on session 37c14d504020035d1e6cd22a23b27d6d to remote] DEBUG org.apache.http.wire - http-outgoing-52 >> "Cache-Control: no-cache[\r][\n]"
11:53:52.291 [Forwarding isElementEnabled on session 37c14d504020035d1e6cd22a23b27d6d to remote] DEBUG org.apache.http.wire - http-outgoing-52 >> "Host: localhost:38386[\r][\n]"
11:53:52.291 [Forwarding isElementEnabled on session 37c14d504020035d1e6cd22a23b27d6d to remote] DEBUG org.apache.http.wire - http-outgoing-52 >> "Connection: Keep-Alive[\r][\n]"
11:53:52.291 [Forwarding isElementEnabled on session 37c14d504020035d1e6cd22a23b27d6d to remote] DEBUG org.apache.http.wire - http-outgoing-52 >> "User-Agent: Apache-HttpClient/4.5.2 (Java/1.8.0_111)[\r][\n]"
11:53:52.291 [Forwarding isElementEnabled on session 37c14d504020035d1e6cd22a23b27d6d to remote] DEBUG org.apache.http.wire - http-outgoing-52 >> "Accept-Encoding: gzip,deflate[\r][\n]"
11:53:52.291 [Forwarding isElementEnabled on session 37c14d504020035d1e6cd22a23b27d6d to remote] DEBUG org.apache.http.wire - http-outgoing-52 >> "[\r][\n]"
11:53:52.305 [Forwarding isElementEnabled on session 37c14d504020035d1e6cd22a23b27d6d to remote] DEBUG org.apache.http.wire - http-outgoing-52 << "HTTP/1.1 200 OK[\r][\n]"
11:53:52.305 [Forwarding isElementEnabled on session 37c14d504020035d1e6cd22a23b27d6d to remote] DEBUG org.apache.http.wire - http-outgoing-52 << "Content-Length:72[\r][\n]"
11:53:52.305 [Forwarding isElementEnabled on session 37c14d504020035d1e6cd22a23b27d6d to remote] DEBUG org.apache.http.wire - http-outgoing-52 << "Content-Type:application/json; charset=utf-8[\r][\n]"
11:53:52.305 [Forwarding isElementEnabled on session 37c14d504020035d1e6cd22a23b27d6d to remote] DEBUG org.apache.http.wire - http-outgoing-52 << "Connection:close[\r][\n]"
11:53:52.305 [Forwarding isElementEnabled on session 37c14d504020035d1e6cd22a23b27d6d to remote] DEBUG org.apache.http.wire - http-outgoing-52 << "[\r][\n]"
11:53:52.305 [Forwarding isElementEnabled on session 37c14d504020035d1e6cd22a23b27d6d to remote] DEBUG org.apache.http.wire - http-outgoing-52 << "{"sessionId":"37c14d504020035d1e6cd22a23b27d6d","status":0,"value":true}"
11:53:52.305 [Forwarding isElementEnabled on session 37c14d504020035d1e6cd22a23b27d6d to remote] DEBUG org.apache.http.headers - http-outgoing-52 << HTTP/1.1 200 OK
11:53:52.306 [Forwarding isElementEnabled on session 37c14d504020035d1e6cd22a23b27d6d to remote] DEBUG org.apache.http.headers - http-outgoing-52 << Content-Length:72
11:53:52.306 [Forwarding isElementEnabled on session 37c14d504020035d1e6cd22a23b27d6d to remote] DEBUG org.apache.http.headers - http-outgoing-52 << Content-Type:application/json; charset=utf-8
11:53:52.306 [Forwarding isElementEnabled on session 37c14d504020035d1e6cd22a23b27d6d to remote] DEBUG org.apache.http.headers - http-outgoing-52 << Connection:close
11:53:52.306 [Forwarding isElementEnabled on session 37c14d504020035d1e6cd22a23b27d6d to remote] DEBUG o.a.h.i.c.DefaultManagedHttpClientConnection - http-outgoing-52: Close connection
11:53:52.306 [Forwarding isElementEnabled on session 37c14d504020035d1e6cd22a23b27d6d to remote] DEBUG o.a.h.impl.execchain.MainClientExec - Connection discarded
11:53:52.306 [Forwarding isElementEnabled on session 37c14d504020035d1e6cd22a23b27d6d to remote] DEBUG o.a.h.i.c.PoolingHttpClientConnectionManager - Connection released: [id: 52][route: {}->http://localhost:38386][total kept alive: 0; route allocated: 0 of 2000; total allocated: 0 of 2000]
11:53:52.307 [Forwarding clearElement on session 37c14d504020035d1e6cd22a23b27d6d to remote] DEBUG o.a.h.c.protocol.RequestAddCookies - CookieSpec selected: default
11:53:52.307 [Forwarding clearElement on session 37c14d504020035d1e6cd22a23b27d6d to remote] DEBUG o.a.h.c.protocol.RequestAuthCache - Auth cache not set in the context
11:53:52.307 [Forwarding clearElement on session 37c14d504020035d1e6cd22a23b27d6d to remote] DEBUG o.a.h.i.c.PoolingHttpClientConnectionManager - Connection request: [route: {}->http://localhost:38386][total kept alive: 0; route allocated: 0 of 2000; total allocated: 0 of 2000]
11:53:52.307 [Forwarding clearElement on session 37c14d504020035d1e6cd22a23b27d6d to remote] DEBUG o.a.h.i.c.PoolingHttpClientConnectionManager - Connection leased: [id: 53][route: {}->http://localhost:38386][total kept alive: 0; route allocated: 1 of 2000; total allocated: 1 of 2000]
11:53:52.307 [Forwarding clearElement on session 37c14d504020035d1e6cd22a23b27d6d to remote] DEBUG o.a.h.impl.execchain.MainClientExec - Opening connection {}->http://localhost:38386
11:53:52.307 [Forwarding clearElement on session 37c14d504020035d1e6cd22a23b27d6d to remote] DEBUG o.a.h.i.c.DefaultHttpClientConnectionOperator - Connecting to localhost/127.0.0.1:38386
11:53:52.307 [Forwarding clearElement on session 37c14d504020035d1e6cd22a23b27d6d to remote] DEBUG o.a.h.i.c.DefaultHttpClientConnectionOperator - Connection established 127.0.0.1:55495<->127.0.0.1:38386
11:53:52.307 [Forwarding clearElement on session 37c14d504020035d1e6cd22a23b27d6d to remote] DEBUG o.a.h.i.c.DefaultManagedHttpClientConnection - http-outgoing-53: set socket timeout to 10800000
11:53:52.307 [Forwarding clearElement on session 37c14d504020035d1e6cd22a23b27d6d to remote] DEBUG o.a.h.impl.execchain.MainClientExec - Executing request POST /session/37c14d504020035d1e6cd22a23b27d6d/element/0.5943568280903053-2/clear HTTP/1.1
11:53:52.308 [Forwarding clearElement on session 37c14d504020035d1e6cd22a23b27d6d to remote] DEBUG o.a.h.impl.execchain.MainClientExec - Target auth state: UNCHALLENGED
11:53:52.308 [Forwarding clearElement on session 37c14d504020035d1e6cd22a23b27d6d to remote] DEBUG o.a.h.impl.execchain.MainClientExec - Proxy auth state: UNCHALLENGED
11:53:52.308 [Forwarding clearElement on session 37c14d504020035d1e6cd22a23b27d6d to remote] DEBUG org.apache.http.headers - http-outgoing-53 >> POST /session/37c14d504020035d1e6cd22a23b27d6d/element/0.5943568280903053-2/clear HTTP/1.1
11:53:52.308 [Forwarding clearElement on session 37c14d504020035d1e6cd22a23b27d6d to remote] DEBUG org.apache.http.headers - http-outgoing-53 >> Content-Type: application/json; charset=utf-8
11:53:52.308 [Forwarding clearElement on session 37c14d504020035d1e6cd22a23b27d6d to remote] DEBUG org.apache.http.headers - http-outgoing-53 >> Content-Length: 29
11:53:52.308 [Forwarding clearElement on session 37c14d504020035d1e6cd22a23b27d6d to remote] DEBUG org.apache.http.headers - http-outgoing-53 >> Host: localhost:38386
11:53:52.308 [Forwarding clearElement on session 37c14d504020035d1e6cd22a23b27d6d to remote] DEBUG org.apache.http.headers - http-outgoing-53 >> Connection: Keep-Alive
11:53:52.308 [Forwarding clearElement on session 37c14d504020035d1e6cd22a23b27d6d to remote] DEBUG org.apache.http.headers - http-outgoing-53 >> User-Agent: Apache-HttpClient/4.5.2 (Java/1.8.0_111)
11:53:52.308 [Forwarding clearElement on session 37c14d504020035d1e6cd22a23b27d6d to remote] DEBUG org.apache.http.headers - http-outgoing-53 >> Accept-Encoding: gzip,deflate
11:53:52.308 [Forwarding clearElement on session 37c14d504020035d1e6cd22a23b27d6d to remote] DEBUG org.apache.http.wire - http-outgoing-53 >> "POST /session/37c14d504020035d1e6cd22a23b27d6d/element/0.5943568280903053-2/clear HTTP/1.1[\r][\n]"
11:53:52.308 [Forwarding clearElement on session 37c14d504020035d1e6cd22a23b27d6d to remote] DEBUG org.apache.http.wire - http-outgoing-53 >> "Content-Type: application/json; charset=utf-8[\r][\n]"
11:53:52.308 [Forwarding clearElement on session 37c14d504020035d1e6cd22a23b27d6d to remote] DEBUG org.apache.http.wire - http-outgoing-53 >> "Content-Length: 29[\r][\n]"
11:53:52.308 [Forwarding clearElement on session 37c14d504020035d1e6cd22a23b27d6d to remote] DEBUG org.apache.http.wire - http-outgoing-53 >> "Host: localhost:38386[\r][\n]"
11:53:52.308 [Forwarding clearElement on session 37c14d504020035d1e6cd22a23b27d6d to remote] DEBUG org.apache.http.wire - http-outgoing-53 >> "Connection: Keep-Alive[\r][\n]"
11:53:52.308 [Forwarding clearElement on session 37c14d504020035d1e6cd22a23b27d6d to remote] DEBUG org.apache.http.wire - http-outgoing-53 >> "User-Agent: Apache-HttpClient/4.5.2 (Java/1.8.0_111)[\r][\n]"
11:53:52.308 [Forwarding clearElement on session 37c14d504020035d1e6cd22a23b27d6d to remote] DEBUG org.apache.http.wire - http-outgoing-53 >> "Accept-Encoding: gzip,deflate[\r][\n]"
11:53:52.308 [Forwarding clearElement on session 37c14d504020035d1e6cd22a23b27d6d to remote] DEBUG org.apache.http.wire - http-outgoing-53 >> "[\r][\n]"
11:53:52.308 [Forwarding clearElement on session 37c14d504020035d1e6cd22a23b27d6d to remote] DEBUG org.apache.http.wire - http-outgoing-53 >> "{"id":"0.5943568280903053-2"}"
11:53:52.335 [Forwarding clearElement on session 37c14d504020035d1e6cd22a23b27d6d to remote] DEBUG org.apache.http.wire - http-outgoing-53 << "HTTP/1.1 200 OK[\r][\n]"
11:53:52.335 [Forwarding clearElement on session 37c14d504020035d1e6cd22a23b27d6d to remote] DEBUG org.apache.http.wire - http-outgoing-53 << "Content-Length:72[\r][\n]"
11:53:52.335 [Forwarding clearElement on session 37c14d504020035d1e6cd22a23b27d6d to remote] DEBUG org.apache.http.wire - http-outgoing-53 << "Content-Type:application/json; charset=utf-8[\r][\n]"
11:53:52.335 [Forwarding clearElement on session 37c14d504020035d1e6cd22a23b27d6d to remote] DEBUG org.apache.http.wire - http-outgoing-53 << "Connection:close[\r][\n]"
11:53:52.335 [Forwarding clearElement on session 37c14d504020035d1e6cd22a23b27d6d to remote] DEBUG org.apache.http.wire - http-outgoing-53 << "[\r][\n]"
11:53:52.335 [Forwarding clearElement on session 37c14d504020035d1e6cd22a23b27d6d to remote] DEBUG org.apache.http.wire - http-outgoing-53 << "{"sessionId":"37c14d504020035d1e6cd22a23b27d6d","status":0,"value":null}"
11:53:52.335 [Forwarding clearElement on session 37c14d504020035d1e6cd22a23b27d6d to remote] DEBUG org.apache.http.headers - http-outgoing-53 << HTTP/1.1 200 OK
11:53:52.335 [Forwarding clearElement on session 37c14d504020035d1e6cd22a23b27d6d to remote] DEBUG org.apache.http.headers - http-outgoing-53 << Content-Length:72
11:53:52.335 [Forwarding clearElement on session 37c14d504020035d1e6cd22a23b27d6d to remote] DEBUG org.apache.http.headers - http-outgoing-53 << Content-Type:application/json; charset=utf-8
11:53:52.335 [Forwarding clearElement on session 37c14d504020035d1e6cd22a23b27d6d to remote] DEBUG org.apache.http.headers - http-outgoing-53 << Connection:close
11:53:52.335 [Forwarding clearElement on session 37c14d504020035d1e6cd22a23b27d6d to remote] DEBUG o.a.h.i.c.DefaultManagedHttpClientConnection - http-outgoing-53: Close connection
11:53:52.335 [Forwarding clearElement on session 37c14d504020035d1e6cd22a23b27d6d to remote] DEBUG o.a.h.impl.execchain.MainClientExec - Connection discarded
11:53:52.335 [Forwarding clearElement on session 37c14d504020035d1e6cd22a23b27d6d to remote] DEBUG o.a.h.i.c.PoolingHttpClientConnectionManager - Connection released: [id: 53][route: {}->http://localhost:38386][total kept alive: 0; route allocated: 0 of 2000; total allocated: 0 of 2000]
11:53:52.336 [Forwarding sendKeysToElement on session 37c14d504020035d1e6cd22a23b27d6d to remote] DEBUG o.a.h.c.protocol.RequestAddCookies - CookieSpec selected: default
11:53:52.336 [Forwarding sendKeysToElement on session 37c14d504020035d1e6cd22a23b27d6d to remote] DEBUG o.a.h.c.protocol.RequestAuthCache - Auth cache not set in the context
11:53:52.336 [Forwarding sendKeysToElement on session 37c14d504020035d1e6cd22a23b27d6d to remote] DEBUG o.a.h.i.c.PoolingHttpClientConnectionManager - Connection request: [route: {}->http://localhost:38386][total kept alive: 0; route allocated: 0 of 2000; total allocated: 0 of 2000]
11:53:52.336 [Forwarding sendKeysToElement on session 37c14d504020035d1e6cd22a23b27d6d to remote] DEBUG o.a.h.i.c.PoolingHttpClientConnectionManager - Connection leased: [id: 54][route: {}->http://localhost:38386][total kept alive: 0; route allocated: 1 of 2000; total allocated: 1 of 2000]
11:53:52.336 [Forwarding sendKeysToElement on session 37c14d504020035d1e6cd22a23b27d6d to remote] DEBUG o.a.h.impl.execchain.MainClientExec - Opening connection {}->http://localhost:38386
11:53:52.336 [Forwarding sendKeysToElement on session 37c14d504020035d1e6cd22a23b27d6d to remote] DEBUG o.a.h.i.c.DefaultHttpClientConnectionOperator - Connecting to localhost/127.0.0.1:38386
11:53:52.337 [Forwarding sendKeysToElement on session 37c14d504020035d1e6cd22a23b27d6d to remote] DEBUG o.a.h.i.c.DefaultHttpClientConnectionOperator - Connection established 127.0.0.1:55498<->127.0.0.1:38386
11:53:52.337 [Forwarding sendKeysToElement on session 37c14d504020035d1e6cd22a23b27d6d to remote] DEBUG o.a.h.i.c.DefaultManagedHttpClientConnection - http-outgoing-54: set socket timeout to 10800000
11:53:52.337 [Forwarding sendKeysToElement on session 37c14d504020035d1e6cd22a23b27d6d to remote] DEBUG o.a.h.impl.execchain.MainClientExec - Executing request POST /session/37c14d504020035d1e6cd22a23b27d6d/element/0.5943568280903053-2/value HTTP/1.1
11:53:52.337 [Forwarding sendKeysToElement on session 37c14d504020035d1e6cd22a23b27d6d to remote] DEBUG o.a.h.impl.execchain.MainClientExec - Target auth state: UNCHALLENGED
11:53:52.337 [Forwarding sendKeysToElement on session 37c14d504020035d1e6cd22a23b27d6d to remote] DEBUG o.a.h.impl.execchain.MainClientExec - Proxy auth state: UNCHALLENGED
11:53:52.337 [Forwarding sendKeysToElement on session 37c14d504020035d1e6cd22a23b27d6d to remote] DEBUG org.apache.http.headers - http-outgoing-54 >> POST /session/37c14d504020035d1e6cd22a23b27d6d/element/0.5943568280903053-2/value HTTP/1.1
11:53:52.337 [Forwarding sendKeysToElement on session 37c14d504020035d1e6cd22a23b27d6d to remote] DEBUG org.apache.http.headers - http-outgoing-54 >> Content-Type: application/json; charset=utf-8
11:53:52.337 [Forwarding sendKeysToElement on session 37c14d504020035d1e6cd22a23b27d6d to remote] DEBUG org.apache.http.headers - http-outgoing-54 >> Content-Length: 48
11:53:52.337 [Forwarding sendKeysToElement on session 37c14d504020035d1e6cd22a23b27d6d to remote] DEBUG org.apache.http.headers - http-outgoing-54 >> Host: localhost:38386
11:53:52.337 [Forwarding sendKeysToElement on session 37c14d504020035d1e6cd22a23b27d6d to remote] DEBUG org.apache.http.headers - http-outgoing-54 >> Connection: Keep-Alive
11:53:52.337 [Forwarding sendKeysToElement on session 37c14d504020035d1e6cd22a23b27d6d to remote] DEBUG org.apache.http.headers - http-outgoing-54 >> User-Agent: Apache-HttpClient/4.5.2 (Java/1.8.0_111)
11:53:52.337 [Forwarding sendKeysToElement on session 37c14d504020035d1e6cd22a23b27d6d to remote] DEBUG org.apache.http.headers - http-outgoing-54 >> Accept-Encoding: gzip,deflate
11:53:52.337 [Forwarding sendKeysToElement on session 37c14d504020035d1e6cd22a23b27d6d to remote] DEBUG org.apache.http.wire - http-outgoing-54 >> "POST /session/37c14d504020035d1e6cd22a23b27d6d/element/0.5943568280903053-2/value HTTP/1.1[\r][\n]"
11:53:52.337 [Forwarding sendKeysToElement on session 37c14d504020035d1e6cd22a23b27d6d to remote] DEBUG org.apache.http.wire - http-outgoing-54 >> "Content-Type: application/json; charset=utf-8[\r][\n]"
11:53:52.337 [Forwarding sendKeysToElement on session 37c14d504020035d1e6cd22a23b27d6d to remote] DEBUG org.apache.http.wire - http-outgoing-54 >> "Content-Length: 48[\r][\n]"
11:53:52.337 [Forwarding sendKeysToElement on session 37c14d504020035d1e6cd22a23b27d6d to remote] DEBUG org.apache.http.wire - http-outgoing-54 >> "Host: localhost:38386[\r][\n]"
11:53:52.337 [Forwarding sendKeysToElement on session 37c14d504020035d1e6cd22a23b27d6d to remote] DEBUG org.apache.http.wire - http-outgoing-54 >> "Connection: Keep-Alive[\r][\n]"
11:53:52.337 [Forwarding sendKeysToElement on session 37c14d504020035d1e6cd22a23b27d6d to remote] DEBUG org.apache.http.wire - http-outgoing-54 >> "User-Agent: Apache-HttpClient/4.5.2 (Java/1.8.0_111)[\r][\n]"
11:53:52.337 [Forwarding sendKeysToElement on session 37c14d504020035d1e6cd22a23b27d6d to remote] DEBUG org.apache.http.wire - http-outgoing-54 >> "Accept-Encoding: gzip,deflate[\r][\n]"
11:53:52.337 [Forwarding sendKeysToElement on session 37c14d504020035d1e6cd22a23b27d6d to remote] DEBUG org.apache.http.wire - http-outgoing-54 >> "[\r][\n]"
11:53:52.337 [Forwarding sendKeysToElement on session 37c14d504020035d1e6cd22a23b27d6d to remote] DEBUG org.apache.http.wire - http-outgoing-54 >> "{"id":"0.5943568280903053-2","value":["123456"]}"
11:53:52.442 [Forwarding sendKeysToElement on session 37c14d504020035d1e6cd22a23b27d6d to remote] DEBUG org.apache.http.wire - http-outgoing-54 << "HTTP/1.1 200 OK[\r][\n]"
11:53:52.442 [Forwarding sendKeysToElement on session 37c14d504020035d1e6cd22a23b27d6d to remote] DEBUG org.apache.http.wire - http-outgoing-54 << "Content-Length:72[\r][\n]"
11:53:52.442 [Forwarding sendKeysToElement on session 37c14d504020035d1e6cd22a23b27d6d to remote] DEBUG org.apache.http.wire - http-outgoing-54 << "Content-Type:application/json; charset=utf-8[\r][\n]"
11:53:52.442 [Forwarding sendKeysToElement on session 37c14d504020035d1e6cd22a23b27d6d to remote] DEBUG org.apache.http.wire - http-outgoing-54 << "Connection:close[\r][\n]"
11:53:52.442 [Forwarding sendKeysToElement on session 37c14d504020035d1e6cd22a23b27d6d to remote] DEBUG org.apache.http.wire - http-outgoing-54 << "[\r][\n]"
11:53:52.442 [Forwarding sendKeysToElement on session 37c14d504020035d1e6cd22a23b27d6d to remote] DEBUG org.apache.http.wire - http-outgoing-54 << "{"sessionId":"37c14d504020035d1e6cd22a23b27d6d","status":0,"value":null}"
11:53:52.442 [Forwarding sendKeysToElement on session 37c14d504020035d1e6cd22a23b27d6d to remote] DEBUG org.apache.http.headers - http-outgoing-54 << HTTP/1.1 200 OK
11:53:52.442 [Forwarding sendKeysToElement on session 37c14d504020035d1e6cd22a23b27d6d to remote] DEBUG org.apache.http.headers - http-outgoing-54 << Content-Length:72
11:53:52.442 [Forwarding sendKeysToElement on session 37c14d504020035d1e6cd22a23b27d6d to remote] DEBUG org.apache.http.headers - http-outgoing-54 << Content-Type:application/json; charset=utf-8
11:53:52.442 [Forwarding sendKeysToElement on session 37c14d504020035d1e6cd22a23b27d6d to remote] DEBUG org.apache.http.headers - http-outgoing-54 << Connection:close
11:53:52.442 [Forwarding sendKeysToElement on session 37c14d504020035d1e6cd22a23b27d6d to remote] DEBUG o.a.h.i.c.DefaultManagedHttpClientConnection - http-outgoing-54: Close connection
11:53:52.442 [Forwarding sendKeysToElement on session 37c14d504020035d1e6cd22a23b27d6d to remote] DEBUG o.a.h.impl.execchain.MainClientExec - Connection discarded
11:53:52.442 [Forwarding sendKeysToElement on session 37c14d504020035d1e6cd22a23b27d6d to remote] DEBUG o.a.h.i.c.PoolingHttpClientConnectionManager - Connection released: [id: 54][route: {}->http://localhost:38386][total kept alive: 0; route allocated: 0 of 2000; total allocated: 0 of 2000]
11:53:55.445 [Forwarding findElement on session 37c14d504020035d1e6cd22a23b27d6d to remote] DEBUG o.a.h.c.protocol.RequestAddCookies - CookieSpec selected: default
11:53:55.446 [Forwarding findElement on session 37c14d504020035d1e6cd22a23b27d6d to remote] DEBUG o.a.h.c.protocol.RequestAuthCache - Auth cache not set in the context
11:53:55.446 [Forwarding findElement on session 37c14d504020035d1e6cd22a23b27d6d to remote] DEBUG o.a.h.i.c.PoolingHttpClientConnectionManager - Connection request: [route: {}->http://localhost:38386][total kept alive: 0; route allocated: 0 of 2000; total allocated: 0 of 2000]
11:53:55.446 [Forwarding findElement on session 37c14d504020035d1e6cd22a23b27d6d to remote] DEBUG o.a.h.i.c.PoolingHttpClientConnectionManager - Connection leased: [id: 55][route: {}->http://localhost:38386][total kept alive: 0; route allocated: 1 of 2000; total allocated: 1 of 2000]
11:53:55.446 [Forwarding findElement on session 37c14d504020035d1e6cd22a23b27d6d to remote] DEBUG o.a.h.impl.execchain.MainClientExec - Opening connection {}->http://localhost:38386
11:53:55.446 [Forwarding findElement on session 37c14d504020035d1e6cd22a23b27d6d to remote] DEBUG o.a.h.i.c.DefaultHttpClientConnectionOperator - Connecting to localhost/127.0.0.1:38386
11:53:55.447 [Forwarding findElement on session 37c14d504020035d1e6cd22a23b27d6d to remote] DEBUG o.a.h.i.c.DefaultHttpClientConnectionOperator - Connection established 127.0.0.1:55506<->127.0.0.1:38386
11:53:55.447 [Forwarding findElement on session 37c14d504020035d1e6cd22a23b27d6d to remote] DEBUG o.a.h.i.c.DefaultManagedHttpClientConnection - http-outgoing-55: set socket timeout to 10800000
11:53:55.447 [Forwarding findElement on session 37c14d504020035d1e6cd22a23b27d6d to remote] DEBUG o.a.h.impl.execchain.MainClientExec - Executing request POST /session/37c14d504020035d1e6cd22a23b27d6d/element HTTP/1.1
11:53:55.447 [Forwarding findElement on session 37c14d504020035d1e6cd22a23b27d6d to remote] DEBUG o.a.h.impl.execchain.MainClientExec - Target auth state: UNCHALLENGED
11:53:55.447 [Forwarding findElement on session 37c14d504020035d1e6cd22a23b27d6d to remote] DEBUG o.a.h.impl.execchain.MainClientExec - Proxy auth state: UNCHALLENGED
11:53:55.448 [Forwarding findElement on session 37c14d504020035d1e6cd22a23b27d6d to remote] DEBUG org.apache.http.headers - http-outgoing-55 >> POST /session/37c14d504020035d1e6cd22a23b27d6d/element HTTP/1.1
11:53:55.448 [Forwarding findElement on session 37c14d504020035d1e6cd22a23b27d6d to remote] DEBUG org.apache.http.headers - http-outgoing-55 >> Content-Type: application/json; charset=utf-8
11:53:55.448 [Forwarding findElement on session 37c14d504020035d1e6cd22a23b27d6d to remote] DEBUG org.apache.http.headers - http-outgoing-55 >> Content-Length: 53
11:53:55.448 [Forwarding findElement on session 37c14d504020035d1e6cd22a23b27d6d to remote] DEBUG org.apache.http.headers - http-outgoing-55 >> Host: localhost:38386
11:53:55.448 [Forwarding findElement on session 37c14d504020035d1e6cd22a23b27d6d to remote] DEBUG org.apache.http.headers - http-outgoing-55 >> Connection: Keep-Alive
11:53:55.448 [Forwarding findElement on session 37c14d504020035d1e6cd22a23b27d6d to remote] DEBUG org.apache.http.headers - http-outgoing-55 >> User-Agent: Apache-HttpClient/4.5.2 (Java/1.8.0_111)
11:53:55.448 [Forwarding findElement on session 37c14d504020035d1e6cd22a23b27d6d to remote] DEBUG org.apache.http.headers - http-outgoing-55 >> Accept-Encoding: gzip,deflate
11:53:55.448 [Forwarding findElement on session 37c14d504020035d1e6cd22a23b27d6d to remote] DEBUG org.apache.http.wire - http-outgoing-55 >> "POST /session/37c14d504020035d1e6cd22a23b27d6d/element HTTP/1.1[\r][\n]"
11:53:55.448 [Forwarding findElement on session 37c14d504020035d1e6cd22a23b27d6d to remote] DEBUG org.apache.http.wire - http-outgoing-55 >> "Content-Type: application/json; charset=utf-8[\r][\n]"
11:53:55.448 [Forwarding findElement on session 37c14d504020035d1e6cd22a23b27d6d to remote] DEBUG org.apache.http.wire - http-outgoing-55 >> "Content-Length: 53[\r][\n]"
11:53:55.448 [Forwarding findElement on session 37c14d504020035d1e6cd22a23b27d6d to remote] DEBUG org.apache.http.wire - http-outgoing-55 >> "Host: localhost:38386[\r][\n]"
11:53:55.448 [Forwarding findElement on session 37c14d504020035d1e6cd22a23b27d6d to remote] DEBUG org.apache.http.wire - http-outgoing-55 >> "Connection: Keep-Alive[\r][\n]"
11:53:55.448 [Forwarding findElement on session 37c14d504020035d1e6cd22a23b27d6d to remote] DEBUG org.apache.http.wire - http-outgoing-55 >> "User-Agent: Apache-HttpClient/4.5.2 (Java/1.8.0_111)[\r][\n]"
11:53:55.448 [Forwarding findElement on session 37c14d504020035d1e6cd22a23b27d6d to remote] DEBUG org.apache.http.wire - http-outgoing-55 >> "Accept-Encoding: gzip,deflate[\r][\n]"
11:53:55.448 [Forwarding findElement on session 37c14d504020035d1e6cd22a23b27d6d to remote] DEBUG org.apache.http.wire - http-outgoing-55 >> "[\r][\n]"
11:53:55.448 [Forwarding findElement on session 37c14d504020035d1e6cd22a23b27d6d to remote] DEBUG org.apache.http.wire - http-outgoing-55 >> "{"using":"xpath","value":".//*[@id='submit-button']"}"
11:53:55.494 [Forwarding findElement on session 37c14d504020035d1e6cd22a23b27d6d to remote] DEBUG org.apache.http.wire - http-outgoing-55 << "HTTP/1.1 200 OK[\r][\n]"
11:53:55.494 [Forwarding findElement on session 37c14d504020035d1e6cd22a23b27d6d to remote] DEBUG org.apache.http.wire - http-outgoing-55 << "Content-Length:102[\r][\n]"
11:53:55.494 [Forwarding findElement on session 37c14d504020035d1e6cd22a23b27d6d to remote] DEBUG org.apache.http.wire - http-outgoing-55 << "Content-Type:application/json; charset=utf-8[\r][\n]"
11:53:55.494 [Forwarding findElement on session 37c14d504020035d1e6cd22a23b27d6d to remote] DEBUG org.apache.http.wire - http-outgoing-55 << "Connection:close[\r][\n]"
11:53:55.494 [Forwarding findElement on session 37c14d504020035d1e6cd22a23b27d6d to remote] DEBUG org.apache.http.wire - http-outgoing-55 << "[\r][\n]"
11:53:55.494 [Forwarding findElement on session 37c14d504020035d1e6cd22a23b27d6d to remote] DEBUG org.apache.http.wire - http-outgoing-55 << "{"sessionId":"37c14d504020035d1e6cd22a23b27d6d","status":0,"value":{"ELEMENT":"0.5943568280903053-3"}}"
11:53:55.495 [Forwarding findElement on session 37c14d504020035d1e6cd22a23b27d6d to remote] DEBUG org.apache.http.headers - http-outgoing-55 << HTTP/1.1 200 OK
11:53:55.495 [Forwarding findElement on session 37c14d504020035d1e6cd22a23b27d6d to remote] DEBUG org.apache.http.headers - http-outgoing-55 << Content-Length:102
11:53:55.495 [Forwarding findElement on session 37c14d504020035d1e6cd22a23b27d6d to remote] DEBUG org.apache.http.headers - http-outgoing-55 << Content-Type:application/json; charset=utf-8
11:53:55.495 [Forwarding findElement on session 37c14d504020035d1e6cd22a23b27d6d to remote] DEBUG org.apache.http.headers - http-outgoing-55 << Connection:close
11:53:55.495 [Forwarding findElement on session 37c14d504020035d1e6cd22a23b27d6d to remote] DEBUG o.a.h.i.c.DefaultManagedHttpClientConnection - http-outgoing-55: Close connection
11:53:55.495 [Forwarding findElement on session 37c14d504020035d1e6cd22a23b27d6d to remote] DEBUG o.a.h.impl.execchain.MainClientExec - Connection discarded
11:53:55.495 [Forwarding findElement on session 37c14d504020035d1e6cd22a23b27d6d to remote] DEBUG o.a.h.i.c.PoolingHttpClientConnectionManager - Connection released: [id: 55][route: {}->http://localhost:38386][total kept alive: 0; route allocated: 0 of 2000; total allocated: 0 of 2000]
11:53:55.497 [Forwarding executeScript on session 37c14d504020035d1e6cd22a23b27d6d to remote] DEBUG o.a.h.c.protocol.RequestAddCookies - CookieSpec selected: default
11:53:55.498 [Forwarding executeScript on session 37c14d504020035d1e6cd22a23b27d6d to remote] DEBUG o.a.h.c.protocol.RequestAuthCache - Auth cache not set in the context
11:53:55.498 [Forwarding executeScript on session 37c14d504020035d1e6cd22a23b27d6d to remote] DEBUG o.a.h.i.c.PoolingHttpClientConnectionManager - Connection request: [route: {}->http://localhost:38386][total kept alive: 0; route allocated: 0 of 2000; total allocated: 0 of 2000]
11:53:55.498 [Forwarding executeScript on session 37c14d504020035d1e6cd22a23b27d6d to remote] DEBUG o.a.h.i.c.PoolingHttpClientConnectionManager - Connection leased: [id: 56][route: {}->http://localhost:38386][total kept alive: 0; route allocated: 1 of 2000; total allocated: 1 of 2000]
11:53:55.498 [Forwarding executeScript on session 37c14d504020035d1e6cd22a23b27d6d to remote] DEBUG o.a.h.impl.execchain.MainClientExec - Opening connection {}->http://localhost:38386
11:53:55.498 [Forwarding executeScript on session 37c14d504020035d1e6cd22a23b27d6d to remote] DEBUG o.a.h.i.c.DefaultHttpClientConnectionOperator - Connecting to localhost/127.0.0.1:38386
11:53:55.499 [Forwarding executeScript on session 37c14d504020035d1e6cd22a23b27d6d to remote] DEBUG o.a.h.i.c.DefaultHttpClientConnectionOperator - Connection established 127.0.0.1:55507<->127.0.0.1:38386
11:53:55.499 [Forwarding executeScript on session 37c14d504020035d1e6cd22a23b27d6d to remote] DEBUG o.a.h.i.c.DefaultManagedHttpClientConnection - http-outgoing-56: set socket timeout to 10800000
11:53:55.499 [Forwarding executeScript on session 37c14d504020035d1e6cd22a23b27d6d to remote] DEBUG o.a.h.impl.execchain.MainClientExec - Executing request POST /session/37c14d504020035d1e6cd22a23b27d6d/execute HTTP/1.1
11:53:55.499 [Forwarding executeScript on session 37c14d504020035d1e6cd22a23b27d6d to remote] DEBUG o.a.h.impl.execchain.MainClientExec - Target auth state: UNCHALLENGED
11:53:55.499 [Forwarding executeScript on session 37c14d504020035d1e6cd22a23b27d6d to remote] DEBUG o.a.h.impl.execchain.MainClientExec - Proxy auth state: UNCHALLENGED
11:53:55.500 [Forwarding executeScript on session 37c14d504020035d1e6cd22a23b27d6d to remote] DEBUG org.apache.http.headers - http-outgoing-56 >> POST /session/37c14d504020035d1e6cd22a23b27d6d/execute HTTP/1.1
11:53:55.500 [Forwarding executeScript on session 37c14d504020035d1e6cd22a23b27d6d to remote] DEBUG org.apache.http.headers - http-outgoing-56 >> Content-Type: application/json; charset=utf-8
11:53:55.500 [Forwarding executeScript on session 37c14d504020035d1e6cd22a23b27d6d to remote] DEBUG org.apache.http.headers - http-outgoing-56 >> Content-Length: 161
11:53:55.500 [Forwarding executeScript on session 37c14d504020035d1e6cd22a23b27d6d to remote] DEBUG org.apache.http.headers - http-outgoing-56 >> Host: localhost:38386
11:53:55.500 [Forwarding executeScript on session 37c14d504020035d1e6cd22a23b27d6d to remote] DEBUG org.apache.http.headers - http-outgoing-56 >> Connection: Keep-Alive
11:53:55.500 [Forwarding executeScript on session 37c14d504020035d1e6cd22a23b27d6d to remote] DEBUG org.apache.http.headers - http-outgoing-56 >> User-Agent: Apache-HttpClient/4.5.2 (Java/1.8.0_111)
11:53:55.500 [Forwarding executeScript on session 37c14d504020035d1e6cd22a23b27d6d to remote] DEBUG org.apache.http.headers - http-outgoing-56 >> Accept-Encoding: gzip,deflate
11:53:55.500 [Forwarding executeScript on session 37c14d504020035d1e6cd22a23b27d6d to remote] DEBUG org.apache.http.wire - http-outgoing-56 >> "POST /session/37c14d504020035d1e6cd22a23b27d6d/execute HTTP/1.1[\r][\n]"
11:53:55.500 [Forwarding executeScript on session 37c14d504020035d1e6cd22a23b27d6d to remote] DEBUG org.apache.http.wire - http-outgoing-56 >> "Content-Type: application/json; charset=utf-8[\r][\n]"
11:53:55.500 [Forwarding executeScript on session 37c14d504020035d1e6cd22a23b27d6d to remote] DEBUG org.apache.http.wire - http-outgoing-56 >> "Content-Length: 161[\r][\n]"
11:53:55.500 [Forwarding executeScript on session 37c14d504020035d1e6cd22a23b27d6d to remote] DEBUG org.apache.http.wire - http-outgoing-56 >> "Host: localhost:38386[\r][\n]"
11:53:55.500 [Forwarding executeScript on session 37c14d504020035d1e6cd22a23b27d6d to remote] DEBUG org.apache.http.wire - http-outgoing-56 >> "Connection: Keep-Alive[\r][\n]"
11:53:55.500 [Forwarding executeScript on session 37c14d504020035d1e6cd22a23b27d6d to remote] DEBUG org.apache.http.wire - http-outgoing-56 >> "User-Agent: Apache-HttpClient/4.5.2 (Java/1.8.0_111)[\r][\n]"
11:53:55.500 [Forwarding executeScript on session 37c14d504020035d1e6cd22a23b27d6d to remote] DEBUG org.apache.http.wire - http-outgoing-56 >> "Accept-Encoding: gzip,deflate[\r][\n]"
11:53:55.500 [Forwarding executeScript on session 37c14d504020035d1e6cd22a23b27d6d to remote] DEBUG org.apache.http.wire - http-outgoing-56 >> "[\r][\n]"
11:53:55.500 [Forwarding executeScript on session 37c14d504020035d1e6cd22a23b27d6d to remote] DEBUG org.apache.http.wire - http-outgoing-56 >> "{"script":"arguments[0].style.border='4px solid green'","args":[{"ELEMENT":"0.5943568280903053-3","element-6066-11e4-a52e-4f735466cecf":"0.5943568280903053-3"}]}"
11:53:55.524 [Forwarding executeScript on session 37c14d504020035d1e6cd22a23b27d6d to remote] DEBUG org.apache.http.wire - http-outgoing-56 << "HTTP/1.1 200 OK[\r][\n]"
11:53:55.524 [Forwarding executeScript on session 37c14d504020035d1e6cd22a23b27d6d to remote] DEBUG org.apache.http.wire - http-outgoing-56 << "Content-Length:72[\r][\n]"
11:53:55.524 [Forwarding executeScript on session 37c14d504020035d1e6cd22a23b27d6d to remote] DEBUG org.apache.http.wire - http-outgoing-56 << "Content-Type:application/json; charset=utf-8[\r][\n]"
11:53:55.524 [Forwarding executeScript on session 37c14d504020035d1e6cd22a23b27d6d to remote] DEBUG org.apache.http.wire - http-outgoing-56 << "Connection:close[\r][\n]"
11:53:55.524 [Forwarding executeScript on session 37c14d504020035d1e6cd22a23b27d6d to remote] DEBUG org.apache.http.wire - http-outgoing-56 << "[\r][\n]"
11:53:55.524 [Forwarding executeScript on session 37c14d504020035d1e6cd22a23b27d6d to remote] DEBUG org.apache.http.wire - http-outgoing-56 << "{"sessionId":"37c14d504020035d1e6cd22a23b27d6d","status":0,"value":null}"
11:53:55.524 [Forwarding executeScript on session 37c14d504020035d1e6cd22a23b27d6d to remote] DEBUG org.apache.http.headers - http-outgoing-56 << HTTP/1.1 200 OK
11:53:55.524 [Forwarding executeScript on session 37c14d504020035d1e6cd22a23b27d6d to remote] DEBUG org.apache.http.headers - http-outgoing-56 << Content-Length:72
11:53:55.524 [Forwarding executeScript on session 37c14d504020035d1e6cd22a23b27d6d to remote] DEBUG org.apache.http.headers - http-outgoing-56 << Content-Type:application/json; charset=utf-8
11:53:55.524 [Forwarding executeScript on session 37c14d504020035d1e6cd22a23b27d6d to remote] DEBUG org.apache.http.headers - http-outgoing-56 << Connection:close
11:53:55.525 [Forwarding executeScript on session 37c14d504020035d1e6cd22a23b27d6d to remote] DEBUG o.a.h.i.c.DefaultManagedHttpClientConnection - http-outgoing-56: Close connection
11:53:55.525 [Forwarding executeScript on session 37c14d504020035d1e6cd22a23b27d6d to remote] DEBUG o.a.h.impl.execchain.MainClientExec - Connection discarded
11:53:55.525 [Forwarding executeScript on session 37c14d504020035d1e6cd22a23b27d6d to remote] DEBUG o.a.h.i.c.PoolingHttpClientConnectionManager - Connection released: [id: 56][route: {}->http://localhost:38386][total kept alive: 0; route allocated: 0 of 2000; total allocated: 0 of 2000]
11:53:55.528 [Forwarding findElement on session 37c14d504020035d1e6cd22a23b27d6d to remote] DEBUG o.a.h.c.protocol.RequestAddCookies - CookieSpec selected: default
11:53:55.528 [Forwarding findElement on session 37c14d504020035d1e6cd22a23b27d6d to remote] DEBUG o.a.h.c.protocol.RequestAuthCache - Auth cache not set in the context
11:53:55.528 [Forwarding findElement on session 37c14d504020035d1e6cd22a23b27d6d to remote] DEBUG o.a.h.i.c.PoolingHttpClientConnectionManager - Connection request: [route: {}->http://localhost:38386][total kept alive: 0; route allocated: 0 of 2000; total allocated: 0 of 2000]
11:53:55.528 [Forwarding findElement on session 37c14d504020035d1e6cd22a23b27d6d to remote] DEBUG o.a.h.i.c.PoolingHttpClientConnectionManager - Connection leased: [id: 57][route: {}->http://localhost:38386][total kept alive: 0; route allocated: 1 of 2000; total allocated: 1 of 2000]
11:53:55.528 [Forwarding findElement on session 37c14d504020035d1e6cd22a23b27d6d to remote] DEBUG o.a.h.impl.execchain.MainClientExec - Opening connection {}->http://localhost:38386
11:53:55.529 [Forwarding findElement on session 37c14d504020035d1e6cd22a23b27d6d to remote] DEBUG o.a.h.i.c.DefaultHttpClientConnectionOperator - Connecting to localhost/127.0.0.1:38386
11:53:55.530 [Forwarding findElement on session 37c14d504020035d1e6cd22a23b27d6d to remote] DEBUG o.a.h.i.c.DefaultHttpClientConnectionOperator - Connection established 127.0.0.1:55508<->127.0.0.1:38386
11:53:55.530 [Forwarding findElement on session 37c14d504020035d1e6cd22a23b27d6d to remote] DEBUG o.a.h.i.c.DefaultManagedHttpClientConnection - http-outgoing-57: set socket timeout to 10800000
11:53:55.530 [Forwarding findElement on session 37c14d504020035d1e6cd22a23b27d6d to remote] DEBUG o.a.h.impl.execchain.MainClientExec - Executing request POST /session/37c14d504020035d1e6cd22a23b27d6d/element HTTP/1.1
11:53:55.530 [Forwarding findElement on session 37c14d504020035d1e6cd22a23b27d6d to remote] DEBUG o.a.h.impl.execchain.MainClientExec - Target auth state: UNCHALLENGED
11:53:55.530 [Forwarding findElement on session 37c14d504020035d1e6cd22a23b27d6d to remote] DEBUG o.a.h.impl.execchain.MainClientExec - Proxy auth state: UNCHALLENGED
11:53:55.530 [Forwarding findElement on session 37c14d504020035d1e6cd22a23b27d6d to remote] DEBUG org.apache.http.headers - http-outgoing-57 >> POST /session/37c14d504020035d1e6cd22a23b27d6d/element HTTP/1.1
11:53:55.530 [Forwarding findElement on session 37c14d504020035d1e6cd22a23b27d6d to remote] DEBUG org.apache.http.headers - http-outgoing-57 >> Content-Type: application/json; charset=utf-8
11:53:55.530 [Forwarding findElement on session 37c14d504020035d1e6cd22a23b27d6d to remote] DEBUG org.apache.http.headers - http-outgoing-57 >> Content-Length: 53
11:53:55.530 [Forwarding findElement on session 37c14d504020035d1e6cd22a23b27d6d to remote] DEBUG org.apache.http.headers - http-outgoing-57 >> Host: localhost:38386
11:53:55.530 [Forwarding findElement on session 37c14d504020035d1e6cd22a23b27d6d to remote] DEBUG org.apache.http.headers - http-outgoing-57 >> Connection: Keep-Alive
11:53:55.530 [Forwarding findElement on session 37c14d504020035d1e6cd22a23b27d6d to remote] DEBUG org.apache.http.headers - http-outgoing-57 >> User-Agent: Apache-HttpClient/4.5.2 (Java/1.8.0_111)
11:53:55.530 [Forwarding findElement on session 37c14d504020035d1e6cd22a23b27d6d to remote] DEBUG org.apache.http.headers - http-outgoing-57 >> Accept-Encoding: gzip,deflate
11:53:55.530 [Forwarding findElement on session 37c14d504020035d1e6cd22a23b27d6d to remote] DEBUG org.apache.http.wire - http-outgoing-57 >> "POST /session/37c14d504020035d1e6cd22a23b27d6d/element HTTP/1.1[\r][\n]"
11:53:55.530 [Forwarding findElement on session 37c14d504020035d1e6cd22a23b27d6d to remote] DEBUG org.apache.http.wire - http-outgoing-57 >> "Content-Type: application/json; charset=utf-8[\r][\n]"
11:53:55.530 [Forwarding findElement on session 37c14d504020035d1e6cd22a23b27d6d to remote] DEBUG org.apache.http.wire - http-outgoing-57 >> "Content-Length: 53[\r][\n]"
11:53:55.530 [Forwarding findElement on session 37c14d504020035d1e6cd22a23b27d6d to remote] DEBUG org.apache.http.wire - http-outgoing-57 >> "Host: localhost:38386[\r][\n]"
11:53:55.530 [Forwarding findElement on session 37c14d504020035d1e6cd22a23b27d6d to remote] DEBUG org.apache.http.wire - http-outgoing-57 >> "Connection: Keep-Alive[\r][\n]"
11:53:55.530 [Forwarding findElement on session 37c14d504020035d1e6cd22a23b27d6d to remote] DEBUG org.apache.http.wire - http-outgoing-57 >> "User-Agent: Apache-HttpClient/4.5.2 (Java/1.8.0_111)[\r][\n]"
11:53:55.530 [Forwarding findElement on session 37c14d504020035d1e6cd22a23b27d6d to remote] DEBUG org.apache.http.wire - http-outgoing-57 >> "Accept-Encoding: gzip,deflate[\r][\n]"
11:53:55.530 [Forwarding findElement on session 37c14d504020035d1e6cd22a23b27d6d to remote] DEBUG org.apache.http.wire - http-outgoing-57 >> "[\r][\n]"
11:53:55.530 [Forwarding findElement on session 37c14d504020035d1e6cd22a23b27d6d to remote] DEBUG org.apache.http.wire - http-outgoing-57 >> "{"using":"xpath","value":".//*[@id='submit-button']"}"
11:53:55.549 [Forwarding findElement on session 37c14d504020035d1e6cd22a23b27d6d to remote] DEBUG org.apache.http.wire - http-outgoing-57 << "HTTP/1.1 200 OK[\r][\n]"
11:53:55.549 [Forwarding findElement on session 37c14d504020035d1e6cd22a23b27d6d to remote] DEBUG org.apache.http.wire - http-outgoing-57 << "Content-Length:102[\r][\n]"
11:53:55.549 [Forwarding findElement on session 37c14d504020035d1e6cd22a23b27d6d to remote] DEBUG org.apache.http.wire - http-outgoing-57 << "Content-Type:application/json; charset=utf-8[\r][\n]"
11:53:55.549 [Forwarding findElement on session 37c14d504020035d1e6cd22a23b27d6d to remote] DEBUG org.apache.http.wire - http-outgoing-57 << "Connection:close[\r][\n]"
11:53:55.549 [Forwarding findElement on session 37c14d504020035d1e6cd22a23b27d6d to remote] DEBUG org.apache.http.wire - http-outgoing-57 << "[\r][\n]"
11:53:55.549 [Forwarding findElement on session 37c14d504020035d1e6cd22a23b27d6d to remote] DEBUG org.apache.http.wire - http-outgoing-57 << "{"sessionId":"37c14d504020035d1e6cd22a23b27d6d","status":0,"value":{"ELEMENT":"0.5943568280903053-3"}}"
11:53:55.549 [Forwarding findElement on session 37c14d504020035d1e6cd22a23b27d6d to remote] DEBUG org.apache.http.headers - http-outgoing-57 << HTTP/1.1 200 OK
11:53:55.549 [Forwarding findElement on session 37c14d504020035d1e6cd22a23b27d6d to remote] DEBUG org.apache.http.headers - http-outgoing-57 << Content-Length:102
11:53:55.549 [Forwarding findElement on session 37c14d504020035d1e6cd22a23b27d6d to remote] DEBUG org.apache.http.headers - http-outgoing-57 << Content-Type:application/json; charset=utf-8
11:53:55.549 [Forwarding findElement on session 37c14d504020035d1e6cd22a23b27d6d to remote] DEBUG org.apache.http.headers - http-outgoing-57 << Connection:close
11:53:55.549 [Forwarding findElement on session 37c14d504020035d1e6cd22a23b27d6d to remote] DEBUG o.a.h.i.c.DefaultManagedHttpClientConnection - http-outgoing-57: Close connection
11:53:55.549 [Forwarding findElement on session 37c14d504020035d1e6cd22a23b27d6d to remote] DEBUG o.a.h.impl.execchain.MainClientExec - Connection discarded
11:53:55.550 [Forwarding findElement on session 37c14d504020035d1e6cd22a23b27d6d to remote] DEBUG o.a.h.i.c.PoolingHttpClientConnectionManager - Connection released: [id: 57][route: {}->http://localhost:38386][total kept alive: 0; route allocated: 0 of 2000; total allocated: 0 of 2000]
11:53:55.551 [Forwarding executeScript on session 37c14d504020035d1e6cd22a23b27d6d to remote] DEBUG o.a.h.c.protocol.RequestAddCookies - CookieSpec selected: default
11:53:55.551 [Forwarding executeScript on session 37c14d504020035d1e6cd22a23b27d6d to remote] DEBUG o.a.h.c.protocol.RequestAuthCache - Auth cache not set in the context
11:53:55.551 [Forwarding executeScript on session 37c14d504020035d1e6cd22a23b27d6d to remote] DEBUG o.a.h.i.c.PoolingHttpClientConnectionManager - Connection request: [route: {}->http://localhost:38386][total kept alive: 0; route allocated: 0 of 2000; total allocated: 0 of 2000]
11:53:55.551 [Forwarding executeScript on session 37c14d504020035d1e6cd22a23b27d6d to remote] DEBUG o.a.h.i.c.PoolingHttpClientConnectionManager - Connection leased: [id: 58][route: {}->http://localhost:38386][total kept alive: 0; route allocated: 1 of 2000; total allocated: 1 of 2000]
11:53:55.551 [Forwarding executeScript on session 37c14d504020035d1e6cd22a23b27d6d to remote] DEBUG o.a.h.impl.execchain.MainClientExec - Opening connection {}->http://localhost:38386
11:53:55.551 [Forwarding executeScript on session 37c14d504020035d1e6cd22a23b27d6d to remote] DEBUG o.a.h.i.c.DefaultHttpClientConnectionOperator - Connecting to localhost/127.0.0.1:38386
11:53:55.552 [Forwarding executeScript on session 37c14d504020035d1e6cd22a23b27d6d to remote] DEBUG o.a.h.i.c.DefaultHttpClientConnectionOperator - Connection established 127.0.0.1:55510<->127.0.0.1:38386
11:53:55.552 [Forwarding executeScript on session 37c14d504020035d1e6cd22a23b27d6d to remote] DEBUG o.a.h.i.c.DefaultManagedHttpClientConnection - http-outgoing-58: set socket timeout to 10800000
11:53:55.552 [Forwarding executeScript on session 37c14d504020035d1e6cd22a23b27d6d to remote] DEBUG o.a.h.impl.execchain.MainClientExec - Executing request POST /session/37c14d504020035d1e6cd22a23b27d6d/execute HTTP/1.1
11:53:55.552 [Forwarding executeScript on session 37c14d504020035d1e6cd22a23b27d6d to remote] DEBUG o.a.h.impl.execchain.MainClientExec - Target auth state: UNCHALLENGED
11:53:55.552 [Forwarding executeScript on session 37c14d504020035d1e6cd22a23b27d6d to remote] DEBUG o.a.h.impl.execchain.MainClientExec - Proxy auth state: UNCHALLENGED
11:53:55.552 [Forwarding executeScript on session 37c14d504020035d1e6cd22a23b27d6d to remote] DEBUG org.apache.http.headers - http-outgoing-58 >> POST /session/37c14d504020035d1e6cd22a23b27d6d/execute HTTP/1.1
11:53:55.552 [Forwarding executeScript on session 37c14d504020035d1e6cd22a23b27d6d to remote] DEBUG org.apache.http.headers - http-outgoing-58 >> Content-Type: application/json; charset=utf-8
11:53:55.552 [Forwarding executeScript on session 37c14d504020035d1e6cd22a23b27d6d to remote] DEBUG org.apache.http.headers - http-outgoing-58 >> Content-Length: 139
11:53:55.552 [Forwarding executeScript on session 37c14d504020035d1e6cd22a23b27d6d to remote] DEBUG org.apache.http.headers - http-outgoing-58 >> Host: localhost:38386
11:53:55.552 [Forwarding executeScript on session 37c14d504020035d1e6cd22a23b27d6d to remote] DEBUG org.apache.http.headers - http-outgoing-58 >> Connection: Keep-Alive
11:53:55.552 [Forwarding executeScript on session 37c14d504020035d1e6cd22a23b27d6d to remote] DEBUG org.apache.http.headers - http-outgoing-58 >> User-Agent: Apache-HttpClient/4.5.2 (Java/1.8.0_111)
11:53:55.552 [Forwarding executeScript on session 37c14d504020035d1e6cd22a23b27d6d to remote] DEBUG org.apache.http.headers - http-outgoing-58 >> Accept-Encoding: gzip,deflate
11:53:55.552 [Forwarding executeScript on session 37c14d504020035d1e6cd22a23b27d6d to remote] DEBUG org.apache.http.wire - http-outgoing-58 >> "POST /session/37c14d504020035d1e6cd22a23b27d6d/execute HTTP/1.1[\r][\n]"
11:53:55.552 [Forwarding executeScript on session 37c14d504020035d1e6cd22a23b27d6d to remote] DEBUG org.apache.http.wire - http-outgoing-58 >> "Content-Type: application/json; charset=utf-8[\r][\n]"
11:53:55.552 [Forwarding executeScript on session 37c14d504020035d1e6cd22a23b27d6d to remote] DEBUG org.apache.http.wire - http-outgoing-58 >> "Content-Length: 139[\r][\n]"
11:53:55.552 [Forwarding executeScript on session 37c14d504020035d1e6cd22a23b27d6d to remote] DEBUG org.apache.http.wire - http-outgoing-58 >> "Host: localhost:38386[\r][\n]"
11:53:55.552 [Forwarding executeScript on session 37c14d504020035d1e6cd22a23b27d6d to remote] DEBUG org.apache.http.wire - http-outgoing-58 >> "Connection: Keep-Alive[\r][\n]"
11:53:55.552 [Forwarding executeScript on session 37c14d504020035d1e6cd22a23b27d6d to remote] DEBUG org.apache.http.wire - http-outgoing-58 >> "User-Agent: Apache-HttpClient/4.5.2 (Java/1.8.0_111)[\r][\n]"
11:53:55.552 [Forwarding executeScript on session 37c14d504020035d1e6cd22a23b27d6d to remote] DEBUG org.apache.http.wire - http-outgoing-58 >> "Accept-Encoding: gzip,deflate[\r][\n]"
11:53:55.552 [Forwarding executeScript on session 37c14d504020035d1e6cd22a23b27d6d to remote] DEBUG org.apache.http.wire - http-outgoing-58 >> "[\r][\n]"
11:53:55.552 [Forwarding executeScript on session 37c14d504020035d1e6cd22a23b27d6d to remote] DEBUG org.apache.http.wire - http-outgoing-58 >> "{"script":"arguments[0].click();","args":[{"ELEMENT":"0.5943568280903053-3","element-6066-11e4-a52e-4f735466cecf":"0.5943568280903053-3"}]}"
11:54:30.507 [Forwarding executeScript on session 37c14d504020035d1e6cd22a23b27d6d to remote] DEBUG org.apache.http.wire - http-outgoing-58 << "HTTP/1.1 200 OK[\r][\n]"
11:54:30.507 [Forwarding executeScript on session 37c14d504020035d1e6cd22a23b27d6d to remote] DEBUG org.apache.http.wire - http-outgoing-58 << "Content-Length:72[\r][\n]"
11:54:30.507 [Forwarding executeScript on session 37c14d504020035d1e6cd22a23b27d6d to remote] DEBUG org.apache.http.wire - http-outgoing-58 << "Content-Type:application/json; charset=utf-8[\r][\n]"
11:54:30.507 [Forwarding executeScript on session 37c14d504020035d1e6cd22a23b27d6d to remote] DEBUG org.apache.http.wire - http-outgoing-58 << "Connection:close[\r][\n]"
11:54:30.507 [Forwarding executeScript on session 37c14d504020035d1e6cd22a23b27d6d to remote] DEBUG org.apache.http.wire - http-outgoing-58 << "[\r][\n]"
11:54:30.507 [Forwarding executeScript on session 37c14d504020035d1e6cd22a23b27d6d to remote] DEBUG org.apache.http.wire - http-outgoing-58 << "{"sessionId":"37c14d504020035d1e6cd22a23b27d6d","status":0,"value":null}"
11:54:30.507 [Forwarding executeScript on session 37c14d504020035d1e6cd22a23b27d6d to remote] DEBUG org.apache.http.headers - http-outgoing-58 << HTTP/1.1 200 OK
11:54:30.507 [Forwarding executeScript on session 37c14d504020035d1e6cd22a23b27d6d to remote] DEBUG org.apache.http.headers - http-outgoing-58 << Content-Length:72
11:54:30.507 [Forwarding executeScript on session 37c14d504020035d1e6cd22a23b27d6d to remote] DEBUG org.apache.http.headers - http-outgoing-58 << Content-Type:application/json; charset=utf-8
11:54:30.507 [Forwarding executeScript on session 37c14d504020035d1e6cd22a23b27d6d to remote] DEBUG org.apache.http.headers - http-outgoing-58 << Connection:close
11:54:30.508 [Forwarding executeScript on session 37c14d504020035d1e6cd22a23b27d6d to remote] DEBUG o.a.h.i.c.DefaultManagedHttpClientConnection - http-outgoing-58: Close connection
11:54:30.508 [Forwarding executeScript on session 37c14d504020035d1e6cd22a23b27d6d to remote] DEBUG o.a.h.impl.execchain.MainClientExec - Connection discarded
11:54:30.508 [Forwarding executeScript on session 37c14d504020035d1e6cd22a23b27d6d to remote] DEBUG o.a.h.i.c.PoolingHttpClientConnectionManager - Connection released: [id: 58][route: {}->http://localhost:38386][total kept alive: 0; route allocated: 0 of 2000; total allocated: 0 of 2000]
11:54:34.510 [Forwarding findElement on session 37c14d504020035d1e6cd22a23b27d6d to remote] DEBUG o.a.h.c.protocol.RequestAddCookies - CookieSpec selected: default
11:54:34.510 [Forwarding findElement on session 37c14d504020035d1e6cd22a23b27d6d to remote] DEBUG o.a.h.c.protocol.RequestAuthCache - Auth cache not set in the context
11:54:34.510 [Forwarding findElement on session 37c14d504020035d1e6cd22a23b27d6d to remote] DEBUG o.a.h.i.c.PoolingHttpClientConnectionManager - Connection request: [route: {}->http://localhost:38386][total kept alive: 0; route allocated: 0 of 2000; total allocated: 0 of 2000]
11:54:34.510 [Forwarding findElement on session 37c14d504020035d1e6cd22a23b27d6d to remote] DEBUG o.a.h.i.c.PoolingHttpClientConnectionManager - Connection leased: [id: 59][route: {}->http://localhost:38386][total kept alive: 0; route allocated: 1 of 2000; total allocated: 1 of 2000]
11:54:34.511 [Forwarding findElement on session 37c14d504020035d1e6cd22a23b27d6d to remote] DEBUG o.a.h.impl.execchain.MainClientExec - Opening connection {}->http://localhost:38386
11:54:34.512 [Forwarding findElement on session 37c14d504020035d1e6cd22a23b27d6d to remote] DEBUG o.a.h.i.c.DefaultHttpClientConnectionOperator - Connecting to localhost/127.0.0.1:38386
11:54:34.512 [Forwarding findElement on session 37c14d504020035d1e6cd22a23b27d6d to remote] DEBUG o.a.h.i.c.DefaultHttpClientConnectionOperator - Connection established 127.0.0.1:55576<->127.0.0.1:38386
11:54:34.512 [Forwarding findElement on session 37c14d504020035d1e6cd22a23b27d6d to remote] DEBUG o.a.h.i.c.DefaultManagedHttpClientConnection - http-outgoing-59: set socket timeout to 10800000
11:54:34.512 [Forwarding findElement on session 37c14d504020035d1e6cd22a23b27d6d to remote] DEBUG o.a.h.impl.execchain.MainClientExec - Executing request POST /session/37c14d504020035d1e6cd22a23b27d6d/element HTTP/1.1
11:54:34.512 [Forwarding findElement on session 37c14d504020035d1e6cd22a23b27d6d to remote] DEBUG o.a.h.impl.execchain.MainClientExec - Target auth state: UNCHALLENGED
11:54:34.512 [Forwarding findElement on session 37c14d504020035d1e6cd22a23b27d6d to remote] DEBUG o.a.h.impl.execchain.MainClientExec - Proxy auth state: UNCHALLENGED
11:54:34.512 [Forwarding findElement on session 37c14d504020035d1e6cd22a23b27d6d to remote] DEBUG org.apache.http.headers - http-outgoing-59 >> POST /session/37c14d504020035d1e6cd22a23b27d6d/element HTTP/1.1
11:54:34.512 [Forwarding findElement on session 37c14d504020035d1e6cd22a23b27d6d to remote] DEBUG org.apache.http.headers - http-outgoing-59 >> Content-Type: application/json; charset=utf-8
11:54:34.512 [Forwarding findElement on session 37c14d504020035d1e6cd22a23b27d6d to remote] DEBUG org.apache.http.headers - http-outgoing-59 >> Content-Length: 69
11:54:34.512 [Forwarding findElement on session 37c14d504020035d1e6cd22a23b27d6d to remote] DEBUG org.apache.http.headers - http-outgoing-59 >> Host: localhost:38386
11:54:34.512 [Forwarding findElement on session 37c14d504020035d1e6cd22a23b27d6d to remote] DEBUG org.apache.http.headers - http-outgoing-59 >> Connection: Keep-Alive
11:54:34.512 [Forwarding findElement on session 37c14d504020035d1e6cd22a23b27d6d to remote] DEBUG org.apache.http.headers - http-outgoing-59 >> User-Agent: Apache-HttpClient/4.5.2 (Java/1.8.0_111)
11:54:34.512 [Forwarding findElement on session 37c14d504020035d1e6cd22a23b27d6d to remote] DEBUG org.apache.http.headers - http-outgoing-59 >> Accept-Encoding: gzip,deflate
11:54:34.512 [Forwarding findElement on session 37c14d504020035d1e6cd22a23b27d6d to remote] DEBUG org.apache.http.wire - http-outgoing-59 >> "POST /session/37c14d504020035d1e6cd22a23b27d6d/element HTTP/1.1[\r][\n]"
11:54:34.513 [Forwarding findElement on session 37c14d504020035d1e6cd22a23b27d6d to remote] DEBUG org.apache.http.wire - http-outgoing-59 >> "Content-Type: application/json; charset=utf-8[\r][\n]"
11:54:34.513 [Forwarding findElement on session 37c14d504020035d1e6cd22a23b27d6d to remote] DEBUG org.apache.http.wire - http-outgoing-59 >> "Content-Length: 69[\r][\n]"
11:54:34.513 [Forwarding findElement on session 37c14d504020035d1e6cd22a23b27d6d to remote] DEBUG org.apache.http.wire - http-outgoing-59 >> "Host: localhost:38386[\r][\n]"
11:54:34.513 [Forwarding findElement on session 37c14d504020035d1e6cd22a23b27d6d to remote] DEBUG org.apache.http.wire - http-outgoing-59 >> "Connection: Keep-Alive[\r][\n]"
11:54:34.513 [Forwarding findElement on session 37c14d504020035d1e6cd22a23b27d6d to remote] DEBUG org.apache.http.wire - http-outgoing-59 >> "User-Agent: Apache-HttpClient/4.5.2 (Java/1.8.0_111)[\r][\n]"
11:54:34.513 [Forwarding findElement on session 37c14d504020035d1e6cd22a23b27d6d to remote] DEBUG org.apache.http.wire - http-outgoing-59 >> "Accept-Encoding: gzip,deflate[\r][\n]"
11:54:34.513 [Forwarding findElement on session 37c14d504020035d1e6cd22a23b27d6d to remote] DEBUG org.apache.http.wire - http-outgoing-59 >> "[\r][\n]"
11:54:34.513 [Forwarding findElement on session 37c14d504020035d1e6cd22a23b27d6d to remote] DEBUG org.apache.http.wire - http-outgoing-59 >> "{"using":"xpath","value":".//a[@href='/profile'][@class='nav-link']"}"
11:54:34.514 [Forwarding findElement on session 37c14d504020035d1e6cd22a23b27d6d to remote] DEBUG org.apache.http.wire - http-outgoing-59 << "HTTP/1.1 200 OK[\r][\n]"
11:54:34.514 [Forwarding findElement on session 37c14d504020035d1e6cd22a23b27d6d to remote] DEBUG org.apache.http.wire - http-outgoing-59 << "Content-Length:331[\r][\n]"
11:54:34.514 [Forwarding findElement on session 37c14d504020035d1e6cd22a23b27d6d to remote] DEBUG org.apache.http.wire - http-outgoing-59 << "Content-Type:application/json; charset=utf-8[\r][\n]"
11:54:34.514 [Forwarding findElement on session 37c14d504020035d1e6cd22a23b27d6d to remote] DEBUG org.apache.http.wire - http-outgoing-59 << "Connection:close[\r][\n]"
11:54:34.514 [Forwarding findElement on session 37c14d504020035d1e6cd22a23b27d6d to remote] DEBUG org.apache.http.wire - http-outgoing-59 << "[\r][\n]"
11:54:34.514 [Forwarding findElement on session 37c14d504020035d1e6cd22a23b27d6d to remote] DEBUG org.apache.http.wire - http-outgoing-59 << "{"sessionId":"37c14d504020035d1e6cd22a23b27d6d","status":23,"value":{"message":"no such window: target window already closed\nfrom unknown error: web view not found\n  (Session info: chrome=63.0.3239.108)\n  (Driver info: chromedriver=2.33.506120 (e3e53437346286c0bc2d2dc9aa4915ba81d9023f),platform=Windows NT 10.0.10586 x86_64)"}}"
11:54:34.514 [Forwarding findElement on session 37c14d504020035d1e6cd22a23b27d6d to remote] DEBUG org.apache.http.headers - http-outgoing-59 << HTTP/1.1 200 OK
11:54:34.514 [Forwarding findElement on session 37c14d504020035d1e6cd22a23b27d6d to remote] DEBUG org.apache.http.headers - http-outgoing-59 << Content-Length:331
11:54:34.514 [Forwarding findElement on session 37c14d504020035d1e6cd22a23b27d6d to remote] DEBUG org.apache.http.headers - http-outgoing-59 << Content-Type:application/json; charset=utf-8
11:54:34.514 [Forwarding findElement on session 37c14d504020035d1e6cd22a23b27d6d to remote] DEBUG org.apache.http.headers - http-outgoing-59 << Connection:close
11:54:34.514 [Forwarding findElement on session 37c14d504020035d1e6cd22a23b27d6d to remote] DEBUG o.a.h.i.c.DefaultManagedHttpClientConnection - http-outgoing-59: Close connection
11:54:34.514 [Forwarding findElement on session 37c14d504020035d1e6cd22a23b27d6d to remote] DEBUG o.a.h.impl.execchain.MainClientExec - Connection discarded
11:54:34.514 [Forwarding findElement on session 37c14d504020035d1e6cd22a23b27d6d to remote] DEBUG o.a.h.i.c.PoolingHttpClientConnectionManager - Connection released: [id: 59][route: {}->http://localhost:38386][total kept alive: 0; route allocated: 0 of 2000; total allocated: 0 of 2000]
11:54:34.522 [Forwarding executeScript on session 37c14d504020035d1e6cd22a23b27d6d to remote] DEBUG o.a.h.c.protocol.RequestAddCookies - CookieSpec selected: default
11:54:34.522 [Forwarding executeScript on session 37c14d504020035d1e6cd22a23b27d6d to remote] DEBUG o.a.h.c.protocol.RequestAuthCache - Auth cache not set in the context
11:54:34.522 [Forwarding executeScript on session 37c14d504020035d1e6cd22a23b27d6d to remote] DEBUG o.a.h.i.c.PoolingHttpClientConnectionManager - Connection request: [route: {}->http://localhost:38386][total kept alive: 0; route allocated: 0 of 2000; total allocated: 0 of 2000]
11:54:34.522 [Forwarding executeScript on session 37c14d504020035d1e6cd22a23b27d6d to remote] DEBUG o.a.h.i.c.PoolingHttpClientConnectionManager - Connection leased: [id: 60][route: {}->http://localhost:38386][total kept alive: 0; route allocated: 1 of 2000; total allocated: 1 of 2000]
11:54:34.522 [Forwarding executeScript on session 37c14d504020035d1e6cd22a23b27d6d to remote] DEBUG o.a.h.impl.execchain.MainClientExec - Opening connection {}->http://localhost:38386
11:54:34.522 [Forwarding executeScript on session 37c14d504020035d1e6cd22a23b27d6d to remote] DEBUG o.a.h.i.c.DefaultHttpClientConnectionOperator - Connecting to localhost/127.0.0.1:38386
11:54:34.522 [Forwarding executeScript on session 37c14d504020035d1e6cd22a23b27d6d to remote] DEBUG o.a.h.i.c.DefaultHttpClientConnectionOperator - Connection established 127.0.0.1:55577<->127.0.0.1:38386
11:54:34.522 [Forwarding executeScript on session 37c14d504020035d1e6cd22a23b27d6d to remote] DEBUG o.a.h.i.c.DefaultManagedHttpClientConnection - http-outgoing-60: set socket timeout to 10800000
11:54:34.523 [Forwarding executeScript on session 37c14d504020035d1e6cd22a23b27d6d to remote] DEBUG o.a.h.impl.execchain.MainClientExec - Executing request POST /session/37c14d504020035d1e6cd22a23b27d6d/execute HTTP/1.1
11:54:34.523 [Forwarding executeScript on session 37c14d504020035d1e6cd22a23b27d6d to remote] DEBUG o.a.h.impl.execchain.MainClientExec - Target auth state: UNCHALLENGED
11:54:34.523 [Forwarding executeScript on session 37c14d504020035d1e6cd22a23b27d6d to remote] DEBUG o.a.h.impl.execchain.MainClientExec - Proxy auth state: UNCHALLENGED
11:54:34.523 [Forwarding executeScript on session 37c14d504020035d1e6cd22a23b27d6d to remote] DEBUG org.apache.http.headers - http-outgoing-60 >> POST /session/37c14d504020035d1e6cd22a23b27d6d/execute HTTP/1.1
11:54:34.523 [Forwarding executeScript on session 37c14d504020035d1e6cd22a23b27d6d to remote] DEBUG org.apache.http.headers - http-outgoing-60 >> Content-Type: application/json; charset=utf-8
11:54:34.523 [Forwarding executeScript on session 37c14d504020035d1e6cd22a23b27d6d to remote] DEBUG org.apache.http.headers - http-outgoing-60 >> Content-Length: 43
11:54:34.523 [Forwarding executeScript on session 37c14d504020035d1e6cd22a23b27d6d to remote] DEBUG org.apache.http.headers - http-outgoing-60 >> Host: localhost:38386
11:54:34.523 [Forwarding executeScript on session 37c14d504020035d1e6cd22a23b27d6d to remote] DEBUG org.apache.http.headers - http-outgoing-60 >> Connection: Keep-Alive
11:54:34.523 [Forwarding executeScript on session 37c14d504020035d1e6cd22a23b27d6d to remote] DEBUG org.apache.http.headers - http-outgoing-60 >> User-Agent: Apache-HttpClient/4.5.2 (Java/1.8.0_111)
11:54:34.523 [Forwarding executeScript on session 37c14d504020035d1e6cd22a23b27d6d to remote] DEBUG org.apache.http.headers - http-outgoing-60 >> Accept-Encoding: gzip,deflate
11:54:34.523 [Forwarding executeScript on session 37c14d504020035d1e6cd22a23b27d6d to remote] DEBUG org.apache.http.wire - http-outgoing-60 >> "POST /session/37c14d504020035d1e6cd22a23b27d6d/execute HTTP/1.1[\r][\n]"
11:54:34.523 [Forwarding executeScript on session 37c14d504020035d1e6cd22a23b27d6d to remote] DEBUG org.apache.http.wire - http-outgoing-60 >> "Content-Type: application/json; charset=utf-8[\r][\n]"
11:54:34.523 [Forwarding executeScript on session 37c14d504020035d1e6cd22a23b27d6d to remote] DEBUG org.apache.http.wire - http-outgoing-60 >> "Content-Length: 43[\r][\n]"
11:54:34.523 [Forwarding executeScript on session 37c14d504020035d1e6cd22a23b27d6d to remote] DEBUG org.apache.http.wire - http-outgoing-60 >> "Host: localhost:38386[\r][\n]"
11:54:34.523 [Forwarding executeScript on session 37c14d504020035d1e6cd22a23b27d6d to remote] DEBUG org.apache.http.wire - http-outgoing-60 >> "Connection: Keep-Alive[\r][\n]"
11:54:34.523 [Forwarding executeScript on session 37c14d504020035d1e6cd22a23b27d6d to remote] DEBUG org.apache.http.wire - http-outgoing-60 >> "User-Agent: Apache-HttpClient/4.5.2 (Java/1.8.0_111)[\r][\n]"
11:54:34.523 [Forwarding executeScript on session 37c14d504020035d1e6cd22a23b27d6d to remote] DEBUG org.apache.http.wire - http-outgoing-60 >> "Accept-Encoding: gzip,deflate[\r][\n]"
11:54:34.523 [Forwarding executeScript on session 37c14d504020035d1e6cd22a23b27d6d to remote] DEBUG org.apache.http.wire - http-outgoing-60 >> "[\r][\n]"
11:54:34.523 [Forwarding executeScript on session 37c14d504020035d1e6cd22a23b27d6d to remote] DEBUG org.apache.http.wire - http-outgoing-60 >> "{"script":"window.scrollTo(0,0)","args":[]}"
11:54:34.524 [Forwarding executeScript on session 37c14d504020035d1e6cd22a23b27d6d to remote] DEBUG org.apache.http.wire - http-outgoing-60 << "HTTP/1.1 200 OK[\r][\n]"
11:54:34.524 [Forwarding executeScript on session 37c14d504020035d1e6cd22a23b27d6d to remote] DEBUG org.apache.http.wire - http-outgoing-60 << "Content-Length:331[\r][\n]"
11:54:34.524 [Forwarding executeScript on session 37c14d504020035d1e6cd22a23b27d6d to remote] DEBUG org.apache.http.wire - http-outgoing-60 << "Content-Type:application/json; charset=utf-8[\r][\n]"
11:54:34.524 [Forwarding executeScript on session 37c14d504020035d1e6cd22a23b27d6d to remote] DEBUG org.apache.http.wire - http-outgoing-60 << "Connection:close[\r][\n]"
11:54:34.524 [Forwarding executeScript on session 37c14d504020035d1e6cd22a23b27d6d to remote] DEBUG org.apache.http.wire - http-outgoing-60 << "[\r][\n]"
11:54:34.524 [Forwarding executeScript on session 37c14d504020035d1e6cd22a23b27d6d to remote] DEBUG org.apache.http.wire - http-outgoing-60 << "{"sessionId":"37c14d504020035d1e6cd22a23b27d6d","status":23,"value":{"message":"no such window: target window already closed\nfrom unknown error: web view not found\n  (Session info: chrome=63.0.3239.108)\n  (Driver info: chromedriver=2.33.506120 (e3e53437346286c0bc2d2dc9aa4915ba81d9023f),platform=Windows NT 10.0.10586 x86_64)"}}"
11:54:34.524 [Forwarding executeScript on session 37c14d504020035d1e6cd22a23b27d6d to remote] DEBUG org.apache.http.headers - http-outgoing-60 << HTTP/1.1 200 OK
11:54:34.524 [Forwarding executeScript on session 37c14d504020035d1e6cd22a23b27d6d to remote] DEBUG org.apache.http.headers - http-outgoing-60 << Content-Length:331
11:54:34.524 [Forwarding executeScript on session 37c14d504020035d1e6cd22a23b27d6d to remote] DEBUG org.apache.http.headers - http-outgoing-60 << Content-Type:application/json; charset=utf-8
11:54:34.524 [Forwarding executeScript on session 37c14d504020035d1e6cd22a23b27d6d to remote] DEBUG org.apache.http.headers - http-outgoing-60 << Connection:close
11:54:34.524 [Forwarding executeScript on session 37c14d504020035d1e6cd22a23b27d6d to remote] DEBUG o.a.h.i.c.DefaultManagedHttpClientConnection - http-outgoing-60: Close connection
11:54:34.524 [Forwarding executeScript on session 37c14d504020035d1e6cd22a23b27d6d to remote] DEBUG o.a.h.impl.execchain.MainClientExec - Connection discarded
11:54:34.524 [Forwarding executeScript on session 37c14d504020035d1e6cd22a23b27d6d to remote] DEBUG o.a.h.i.c.PoolingHttpClientConnectionManager - Connection released: [id: 60][route: {}->http://localhost:38386][total kept alive: 0; route allocated: 0 of 2000; total allocated: 0 of 2000]
Getting exception while taking full screenshot. Exception message:[Ljava.lang.StackTraceElement;@66629f63
11:54:34.526 [Forwarding getCurrentWindowHandle on session 37c14d504020035d1e6cd22a23b27d6d to remote] DEBUG o.a.h.c.protocol.RequestAddCookies - CookieSpec selected: default
11:54:34.527 [Forwarding getCurrentWindowHandle on session 37c14d504020035d1e6cd22a23b27d6d to remote] DEBUG o.a.h.c.protocol.RequestAuthCache - Auth cache not set in the context
11:54:34.527 [Forwarding getCurrentWindowHandle on session 37c14d504020035d1e6cd22a23b27d6d to remote] DEBUG o.a.h.i.c.PoolingHttpClientConnectionManager - Connection request: [route: {}->http://localhost:38386][total kept alive: 0; route allocated: 0 of 2000; total allocated: 0 of 2000]
11:54:34.527 [Forwarding getCurrentWindowHandle on session 37c14d504020035d1e6cd22a23b27d6d to remote] DEBUG o.a.h.i.c.PoolingHttpClientConnectionManager - Connection leased: [id: 61][route: {}->http://localhost:38386][total kept alive: 0; route allocated: 1 of 2000; total allocated: 1 of 2000]
11:54:34.527 [Forwarding getCurrentWindowHandle on session 37c14d504020035d1e6cd22a23b27d6d to remote] DEBUG o.a.h.impl.execchain.MainClientExec - Opening connection {}->http://localhost:38386
11:54:34.527 [Forwarding getCurrentWindowHandle on session 37c14d504020035d1e6cd22a23b27d6d to remote] DEBUG o.a.h.i.c.DefaultHttpClientConnectionOperator - Connecting to localhost/127.0.0.1:38386
11:54:34.527 [Forwarding getCurrentWindowHandle on session 37c14d504020035d1e6cd22a23b27d6d to remote] DEBUG o.a.h.i.c.DefaultHttpClientConnectionOperator - Connection established 127.0.0.1:55578<->127.0.0.1:38386
11:54:34.527 [Forwarding getCurrentWindowHandle on session 37c14d504020035d1e6cd22a23b27d6d to remote] DEBUG o.a.h.i.c.DefaultManagedHttpClientConnection - http-outgoing-61: set socket timeout to 10800000
11:54:34.527 [Forwarding getCurrentWindowHandle on session 37c14d504020035d1e6cd22a23b27d6d to remote] DEBUG o.a.h.impl.execchain.MainClientExec - Executing request GET /session/37c14d504020035d1e6cd22a23b27d6d/window_handle HTTP/1.1
11:54:34.527 [Forwarding getCurrentWindowHandle on session 37c14d504020035d1e6cd22a23b27d6d to remote] DEBUG o.a.h.impl.execchain.MainClientExec - Target auth state: UNCHALLENGED
11:54:34.527 [Forwarding getCurrentWindowHandle on session 37c14d504020035d1e6cd22a23b27d6d to remote] DEBUG o.a.h.impl.execchain.MainClientExec - Proxy auth state: UNCHALLENGED
11:54:34.527 [Forwarding getCurrentWindowHandle on session 37c14d504020035d1e6cd22a23b27d6d to remote] DEBUG org.apache.http.headers - http-outgoing-61 >> GET /session/37c14d504020035d1e6cd22a23b27d6d/window_handle HTTP/1.1
11:54:34.527 [Forwarding getCurrentWindowHandle on session 37c14d504020035d1e6cd22a23b27d6d to remote] DEBUG org.apache.http.headers - http-outgoing-61 >> Cache-Control: no-cache
11:54:34.527 [Forwarding getCurrentWindowHandle on session 37c14d504020035d1e6cd22a23b27d6d to remote] DEBUG org.apache.http.headers - http-outgoing-61 >> Host: localhost:38386
11:54:34.527 [Forwarding getCurrentWindowHandle on session 37c14d504020035d1e6cd22a23b27d6d to remote] DEBUG org.apache.http.headers - http-outgoing-61 >> Connection: Keep-Alive
11:54:34.527 [Forwarding getCurrentWindowHandle on session 37c14d504020035d1e6cd22a23b27d6d to remote] DEBUG org.apache.http.headers - http-outgoing-61 >> User-Agent: Apache-HttpClient/4.5.2 (Java/1.8.0_111)
11:54:34.527 [Forwarding getCurrentWindowHandle on session 37c14d504020035d1e6cd22a23b27d6d to remote] DEBUG org.apache.http.headers - http-outgoing-61 >> Accept-Encoding: gzip,deflate
11:54:34.528 [Forwarding getCurrentWindowHandle on session 37c14d504020035d1e6cd22a23b27d6d to remote] DEBUG org.apache.http.wire - http-outgoing-61 >> "GET /session/37c14d504020035d1e6cd22a23b27d6d/window_handle HTTP/1.1[\r][\n]"
11:54:34.528 [Forwarding getCurrentWindowHandle on session 37c14d504020035d1e6cd22a23b27d6d to remote] DEBUG org.apache.http.wire - http-outgoing-61 >> "Cache-Control: no-cache[\r][\n]"
11:54:34.528 [Forwarding getCurrentWindowHandle on session 37c14d504020035d1e6cd22a23b27d6d to remote] DEBUG org.apache.http.wire - http-outgoing-61 >> "Host: localhost:38386[\r][\n]"
11:54:34.528 [Forwarding getCurrentWindowHandle on session 37c14d504020035d1e6cd22a23b27d6d to remote] DEBUG org.apache.http.wire - http-outgoing-61 >> "Connection: Keep-Alive[\r][\n]"
11:54:34.528 [Forwarding getCurrentWindowHandle on session 37c14d504020035d1e6cd22a23b27d6d to remote] DEBUG org.apache.http.wire - http-outgoing-61 >> "User-Agent: Apache-HttpClient/4.5.2 (Java/1.8.0_111)[\r][\n]"
11:54:34.528 [Forwarding getCurrentWindowHandle on session 37c14d504020035d1e6cd22a23b27d6d to remote] DEBUG org.apache.http.wire - http-outgoing-61 >> "Accept-Encoding: gzip,deflate[\r][\n]"
11:54:34.528 [Forwarding getCurrentWindowHandle on session 37c14d504020035d1e6cd22a23b27d6d to remote] DEBUG org.apache.http.wire - http-outgoing-61 >> "[\r][\n]"
11:54:34.528 [Forwarding getCurrentWindowHandle on session 37c14d504020035d1e6cd22a23b27d6d to remote] DEBUG org.apache.http.wire - http-outgoing-61 << "HTTP/1.1 200 OK[\r][\n]"
11:54:34.528 [Forwarding getCurrentWindowHandle on session 37c14d504020035d1e6cd22a23b27d6d to remote] DEBUG org.apache.http.wire - http-outgoing-61 << "Content-Length:331[\r][\n]"
11:54:34.528 [Forwarding getCurrentWindowHandle on session 37c14d504020035d1e6cd22a23b27d6d to remote] DEBUG org.apache.http.wire - http-outgoing-61 << "Content-Type:application/json; charset=utf-8[\r][\n]"
11:54:34.528 [Forwarding getCurrentWindowHandle on session 37c14d504020035d1e6cd22a23b27d6d to remote] DEBUG org.apache.http.wire - http-outgoing-61 << "Connection:close[\r][\n]"
11:54:34.528 [Forwarding getCurrentWindowHandle on session 37c14d504020035d1e6cd22a23b27d6d to remote] DEBUG org.apache.http.wire - http-outgoing-61 << "[\r][\n]"
11:54:34.528 [Forwarding getCurrentWindowHandle on session 37c14d504020035d1e6cd22a23b27d6d to remote] DEBUG org.apache.http.wire - http-outgoing-61 << "{"sessionId":"37c14d504020035d1e6cd22a23b27d6d","status":23,"value":{"message":"no such window: target window already closed\nfrom unknown error: web view not found\n  (Session info: chrome=63.0.3239.108)\n  (Driver info: chromedriver=2.33.506120 (e3e53437346286c0bc2d2dc9aa4915ba81d9023f),platform=Windows NT 10.0.10586 x86_64)"}}"
11:54:34.528 [Forwarding getCurrentWindowHandle on session 37c14d504020035d1e6cd22a23b27d6d to remote] DEBUG org.apache.http.headers - http-outgoing-61 << HTTP/1.1 200 OK
11:54:34.528 [Forwarding getCurrentWindowHandle on session 37c14d504020035d1e6cd22a23b27d6d to remote] DEBUG org.apache.http.headers - http-outgoing-61 << Content-Length:331
11:54:34.528 [Forwarding getCurrentWindowHandle on session 37c14d504020035d1e6cd22a23b27d6d to remote] DEBUG org.apache.http.headers - http-outgoing-61 << Content-Type:application/json; charset=utf-8
11:54:34.528 [Forwarding getCurrentWindowHandle on session 37c14d504020035d1e6cd22a23b27d6d to remote] DEBUG org.apache.http.headers - http-outgoing-61 << Connection:close
11:54:34.529 [Forwarding getCurrentWindowHandle on session 37c14d504020035d1e6cd22a23b27d6d to remote] DEBUG o.a.h.i.c.DefaultManagedHttpClientConnection - http-outgoing-61: Close connection
11:54:34.529 [Forwarding getCurrentWindowHandle on session 37c14d504020035d1e6cd22a23b27d6d to remote] DEBUG o.a.h.impl.execchain.MainClientExec - Connection discarded
11:54:34.529 [Forwarding getCurrentWindowHandle on session 37c14d504020035d1e6cd22a23b27d6d to remote] DEBUG o.a.h.i.c.PoolingHttpClientConnectionManager - Connection released: [id: 61][route: {}->http://localhost:38386][total kept alive: 0; route allocated: 0 of 2000; total allocated: 0 of 2000]

11:54:34.533 [Forwarding executeScript on session 37c14d504020035d1e6cd22a23b27d6d to remote] DEBUG o.a.h.c.protocol.RequestAddCookies - CookieSpec selected: default
11:54:34.533 [Forwarding executeScript on session 37c14d504020035d1e6cd22a23b27d6d to remote] DEBUG o.a.h.c.protocol.RequestAuthCache - Auth cache not set in the context
11:54:34.533 [Forwarding executeScript on session 37c14d504020035d1e6cd22a23b27d6d to remote] DEBUG o.a.h.i.c.PoolingHttpClientConnectionManager - Connection request: [route: {}->http://localhost:38386][total kept alive: 0; route allocated: 0 of 2000; total allocated: 0 of 2000]
11:54:34.533 [Forwarding executeScript on session 37c14d504020035d1e6cd22a23b27d6d to remote] DEBUG o.a.h.i.c.PoolingHttpClientConnectionManager - Connection leased: [id: 62][route: {}->http://localhost:38386][total kept alive: 0; route allocated: 1 of 2000; total allocated: 1 of 2000]
11:54:34.533 [Forwarding executeScript on session 37c14d504020035d1e6cd22a23b27d6d to remote] DEBUG o.a.h.impl.execchain.MainClientExec - Opening connection {}->http://localhost:38386
11:54:34.534 [Forwarding executeScript on session 37c14d504020035d1e6cd22a23b27d6d to remote] DEBUG o.a.h.i.c.DefaultHttpClientConnectionOperator - Connecting to localhost/127.0.0.1:38386
11:54:34.534 [Forwarding executeScript on session 37c14d504020035d1e6cd22a23b27d6d to remote] DEBUG o.a.h.i.c.DefaultHttpClientConnectionOperator - Connection established 127.0.0.1:55579<->127.0.0.1:38386
11:54:34.534 [Forwarding executeScript on session 37c14d504020035d1e6cd22a23b27d6d to remote] DEBUG o.a.h.i.c.DefaultManagedHttpClientConnection - http-outgoing-62: set socket timeout to 10800000
11:54:34.534 [Forwarding executeScript on session 37c14d504020035d1e6cd22a23b27d6d to remote] DEBUG o.a.h.impl.execchain.MainClientExec - Executing request POST /session/37c14d504020035d1e6cd22a23b27d6d/execute HTTP/1.1
11:54:34.534 [Forwarding executeScript on session 37c14d504020035d1e6cd22a23b27d6d to remote] DEBUG o.a.h.impl.execchain.MainClientExec - Target auth state: UNCHALLENGED
11:54:34.534 [Forwarding executeScript on session 37c14d504020035d1e6cd22a23b27d6d to remote] DEBUG o.a.h.impl.execchain.MainClientExec - Proxy auth state: UNCHALLENGED
11:54:34.534 [Forwarding executeScript on session 37c14d504020035d1e6cd22a23b27d6d to remote] DEBUG org.apache.http.headers - http-outgoing-62 >> POST /session/37c14d504020035d1e6cd22a23b27d6d/execute HTTP/1.1
11:54:34.534 [Forwarding executeScript on session 37c14d504020035d1e6cd22a23b27d6d to remote] DEBUG org.apache.http.headers - http-outgoing-62 >> Content-Type: application/json; charset=utf-8
11:54:34.534 [Forwarding executeScript on session 37c14d504020035d1e6cd22a23b27d6d to remote] DEBUG org.apache.http.headers - http-outgoing-62 >> Content-Length: 43
11:54:34.534 [Forwarding executeScript on session 37c14d504020035d1e6cd22a23b27d6d to remote] DEBUG org.apache.http.headers - http-outgoing-62 >> Host: localhost:38386
11:54:34.534 [Forwarding executeScript on session 37c14d504020035d1e6cd22a23b27d6d to remote] DEBUG org.apache.http.headers - http-outgoing-62 >> Connection: Keep-Alive
11:54:34.534 [Forwarding executeScript on session 37c14d504020035d1e6cd22a23b27d6d to remote] DEBUG org.apache.http.headers - http-outgoing-62 >> User-Agent: Apache-HttpClient/4.5.2 (Java/1.8.0_111)
11:54:34.534 [Forwarding executeScript on session 37c14d504020035d1e6cd22a23b27d6d to remote] DEBUG org.apache.http.headers - http-outgoing-62 >> Accept-Encoding: gzip,deflate
11:54:34.534 [Forwarding executeScript on session 37c14d504020035d1e6cd22a23b27d6d to remote] DEBUG org.apache.http.wire - http-outgoing-62 >> "POST /session/37c14d504020035d1e6cd22a23b27d6d/execute HTTP/1.1[\r][\n]"
11:54:34.534 [Forwarding executeScript on session 37c14d504020035d1e6cd22a23b27d6d to remote] DEBUG org.apache.http.wire - http-outgoing-62 >> "Content-Type: application/json; charset=utf-8[\r][\n]"
11:54:34.534 [Forwarding executeScript on session 37c14d504020035d1e6cd22a23b27d6d to remote] DEBUG org.apache.http.wire - http-outgoing-62 >> "Content-Length: 43[\r][\n]"
11:54:34.534 [Forwarding executeScript on session 37c14d504020035d1e6cd22a23b27d6d to remote] DEBUG org.apache.http.wire - http-outgoing-62 >> "Host: localhost:38386[\r][\n]"
11:54:34.534 [Forwarding executeScript on session 37c14d504020035d1e6cd22a23b27d6d to remote] DEBUG org.apache.http.wire - http-outgoing-62 >> "Connection: Keep-Alive[\r][\n]"
11:54:34.534 [Forwarding executeScript on session 37c14d504020035d1e6cd22a23b27d6d to remote] DEBUG org.apache.http.wire - http-outgoing-62 >> "User-Agent: Apache-HttpClient/4.5.2 (Java/1.8.0_111)[\r][\n]"
11:54:34.534 [Forwarding executeScript on session 37c14d504020035d1e6cd22a23b27d6d to remote] DEBUG org.apache.http.wire - http-outgoing-62 >> "Accept-Encoding: gzip,deflate[\r][\n]"
11:54:34.534 [Forwarding executeScript on session 37c14d504020035d1e6cd22a23b27d6d to remote] DEBUG org.apache.http.wire - http-outgoing-62 >> "[\r][\n]"
11:54:34.534 [Forwarding executeScript on session 37c14d504020035d1e6cd22a23b27d6d to remote] DEBUG org.apache.http.wire - http-outgoing-62 >> "{"script":"window.scrollTo(0,0)","args":[]}"
11:54:34.535 [Forwarding executeScript on session 37c14d504020035d1e6cd22a23b27d6d to remote] DEBUG org.apache.http.wire - http-outgoing-62 << "HTTP/1.1 200 OK[\r][\n]"
11:54:34.535 [Forwarding executeScript on session 37c14d504020035d1e6cd22a23b27d6d to remote] DEBUG org.apache.http.wire - http-outgoing-62 << "Content-Length:331[\r][\n]"
11:54:34.535 [Forwarding executeScript on session 37c14d504020035d1e6cd22a23b27d6d to remote] DEBUG org.apache.http.wire - http-outgoing-62 << "Content-Type:application/json; charset=utf-8[\r][\n]"
11:54:34.535 [Forwarding executeScript on session 37c14d504020035d1e6cd22a23b27d6d to remote] DEBUG org.apache.http.wire - http-outgoing-62 << "Connection:close[\r][\n]"
11:54:34.535 [Forwarding executeScript on session 37c14d504020035d1e6cd22a23b27d6d to remote] DEBUG org.apache.http.wire - http-outgoing-62 << "[\r][\n]"
11:54:34.535 [Forwarding executeScript on session 37c14d504020035d1e6cd22a23b27d6d to remote] DEBUG org.apache.http.wire - http-outgoing-62 << "{"sessionId":"37c14d504020035d1e6cd22a23b27d6d","status":23,"value":{"message":"no such window: target window already closed\nfrom unknown error: web view not found\n  (Session info: chrome=63.0.3239.108)\n  (Driver info: chromedriver=2.33.506120 (e3e53437346286c0bc2d2dc9aa4915ba81d9023f),platform=Windows NT 10.0.10586 x86_64)"}}"
11:54:34.535 [Forwarding executeScript on session 37c14d504020035d1e6cd22a23b27d6d to remote] DEBUG org.apache.http.headers - http-outgoing-62 << HTTP/1.1 200 OK
11:54:34.535 [Forwarding executeScript on session 37c14d504020035d1e6cd22a23b27d6d to remote] DEBUG org.apache.http.headers - http-outgoing-62 << Content-Length:331
11:54:34.535 [Forwarding executeScript on session 37c14d504020035d1e6cd22a23b27d6d to remote] DEBUG org.apache.http.headers - http-outgoing-62 << Content-Type:application/json; charset=utf-8
11:54:34.535 [Forwarding executeScript on session 37c14d504020035d1e6cd22a23b27d6d to remote] DEBUG org.apache.http.headers - http-outgoing-62 << Connection:close
11:54:34.535 [Forwarding executeScript on session 37c14d504020035d1e6cd22a23b27d6d to remote] DEBUG o.a.h.i.c.DefaultManagedHttpClientConnection - http-outgoing-62: Close connection
11:54:34.535 [Forwarding executeScript on session 37c14d504020035d1e6cd22a23b27d6d to remote] DEBUG o.a.h.impl.execchain.MainClientExec - Connection discarded
11:54:34.535 [Forwarding executeScript on session 37c14d504020035d1e6cd22a23b27d6d to remote] DEBUG o.a.h.i.c.PoolingHttpClientConnectionManager - Connection released: [id: 62][route: {}->http://localhost:38386][total kept alive: 0; route allocated: 0 of 2000; total allocated: 0 of 2000]
Getting exception while taking full screenshot. Exception message:[Ljava.lang.StackTraceElement;@6b5966e1
11:54:34.537 [Forwarding getCurrentWindowHandle on session 37c14d504020035d1e6cd22a23b27d6d to remote] DEBUG o.a.h.c.protocol.RequestAddCookies - CookieSpec selected: default
11:54:34.537 [Forwarding getCurrentWindowHandle on session 37c14d504020035d1e6cd22a23b27d6d to remote] DEBUG o.a.h.c.protocol.RequestAuthCache - Auth cache not set in the context
11:54:34.537 [Forwarding getCurrentWindowHandle on session 37c14d504020035d1e6cd22a23b27d6d to remote] DEBUG o.a.h.i.c.PoolingHttpClientConnectionManager - Connection request: [route: {}->http://localhost:38386][total kept alive: 0; route allocated: 0 of 2000; total allocated: 0 of 2000]
11:54:34.537 [Forwarding getCurrentWindowHandle on session 37c14d504020035d1e6cd22a23b27d6d to remote] DEBUG o.a.h.i.c.PoolingHttpClientConnectionManager - Connection leased: [id: 63][route: {}->http://localhost:38386][total kept alive: 0; route allocated: 1 of 2000; total allocated: 1 of 2000]
11:54:34.537 [Forwarding getCurrentWindowHandle on session 37c14d504020035d1e6cd22a23b27d6d to remote] DEBUG o.a.h.impl.execchain.MainClientExec - Opening connection {}->http://localhost:38386
11:54:34.537 [Forwarding getCurrentWindowHandle on session 37c14d504020035d1e6cd22a23b27d6d to remote] DEBUG o.a.h.i.c.DefaultHttpClientConnectionOperator - Connecting to localhost/127.0.0.1:38386
11:54:34.538 [Forwarding getCurrentWindowHandle on session 37c14d504020035d1e6cd22a23b27d6d to remote] DEBUG o.a.h.i.c.DefaultHttpClientConnectionOperator - Connection established 127.0.0.1:55580<->127.0.0.1:38386
11:54:34.538 [Forwarding getCurrentWindowHandle on session 37c14d504020035d1e6cd22a23b27d6d to remote] DEBUG o.a.h.i.c.DefaultManagedHttpClientConnection - http-outgoing-63: set socket timeout to 10800000
11:54:34.538 [Forwarding getCurrentWindowHandle on session 37c14d504020035d1e6cd22a23b27d6d to remote] DEBUG o.a.h.impl.execchain.MainClientExec - Executing request GET /session/37c14d504020035d1e6cd22a23b27d6d/window_handle HTTP/1.1
11:54:34.538 [Forwarding getCurrentWindowHandle on session 37c14d504020035d1e6cd22a23b27d6d to remote] DEBUG o.a.h.impl.execchain.MainClientExec - Target auth state: UNCHALLENGED
11:54:34.538 [Forwarding getCurrentWindowHandle on session 37c14d504020035d1e6cd22a23b27d6d to remote] DEBUG o.a.h.impl.execchain.MainClientExec - Proxy auth state: UNCHALLENGED
11:54:34.538 [Forwarding getCurrentWindowHandle on session 37c14d504020035d1e6cd22a23b27d6d to remote] DEBUG org.apache.http.headers - http-outgoing-63 >> GET /session/37c14d504020035d1e6cd22a23b27d6d/window_handle HTTP/1.1
11:54:34.538 [Forwarding getCurrentWindowHandle on session 37c14d504020035d1e6cd22a23b27d6d to remote] DEBUG org.apache.http.headers - http-outgoing-63 >> Cache-Control: no-cache
11:54:34.538 [Forwarding getCurrentWindowHandle on session 37c14d504020035d1e6cd22a23b27d6d to remote] DEBUG org.apache.http.headers - http-outgoing-63 >> Host: localhost:38386
11:54:34.538 [Forwarding getCurrentWindowHandle on session 37c14d504020035d1e6cd22a23b27d6d to remote] DEBUG org.apache.http.headers - http-outgoing-63 >> Connection: Keep-Alive
11:54:34.538 [Forwarding getCurrentWindowHandle on session 37c14d504020035d1e6cd22a23b27d6d to remote] DEBUG org.apache.http.headers - http-outgoing-63 >> User-Agent: Apache-HttpClient/4.5.2 (Java/1.8.0_111)
11:54:34.538 [Forwarding getCurrentWindowHandle on session 37c14d504020035d1e6cd22a23b27d6d to remote] DEBUG org.apache.http.headers - http-outgoing-63 >> Accept-Encoding: gzip,deflate
11:54:34.538 [Forwarding getCurrentWindowHandle on session 37c14d504020035d1e6cd22a23b27d6d to remote] DEBUG org.apache.http.wire - http-outgoing-63 >> "GET /session/37c14d504020035d1e6cd22a23b27d6d/window_handle HTTP/1.1[\r][\n]"
11:54:34.538 [Forwarding getCurrentWindowHandle on session 37c14d504020035d1e6cd22a23b27d6d to remote] DEBUG org.apache.http.wire - http-outgoing-63 >> "Cache-Control: no-cache[\r][\n]"
11:54:34.538 [Forwarding getCurrentWindowHandle on session 37c14d504020035d1e6cd22a23b27d6d to remote] DEBUG org.apache.http.wire - http-outgoing-63 >> "Host: localhost:38386[\r][\n]"
11:54:34.538 [Forwarding getCurrentWindowHandle on session 37c14d504020035d1e6cd22a23b27d6d to remote] DEBUG org.apache.http.wire - http-outgoing-63 >> "Connection: Keep-Alive[\r][\n]"
11:54:34.538 [Forwarding getCurrentWindowHandle on session 37c14d504020035d1e6cd22a23b27d6d to remote] DEBUG org.apache.http.wire - http-outgoing-63 >> "User-Agent: Apache-HttpClient/4.5.2 (Java/1.8.0_111)[\r][\n]"
11:54:34.538 [Forwarding getCurrentWindowHandle on session 37c14d504020035d1e6cd22a23b27d6d to remote] DEBUG org.apache.http.wire - http-outgoing-63 >> "Accept-Encoding: gzip,deflate[\r][\n]"
11:54:34.538 [Forwarding getCurrentWindowHandle on session 37c14d504020035d1e6cd22a23b27d6d to remote] DEBUG org.apache.http.wire - http-outgoing-63 >> "[\r][\n]"
11:54:34.538 [Forwarding getCurrentWindowHandle on session 37c14d504020035d1e6cd22a23b27d6d to remote] DEBUG org.apache.http.wire - http-outgoing-63 << "HTTP/1.1 200 OK[\r][\n]"
11:54:34.538 [Forwarding getCurrentWindowHandle on session 37c14d504020035d1e6cd22a23b27d6d to remote] DEBUG org.apache.http.wire - http-outgoing-63 << "Content-Length:331[\r][\n]"
11:54:34.538 [Forwarding getCurrentWindowHandle on session 37c14d504020035d1e6cd22a23b27d6d to remote] DEBUG org.apache.http.wire - http-outgoing-63 << "Content-Type:application/json; charset=utf-8[\r][\n]"
11:54:34.538 [Forwarding getCurrentWindowHandle on session 37c14d504020035d1e6cd22a23b27d6d to remote] DEBUG org.apache.http.wire - http-outgoing-63 << "Connection:close[\r][\n]"
11:54:34.538 [Forwarding getCurrentWindowHandle on session 37c14d504020035d1e6cd22a23b27d6d to remote] DEBUG org.apache.http.wire - http-outgoing-63 << "[\r][\n]"
11:54:34.538 [Forwarding getCurrentWindowHandle on session 37c14d504020035d1e6cd22a23b27d6d to remote] DEBUG org.apache.http.wire - http-outgoing-63 << "{"sessionId":"37c14d504020035d1e6cd22a23b27d6d","status":23,"value":{"message":"no such window: target window already closed\nfrom unknown error: web view not found\n  (Session info: chrome=63.0.3239.108)\n  (Driver info: chromedriver=2.33.506120 (e3e53437346286c0bc2d2dc9aa4915ba81d9023f),platform=Windows NT 10.0.10586 x86_64)"}}"
11:54:34.538 [Forwarding getCurrentWindowHandle on session 37c14d504020035d1e6cd22a23b27d6d to remote] DEBUG org.apache.http.headers - http-outgoing-63 << HTTP/1.1 200 OK
11:54:34.538 [Forwarding getCurrentWindowHandle on session 37c14d504020035d1e6cd22a23b27d6d to remote] DEBUG org.apache.http.headers - http-outgoing-63 << Content-Length:331
11:54:34.539 [Forwarding getCurrentWindowHandle on session 37c14d504020035d1e6cd22a23b27d6d to remote] DEBUG org.apache.http.headers - http-outgoing-63 << Content-Type:application/json; charset=utf-8
11:54:34.539 [Forwarding getCurrentWindowHandle on session 37c14d504020035d1e6cd22a23b27d6d to remote] DEBUG org.apache.http.headers - http-outgoing-63 << Connection:close
11:54:34.539 [Forwarding getCurrentWindowHandle on session 37c14d504020035d1e6cd22a23b27d6d to remote] DEBUG o.a.h.i.c.DefaultManagedHttpClientConnection - http-outgoing-63: Close connection
11:54:34.539 [Forwarding getCurrentWindowHandle on session 37c14d504020035d1e6cd22a23b27d6d to remote] DEBUG o.a.h.impl.execchain.MainClientExec - Connection discarded
11:54:34.539 [Forwarding getCurrentWindowHandle on session 37c14d504020035d1e6cd22a23b27d6d to remote] DEBUG o.a.h.i.c.PoolingHttpClientConnectionManager - Connection released: [id: 63][route: {}->http://localhost:38386][total kept alive: 0; route allocated: 0 of 2000; total allocated: 0 of 2000]

11:54:34.543 [Forwarding executeScript on session 37c14d504020035d1e6cd22a23b27d6d to remote] DEBUG o.a.h.c.protocol.RequestAddCookies - CookieSpec selected: default
11:54:34.543 [Forwarding executeScript on session 37c14d504020035d1e6cd22a23b27d6d to remote] DEBUG o.a.h.c.protocol.RequestAuthCache - Auth cache not set in the context
11:54:34.543 [Forwarding executeScript on session 37c14d504020035d1e6cd22a23b27d6d to remote] DEBUG o.a.h.i.c.PoolingHttpClientConnectionManager - Connection request: [route: {}->http://localhost:38386][total kept alive: 0; route allocated: 0 of 2000; total allocated: 0 of 2000]
11:54:34.543 [Forwarding executeScript on session 37c14d504020035d1e6cd22a23b27d6d to remote] DEBUG o.a.h.i.c.PoolingHttpClientConnectionManager - Connection leased: [id: 64][route: {}->http://localhost:38386][total kept alive: 0; route allocated: 1 of 2000; total allocated: 1 of 2000]
11:54:34.543 [Forwarding executeScript on session 37c14d504020035d1e6cd22a23b27d6d to remote] DEBUG o.a.h.impl.execchain.MainClientExec - Opening connection {}->http://localhost:38386
11:54:34.543 [Forwarding executeScript on session 37c14d504020035d1e6cd22a23b27d6d to remote] DEBUG o.a.h.i.c.DefaultHttpClientConnectionOperator - Connecting to localhost/127.0.0.1:38386
11:54:34.544 [Forwarding executeScript on session 37c14d504020035d1e6cd22a23b27d6d to remote] DEBUG o.a.h.i.c.DefaultHttpClientConnectionOperator - Connection established 127.0.0.1:55581<->127.0.0.1:38386
11:54:34.544 [Forwarding executeScript on session 37c14d504020035d1e6cd22a23b27d6d to remote] DEBUG o.a.h.i.c.DefaultManagedHttpClientConnection - http-outgoing-64: set socket timeout to 10800000
11:54:34.544 [Forwarding executeScript on session 37c14d504020035d1e6cd22a23b27d6d to remote] DEBUG o.a.h.impl.execchain.MainClientExec - Executing request POST /session/37c14d504020035d1e6cd22a23b27d6d/execute HTTP/1.1
11:54:34.544 [Forwarding executeScript on session 37c14d504020035d1e6cd22a23b27d6d to remote] DEBUG o.a.h.impl.execchain.MainClientExec - Target auth state: UNCHALLENGED
11:54:34.544 [Forwarding executeScript on session 37c14d504020035d1e6cd22a23b27d6d to remote] DEBUG o.a.h.impl.execchain.MainClientExec - Proxy auth state: UNCHALLENGED
11:54:34.544 [Forwarding executeScript on session 37c14d504020035d1e6cd22a23b27d6d to remote] DEBUG org.apache.http.headers - http-outgoing-64 >> POST /session/37c14d504020035d1e6cd22a23b27d6d/execute HTTP/1.1
11:54:34.544 [Forwarding executeScript on session 37c14d504020035d1e6cd22a23b27d6d to remote] DEBUG org.apache.http.headers - http-outgoing-64 >> Content-Type: application/json; charset=utf-8
11:54:34.544 [Forwarding executeScript on session 37c14d504020035d1e6cd22a23b27d6d to remote] DEBUG org.apache.http.headers - http-outgoing-64 >> Content-Length: 43
11:54:34.544 [Forwarding executeScript on session 37c14d504020035d1e6cd22a23b27d6d to remote] DEBUG org.apache.http.headers - http-outgoing-64 >> Host: localhost:38386
11:54:34.544 [Forwarding executeScript on session 37c14d504020035d1e6cd22a23b27d6d to remote] DEBUG org.apache.http.headers - http-outgoing-64 >> Connection: Keep-Alive
11:54:34.544 [Forwarding executeScript on session 37c14d504020035d1e6cd22a23b27d6d to remote] DEBUG org.apache.http.headers - http-outgoing-64 >> User-Agent: Apache-HttpClient/4.5.2 (Java/1.8.0_111)
11:54:34.544 [Forwarding executeScript on session 37c14d504020035d1e6cd22a23b27d6d to remote] DEBUG org.apache.http.headers - http-outgoing-64 >> Accept-Encoding: gzip,deflate
11:54:34.544 [Forwarding executeScript on session 37c14d504020035d1e6cd22a23b27d6d to remote] DEBUG org.apache.http.wire - http-outgoing-64 >> "POST /session/37c14d504020035d1e6cd22a23b27d6d/execute HTTP/1.1[\r][\n]"
11:54:34.544 [Forwarding executeScript on session 37c14d504020035d1e6cd22a23b27d6d to remote] DEBUG org.apache.http.wire - http-outgoing-64 >> "Content-Type: application/json; charset=utf-8[\r][\n]"
11:54:34.544 [Forwarding executeScript on session 37c14d504020035d1e6cd22a23b27d6d to remote] DEBUG org.apache.http.wire - http-outgoing-64 >> "Content-Length: 43[\r][\n]"
11:54:34.544 [Forwarding executeScript on session 37c14d504020035d1e6cd22a23b27d6d to remote] DEBUG org.apache.http.wire - http-outgoing-64 >> "Host: localhost:38386[\r][\n]"
11:54:34.544 [Forwarding executeScript on session 37c14d504020035d1e6cd22a23b27d6d to remote] DEBUG org.apache.http.wire - http-outgoing-64 >> "Connection: Keep-Alive[\r][\n]"
11:54:34.544 [Forwarding executeScript on session 37c14d504020035d1e6cd22a23b27d6d to remote] DEBUG org.apache.http.wire - http-outgoing-64 >> "User-Agent: Apache-HttpClient/4.5.2 (Java/1.8.0_111)[\r][\n]"
11:54:34.544 [Forwarding executeScript on session 37c14d504020035d1e6cd22a23b27d6d to remote] DEBUG org.apache.http.wire - http-outgoing-64 >> "Accept-Encoding: gzip,deflate[\r][\n]"
11:54:34.544 [Forwarding executeScript on session 37c14d504020035d1e6cd22a23b27d6d to remote] DEBUG org.apache.http.wire - http-outgoing-64 >> "[\r][\n]"
11:54:34.544 [Forwarding executeScript on session 37c14d504020035d1e6cd22a23b27d6d to remote] DEBUG org.apache.http.wire - http-outgoing-64 >> "{"script":"window.scrollTo(0,0)","args":[]}"
11:54:34.545 [Forwarding executeScript on session 37c14d504020035d1e6cd22a23b27d6d to remote] DEBUG org.apache.http.wire - http-outgoing-64 << "HTTP/1.1 200 OK[\r][\n]"
11:54:34.545 [Forwarding executeScript on session 37c14d504020035d1e6cd22a23b27d6d to remote] DEBUG org.apache.http.wire - http-outgoing-64 << "Content-Length:331[\r][\n]"
11:54:34.545 [Forwarding executeScript on session 37c14d504020035d1e6cd22a23b27d6d to remote] DEBUG org.apache.http.wire - http-outgoing-64 << "Content-Type:application/json; charset=utf-8[\r][\n]"
11:54:34.545 [Forwarding executeScript on session 37c14d504020035d1e6cd22a23b27d6d to remote] DEBUG org.apache.http.wire - http-outgoing-64 << "Connection:close[\r][\n]"
11:54:34.545 [Forwarding executeScript on session 37c14d504020035d1e6cd22a23b27d6d to remote] DEBUG org.apache.http.wire - http-outgoing-64 << "[\r][\n]"
11:54:34.545 [Forwarding executeScript on session 37c14d504020035d1e6cd22a23b27d6d to remote] DEBUG org.apache.http.wire - http-outgoing-64 << "{"sessionId":"37c14d504020035d1e6cd22a23b27d6d","status":23,"value":{"message":"no such window: target window already closed\nfrom unknown error: web view not found\n  (Session info: chrome=63.0.3239.108)\n  (Driver info: chromedriver=2.33.506120 (e3e53437346286c0bc2d2dc9aa4915ba81d9023f),platform=Windows NT 10.0.10586 x86_64)"}}"
11:54:34.545 [Forwarding executeScript on session 37c14d504020035d1e6cd22a23b27d6d to remote] DEBUG org.apache.http.headers - http-outgoing-64 << HTTP/1.1 200 OK
11:54:34.545 [Forwarding executeScript on session 37c14d504020035d1e6cd22a23b27d6d to remote] DEBUG org.apache.http.headers - http-outgoing-64 << Content-Length:331
11:54:34.545 [Forwarding executeScript on session 37c14d504020035d1e6cd22a23b27d6d to remote] DEBUG org.apache.http.headers - http-outgoing-64 << Content-Type:application/json; charset=utf-8
11:54:34.545 [Forwarding executeScript on session 37c14d504020035d1e6cd22a23b27d6d to remote] DEBUG org.apache.http.headers - http-outgoing-64 << Connection:close
11:54:34.545 [Forwarding executeScript on session 37c14d504020035d1e6cd22a23b27d6d to remote] DEBUG o.a.h.i.c.DefaultManagedHttpClientConnection - http-outgoing-64: Close connection
11:54:34.545 [Forwarding executeScript on session 37c14d504020035d1e6cd22a23b27d6d to remote] DEBUG o.a.h.impl.execchain.MainClientExec - Connection discarded
11:54:34.545 [Forwarding executeScript on session 37c14d504020035d1e6cd22a23b27d6d to remote] DEBUG o.a.h.i.c.PoolingHttpClientConnectionManager - Connection released: [id: 64][route: {}->http://localhost:38386][total kept alive: 0; route allocated: 0 of 2000; total allocated: 0 of 2000]
Getting exception while taking full screenshot. Exception message:[Ljava.lang.StackTraceElement;@3af17be2
11:54:34.547 [Forwarding getCurrentWindowHandle on session 37c14d504020035d1e6cd22a23b27d6d to remote] DEBUG o.a.h.c.protocol.RequestAddCookies - CookieSpec selected: default
11:54:34.547 [Forwarding getCurrentWindowHandle on session 37c14d504020035d1e6cd22a23b27d6d to remote] DEBUG o.a.h.c.protocol.RequestAuthCache - Auth cache not set in the context
11:54:34.547 [Forwarding getCurrentWindowHandle on session 37c14d504020035d1e6cd22a23b27d6d to remote] DEBUG o.a.h.i.c.PoolingHttpClientConnectionManager - Connection request: [route: {}->http://localhost:38386][total kept alive: 0; route allocated: 0 of 2000; total allocated: 0 of 2000]
11:54:34.547 [Forwarding getCurrentWindowHandle on session 37c14d504020035d1e6cd22a23b27d6d to remote] DEBUG o.a.h.i.c.PoolingHttpClientConnectionManager - Connection leased: [id: 65][route: {}->http://localhost:38386][total kept alive: 0; route allocated: 1 of 2000; total allocated: 1 of 2000]
11:54:34.547 [Forwarding getCurrentWindowHandle on session 37c14d504020035d1e6cd22a23b27d6d to remote] DEBUG o.a.h.impl.execchain.MainClientExec - Opening connection {}->http://localhost:38386
11:54:34.547 [Forwarding getCurrentWindowHandle on session 37c14d504020035d1e6cd22a23b27d6d to remote] DEBUG o.a.h.i.c.DefaultHttpClientConnectionOperator - Connecting to localhost/127.0.0.1:38386
11:54:34.548 [Forwarding getCurrentWindowHandle on session 37c14d504020035d1e6cd22a23b27d6d to remote] DEBUG o.a.h.i.c.DefaultHttpClientConnectionOperator - Connection established 127.0.0.1:55582<->127.0.0.1:38386
11:54:34.548 [Forwarding getCurrentWindowHandle on session 37c14d504020035d1e6cd22a23b27d6d to remote] DEBUG o.a.h.i.c.DefaultManagedHttpClientConnection - http-outgoing-65: set socket timeout to 10800000
11:54:34.548 [Forwarding getCurrentWindowHandle on session 37c14d504020035d1e6cd22a23b27d6d to remote] DEBUG o.a.h.impl.execchain.MainClientExec - Executing request GET /session/37c14d504020035d1e6cd22a23b27d6d/window_handle HTTP/1.1
11:54:34.548 [Forwarding getCurrentWindowHandle on session 37c14d504020035d1e6cd22a23b27d6d to remote] DEBUG o.a.h.impl.execchain.MainClientExec - Target auth state: UNCHALLENGED
11:54:34.548 [Forwarding getCurrentWindowHandle on session 37c14d504020035d1e6cd22a23b27d6d to remote] DEBUG o.a.h.impl.execchain.MainClientExec - Proxy auth state: UNCHALLENGED
11:54:34.548 [Forwarding getCurrentWindowHandle on session 37c14d504020035d1e6cd22a23b27d6d to remote] DEBUG org.apache.http.headers - http-outgoing-65 >> GET /session/37c14d504020035d1e6cd22a23b27d6d/window_handle HTTP/1.1
11:54:34.548 [Forwarding getCurrentWindowHandle on session 37c14d504020035d1e6cd22a23b27d6d to remote] DEBUG org.apache.http.headers - http-outgoing-65 >> Cache-Control: no-cache
11:54:34.548 [Forwarding getCurrentWindowHandle on session 37c14d504020035d1e6cd22a23b27d6d to remote] DEBUG org.apache.http.headers - http-outgoing-65 >> Host: localhost:38386
11:54:34.548 [Forwarding getCurrentWindowHandle on session 37c14d504020035d1e6cd22a23b27d6d to remote] DEBUG org.apache.http.headers - http-outgoing-65 >> Connection: Keep-Alive
11:54:34.548 [Forwarding getCurrentWindowHandle on session 37c14d504020035d1e6cd22a23b27d6d to remote] DEBUG org.apache.http.headers - http-outgoing-65 >> User-Agent: Apache-HttpClient/4.5.2 (Java/1.8.0_111)
11:54:34.548 [Forwarding getCurrentWindowHandle on session 37c14d504020035d1e6cd22a23b27d6d to remote] DEBUG org.apache.http.headers - http-outgoing-65 >> Accept-Encoding: gzip,deflate
11:54:34.548 [Forwarding getCurrentWindowHandle on session 37c14d504020035d1e6cd22a23b27d6d to remote] DEBUG org.apache.http.wire - http-outgoing-65 >> "GET /session/37c14d504020035d1e6cd22a23b27d6d/window_handle HTTP/1.1[\r][\n]"
11:54:34.548 [Forwarding getCurrentWindowHandle on session 37c14d504020035d1e6cd22a23b27d6d to remote] DEBUG org.apache.http.wire - http-outgoing-65 >> "Cache-Control: no-cache[\r][\n]"
11:54:34.548 [Forwarding getCurrentWindowHandle on session 37c14d504020035d1e6cd22a23b27d6d to remote] DEBUG org.apache.http.wire - http-outgoing-65 >> "Host: localhost:38386[\r][\n]"
11:54:34.548 [Forwarding getCurrentWindowHandle on session 37c14d504020035d1e6cd22a23b27d6d to remote] DEBUG org.apache.http.wire - http-outgoing-65 >> "Connection: Keep-Alive[\r][\n]"
11:54:34.548 [Forwarding getCurrentWindowHandle on session 37c14d504020035d1e6cd22a23b27d6d to remote] DEBUG org.apache.http.wire - http-outgoing-65 >> "User-Agent: Apache-HttpClient/4.5.2 (Java/1.8.0_111)[\r][\n]"
11:54:34.548 [Forwarding getCurrentWindowHandle on session 37c14d504020035d1e6cd22a23b27d6d to remote] DEBUG org.apache.http.wire - http-outgoing-65 >> "Accept-Encoding: gzip,deflate[\r][\n]"
11:54:34.548 [Forwarding getCurrentWindowHandle on session 37c14d504020035d1e6cd22a23b27d6d to remote] DEBUG org.apache.http.wire - http-outgoing-65 >> "[\r][\n]"
11:54:34.548 [Forwarding getCurrentWindowHandle on session 37c14d504020035d1e6cd22a23b27d6d to remote] DEBUG org.apache.http.wire - http-outgoing-65 << "HTTP/1.1 200 OK[\r][\n]"
11:54:34.548 [Forwarding getCurrentWindowHandle on session 37c14d504020035d1e6cd22a23b27d6d to remote] DEBUG org.apache.http.wire - http-outgoing-65 << "Content-Length:331[\r][\n]"
11:54:34.548 [Forwarding getCurrentWindowHandle on session 37c14d504020035d1e6cd22a23b27d6d to remote] DEBUG org.apache.http.wire - http-outgoing-65 << "Content-Type:application/json; charset=utf-8[\r][\n]"
11:54:34.548 [Forwarding getCurrentWindowHandle on session 37c14d504020035d1e6cd22a23b27d6d to remote] DEBUG org.apache.http.wire - http-outgoing-65 << "Connection:close[\r][\n]"
11:54:34.548 [Forwarding getCurrentWindowHandle on session 37c14d504020035d1e6cd22a23b27d6d to remote] DEBUG org.apache.http.wire - http-outgoing-65 << "[\r][\n]"
11:54:34.548 [Forwarding getCurrentWindowHandle on session 37c14d504020035d1e6cd22a23b27d6d to remote] DEBUG org.apache.http.wire - http-outgoing-65 << "{"sessionId":"37c14d504020035d1e6cd22a23b27d6d","status":23,"value":{"message":"no such window: target window already closed\nfrom unknown error: web view not found\n  (Session info: chrome=63.0.3239.108)\n  (Driver info: chromedriver=2.33.506120 (e3e53437346286c0bc2d2dc9aa4915ba81d9023f),platform=Windows NT 10.0.10586 x86_64)"}}"
11:54:34.549 [Forwarding getCurrentWindowHandle on session 37c14d504020035d1e6cd22a23b27d6d to remote] DEBUG org.apache.http.headers - http-outgoing-65 << HTTP/1.1 200 OK
11:54:34.549 [Forwarding getCurrentWindowHandle on session 37c14d504020035d1e6cd22a23b27d6d to remote] DEBUG org.apache.http.headers - http-outgoing-65 << Content-Length:331
11:54:34.549 [Forwarding getCurrentWindowHandle on session 37c14d504020035d1e6cd22a23b27d6d to remote] DEBUG org.apache.http.headers - http-outgoing-65 << Content-Type:application/json; charset=utf-8
11:54:34.549 [Forwarding getCurrentWindowHandle on session 37c14d504020035d1e6cd22a23b27d6d to remote] DEBUG org.apache.http.headers - http-outgoing-65 << Connection:close
11:54:34.549 [Forwarding getCurrentWindowHandle on session 37c14d504020035d1e6cd22a23b27d6d to remote] DEBUG o.a.h.i.c.DefaultManagedHttpClientConnection - http-outgoing-65: Close connection
11:54:34.549 [Forwarding getCurrentWindowHandle on session 37c14d504020035d1e6cd22a23b27d6d to remote] DEBUG o.a.h.impl.execchain.MainClientExec - Connection discarded
11:54:34.549 [Forwarding getCurrentWindowHandle on session 37c14d504020035d1e6cd22a23b27d6d to remote] DEBUG o.a.h.i.c.PoolingHttpClientConnectionManager - Connection released: [id: 65][route: {}->http://localhost:38386][total kept alive: 0; route allocated: 0 of 2000; total allocated: 0 of 2000]

]]></system-out>
    <system-err><![CDATA[java.lang.StringIndexOutOfBoundsException: String index out of range: 1
	at java.lang.AbstractStringBuilder.substring(AbstractStringBuilder.java:933)
	at java.lang.StringBuilder.substring(StringBuilder.java:76)
	at com.web.automation.accelerators.ActionsLibrary.ChangeStringFirstCharToCapital(ActionsLibrary.java:5028)
	at com.web.automation.accelerators.TestEngineWeb.getTestNGGroups(TestEngineWeb.java:1246)
	at com.web.automation.accelerators.TestEngineWeb.beforeSuite(TestEngineWeb.java:143)
	at sun.reflect.NativeMethodAccessorImpl.invoke0(Native Method)
	at sun.reflect.NativeMethodAccessorImpl.invoke(NativeMethodAccessorImpl.java:62)
	at sun.reflect.DelegatingMethodAccessorImpl.invoke(DelegatingMethodAccessorImpl.java:43)
	at java.lang.reflect.Method.invoke(Method.java:498)
	at org.testng.internal.MethodInvocationHelper.invokeMethod(MethodInvocationHelper.java:86)
	at org.testng.internal.Invoker.invokeConfigurationMethod(Invoker.java:514)
	at org.testng.internal.Invoker.invokeConfigurations(Invoker.java:215)
	at org.testng.internal.Invoker.invokeConfigurations(Invoker.java:142)
	at org.testng.SuiteRunner.privateRun(SuiteRunner.java:305)
	at org.testng.SuiteRunner.run(SuiteRunner.java:268)
	at org.testng.SuiteRunnerWorker.runSuite(SuiteRunnerWorker.java:52)
	at org.testng.SuiteRunnerWorker.run(SuiteRunnerWorker.java:86)
	at org.testng.TestNG.runSuitesSequentially(TestNG.java:1244)
	at org.testng.TestNG.runSuitesLocally(TestNG.java:1169)
	at org.testng.TestNG.run(TestNG.java:1064)
	at org.apache.maven.surefire.testng.TestNGExecutor.run(TestNGExecutor.java:283)
	at org.apache.maven.surefire.testng.TestNGXmlTestSuite.execute(TestNGXmlTestSuite.java:75)
	at org.apache.maven.surefire.testng.TestNGProvider.invoke(TestNGProvider.java:120)
	at org.apache.maven.surefire.booter.ForkedBooter.invokeProviderInSameClassLoader(ForkedBooter.java:386)
	at org.apache.maven.surefire.booter.ForkedBooter.runSuitesInProcess(ForkedBooter.java:323)
	at org.apache.maven.surefire.booter.ForkedBooter.main(ForkedBooter.java:143)
Starting ChromeDriver 2.33.506120 (e3e53437346286c0bc2d2dc9aa4915ba81d9023f) on port 38386
Only local connections are allowed.
org.openqa.selenium.NoSuchWindowException: no such window: target window already closed
from unknown error: web view not found
  (Session info: chrome=63.0.3239.108)
  (Driver info: chromedriver=2.33.506120 (e3e53437346286c0bc2d2dc9aa4915ba81d9023f),platform=Windows NT 10.0.10586 x86_64) (WARNING: The server did not provide any stacktrace information)
Command duration or timeout: 3 milliseconds
Build info: version: 'unknown', revision: 'f233563', time: '2016-07-28 17:43:42 -0700'
System info: host: 'CTLINDT-0792', ip: '10.62.66.71', os.name: 'Windows 10', os.arch: 'amd64', os.version: '10.0', java.version: '1.8.0_111'
Driver info: org.openqa.selenium.chrome.ChromeDriver
Capabilities [{applicationCacheEnabled=false, rotatable=false, mobileEmulationEnabled=false, networkConnectionEnabled=false, chrome={chromedriverVersion=2.33.506120 (e3e53437346286c0bc2d2dc9aa4915ba81d9023f), userDataDir=C:\Users\E002159\AppData\Local\Temp\scoped_dir13372_8102}, takesHeapSnapshot=true, pageLoadStrategy=normal, databaseEnabled=false, handlesAlerts=true, hasTouchScreen=false, version=63.0.3239.108, platform=XP, browserConnectionEnabled=false, nativeEvents=true, acceptSslCerts=true, locationContextEnabled=true, webStorageEnabled=true, browserName=chrome, takesScreenshot=true, javascriptEnabled=true, cssSelectorsEnabled=true, setWindowRect=true, unexpectedAlertBehaviour=}]
Session ID: 37c14d504020035d1e6cd22a23b27d6d
	at sun.reflect.NativeConstructorAccessorImpl.newInstance0(Native Method)
	at sun.reflect.NativeConstructorAccessorImpl.newInstance(NativeConstructorAccessorImpl.java:62)
	at sun.reflect.DelegatingConstructorAccessorImpl.newInstance(DelegatingConstructorAccessorImpl.java:45)
	at java.lang.reflect.Constructor.newInstance(Constructor.java:423)
	at org.openqa.selenium.remote.ErrorHandler.createThrowable(ErrorHandler.java:206)
	at org.openqa.selenium.remote.ErrorHandler.throwIfResponseFailed(ErrorHandler.java:158)
	at org.openqa.selenium.remote.RemoteWebDriver.execute(RemoteWebDriver.java:683)
	at org.openqa.selenium.remote.RemoteWebDriver.execute(RemoteWebDriver.java:706)
	at org.openqa.selenium.remote.RemoteWebDriver.getWindowHandle(RemoteWebDriver.java:560)
	at com.web.automation.accelerators.ActionsLibrary.saveScreenshot(ActionsLibrary.java:3856)
	at com.web.automation.logs.ExtentLogs.fail(ExtentLogs.java:68)
	at com.web.automation.accelerators.ActionsLibrary.verifyElementDisplayed(ActionsLibrary.java:5359)
	at tv.hooq.web.workflows.HOOQWorkflows.verifyLoginWithExistingAndInvalidEmails(HOOQWorkflows.java:324)
	at tv.hooq.web.scripts.HOOQ_Web_ActiveUser_Subscription_CashCard.HOOQ_Web_ActiveUser_Subscription_CashCard(HOOQ_Web_ActiveUser_Subscription_CashCard.java:53)
	at sun.reflect.NativeMethodAccessorImpl.invoke0(Native Method)
	at sun.reflect.NativeMethodAccessorImpl.invoke(NativeMethodAccessorImpl.java:62)
	at sun.reflect.DelegatingMethodAccessorImpl.invoke(DelegatingMethodAccessorImpl.java:43)
	at java.lang.reflect.Method.invoke(Method.java:498)
	at org.testng.internal.MethodInvocationHelper.invokeMethod(MethodInvocationHelper.java:86)
	at org.testng.internal.Invoker.invokeMethod(Invoker.java:643)
	at org.testng.internal.Invoker.invokeTestMethod(Invoker.java:820)
	at org.testng.internal.Invoker.invokeTestMethods(Invoker.java:1128)
	at org.testng.internal.TestMethodWorker.invokeTestMethods(TestMethodWorker.java:129)
	at org.testng.internal.TestMethodWorker.run(TestMethodWorker.java:112)
	at org.testng.TestRunner.privateRun(TestRunner.java:782)
	at org.testng.TestRunner.run(TestRunner.java:632)
	at org.testng.SuiteRunner.runTest(SuiteRunner.java:366)
	at org.testng.SuiteRunner.runSequentially(SuiteRunner.java:361)
	at org.testng.SuiteRunner.privateRun(SuiteRunner.java:319)
	at org.testng.SuiteRunner.run(SuiteRunner.java:268)
	at org.testng.SuiteRunnerWorker.runSuite(SuiteRunnerWorker.java:52)
	at org.testng.SuiteRunnerWorker.run(SuiteRunnerWorker.java:86)
	at org.testng.TestNG.runSuitesSequentially(TestNG.java:1244)
	at org.testng.TestNG.runSuitesLocally(TestNG.java:1169)
	at org.testng.TestNG.run(TestNG.java:1064)
	at org.apache.maven.surefire.testng.TestNGExecutor.run(TestNGExecutor.java:283)
	at org.apache.maven.surefire.testng.TestNGXmlTestSuite.execute(TestNGXmlTestSuite.java:75)
	at org.apache.maven.surefire.testng.TestNGProvider.invoke(TestNGProvider.java:120)
	at org.apache.maven.surefire.booter.ForkedBooter.invokeProviderInSameClassLoader(ForkedBooter.java:386)
	at org.apache.maven.surefire.booter.ForkedBooter.runSuitesInProcess(ForkedBooter.java:323)
	at org.apache.maven.surefire.booter.ForkedBooter.main(ForkedBooter.java:143)
java.io.FileNotFoundException: Error Occurred while taking screenshot (The system cannot find the file specified)
	at java.io.FileInputStream.open0(Native Method)
	at java.io.FileInputStream.open(FileInputStream.java:195)
	at java.io.FileInputStream.<init>(FileInputStream.java:138)
	at com.web.automation.accelerators.ActionsLibrary.staticCopyFile(ActionsLibrary.java:5756)
	at com.web.automation.logs.ExtentLogs.fail(ExtentLogs.java:76)
	at com.web.automation.accelerators.ActionsLibrary.verifyElementDisplayed(ActionsLibrary.java:5359)
	at tv.hooq.web.workflows.HOOQWorkflows.verifyLoginWithExistingAndInvalidEmails(HOOQWorkflows.java:324)
	at tv.hooq.web.scripts.HOOQ_Web_ActiveUser_Subscription_CashCard.HOOQ_Web_ActiveUser_Subscription_CashCard(HOOQ_Web_ActiveUser_Subscription_CashCard.java:53)
	at sun.reflect.NativeMethodAccessorImpl.invoke0(Native Method)
	at sun.reflect.NativeMethodAccessorImpl.invoke(NativeMethodAccessorImpl.java:62)
	at sun.reflect.DelegatingMethodAccessorImpl.invoke(DelegatingMethodAccessorImpl.java:43)
	at java.lang.reflect.Method.invoke(Method.java:498)
	at org.testng.internal.MethodInvocationHelper.invokeMethod(MethodInvocationHelper.java:86)
	at org.testng.internal.Invoker.invokeMethod(Invoker.java:643)
	at org.testng.internal.Invoker.invokeTestMethod(Invoker.java:820)
	at org.testng.internal.Invoker.invokeTestMethods(Invoker.java:1128)
	at org.testng.internal.TestMethodWorker.invokeTestMethods(TestMethodWorker.java:129)
	at org.testng.internal.TestMethodWorker.run(TestMethodWorker.java:112)
	at org.testng.TestRunner.privateRun(TestRunner.java:782)
	at org.testng.TestRunner.run(TestRunner.java:632)
	at org.testng.SuiteRunner.runTest(SuiteRunner.java:366)
	at org.testng.SuiteRunner.runSequentially(SuiteRunner.java:361)
	at org.testng.SuiteRunner.privateRun(SuiteRunner.java:319)
	at org.testng.SuiteRunner.run(SuiteRunner.java:268)
	at org.testng.SuiteRunnerWorker.runSuite(SuiteRunnerWorker.java:52)
	at org.testng.SuiteRunnerWorker.run(SuiteRunnerWorker.java:86)
	at org.testng.TestNG.runSuitesSequentially(TestNG.java:1244)
	at org.testng.TestNG.runSuitesLocally(TestNG.java:1169)
	at org.testng.TestNG.run(TestNG.java:1064)
	at org.apache.maven.surefire.testng.TestNGExecutor.run(TestNGExecutor.java:283)
	at org.apache.maven.surefire.testng.TestNGXmlTestSuite.execute(TestNGXmlTestSuite.java:75)
	at org.apache.maven.surefire.testng.TestNGProvider.invoke(TestNGProvider.java:120)
	at org.apache.maven.surefire.booter.ForkedBooter.invokeProviderInSameClassLoader(ForkedBooter.java:386)
	at org.apache.maven.surefire.booter.ForkedBooter.runSuitesInProcess(ForkedBooter.java:323)
	at org.apache.maven.surefire.booter.ForkedBooter.main(ForkedBooter.java:143)
org.openqa.selenium.NoSuchWindowException: no such window: target window already closed
from unknown error: web view not found
  (Session info: chrome=63.0.3239.108)
  (Driver info: chromedriver=2.33.506120 (e3e53437346286c0bc2d2dc9aa4915ba81d9023f),platform=Windows NT 10.0.10586 x86_64) (WARNING: The server did not provide any stacktrace information)
Command duration or timeout: 3 milliseconds
Build info: version: 'unknown', revision: 'f233563', time: '2016-07-28 17:43:42 -0700'
System info: host: 'CTLINDT-0792', ip: '10.62.66.71', os.name: 'Windows 10', os.arch: 'amd64', os.version: '10.0', java.version: '1.8.0_111'
Driver info: org.openqa.selenium.chrome.ChromeDriver
Capabilities [{applicationCacheEnabled=false, rotatable=false, mobileEmulationEnabled=false, networkConnectionEnabled=false, chrome={chromedriverVersion=2.33.506120 (e3e53437346286c0bc2d2dc9aa4915ba81d9023f), userDataDir=C:\Users\E002159\AppData\Local\Temp\scoped_dir13372_8102}, takesHeapSnapshot=true, pageLoadStrategy=normal, databaseEnabled=false, handlesAlerts=true, hasTouchScreen=false, version=63.0.3239.108, platform=XP, browserConnectionEnabled=false, nativeEvents=true, acceptSslCerts=true, locationContextEnabled=true, webStorageEnabled=true, browserName=chrome, takesScreenshot=true, javascriptEnabled=true, cssSelectorsEnabled=true, setWindowRect=true, unexpectedAlertBehaviour=}]
Session ID: 37c14d504020035d1e6cd22a23b27d6d
	at sun.reflect.NativeConstructorAccessorImpl.newInstance0(Native Method)
	at sun.reflect.NativeConstructorAccessorImpl.newInstance(NativeConstructorAccessorImpl.java:62)
	at sun.reflect.DelegatingConstructorAccessorImpl.newInstance(DelegatingConstructorAccessorImpl.java:45)
	at java.lang.reflect.Constructor.newInstance(Constructor.java:423)
	at org.openqa.selenium.remote.ErrorHandler.createThrowable(ErrorHandler.java:206)
	at org.openqa.selenium.remote.ErrorHandler.throwIfResponseFailed(ErrorHandler.java:158)
	at org.openqa.selenium.remote.RemoteWebDriver.execute(RemoteWebDriver.java:683)
	at org.openqa.selenium.remote.RemoteWebDriver.execute(RemoteWebDriver.java:706)
	at org.openqa.selenium.remote.RemoteWebDriver.getWindowHandle(RemoteWebDriver.java:560)
	at com.web.automation.accelerators.ActionsLibrary.saveScreenshot(ActionsLibrary.java:3856)
	at com.web.automation.logs.ExtentLogs.fail(ExtentLogs.java:68)
	at tv.hooq.web.scripts.HOOQ_Web_ActiveUser_Subscription_CashCard.HOOQ_Web_ActiveUser_Subscription_CashCard(HOOQ_Web_ActiveUser_Subscription_CashCard.java:56)
	at sun.reflect.NativeMethodAccessorImpl.invoke0(Native Method)
	at sun.reflect.NativeMethodAccessorImpl.invoke(NativeMethodAccessorImpl.java:62)
	at sun.reflect.DelegatingMethodAccessorImpl.invoke(DelegatingMethodAccessorImpl.java:43)
	at java.lang.reflect.Method.invoke(Method.java:498)
	at org.testng.internal.MethodInvocationHelper.invokeMethod(MethodInvocationHelper.java:86)
	at org.testng.internal.Invoker.invokeMethod(Invoker.java:643)
	at org.testng.internal.Invoker.invokeTestMethod(Invoker.java:820)
	at org.testng.internal.Invoker.invokeTestMethods(Invoker.java:1128)
	at org.testng.internal.TestMethodWorker.invokeTestMethods(TestMethodWorker.java:129)
	at org.testng.internal.TestMethodWorker.run(TestMethodWorker.java:112)
	at org.testng.TestRunner.privateRun(TestRunner.java:782)
	at org.testng.TestRunner.run(TestRunner.java:632)
	at org.testng.SuiteRunner.runTest(SuiteRunner.java:366)
	at org.testng.SuiteRunner.runSequentially(SuiteRunner.java:361)
	at org.testng.SuiteRunner.privateRun(SuiteRunner.java:319)
	at org.testng.SuiteRunner.run(SuiteRunner.java:268)
	at org.testng.SuiteRunnerWorker.runSuite(SuiteRunnerWorker.java:52)
	at org.testng.SuiteRunnerWorker.run(SuiteRunnerWorker.java:86)
	at org.testng.TestNG.runSuitesSequentially(TestNG.java:1244)
	at org.testng.TestNG.runSuitesLocally(TestNG.java:1169)
	at org.testng.TestNG.run(TestNG.java:1064)
	at org.apache.maven.surefire.testng.TestNGExecutor.run(TestNGExecutor.java:283)
	at org.apache.maven.surefire.testng.TestNGXmlTestSuite.execute(TestNGXmlTestSuite.java:75)
	at org.apache.maven.surefire.testng.TestNGProvider.invoke(TestNGProvider.java:120)
	at org.apache.maven.surefire.booter.ForkedBooter.invokeProviderInSameClassLoader(ForkedBooter.java:386)
	at org.apache.maven.surefire.booter.ForkedBooter.runSuitesInProcess(ForkedBooter.java:323)
	at org.apache.maven.surefire.booter.ForkedBooter.main(ForkedBooter.java:143)
java.io.FileNotFoundException: Error Occurred while taking screenshot (The system cannot find the file specified)
	at java.io.FileInputStream.open0(Native Method)
	at java.io.FileInputStream.open(FileInputStream.java:195)
	at java.io.FileInputStream.<init>(FileInputStream.java:138)
	at com.web.automation.accelerators.ActionsLibrary.staticCopyFile(ActionsLibrary.java:5756)
	at com.web.automation.logs.ExtentLogs.fail(ExtentLogs.java:76)
	at tv.hooq.web.scripts.HOOQ_Web_ActiveUser_Subscription_CashCard.HOOQ_Web_ActiveUser_Subscription_CashCard(HOOQ_Web_ActiveUser_Subscription_CashCard.java:56)
	at sun.reflect.NativeMethodAccessorImpl.invoke0(Native Method)
	at sun.reflect.NativeMethodAccessorImpl.invoke(NativeMethodAccessorImpl.java:62)
	at sun.reflect.DelegatingMethodAccessorImpl.invoke(DelegatingMethodAccessorImpl.java:43)
	at java.lang.reflect.Method.invoke(Method.java:498)
	at org.testng.internal.MethodInvocationHelper.invokeMethod(MethodInvocationHelper.java:86)
	at org.testng.internal.Invoker.invokeMethod(Invoker.java:643)
	at org.testng.internal.Invoker.invokeTestMethod(Invoker.java:820)
	at org.testng.internal.Invoker.invokeTestMethods(Invoker.java:1128)
	at org.testng.internal.TestMethodWorker.invokeTestMethods(TestMethodWorker.java:129)
	at org.testng.internal.TestMethodWorker.run(TestMethodWorker.java:112)
	at org.testng.TestRunner.privateRun(TestRunner.java:782)
	at org.testng.TestRunner.run(TestRunner.java:632)
	at org.testng.SuiteRunner.runTest(SuiteRunner.java:366)
	at org.testng.SuiteRunner.runSequentially(SuiteRunner.java:361)
	at org.testng.SuiteRunner.privateRun(SuiteRunner.java:319)
	at org.testng.SuiteRunner.run(SuiteRunner.java:268)
	at org.testng.SuiteRunnerWorker.runSuite(SuiteRunnerWorker.java:52)
	at org.testng.SuiteRunnerWorker.run(SuiteRunnerWorker.java:86)
	at org.testng.TestNG.runSuitesSequentially(TestNG.java:1244)
	at org.testng.TestNG.runSuitesLocally(TestNG.java:1169)
	at org.testng.TestNG.run(TestNG.java:1064)
	at org.apache.maven.surefire.testng.TestNGExecutor.run(TestNGExecutor.java:283)
	at org.apache.maven.surefire.testng.TestNGXmlTestSuite.execute(TestNGXmlTestSuite.java:75)
	at org.apache.maven.surefire.testng.TestNGProvider.invoke(TestNGProvider.java:120)
	at org.apache.maven.surefire.booter.ForkedBooter.invokeProviderInSameClassLoader(ForkedBooter.java:386)
	at org.apache.maven.surefire.booter.ForkedBooter.runSuitesInProcess(ForkedBooter.java:323)
	at org.apache.maven.surefire.booter.ForkedBooter.main(ForkedBooter.java:143)
org.openqa.selenium.NoSuchWindowException: no such window: target window already closed
from unknown error: web view not found
  (Session info: chrome=63.0.3239.108)
  (Driver info: chromedriver=2.33.506120 (e3e53437346286c0bc2d2dc9aa4915ba81d9023f),platform=Windows NT 10.0.10586 x86_64) (WARNING: The server did not provide any stacktrace information)
Command duration or timeout: 3 milliseconds
Build info: version: 'unknown', revision: 'f233563', time: '2016-07-28 17:43:42 -0700'
System info: host: 'CTLINDT-0792', ip: '10.62.66.71', os.name: 'Windows 10', os.arch: 'amd64', os.version: '10.0', java.version: '1.8.0_111'
Driver info: org.openqa.selenium.chrome.ChromeDriver
Capabilities [{applicationCacheEnabled=false, rotatable=false, mobileEmulationEnabled=false, networkConnectionEnabled=false, chrome={chromedriverVersion=2.33.506120 (e3e53437346286c0bc2d2dc9aa4915ba81d9023f), userDataDir=C:\Users\E002159\AppData\Local\Temp\scoped_dir13372_8102}, takesHeapSnapshot=true, pageLoadStrategy=normal, databaseEnabled=false, handlesAlerts=true, hasTouchScreen=false, version=63.0.3239.108, platform=XP, browserConnectionEnabled=false, nativeEvents=true, acceptSslCerts=true, locationContextEnabled=true, webStorageEnabled=true, browserName=chrome, takesScreenshot=true, javascriptEnabled=true, cssSelectorsEnabled=true, setWindowRect=true, unexpectedAlertBehaviour=}]
Session ID: 37c14d504020035d1e6cd22a23b27d6d
	at sun.reflect.NativeConstructorAccessorImpl.newInstance0(Native Method)
	at sun.reflect.NativeConstructorAccessorImpl.newInstance(NativeConstructorAccessorImpl.java:62)
	at sun.reflect.DelegatingConstructorAccessorImpl.newInstance(DelegatingConstructorAccessorImpl.java:45)
	at java.lang.reflect.Constructor.newInstance(Constructor.java:423)
	at org.openqa.selenium.remote.ErrorHandler.createThrowable(ErrorHandler.java:206)
	at org.openqa.selenium.remote.ErrorHandler.throwIfResponseFailed(ErrorHandler.java:158)
	at org.openqa.selenium.remote.RemoteWebDriver.execute(RemoteWebDriver.java:683)
	at org.openqa.selenium.remote.RemoteWebDriver.execute(RemoteWebDriver.java:706)
	at org.openqa.selenium.remote.RemoteWebDriver.getWindowHandle(RemoteWebDriver.java:560)
	at com.web.automation.accelerators.ActionsLibrary.saveScreenshot(ActionsLibrary.java:3856)
	at com.web.automation.logs.ExtentLogs.fail(ExtentLogs.java:68)
	at tv.hooq.web.scripts.HOOQ_Web_ActiveUser_Subscription_CashCard.HOOQ_Web_ActiveUser_Subscription_CashCard(HOOQ_Web_ActiveUser_Subscription_CashCard.java:83)
	at sun.reflect.NativeMethodAccessorImpl.invoke0(Native Method)
	at sun.reflect.NativeMethodAccessorImpl.invoke(NativeMethodAccessorImpl.java:62)
	at sun.reflect.DelegatingMethodAccessorImpl.invoke(DelegatingMethodAccessorImpl.java:43)
	at java.lang.reflect.Method.invoke(Method.java:498)
	at org.testng.internal.MethodInvocationHelper.invokeMethod(MethodInvocationHelper.java:86)
	at org.testng.internal.Invoker.invokeMethod(Invoker.java:643)
	at org.testng.internal.Invoker.invokeTestMethod(Invoker.java:820)
	at org.testng.internal.Invoker.invokeTestMethods(Invoker.java:1128)
	at org.testng.internal.TestMethodWorker.invokeTestMethods(TestMethodWorker.java:129)
	at org.testng.internal.TestMethodWorker.run(TestMethodWorker.java:112)
	at org.testng.TestRunner.privateRun(TestRunner.java:782)
	at org.testng.TestRunner.run(TestRunner.java:632)
	at org.testng.SuiteRunner.runTest(SuiteRunner.java:366)
	at org.testng.SuiteRunner.runSequentially(SuiteRunner.java:361)
	at org.testng.SuiteRunner.privateRun(SuiteRunner.java:319)
	at org.testng.SuiteRunner.run(SuiteRunner.java:268)
	at org.testng.SuiteRunnerWorker.runSuite(SuiteRunnerWorker.java:52)
	at org.testng.SuiteRunnerWorker.run(SuiteRunnerWorker.java:86)
	at org.testng.TestNG.runSuitesSequentially(TestNG.java:1244)
	at org.testng.TestNG.runSuitesLocally(TestNG.java:1169)
	at org.testng.TestNG.run(TestNG.java:1064)
	at org.apache.maven.surefire.testng.TestNGExecutor.run(TestNGExecutor.java:283)
	at org.apache.maven.surefire.testng.TestNGXmlTestSuite.execute(TestNGXmlTestSuite.java:75)
	at org.apache.maven.surefire.testng.TestNGProvider.invoke(TestNGProvider.java:120)
	at org.apache.maven.surefire.booter.ForkedBooter.invokeProviderInSameClassLoader(ForkedBooter.java:386)
	at org.apache.maven.surefire.booter.ForkedBooter.runSuitesInProcess(ForkedBooter.java:323)
	at org.apache.maven.surefire.booter.ForkedBooter.main(ForkedBooter.java:143)
java.io.FileNotFoundException: Error Occurred while taking screenshot (The system cannot find the file specified)
	at java.io.FileInputStream.open0(Native Method)
	at java.io.FileInputStream.open(FileInputStream.java:195)
	at java.io.FileInputStream.<init>(FileInputStream.java:138)
	at com.web.automation.accelerators.ActionsLibrary.staticCopyFile(ActionsLibrary.java:5756)
	at com.web.automation.logs.ExtentLogs.fail(ExtentLogs.java:76)
	at tv.hooq.web.scripts.HOOQ_Web_ActiveUser_Subscription_CashCard.HOOQ_Web_ActiveUser_Subscription_CashCard(HOOQ_Web_ActiveUser_Subscription_CashCard.java:83)
	at sun.reflect.NativeMethodAccessorImpl.invoke0(Native Method)
	at sun.reflect.NativeMethodAccessorImpl.invoke(NativeMethodAccessorImpl.java:62)
	at sun.reflect.DelegatingMethodAccessorImpl.invoke(DelegatingMethodAccessorImpl.java:43)
	at java.lang.reflect.Method.invoke(Method.java:498)
	at org.testng.internal.MethodInvocationHelper.invokeMethod(MethodInvocationHelper.java:86)
	at org.testng.internal.Invoker.invokeMethod(Invoker.java:643)
	at org.testng.internal.Invoker.invokeTestMethod(Invoker.java:820)
	at org.testng.internal.Invoker.invokeTestMethods(Invoker.java:1128)
	at org.testng.internal.TestMethodWorker.invokeTestMethods(TestMethodWorker.java:129)
	at org.testng.internal.TestMethodWorker.run(TestMethodWorker.java:112)
	at org.testng.TestRunner.privateRun(TestRunner.java:782)
	at org.testng.TestRunner.run(TestRunner.java:632)
	at org.testng.SuiteRunner.runTest(SuiteRunner.java:366)
	at org.testng.SuiteRunner.runSequentially(SuiteRunner.java:361)
	at org.testng.SuiteRunner.privateRun(SuiteRunner.java:319)
	at org.testng.SuiteRunner.run(SuiteRunner.java:268)
	at org.testng.SuiteRunnerWorker.runSuite(SuiteRunnerWorker.java:52)
	at org.testng.SuiteRunnerWorker.run(SuiteRunnerWorker.java:86)
	at org.testng.TestNG.runSuitesSequentially(TestNG.java:1244)
	at org.testng.TestNG.runSuitesLocally(TestNG.java:1169)
	at org.testng.TestNG.run(TestNG.java:1064)
	at org.apache.maven.surefire.testng.TestNGExecutor.run(TestNGExecutor.java:283)
	at org.apache.maven.surefire.testng.TestNGXmlTestSuite.execute(TestNGXmlTestSuite.java:75)
	at org.apache.maven.surefire.testng.TestNGProvider.invoke(TestNGProvider.java:120)
	at org.apache.maven.surefire.booter.ForkedBooter.invokeProviderInSameClassLoader(ForkedBooter.java:386)
	at org.apache.maven.surefire.booter.ForkedBooter.runSuitesInProcess(ForkedBooter.java:323)
	at org.apache.maven.surefire.booter.ForkedBooter.main(ForkedBooter.java:143)
]]></system-err>
  </testcase>
</testsuite>r.ForkedBooter.runSuitesInProcess(ForkedBooter.java:323)
	at org.apache.maven.surefire.booter.ForkedBooter.main(ForkedBooter.java:143)
]]></system-err>
  </testcase>
</testsuite>