<?xml version="1.0" encoding="UTF-8"?>
<!-- Generated by org.testng.reporters.JUnitReportReporter -->
<testsuite hostname="HW1374" name="tv.hooq.web.scripts.HOOQ_Web_LapsedUser_AddingFavouriteTVODContent" tests="1" failures="0" timestamp="18 Aug 2017 12:10:58 GMT" time="211.838" errors="0">
  <testcase name="HOOQ_Web_LapsedUser_AddingFavouriteTVODContent" time="211.838" classname="tv.hooq.web.scripts.HOOQ_Web_LapsedUser_AddingFavouriteTVODContent"/>
</testsuite> <!-- tv.hooq.web.scripts.HOOQ_Web_LapsedUser_AddingFavouriteTVODContent -->
