<?xml version="1.0" encoding="UTF-8"?>
<!-- Generated by org.testng.reporters.JUnitReportReporter -->
<testsuite hostname="HW1374" name="tv.hooq.web.scripts.HOOQ_Web_FreeUser_SettingsAppAudioTrack" tests="1" failures="0" timestamp="23 Aug 2017 09:30:37 GMT" time="1368.794" errors="0">
  <testcase name="HOOQ_Web_FreeUser_SettingsAppAudioTrack" time="1368.794" classname="tv.hooq.web.scripts.HOOQ_Web_FreeUser_SettingsAppAudioTrack"/>
</testsuite> <!-- tv.hooq.web.scripts.HOOQ_Web_FreeUser_SettingsAppAudioTrack -->
