<?xml version="1.0" encoding="UTF-8"?>
<!-- Generated by org.testng.reporters.JUnitReportReporter -->
<testsuite hostname="HW1374" name="tv.hooq.web.scripts.HOOQ_Web_Verify_SignUp_Incomplete_Email_With_Dot" tests="1" failures="0" timestamp="11 Oct 2017 06:57:14 GMT" time="25.487" errors="0">
  <testcase name="HOOQ_Web_Verify_SignUp_Incomplete_Email_With_Dot" time="25.487" classname="tv.hooq.web.scripts.HOOQ_Web_Verify_SignUp_Incomplete_Email_With_Dot"/>
</testsuite> <!-- tv.hooq.web.scripts.HOOQ_Web_Verify_SignUp_Incomplete_Email_With_Dot -->
