<?xml version="1.0" encoding="UTF-8"?>
<!-- Generated by org.testng.reporters.JUnitReportReporter -->
<testsuite hostname="HW1374" name="tv.hooq.web.scripts.HOOQ_Web_ActiveUser_RentSection" tests="1" failures="0" timestamp="3 Nov 2017 10:17:54 GMT" time="70.341" errors="0">
  <testcase name="HOOQ_Web_ActiveUser_RentSection" time="70.341" classname="tv.hooq.web.scripts.HOOQ_Web_ActiveUser_RentSection"/>
</testsuite> <!-- tv.hooq.web.scripts.HOOQ_Web_ActiveUser_RentSection -->
