<?xml version="1.0" encoding="UTF-8"?>
<!-- Generated by org.testng.reporters.JUnitReportReporter -->
<testsuite hostname="HW1374" name="tv.hooq.web.scripts.HOOQ_Web_LapsedUser_PlayTVShows" tests="1" failures="0" timestamp="2 Nov 2017 05:25:08 GMT" time="390.902" errors="0">
  <testcase name="HOOQ_Web_LapsedUser_PlayTVShows" time="390.902" classname="tv.hooq.web.scripts.HOOQ_Web_LapsedUser_PlayTVShows"/>
</testsuite> <!-- tv.hooq.web.scripts.HOOQ_Web_LapsedUser_PlayTVShows -->
