<?xml version="1.0" encoding="UTF-8"?>
<!-- Generated by org.testng.reporters.JUnitReportReporter -->
<testsuite hostname="HW1374" name="tv.hooq.web.scripts.HOOQ_Web_Verify_Login_Mobile_Spaces_Without_Any_Digit" tests="1" failures="0" timestamp="11 Oct 2017 06:20:59 GMT" time="23.720" errors="0">
  <testcase name="HOOQ_Web_Verify_Login_Mobile_Spaces_Without_Any_Digit" time="23.720" classname="tv.hooq.web.scripts.HOOQ_Web_Verify_Login_Mobile_Spaces_Without_Any_Digit"/>
</testsuite> <!-- tv.hooq.web.scripts.HOOQ_Web_Verify_Login_Mobile_Spaces_Without_Any_Digit -->
