<?xml version="1.0" encoding="UTF-8"?>
<!-- Generated by org.testng.reporters.JUnitReportReporter -->
<testsuite hostname="HW1374" name="tv.hooq.web.scripts.HOOQ_Web_Verify_Login_Spaces_With_At" tests="1" failures="0" timestamp="9 Oct 2017 11:56:45 GMT" time="12.152" errors="0">
  <testcase name="HOOQ_Web_Verify_Login_Spaces_With_At" time="12.152" classname="tv.hooq.web.scripts.HOOQ_Web_Verify_Login_Spaces_With_At"/>
</testsuite> <!-- tv.hooq.web.scripts.HOOQ_Web_Verify_Login_Spaces_With_At -->
