<?xml version="1.0" encoding="UTF-8"?>
<!-- Generated by org.testng.reporters.JUnitReportReporter -->
<testsuite hostname="HW1374" name="tv.hooq.web.scripts.HOOQ_Web_LapsedUser_BrowseFilter" tests="1" failures="0" timestamp="7 Nov 2017 06:11:06 GMT" time="285.571" errors="0">
  <testcase name="HOOQ_Web_LapsedUser_BrowseFilter" time="285.571" classname="tv.hooq.web.scripts.HOOQ_Web_LapsedUser_BrowseFilter"/>
</testsuite> <!-- tv.hooq.web.scripts.HOOQ_Web_LapsedUser_BrowseFilter -->
