<?xml version="1.0" encoding="UTF-8"?>
<!-- Generated by org.testng.reporters.JUnitReportReporter -->
<testsuite hostname="HW1374" name="tv.hooq.web.scripts.HOOQ_Web_ActiveUser_SettingsAppDisplayBahasaIndonesia" tests="1" failures="0" timestamp="24 Aug 2017 08:14:40 GMT" time="121.839" errors="0">
  <testcase name="HOOQ_Web_ActiveUser_SettingsAppDisplayBahasaIndonesia" time="121.839" classname="tv.hooq.web.scripts.HOOQ_Web_ActiveUser_SettingsAppDisplayBahasaIndonesia"/>
</testsuite> <!-- tv.hooq.web.scripts.HOOQ_Web_ActiveUser_SettingsAppDisplayBahasaIndonesia -->
