<?xml version="1.0" encoding="UTF-8"?>
<!-- Generated by org.testng.reporters.JUnitReportReporter -->
<testsuite hostname="HW1374" name="tv.hooq.web.scripts.HOOQ_Web_FreeUser_SettingsAppPlaybackQuality" tests="1" failures="0" timestamp="23 Aug 2017 09:39:30 GMT" time="350.404" errors="0">
  <testcase name="HOOQ_Web_FreeUser_SettingsAppPlaybackQuality" time="350.404" classname="tv.hooq.web.scripts.HOOQ_Web_FreeUser_SettingsAppPlaybackQuality"/>
</testsuite> <!-- tv.hooq.web.scripts.HOOQ_Web_FreeUser_SettingsAppPlaybackQuality -->
