<?xml version="1.0" encoding="UTF-8"?>
<!-- Generated by org.testng.reporters.JUnitReportReporter -->
<testsuite hostname="HW1374" name="tv.hooq.web.scripts.HOOQ_Web_Verify_SignUp_Special_Characters_With_At" tests="1" failures="0" timestamp="11 Oct 2017 08:05:47 GMT" time="24.056" errors="0">
  <testcase name="HOOQ_Web_Verify_SignUp_Special_Characters_With_At" time="24.056" classname="tv.hooq.web.scripts.HOOQ_Web_Verify_SignUp_Special_Characters_With_At"/>
</testsuite> <!-- tv.hooq.web.scripts.HOOQ_Web_Verify_SignUp_Special_Characters_With_At -->
