<?xml version="1.0" encoding="UTF-8"?>
<!-- Generated by org.testng.reporters.JUnitReportReporter -->
<testsuite hostname="HW1374" name="tv.hooq.web.scripts.HOOQ_Web_LapsedUser_PurchaseTVODContentWithTicket" tests="1" failures="0" timestamp="7 Nov 2017 10:26:17 GMT" time="178.052" errors="0">
  <testcase name="HOOQ_Web_LapsedUser_PurchaseTVODContentWithTicket" time="178.052" classname="tv.hooq.web.scripts.HOOQ_Web_LapsedUser_PurchaseTVODContentWithTicket"/>
</testsuite> <!-- tv.hooq.web.scripts.HOOQ_Web_LapsedUser_PurchaseTVODContentWithTicket -->
