<?xml version="1.0" encoding="UTF-8"?>
<!-- Generated by org.testng.reporters.JUnitReportReporter -->
<testsuite hostname="HW1374" name="tv.hooq.web.scripts.HOOQ_Web_FreeUser_DiscoverSection" tests="1" failures="0" timestamp="7 Nov 2017 14:20:32 GMT" time="642.352" errors="0">
  <testcase name="HOOQ_Web_FreeUser_DiscoverSection" time="642.352" classname="tv.hooq.web.scripts.HOOQ_Web_FreeUser_DiscoverSection"/>
</testsuite> <!-- tv.hooq.web.scripts.HOOQ_Web_FreeUser_DiscoverSection -->
