<?xml version="1.0" encoding="UTF-8"?>
<!-- Generated by org.testng.reporters.JUnitReportReporter -->
<testsuite hostname="CTLINDT-0792" name="bajaj.web.scripts.Bajaj_Capital_InValid_Phone_Credentials" tests="1" failures="0" timestamp="18 Jun 2018 12:30:24 GMT" time="31.149" errors="0">
  <testcase name="Bajaj_Capital_InValid_Phone_Credentials" time="31.149" classname="bajaj.web.scripts.Bajaj_Capital_InValid_Phone_Credentials"/>
</testsuite> <!-- bajaj.web.scripts.Bajaj_Capital_InValid_Phone_Credentials -->
