<?xml version="1.0" encoding="UTF-8"?>
<!-- Generated by org.testng.reporters.JUnitReportReporter -->
<testsuite hostname="HW1374" name="tv.hooq.web.scripts.HOOQ_Web_LapsedUser_RentSection" tests="1" failures="0" timestamp="3 Nov 2017 10:26:05 GMT" time="68.003" errors="0">
  <testcase name="HOOQ_Web_LapsedUser_RentSection" time="68.003" classname="tv.hooq.web.scripts.HOOQ_Web_LapsedUser_RentSection"/>
</testsuite> <!-- tv.hooq.web.scripts.HOOQ_Web_LapsedUser_RentSection -->
