<?xml version="1.0" encoding="UTF-8"?>
<!-- Generated by org.testng.reporters.JUnitReportReporter -->
<testsuite hostname="HW1374" name="tv.hooq.web.scripts.HOOQ_Web_ActiveUser_SettingsAppDisplayEnglish" tests="1" failures="0" timestamp="24 Aug 2017 09:11:09 GMT" time="135.054" errors="0">
  <testcase name="HOOQ_Web_ActiveUser_SettingsAppDisplayEnglish" time="135.054" classname="tv.hooq.web.scripts.HOOQ_Web_ActiveUser_SettingsAppDisplayEnglish"/>
</testsuite> <!-- tv.hooq.web.scripts.HOOQ_Web_ActiveUser_SettingsAppDisplayEnglish -->
