<?xml version="1.0" encoding="UTF-8"?>
<!-- Generated by org.testng.reporters.JUnitReportReporter -->
<testsuite hostname="HW1374" name="tv.hooq.web.scripts.HOOQ_Web_FreeUser_PlayFavouriteTVODContent" tests="1" failures="0" timestamp="31 Oct 2017 10:31:20 GMT" time="221.982" errors="0">
  <testcase name="HOOQ_Web_FreeUser_PlayFavouriteTVODContent" time="221.982" classname="tv.hooq.web.scripts.HOOQ_Web_FreeUser_PlayFavouriteTVODContent"/>
</testsuite> <!-- tv.hooq.web.scripts.HOOQ_Web_FreeUser_PlayFavouriteTVODContent -->
