<?xml version="1.0" encoding="UTF-8"?>
<!-- Generated by org.testng.reporters.JUnitReportReporter -->
<testsuite hostname="CTLINDT-0119" name="tv.hooq.web.scripts.HOOQ_Web_ActiveUser_Search" tests="1" failures="0" timestamp="24 Nov 2017 04:54:23 GMT" time="198.239" errors="0">
  <testcase name="HOOQ_Web_ActiveUser_Search" time="198.239" classname="tv.hooq.web.scripts.HOOQ_Web_ActiveUser_Search"/>
</testsuite> <!-- tv.hooq.web.scripts.HOOQ_Web_ActiveUser_Search -->
