<?xml version="1.0" encoding="UTF-8"?>
<!-- Generated by org.testng.reporters.JUnitReportReporter -->
<testsuite hostname="HW1374" name="tv.hooq.web.scripts.HOOQ_Web_LapsedUser_AddingWatchLaterTVShows" tests="1" failures="0" timestamp="18 Aug 2017 12:45:05 GMT" time="225.168" errors="0">
  <testcase name="HOOQ_Web_LapsedUser_AddingWatchLaterTVShows" time="225.168" classname="tv.hooq.web.scripts.HOOQ_Web_LapsedUser_AddingWatchLaterTVShows"/>
</testsuite> <!-- tv.hooq.web.scripts.HOOQ_Web_LapsedUser_AddingWatchLaterTVShows -->
