<?xml version="1.0" encoding="UTF-8"?>
<!-- Generated by org.testng.reporters.JUnitReportReporter -->
<testsuite hostname="HW1374" name="tv.hooq.web.scripts.HOOQ_Web_FreeUser_BrowseFilter" tests="1" failures="0" timestamp="7 Nov 2017 06:00:47 GMT" time="303.838" errors="0">
  <testcase name="HOOQ_Web_FreeUser_BrowseFilter" time="303.838" classname="tv.hooq.web.scripts.HOOQ_Web_FreeUser_BrowseFilter"/>
</testsuite> <!-- tv.hooq.web.scripts.HOOQ_Web_FreeUser_BrowseFilter -->
