<?xml version="1.0" encoding="UTF-8"?>
<!-- Generated by org.testng.reporters.JUnitReportReporter -->
<testsuite hostname="HW1374" name="tv.hooq.web.scripts.HOOQ_Web_FreeUser_RentFilter" tests="1" failures="0" timestamp="7 Nov 2017 07:57:06 GMT" time="852.381" errors="0">
  <testcase name="HOOQ_Web_FreeUser_RentFilter" time="852.381" classname="tv.hooq.web.scripts.HOOQ_Web_FreeUser_RentFilter"/>
</testsuite> <!-- tv.hooq.web.scripts.HOOQ_Web_FreeUser_RentFilter -->
