<?xml version="1.0" encoding="UTF-8"?>
<!-- Generated by org.testng.reporters.JUnitReportReporter -->
<testsuite hostname="CTLINDT-0119" name="tv.hooq.web.scripts.HOOQ_Web_Verify_SignUp_Mobile_Spaces_Without_Digits" tests="1" failures="0" timestamp="22 Nov 2017 08:11:00 GMT" time="97.381" errors="0">
  <testcase name="HOOQ_Web_Verify_SignUp_Mobile_Spaces_Without_Digits" time="97.381" classname="tv.hooq.web.scripts.HOOQ_Web_Verify_SignUp_Mobile_Spaces_Without_Digits"/>
</testsuite> <!-- tv.hooq.web.scripts.HOOQ_Web_Verify_SignUp_Mobile_Spaces_Without_Digits -->
