<?xml version="1.0" encoding="UTF-8"?>
<!-- Generated by org.testng.reporters.JUnitReportReporter -->
<testsuite hostname="HW1374" name="tv.hooq.web.scripts.HOOQ_Web_FreeUser_SettingsAppDisplayEnglish" tests="1" failures="0" timestamp="24 Aug 2017 09:32:18 GMT" time="125.346" errors="0">
  <testcase name="HOOQ_Web_FreeUser_SettingsAppDisplayEnglish" time="125.346" classname="tv.hooq.web.scripts.HOOQ_Web_FreeUser_SettingsAppDisplayEnglish"/>
</testsuite> <!-- tv.hooq.web.scripts.HOOQ_Web_FreeUser_SettingsAppDisplayEnglish -->
