<?xml version="1.0" encoding="UTF-8"?>
<!-- Generated by org.testng.reporters.JUnitReportReporter -->
<testsuite hostname="HW1374" name="tv.hooq.web.scripts.HOOQ_Web_Verify_Login_Mobile_Special_Characters" tests="1" failures="0" timestamp="11 Oct 2017 06:27:11 GMT" time="20.744" errors="0">
  <testcase name="HOOQ_Web_Verify_Login_Mobile_Special_Characters" time="20.744" classname="tv.hooq.web.scripts.HOOQ_Web_Verify_Login_Mobile_Special_Characters"/>
</testsuite> <!-- tv.hooq.web.scripts.HOOQ_Web_Verify_Login_Mobile_Special_Characters -->
