<?xml version="1.0" encoding="UTF-8"?>
<!-- Generated by org.testng.reporters.JUnitReportReporter -->
<testsuite hostname="HW1374" name="tv.hooq.web.scripts.HOOQ_Web_LapsedUser_PlayFavouriteMovies" tests="1" failures="0" timestamp="2 Nov 2017 06:20:37 GMT" time="275.441" errors="0">
  <testcase name="HOOQ_Web_LapsedUser_PlayFavouriteMovies" time="275.441" classname="tv.hooq.web.scripts.HOOQ_Web_LapsedUser_PlayFavouriteMovies"/>
</testsuite> <!-- tv.hooq.web.scripts.HOOQ_Web_LapsedUser_PlayFavouriteMovies -->
