<?xml version="1.0" encoding="UTF-8"?>
<!-- Generated by org.testng.reporters.JUnitReportReporter -->
<testsuite hostname="HW1374" name="tv.hooq.web.scripts.HOOQ_Web_FreeUser_PlayPremiumContent" tests="1" failures="0" timestamp="2 Nov 2017 11:56:35 GMT" time="1100.611" errors="0">
  <testcase name="HOOQ_Web_FreeUser_PlayPremiumContent" time="1100.611" classname="tv.hooq.web.scripts.HOOQ_Web_FreeUser_PlayPremiumContent"/>
</testsuite> <!-- tv.hooq.web.scripts.HOOQ_Web_FreeUser_PlayPremiumContent -->
