<?xml version="1.0" encoding="UTF-8"?>
<!-- Generated by org.testng.reporters.JUnitReportReporter -->
<testsuite hostname="HW1374" name="tv.hooq.web.scripts.HOOQ_Web_Verify_Login_Incomplete_Email_With_At" tests="1" failures="0" timestamp="9 Oct 2017 11:40:53 GMT" time="11.966" errors="0">
  <testcase name="HOOQ_Web_Verify_Login_Incomplete_Email_With_At" time="11.966" classname="tv.hooq.web.scripts.HOOQ_Web_Verify_Login_Incomplete_Email_With_At"/>
</testsuite> <!-- tv.hooq.web.scripts.HOOQ_Web_Verify_Login_Incomplete_Email_With_At -->
