<?xml version="1.0" encoding="UTF-8"?>
<!-- Generated by org.testng.reporters.JUnitReportReporter -->
<testsuite hostname="HW1374" name="tv.hooq.web.scripts.HOOQ_Web_Verify_Login_Mobile_Invalid_GreaterThan_Ten_Digits" tests="1" failures="0" timestamp="11 Oct 2017 05:50:48 GMT" time="23.282" errors="0">
  <testcase name="HOOQ_Web_Verify_Login_Mobile_Invalid_GreaterThan_Ten_Digits" time="23.282" classname="tv.hooq.web.scripts.HOOQ_Web_Verify_Login_Mobile_Invalid_GreaterThan_Ten_Digits"/>
</testsuite> <!-- tv.hooq.web.scripts.HOOQ_Web_Verify_Login_Mobile_Invalid_GreaterThan_Ten_Digits -->
