<?xml version="1.0" encoding="UTF-8"?>
<!-- Generated by org.testng.reporters.JUnitReportReporter -->
<testsuite hostname="HW1374" name="tv.hooq.web.scripts.HOOQ_Web_FreeUser_AddingFavouriteTVODContent" tests="1" failures="0" timestamp="18 Aug 2017 11:02:40 GMT" time="179.832" errors="0">
  <testcase name="HOOQ_Web_FreeUser_AddingFavouriteTVODContent" time="179.832" classname="tv.hooq.web.scripts.HOOQ_Web_FreeUser_AddingFavouriteTVODContent"/>
</testsuite> <!-- tv.hooq.web.scripts.HOOQ_Web_FreeUser_AddingFavouriteTVODContent -->
