<?xml version="1.0" encoding="UTF-8"?>
<!-- Generated by org.testng.reporters.JUnitReportReporter -->
<testsuite hostname="HW1374" name="tv.hooq.web.scripts.HOOQ_Web_AnonymousUser_PlayTVODContent" tests="1" failures="0" timestamp="2 Nov 2017 04:53:45 GMT" time="70.098" errors="0">
  <testcase name="HOOQ_Web_AnonymousUser_PlayTVODContent" time="70.098" classname="tv.hooq.web.scripts.HOOQ_Web_AnonymousUser_PlayTVODContent"/>
</testsuite> <!-- tv.hooq.web.scripts.HOOQ_Web_AnonymousUser_PlayTVODContent -->
