<?xml version="1.0" encoding="UTF-8"?>
<!-- Generated by org.testng.reporters.JUnitReportReporter -->
<testsuite hostname="HW1374" name="tv.hooq.web.scripts.HOOQ_Web_FreeUser_PlayTVODContent" tests="1" failures="0" timestamp="31 Oct 2017 10:50:37 GMT" time="87.864" errors="0">
  <testcase name="HOOQ_Web_FreeUser_PlayTVODContent" time="87.864" classname="tv.hooq.web.scripts.HOOQ_Web_FreeUser_PlayTVODContent"/>
</testsuite> <!-- tv.hooq.web.scripts.HOOQ_Web_FreeUser_PlayTVODContent -->
