<?xml version="1.0" encoding="UTF-8"?>
<!-- Generated by org.testng.reporters.JUnitReportReporter -->
<testsuite hostname="HW1374" name="tv.hooq.web.scripts.apitest.HOOQ_Web_WatchLaterSection_Play" tests="1" failures="0" timestamp="19 Sep 2017 11:27:49 GMT" time="89.707" errors="0">
  <testcase name="HOOQ_Web_WatchLaterSection_Play" time="89.707" classname="tv.hooq.web.scripts.apitest.HOOQ_Web_WatchLaterSection_Play"/>
</testsuite> <!-- tv.hooq.web.scripts.apitest.HOOQ_Web_WatchLaterSection_Play -->
