<?xml version="1.0" encoding="UTF-8"?>
<!-- Generated by org.testng.reporters.JUnitReportReporter -->
<testsuite hostname="HW1374" name="tv.hooq.web.scripts.HOOQ_Web_FreeUser_PlayWatchLaterPremiumContent" tests="1" failures="0" timestamp="2 Nov 2017 13:08:02 GMT" time="245.768" errors="0">
  <testcase name="HOOQ_Web_FreeUser_PlayWatchLaterPremiumContent" time="245.768" classname="tv.hooq.web.scripts.HOOQ_Web_FreeUser_PlayWatchLaterPremiumContent"/>
</testsuite> <!-- tv.hooq.web.scripts.HOOQ_Web_FreeUser_PlayWatchLaterPremiumContent -->
