<?xml version="1.0" encoding="UTF-8"?>
<!-- Generated by org.testng.reporters.JUnitReportReporter -->
<testsuite hostname="CTLINDT-0792" name="bajaj.web.scripts.Bajaj_Capital_Blank_Credentials" tests="1" failures="0" timestamp="18 Jun 2018 12:38:45 GMT" time="21.801" errors="0">
  <testcase name="Bajaj_Capital_Blank_Credentials" time="21.801" classname="bajaj.web.scripts.Bajaj_Capital_Blank_Credentials"/>
</testsuite> <!-- bajaj.web.scripts.Bajaj_Capital_Blank_Credentials -->
