<?xml version="1.0" encoding="UTF-8"?>
<!-- Generated by org.testng.reporters.JUnitReportReporter -->
<testsuite hostname="HW1374" name="tv.hooq.web.scripts.HOOQ_Web_Verify_Login_Spaces_With_Dot" tests="1" failures="0" timestamp="9 Oct 2017 12:01:31 GMT" time="11.952" errors="0">
  <testcase name="HOOQ_Web_Verify_Login_Spaces_With_Dot" time="11.952" classname="tv.hooq.web.scripts.HOOQ_Web_Verify_Login_Spaces_With_Dot"/>
</testsuite> <!-- tv.hooq.web.scripts.HOOQ_Web_Verify_Login_Spaces_With_Dot -->
