<?xml version="1.0" encoding="UTF-8"?>
<!-- Generated by org.testng.reporters.JUnitReportReporter -->
<testsuite hostname="HW1374" name="tv.hooq.web.scripts.HOOQ_Web_FreeUser_AddingWatchLaterMovies" tests="1" failures="0" timestamp="18 Aug 2017 11:13:41 GMT" time="204.411" errors="0">
  <testcase name="HOOQ_Web_FreeUser_AddingWatchLaterMovies" time="204.411" classname="tv.hooq.web.scripts.HOOQ_Web_FreeUser_AddingWatchLaterMovies"/>
</testsuite> <!-- tv.hooq.web.scripts.HOOQ_Web_FreeUser_AddingWatchLaterMovies -->
