<?xml version="1.0" encoding="UTF-8"?>
<!-- Generated by org.testng.reporters.JUnitReportReporter -->
<testsuite hostname="HW1374" name="tv.hooq.web.scripts.HOOQ_Web_ActiveUser_TransactionHistorySection" tests="1" failures="0" timestamp="5 Sep 2017 11:06:10 GMT" time="209.080" errors="0">
  <testcase name="HOOQ_Web_ActiveUser_TransactionHistorySection" time="209.080" classname="tv.hooq.web.scripts.HOOQ_Web_ActiveUser_TransactionHistorySection"/>
</testsuite> <!-- tv.hooq.web.scripts.HOOQ_Web_ActiveUser_TransactionHistorySection -->
