<?xml version="1.0" encoding="UTF-8"?>
<!-- Generated by org.testng.reporters.JUnitReportReporter -->
<testsuite hostname="HW1374" name="tv.hooq.web.scripts.HOOQ_Web_Verify_Login_Special_Characters_With_Dot" tests="1" failures="0" timestamp="9 Oct 2017 12:11:38 GMT" time="15.290" errors="0">
  <testcase name="HOOQ_Web_Verify_Login_Special_Characters_With_Dot" time="15.290" classname="tv.hooq.web.scripts.HOOQ_Web_Verify_Login_Special_Characters_With_Dot"/>
</testsuite> <!-- tv.hooq.web.scripts.HOOQ_Web_Verify_Login_Special_Characters_With_Dot -->
