<?xml version="1.0" encoding="UTF-8"?>
<!-- Generated by org.testng.reporters.JUnitReportReporter -->
<testsuite hostname="HW1374" name="tv.hooq.web.scripts.HOOQ_Web_ActiveUser_PlayMovies" tests="1" failures="0" timestamp="31 Oct 2017 08:03:47 GMT" time="320.491" errors="0">
  <testcase name="HOOQ_Web_ActiveUser_PlayMovies" time="320.491" classname="tv.hooq.web.scripts.HOOQ_Web_ActiveUser_PlayMovies"/>
</testsuite> <!-- tv.hooq.web.scripts.HOOQ_Web_ActiveUser_PlayMovies -->
