<?xml version="1.0" encoding="UTF-8"?>
<!-- Generated by org.testng.reporters.JUnitReportReporter -->
<testsuite hostname="HW1374" name="tv.hooq.web.scripts.HOOQ_Web_Verify_SignUp_Mobile_Existing_User" tests="1" failures="0" timestamp="11 Oct 2017 07:23:36 GMT" time="32.896" errors="0">
  <testcase name="HOOQ_Web_Verify_SignUp_Mobile_Existing_User" time="32.896" classname="tv.hooq.web.scripts.HOOQ_Web_Verify_SignUp_Mobile_Existing_User"/>
</testsuite> <!-- tv.hooq.web.scripts.HOOQ_Web_Verify_SignUp_Mobile_Existing_User -->
