<?xml version="1.0" encoding="UTF-8"?>
<!-- Generated by org.testng.reporters.JUnitReportReporter -->
<testsuite hostname="HW1374" name="tv.hooq.web.scripts.HOOQ_Web_Verify_Login_Active_User" tests="1" failures="0" timestamp="9 Oct 2017 10:55:29 GMT" time="60.828" errors="0">
  <testcase name="HOOQ_Web_Verify_Login_Active_User" time="60.828" classname="tv.hooq.web.scripts.HOOQ_Web_Verify_Login_Active_User"/>
</testsuite> <!-- tv.hooq.web.scripts.HOOQ_Web_Verify_Login_Active_User -->
