<?xml version="1.0" encoding="UTF-8"?>
<!-- Generated by org.testng.reporters.JUnitReportReporter -->
<testsuite hostname="HW1374" name="tv.hooq.web.scripts.HOOQ_Web_FreeUser_SettingsAppSubTitle" tests="1" failures="0" timestamp="23 Aug 2017 10:04:34 GMT" time="1291.601" errors="0">
  <testcase name="HOOQ_Web_FreeUser_SettingsAppSubTitle" time="1291.601" classname="tv.hooq.web.scripts.HOOQ_Web_FreeUser_SettingsAppSubTitle"/>
</testsuite> <!-- tv.hooq.web.scripts.HOOQ_Web_FreeUser_SettingsAppSubTitle -->
