<?xml version="1.0" encoding="UTF-8"?>
<!-- Generated by org.testng.reporters.JUnitReportReporter -->
<testsuite hostname="HW1374" name="tv.hooq.web.scripts.HOOQ_Web_Verify_Login_Special_Characters_Without_Dot_And_At" tests="1" failures="0" timestamp="9 Oct 2017 12:13:20 GMT" time="11.900" errors="0">
  <testcase name="HOOQ_Web_Verify_Login_Special_Characters_Without_Dot_And_At" time="11.900" classname="tv.hooq.web.scripts.HOOQ_Web_Verify_Login_Special_Characters_Without_Dot_And_At"/>
</testsuite> <!-- tv.hooq.web.scripts.HOOQ_Web_Verify_Login_Special_Characters_Without_Dot_And_At -->
