<?xml version="1.0" encoding="UTF-8"?>
<!-- Generated by org.testng.reporters.JUnitReportReporter -->
<testsuite hostname="HW1374" name="tv.hooq.web.scripts.HOOQ_Web_ActiveUser_PlayWatchLaterPremiumContent" tests="1" failures="0" timestamp="27 Oct 2017 09:13:54 GMT" time="509.677" errors="0">
  <testcase name="HOOQ_Web_ActiveUser_PlayWatchLaterPremiumContent" time="509.677" classname="tv.hooq.web.scripts.HOOQ_Web_ActiveUser_PlayWatchLaterPremiumContent"/>
</testsuite> <!-- tv.hooq.web.scripts.HOOQ_Web_ActiveUser_PlayWatchLaterPremiumContent -->
