<?xml version="1.0" encoding="UTF-8"?>
<!-- Generated by org.testng.reporters.JUnitReportReporter -->
<testsuite hostname="HW1374" name="tv.hooq.web.scripts.apitest.HOOQ_Web_AddToFavorites" tests="1" failures="0" timestamp="21 Sep 2017 07:17:24 GMT" time="179.532" errors="0">
  <testcase name="HOOQ_Web_AddToFavorites" time="179.532" classname="tv.hooq.web.scripts.apitest.HOOQ_Web_AddToFavorites"/>
</testsuite> <!-- tv.hooq.web.scripts.apitest.HOOQ_Web_AddToFavorites -->
