<?xml version="1.0" encoding="UTF-8"?>
<!-- Generated by org.testng.reporters.JUnitReportReporter -->
<testsuite hostname="HW1374" name="tv.hooq.web.scripts.HOOQ_Web_FreeUser_AddingFavouriteMovies" tests="1" failures="0" timestamp="18 Aug 2017 10:51:49 GMT" time="200.800" errors="0">
  <testcase name="HOOQ_Web_FreeUser_AddingFavouriteMovies" time="200.800" classname="tv.hooq.web.scripts.HOOQ_Web_FreeUser_AddingFavouriteMovies"/>
</testsuite> <!-- tv.hooq.web.scripts.HOOQ_Web_FreeUser_AddingFavouriteMovies -->
