<?xml version="1.0" encoding="UTF-8"?>
<!-- Generated by org.testng.reporters.JUnitReportReporter -->
<testsuite hostname="HW1374" name="tv.hooq.web.scripts.HOOQ_Web_LapsedUser_TransactionHistorySection" tests="1" failures="0" timestamp="11 Oct 2017 10:42:46 GMT" time="74.693" errors="0">
  <testcase name="HOOQ_Web_LapsedUser_TransactionHistorySection" time="74.693" classname="tv.hooq.web.scripts.HOOQ_Web_LapsedUser_TransactionHistorySection"/>
</testsuite> <!-- tv.hooq.web.scripts.HOOQ_Web_LapsedUser_TransactionHistorySection -->
