<?xml version="1.0" encoding="UTF-8"?>
<!-- Generated by org.testng.reporters.JUnitReportReporter -->
<testsuite hostname="HW1374" name="tv.hooq.web.scripts.HOOQ_Web_Verify_Login_Mobile_Special_Characters_With_Dot" tests="1" failures="0" timestamp="29 Aug 2017 08:52:41 GMT" time="32.447" errors="0">
  <testcase name="HOOQ_Web_Verify_Login_Mobile_Special_Characters_With_Dot" time="32.447" classname="tv.hooq.web.scripts.HOOQ_Web_Verify_Login_Mobile_Special_Characters_With_Dot"/>
</testsuite> <!-- tv.hooq.web.scripts.HOOQ_Web_Verify_Login_Mobile_Special_Characters_With_Dot -->
