<?xml version="1.0" encoding="UTF-8"?>
<!-- Generated by org.testng.reporters.JUnitReportReporter -->
<testsuite hostname="HW1374" name="tv.hooq.web.scripts.HOOQ_Web_ActiveUser_SupportSection" tests="1" failures="0" timestamp="6 Sep 2017 11:42:36 GMT" time="301.700" errors="0">
  <testcase name="HOOQ_Web_ActiveUser_SupportSection" time="301.700" classname="tv.hooq.web.scripts.HOOQ_Web_ActiveUser_SupportSection"/>
</testsuite> <!-- tv.hooq.web.scripts.HOOQ_Web_ActiveUser_SupportSection -->
