<?xml version="1.0" encoding="UTF-8"?>
<!-- Generated by org.testng.reporters.JUnitReportReporter -->
<testsuite hostname="HW1374" name="tv.hooq.web.scripts.HOOQ_Web_ActiveUser_PlayTVODContent" tests="1" failures="0" timestamp="31 Oct 2017 07:32:31 GMT" time="92.800" errors="0">
  <testcase name="HOOQ_Web_ActiveUser_PlayTVODContent" time="92.800" classname="tv.hooq.web.scripts.HOOQ_Web_ActiveUser_PlayTVODContent"/>
</testsuite> <!-- tv.hooq.web.scripts.HOOQ_Web_ActiveUser_PlayTVODContent -->
