<?xml version="1.0" encoding="UTF-8"?>
<!-- Generated by org.testng.reporters.JUnitReportReporter -->
<testsuite hostname="HW1374" name="tv.hooq.web.scripts.HOOQ_Web_AnonymousUser_PlayPremiumContent" tests="1" failures="0" timestamp="2 Nov 2017 04:57:33 GMT" time="93.717" errors="0">
  <testcase name="HOOQ_Web_AnonymousUser_PlayPremiumContent" time="93.717" classname="tv.hooq.web.scripts.HOOQ_Web_AnonymousUser_PlayPremiumContent"/>
</testsuite> <!-- tv.hooq.web.scripts.HOOQ_Web_AnonymousUser_PlayPremiumContent -->
