<?xml version="1.0" encoding="UTF-8"?>
<!-- Generated by org.testng.reporters.JUnitReportReporter -->
<testsuite hostname="HW1374" name="tv.hooq.web.scripts.HOOQ_Web_Verify_SignUp_Existing_User" tests="1" failures="0" timestamp="11 Oct 2017 06:33:17 GMT" time="36.687" errors="0">
  <testcase name="HOOQ_Web_Verify_SignUp_Existing_User" time="36.687" classname="tv.hooq.web.scripts.HOOQ_Web_Verify_SignUp_Existing_User"/>
</testsuite> <!-- tv.hooq.web.scripts.HOOQ_Web_Verify_SignUp_Existing_User -->
