<?xml version="1.0" encoding="UTF-8"?>
<!-- Generated by org.testng.reporters.JUnitReportReporter -->
<testsuite hostname="HW1374" name="tv.hooq.web.scripts.HOOQ_Web_FreeUser_PlayWatchLaterTVShows" tests="1" failures="0" timestamp="30 Oct 2017 06:11:55 GMT" time="1205.261" errors="0">
  <testcase name="HOOQ_Web_FreeUser_PlayWatchLaterTVShows" time="1205.261" classname="tv.hooq.web.scripts.HOOQ_Web_FreeUser_PlayWatchLaterTVShows"/>
</testsuite> <!-- tv.hooq.web.scripts.HOOQ_Web_FreeUser_PlayWatchLaterTVShows -->
