<?xml version="1.0" encoding="UTF-8"?>
<!-- Generated by org.testng.reporters.JUnitReportReporter -->
<testsuite hostname="HW1374" name="tv.hooq.web.scripts.HOOQ_Web_Verify_SignUp_Mobile_Invalid_Mobile_GreatherThan_Ten_Digits" tests="1" failures="0" timestamp="11 Oct 2017 07:35:02 GMT" time="47.604" errors="0">
  <testcase name="HOOQ_Web_Verify_SignUp_Mobile_Invalid_Mobile_GreatherThan_Ten_Digits" time="47.604" classname="tv.hooq.web.scripts.HOOQ_Web_Verify_SignUp_Mobile_Invalid_Mobile_GreatherThan_Ten_Digits"/>
</testsuite> <!-- tv.hooq.web.scripts.HOOQ_Web_Verify_SignUp_Mobile_Invalid_Mobile_GreatherThan_Ten_Digits -->
