<?xml version="1.0" encoding="UTF-8"?>
<!-- Generated by org.testng.reporters.JUnitReportReporter -->
<testsuite hostname="HW1374" name="tv.hooq.web.scripts.HOOQ_Web_FreeUser_AddingWatchLaterTVShows" tests="1" failures="0" timestamp="18 Aug 2017 11:33:25 GMT" time="239.139" errors="0">
  <testcase name="HOOQ_Web_FreeUser_AddingWatchLaterTVShows" time="239.139" classname="tv.hooq.web.scripts.HOOQ_Web_FreeUser_AddingWatchLaterTVShows"/>
</testsuite> <!-- tv.hooq.web.scripts.HOOQ_Web_FreeUser_AddingWatchLaterTVShows -->
