<?xml version="1.0" encoding="UTF-8"?>
<!-- Generated by org.testng.reporters.JUnitReportReporter -->
<testsuite hostname="HW1374" name="tv.hooq.web.scripts.apitest.HOOQ_Web_SignUp_Mobile" tests="1" failures="0" timestamp="19 Sep 2017 11:27:49 GMT" time="46.838" errors="0">
  <testcase name="HOOQ_Web_SignUp_Mobile" time="46.838" classname="tv.hooq.web.scripts.apitest.HOOQ_Web_SignUp_Mobile"/>
</testsuite> <!-- tv.hooq.web.scripts.apitest.HOOQ_Web_SignUp_Mobile -->
