<?xml version="1.0" encoding="UTF-8"?>
<!-- Generated by org.testng.reporters.JUnitReportReporter -->
<testsuite hostname="HW1374" name="tv.hooq.web.scripts.HOOQ_Web_LapsedUser_PlayTVODContent" tests="1" failures="0" timestamp="2 Nov 2017 05:43:41 GMT" time="83.578" errors="0">
  <testcase name="HOOQ_Web_LapsedUser_PlayTVODContent" time="83.578" classname="tv.hooq.web.scripts.HOOQ_Web_LapsedUser_PlayTVODContent"/>
</testsuite> <!-- tv.hooq.web.scripts.HOOQ_Web_LapsedUser_PlayTVODContent -->
