<?xml version="1.0" encoding="UTF-8"?>
<!-- Generated by org.testng.reporters.JUnitReportReporter -->
<testsuite hostname="HW1374" name="tv.hooq.web.scripts.HOOQ_Web_ActiveUser_PlayPremiumContent" tests="1" failures="0" timestamp="27 Oct 2017 06:21:41 GMT" time="309.734" errors="0">
  <testcase name="HOOQ_Web_ActiveUser_PlayPremiumContent" time="309.734" classname="tv.hooq.web.scripts.HOOQ_Web_ActiveUser_PlayPremiumContent"/>
</testsuite> <!-- tv.hooq.web.scripts.HOOQ_Web_ActiveUser_PlayPremiumContent -->
