<?xml version="1.0" encoding="UTF-8"?>
<!-- Generated by org.testng.reporters.JUnitReportReporter -->
<testsuite hostname="HW1374" name="tv.hooq.web.scripts.HOOQ_Web_LapsedUser_PlayWatchLaterTVODContent" tests="1" failures="0" timestamp="2 Nov 2017 07:08:10 GMT" time="236.939" errors="0">
  <testcase name="HOOQ_Web_LapsedUser_PlayWatchLaterTVODContent" time="236.939" classname="tv.hooq.web.scripts.HOOQ_Web_LapsedUser_PlayWatchLaterTVODContent"/>
</testsuite> <!-- tv.hooq.web.scripts.HOOQ_Web_LapsedUser_PlayWatchLaterTVODContent -->
