<?xml version="1.0" encoding="UTF-8"?>
<!-- Generated by org.testng.reporters.JUnitReportReporter -->
<testsuite hostname="CTLINDT-0792" name="bajaj.web.scripts.Bajaj_Capital_InValid_Credentials" tests="1" failures="0" timestamp="18 Jun 2018 12:34:11 GMT" time="21.868" errors="0">
  <testcase name="Bajaj_Capital_InValid_Credentials" time="21.868" classname="bajaj.web.scripts.Bajaj_Capital_InValid_Credentials"/>
</testsuite> <!-- bajaj.web.scripts.Bajaj_Capital_InValid_Credentials -->
