<?xml version="1.0" encoding="UTF-8"?>
<!-- Generated by org.testng.reporters.JUnitReportReporter -->
<testsuite hostname="HW1374" name="tv.hooq.web.scripts.HOOQ_Web_ActiveUser_AddingWatchLaterTVShows" tests="1" failures="0" timestamp="24 Oct 2017 10:55:04 GMT" time="207.807" errors="0">
  <testcase name="HOOQ_Web_ActiveUser_AddingWatchLaterTVShows" time="207.807" classname="tv.hooq.web.scripts.HOOQ_Web_ActiveUser_AddingWatchLaterTVShows"/>
</testsuite> <!-- tv.hooq.web.scripts.HOOQ_Web_ActiveUser_AddingWatchLaterTVShows -->
