<?xml version="1.0" encoding="UTF-8"?>
<!-- Generated by org.testng.reporters.JUnitReportReporter -->
<testsuite hostname="HW1374" name="tv.hooq.web.scripts.HOOQ_Web_Verify_SignUp_Incomplete_Email_With_At" tests="1" failures="0" timestamp="11 Oct 2017 06:35:54 GMT" time="23.095" errors="0">
  <testcase name="HOOQ_Web_Verify_SignUp_Incomplete_Email_With_At" time="23.095" classname="tv.hooq.web.scripts.HOOQ_Web_Verify_SignUp_Incomplete_Email_With_At"/>
</testsuite> <!-- tv.hooq.web.scripts.HOOQ_Web_Verify_SignUp_Incomplete_Email_With_At -->
