<?xml version="1.0" encoding="UTF-8"?>
<!-- Generated by org.testng.reporters.JUnitReportReporter -->
<testsuite hostname="HW1374" name="tv.hooq.web.scripts.HOOQ_Web_FreeUser_PlayFavouriteMovies" tests="1" failures="0" timestamp="27 Oct 2017 14:17:55 GMT" time="454.827" errors="0">
  <testcase name="HOOQ_Web_FreeUser_PlayFavouriteMovies" time="454.827" classname="tv.hooq.web.scripts.HOOQ_Web_FreeUser_PlayFavouriteMovies"/>
</testsuite> <!-- tv.hooq.web.scripts.HOOQ_Web_FreeUser_PlayFavouriteMovies -->
