<?xml version="1.0" encoding="UTF-8"?>
<!-- Generated by org.testng.reporters.JUnitReportReporter -->
<testsuite hostname="HW1374" name="tv.hooq.web.scripts.HOOQ_Web_AnonymousUser_BrowseSection" tests="1" failures="0" timestamp="16 Oct 2017 10:36:35 GMT" time="62.140" errors="0">
  <testcase name="HOOQ_Web_AnonymousUser_BrowseSection" time="62.140" classname="tv.hooq.web.scripts.HOOQ_Web_AnonymousUser_BrowseSection"/>
</testsuite> <!-- tv.hooq.web.scripts.HOOQ_Web_AnonymousUser_BrowseSection -->
