<?xml version="1.0" encoding="UTF-8"?>
<!-- Generated by org.testng.reporters.JUnitReportReporter -->
<testsuite hostname="CTLINDT-0792" name="bajaj.web.scripts.Bajaj_Capital_Valid_New_Credentials" tests="1" failures="0" timestamp="18 Jun 2018 11:13:18 GMT" time="34.525" errors="0">
  <testcase name="Bajaj_Capital_Valid_New_Credentials" time="34.525" classname="bajaj.web.scripts.Bajaj_Capital_Valid_New_Credentials"/>
</testsuite> <!-- bajaj.web.scripts.Bajaj_Capital_Valid_New_Credentials -->
