<?xml version="1.0" encoding="UTF-8"?>
<!-- Generated by org.testng.reporters.JUnitReportReporter -->
<testsuite hostname="HW1374" name="tv.hooq.web.scripts.HOOQ_Web_LapsedUser_PlayFavouriteTVODContent" tests="1" failures="0" timestamp="2 Nov 2017 06:27:57 GMT" time="227.564" errors="0">
  <testcase name="HOOQ_Web_LapsedUser_PlayFavouriteTVODContent" time="227.564" classname="tv.hooq.web.scripts.HOOQ_Web_LapsedUser_PlayFavouriteTVODContent"/>
</testsuite> <!-- tv.hooq.web.scripts.HOOQ_Web_LapsedUser_PlayFavouriteTVODContent -->
