<?xml version="1.0" encoding="UTF-8"?>
<!-- Generated by org.testng.reporters.JUnitReportReporter -->
<testsuite hostname="HW1374" name="tv.hooq.web.scripts.HOOQ_Web_Verify_SignUp_Spaces_With_Dot_And_At" tests="1" failures="0" timestamp="11 Oct 2017 07:56:57 GMT" time="22.124" errors="0">
  <testcase name="HOOQ_Web_Verify_SignUp_Spaces_With_Dot_And_At" time="22.124" classname="tv.hooq.web.scripts.HOOQ_Web_Verify_SignUp_Spaces_With_Dot_And_At"/>
</testsuite> <!-- tv.hooq.web.scripts.HOOQ_Web_Verify_SignUp_Spaces_With_Dot_And_At -->
