<?xml version="1.0" encoding="UTF-8"?>
<!-- Generated by org.testng.reporters.JUnitReportReporter -->
<testsuite hostname="HW1374" name="tv.hooq.web.scripts.HOOQ_Web_LapsedUser_AddingWatchLaterPremiumContent" tests="1" failures="0" timestamp="18 Aug 2017 12:35:11 GMT" time="255.467" errors="0">
  <testcase name="HOOQ_Web_LapsedUser_AddingWatchLaterPremiumContent" time="255.467" classname="tv.hooq.web.scripts.HOOQ_Web_LapsedUser_AddingWatchLaterPremiumContent"/>
</testsuite> <!-- tv.hooq.web.scripts.HOOQ_Web_LapsedUser_AddingWatchLaterPremiumContent -->
