<?xml version="1.0" encoding="UTF-8"?>
<!-- Generated by org.testng.reporters.JUnitReportReporter -->
<testsuite hostname="HW1374" name="tv.hooq.web.scripts.HOOQ_Web_AnonymousUser_PlayMovies" tests="1" failures="0" timestamp="2 Nov 2017 04:53:45 GMT" time="105.777" errors="0">
  <testcase name="HOOQ_Web_AnonymousUser_PlayMovies" time="105.777" classname="tv.hooq.web.scripts.HOOQ_Web_AnonymousUser_PlayMovies"/>
</testsuite> <!-- tv.hooq.web.scripts.HOOQ_Web_AnonymousUser_PlayMovies -->
