<?xml version="1.0" encoding="UTF-8"?>
<!-- Generated by org.testng.reporters.JUnitReportReporter -->
<testsuite hostname="HW1374" name="tv.hooq.web.scripts.HOOQ_Web_Verify_SignUp_Incomplete_Email" tests="1" failures="0" timestamp="11 Oct 2017 06:59:09 GMT" time="25.332" errors="0">
  <testcase name="HOOQ_Web_Verify_SignUp_Incomplete_Email" time="25.332" classname="tv.hooq.web.scripts.HOOQ_Web_Verify_SignUp_Incomplete_Email"/>
</testsuite> <!-- tv.hooq.web.scripts.HOOQ_Web_Verify_SignUp_Incomplete_Email -->
