<?xml version="1.0" encoding="UTF-8"?>
<!-- Generated by org.testng.reporters.JUnitReportReporter -->
<testsuite hostname="HW1374" name="tv.hooq.web.scripts.HOOQ_Web_FreeUser_PlayFavouritePremiumContent" tests="1" failures="0" timestamp="2 Nov 2017 12:49:22 GMT" time="439.899" errors="0">
  <testcase name="HOOQ_Web_FreeUser_PlayFavouritePremiumContent" time="439.899" classname="tv.hooq.web.scripts.HOOQ_Web_FreeUser_PlayFavouritePremiumContent"/>
</testsuite> <!-- tv.hooq.web.scripts.HOOQ_Web_FreeUser_PlayFavouritePremiumContent -->
