<?xml version="1.0" encoding="UTF-8"?>
<!-- Generated by org.testng.reporters.JUnitReportReporter -->
<testsuite hostname="HW1374" name="tv.hooq.web.scripts.HOOQ_Web_LapsedUser_RentalsScreen" tests="1" failures="0" timestamp="3 Nov 2017 09:57:53 GMT" time="67.896" errors="0">
  <testcase name="HOOQ_Web_LapsedUser_RentalsScreen" time="67.896" classname="tv.hooq.web.scripts.HOOQ_Web_LapsedUser_RentalsScreen"/>
</testsuite> <!-- tv.hooq.web.scripts.HOOQ_Web_LapsedUser_RentalsScreen -->
