<?xml version="1.0" encoding="UTF-8"?>
<!-- Generated by org.testng.reporters.JUnitReportReporter -->
<testsuite hostname="HW1374" name="tv.hooq.web.scripts.HOOQ_Web_FreeUser_PlayFavouriteTVShows" tests="1" failures="0" timestamp="27 Oct 2017 14:17:55 GMT" time="1172.043" errors="0">
  <testcase name="HOOQ_Web_FreeUser_PlayFavouriteTVShows" time="1172.043" classname="tv.hooq.web.scripts.HOOQ_Web_FreeUser_PlayFavouriteTVShows"/>
</testsuite> <!-- tv.hooq.web.scripts.HOOQ_Web_FreeUser_PlayFavouriteTVShows -->
