<?xml version="1.0" encoding="UTF-8"?>
<!-- Generated by org.testng.reporters.JUnitReportReporter -->
<testsuite hostname="HW1374" name="tv.hooq.web.scripts.HOOQ_Web_LapsedUser_SubscriptionSection" tests="1" failures="0" timestamp="17 Oct 2017 06:22:28 GMT" time="64.826" errors="0">
  <testcase name="HOOQ_Web_LapsedUser_SubscriptionSection" time="64.826" classname="tv.hooq.web.scripts.HOOQ_Web_LapsedUser_SubscriptionSection"/>
</testsuite> <!-- tv.hooq.web.scripts.HOOQ_Web_LapsedUser_SubscriptionSection -->
