<?xml version="1.0" encoding="UTF-8"?>
<!-- Generated by org.testng.reporters.JUnitReportReporter -->
<testsuite hostname="HW1374" name="tv.hooq.web.scripts.HOOQ_Web_LapsedUser_AddingWatchLaterTVODContent" tests="1" failures="0" timestamp="18 Aug 2017 12:40:02 GMT" time="210.271" errors="0">
  <testcase name="HOOQ_Web_LapsedUser_AddingWatchLaterTVODContent" time="210.271" classname="tv.hooq.web.scripts.HOOQ_Web_LapsedUser_AddingWatchLaterTVODContent"/>
</testsuite> <!-- tv.hooq.web.scripts.HOOQ_Web_LapsedUser_AddingWatchLaterTVODContent -->
