<?xml version="1.0" encoding="UTF-8"?>
<!-- Generated by org.testng.reporters.JUnitReportReporter -->
<testsuite hostname="CTLINDT-0792" name="tv.hooq.web.scripts.HOOQ_Web_LapsedUser_Search" tests="1" failures="0" timestamp="1 Dec 2017 06:42:36 GMT" time="173.946" errors="0">
  <testcase name="HOOQ_Web_LapsedUser_Search" time="173.946" classname="tv.hooq.web.scripts.HOOQ_Web_LapsedUser_Search"/>
</testsuite> <!-- tv.hooq.web.scripts.HOOQ_Web_LapsedUser_Search -->
