<?xml version="1.0" encoding="UTF-8"?>
<!-- Generated by org.testng.reporters.JUnitReportReporter -->
<testsuite hostname="HW1374" name="tv.hooq.web.scripts.HOOQ_Web_ActiveUser_SubscriptionSection" tests="1" failures="0" timestamp="17 Oct 2017 06:09:58 GMT" time="76.904" errors="0">
  <testcase name="HOOQ_Web_ActiveUser_SubscriptionSection" time="76.904" classname="tv.hooq.web.scripts.HOOQ_Web_ActiveUser_SubscriptionSection"/>
</testsuite> <!-- tv.hooq.web.scripts.HOOQ_Web_ActiveUser_SubscriptionSection -->
