<?xml version="1.0" encoding="UTF-8"?>
<!-- Generated by org.testng.reporters.JUnitReportReporter -->
<testsuite hostname="HW1374" name="tv.hooq.web.scripts.HOOQ_Web_ActiveUser_BrowseSection" tests="1" failures="0" timestamp="24 Oct 2017 10:57:46 GMT" time="62.678" errors="0">
  <testcase name="HOOQ_Web_ActiveUser_BrowseSection" time="62.678" classname="tv.hooq.web.scripts.HOOQ_Web_ActiveUser_BrowseSection"/>
</testsuite> <!-- tv.hooq.web.scripts.HOOQ_Web_ActiveUser_BrowseSection -->
