<?xml version="1.0" encoding="UTF-8"?>
<!-- Generated by org.testng.reporters.JUnitReportReporter -->
<testsuite hostname="HW1374" name="tv.hooq.web.scripts.HOOQ_Web_FreeUser_PlayWatchLaterTVODContent" tests="1" failures="0" timestamp="31 Oct 2017 10:45:57 GMT" time="235.080" errors="0">
  <testcase name="HOOQ_Web_FreeUser_PlayWatchLaterTVODContent" time="235.080" classname="tv.hooq.web.scripts.HOOQ_Web_FreeUser_PlayWatchLaterTVODContent"/>
</testsuite> <!-- tv.hooq.web.scripts.HOOQ_Web_FreeUser_PlayWatchLaterTVODContent -->
