<?xml version="1.0" encoding="UTF-8"?>
<!-- Generated by org.testng.reporters.JUnitReportReporter -->
<testsuite hostname="HW1374" name="tv.hooq.web.scripts.HOOQ_Web_LapsedUser_WatchLaterSection" tests="1" failures="0" timestamp="11 Oct 2017 10:38:05 GMT" time="237.881" errors="0">
  <testcase name="HOOQ_Web_LapsedUser_WatchLaterSection" time="237.881" classname="tv.hooq.web.scripts.HOOQ_Web_LapsedUser_WatchLaterSection"/>
</testsuite> <!-- tv.hooq.web.scripts.HOOQ_Web_LapsedUser_WatchLaterSection -->
