<?xml version="1.0" encoding="UTF-8"?>
<!-- Generated by org.testng.reporters.JUnitReportReporter -->
<testsuite hostname="HW1374" name="tv.hooq.web.scripts.HOOQ_Web_ActiveUser_PlayFavouriteTVShows" tests="1" failures="0" timestamp="27 Oct 2017 05:52:14 GMT" time="1183.633" errors="0">
  <testcase name="HOOQ_Web_ActiveUser_PlayFavouriteTVShows" time="1183.633" classname="tv.hooq.web.scripts.HOOQ_Web_ActiveUser_PlayFavouriteTVShows"/>
</testsuite> <!-- tv.hooq.web.scripts.HOOQ_Web_ActiveUser_PlayFavouriteTVShows -->
