<?xml version="1.0" encoding="UTF-8"?>
<!-- Generated by org.testng.reporters.JUnitReportReporter -->
<testsuite hostname="HW1374" name="tv.hooq.web.scripts.HOOQ_Web_Verify_Login_Non_Existing_User" tests="1" failures="0" timestamp="9 Oct 2017 11:32:39 GMT" time="13.053" errors="0">
  <testcase name="HOOQ_Web_Verify_Login_Non_Existing_User" time="13.053" classname="tv.hooq.web.scripts.HOOQ_Web_Verify_Login_Non_Existing_User"/>
</testsuite> <!-- tv.hooq.web.scripts.HOOQ_Web_Verify_Login_Non_Existing_User -->
