<?xml version="1.0" encoding="UTF-8"?>
<!-- Generated by org.testng.reporters.JUnitReportReporter -->
<testsuite hostname="HW1374" name="tv.hooq.web.scripts.HOOQ_Web_FreeUser_AddingWatchLaterPremiumContent" tests="1" failures="0" timestamp="18 Aug 2017 11:19:14 GMT" time="218.439" errors="0">
  <testcase name="HOOQ_Web_FreeUser_AddingWatchLaterPremiumContent" time="218.439" classname="tv.hooq.web.scripts.HOOQ_Web_FreeUser_AddingWatchLaterPremiumContent"/>
</testsuite> <!-- tv.hooq.web.scripts.HOOQ_Web_FreeUser_AddingWatchLaterPremiumContent -->
