<?xml version="1.0" encoding="UTF-8"?>
<!-- Generated by org.testng.reporters.JUnitReportReporter -->
<testsuite hostname="HW1374" name="tv.hooq.web.scripts.HOOQ_Web_LapsedUser_AddingFavouriteTVShows" tests="1" failures="0" timestamp="18 Aug 2017 12:23:48 GMT" time="207.142" errors="0">
  <testcase name="HOOQ_Web_LapsedUser_AddingFavouriteTVShows" time="207.142" classname="tv.hooq.web.scripts.HOOQ_Web_LapsedUser_AddingFavouriteTVShows"/>
</testsuite> <!-- tv.hooq.web.scripts.HOOQ_Web_LapsedUser_AddingFavouriteTVShows -->
