<?xml version="1.0" encoding="UTF-8"?>
<!-- Generated by org.testng.reporters.JUnitReportReporter -->
<testsuite hostname="HW1374" name="tv.hooq.web.scripts.HOOQ_Web_FreeUser_AddingWatchLaterTVODContent" tests="1" failures="0" timestamp="18 Aug 2017 11:26:00 GMT" time="232.287" errors="0">
  <testcase name="HOOQ_Web_FreeUser_AddingWatchLaterTVODContent" time="232.287" classname="tv.hooq.web.scripts.HOOQ_Web_FreeUser_AddingWatchLaterTVODContent"/>
</testsuite> <!-- tv.hooq.web.scripts.HOOQ_Web_FreeUser_AddingWatchLaterTVODContent -->
