<?xml version="1.0" encoding="UTF-8"?>
<!-- Generated by org.testng.reporters.JUnitReportReporter -->
<testsuite hostname="HW1374" name="tv.hooq.web.scripts.HOOQ_Web_FreeUser_AddingFavouriteTVShows" tests="1" failures="0" timestamp="18 Aug 2017 11:07:53 GMT" time="190.411" errors="0">
  <testcase name="HOOQ_Web_FreeUser_AddingFavouriteTVShows" time="190.411" classname="tv.hooq.web.scripts.HOOQ_Web_FreeUser_AddingFavouriteTVShows"/>
</testsuite> <!-- tv.hooq.web.scripts.HOOQ_Web_FreeUser_AddingFavouriteTVShows -->
