<?xml version="1.0" encoding="UTF-8"?>
<!-- Generated by org.testng.reporters.JUnitReportReporter -->
<testsuite hostname="CTLINDT-0792" name="tv.hooq.web.scripts.HOOQ_Web_ActiveUser_Subscription_CashCard" tests="1" failures="0" timestamp="17 Jan 2018 11:47:45 GMT" time="265.819" errors="0">
  <testcase name="HOOQ_Web_ActiveUser_Subscription_CashCard" time="265.819" classname="tv.hooq.web.scripts.HOOQ_Web_ActiveUser_Subscription_CashCard"/>
</testsuite> <!-- tv.hooq.web.scripts.HOOQ_Web_ActiveUser_Subscription_CashCard -->
