<?xml version="1.0" encoding="UTF-8"?>
<!-- Generated by org.testng.reporters.JUnitReportReporter -->
<testsuite hostname="HW1374" name="tv.hooq.web.scripts.HOOQ_Web_LapsedUser_SettingsAppAudioTrack" tests="1" failures="0" timestamp="11 Oct 2017 11:30:14 GMT" time="1221.724" errors="0">
  <testcase name="HOOQ_Web_LapsedUser_SettingsAppAudioTrack" time="1221.724" classname="tv.hooq.web.scripts.HOOQ_Web_LapsedUser_SettingsAppAudioTrack"/>
</testsuite> <!-- tv.hooq.web.scripts.HOOQ_Web_LapsedUser_SettingsAppAudioTrack -->
