<?xml version="1.0" encoding="UTF-8"?>
<!-- Generated by org.testng.reporters.JUnitReportReporter -->
<testsuite hostname="HW1374" name="tv.hooq.web.scripts.HOOQ_Web_ActiveUser_FavoriteSection" tests="1" failures="0" timestamp="25 Oct 2017 05:47:44 GMT" time="203.032" errors="0">
  <testcase name="HOOQ_Web_ActiveUser_FavoriteSection" time="203.032" classname="tv.hooq.web.scripts.HOOQ_Web_ActiveUser_FavoriteSection"/>
</testsuite> <!-- tv.hooq.web.scripts.HOOQ_Web_ActiveUser_FavoriteSection -->
