<?xml version="1.0" encoding="UTF-8"?>
<!-- Generated by org.testng.reporters.JUnitReportReporter -->
<testsuite hostname="HW1374" name="tv.hooq.web.scripts.HOOQ_Web_Verify_SignUp_Mobile_Special_Characters" tests="1" failures="0" timestamp="11 Oct 2017 07:49:45 GMT" time="30.165" errors="0">
  <testcase name="HOOQ_Web_Verify_SignUp_Mobile_Special_Characters" time="30.165" classname="tv.hooq.web.scripts.HOOQ_Web_Verify_SignUp_Mobile_Special_Characters"/>
</testsuite> <!-- tv.hooq.web.scripts.HOOQ_Web_Verify_SignUp_Mobile_Special_Characters -->
