<?xml version="1.0" encoding="UTF-8"?>
<!-- Generated by org.testng.reporters.JUnitReportReporter -->
<testsuite hostname="HW1374" name="tv.hooq.web.scripts.HOOQ_Web_ActiveUser_SettingsAppPlaybackQuality" tests="1" failures="0" timestamp="23 Aug 2017 06:44:32 GMT" time="291.688" errors="0">
  <testcase name="HOOQ_Web_ActiveUser_SettingsAppPlaybackQuality" time="291.688" classname="tv.hooq.web.scripts.HOOQ_Web_ActiveUser_SettingsAppPlaybackQuality"/>
</testsuite> <!-- tv.hooq.web.scripts.HOOQ_Web_ActiveUser_SettingsAppPlaybackQuality -->
