<?xml version="1.0" encoding="UTF-8"?>
<!-- Generated by org.testng.reporters.JUnitReportReporter -->
<testsuite hostname="HW1374" name="tv.hooq.web.scripts.HOOQ_Web_FreeUser_SettingsAppDisplayThai" tests="1" failures="0" timestamp="24 Aug 2017 09:28:40 GMT" time="115.960" errors="0">
  <testcase name="HOOQ_Web_FreeUser_SettingsAppDisplayThai" time="115.960" classname="tv.hooq.web.scripts.HOOQ_Web_FreeUser_SettingsAppDisplayThai"/>
</testsuite> <!-- tv.hooq.web.scripts.HOOQ_Web_FreeUser_SettingsAppDisplayThai -->
