<?xml version="1.0" encoding="UTF-8"?>
<!-- Generated by org.testng.reporters.JUnitReportReporter -->
<testsuite hostname="HW1374" name="tv.hooq.web.scripts.HOOQ_Web_LapsedUser_ContinueWatchingSection" tests="1" failures="0" timestamp="7 Nov 2017 11:28:02 GMT" time="220.876" errors="0">
  <testcase name="HOOQ_Web_LapsedUser_ContinueWatchingSection" time="220.876" classname="tv.hooq.web.scripts.HOOQ_Web_LapsedUser_ContinueWatchingSection"/>
</testsuite> <!-- tv.hooq.web.scripts.HOOQ_Web_LapsedUser_ContinueWatchingSection -->
