<?xml version="1.0" encoding="UTF-8"?>
<!-- Generated by org.testng.reporters.JUnitReportReporter -->
<testsuite hostname="HW1374" name="tv.hooq.web.scripts.HOOQ_Web_ActiveUser_MeSection" tests="1" failures="0" timestamp="25 Oct 2017 07:29:31 GMT" time="187.031" errors="0">
  <testcase name="HOOQ_Web_ActiveUser_MeSection" time="187.031" classname="tv.hooq.web.scripts.HOOQ_Web_ActiveUser_MeSection"/>
</testsuite> <!-- tv.hooq.web.scripts.HOOQ_Web_ActiveUser_MeSection -->
