<?xml version="1.0" encoding="UTF-8"?>
<!-- Generated by org.testng.reporters.JUnitReportReporter -->
<testsuite hostname="HW1374" name="tv.hooq.web.scripts.HOOQ_Web_Verify_Login_Incomplete_Email" tests="1" failures="0" timestamp="9 Oct 2017 11:34:43 GMT" time="11.916" errors="0">
  <testcase name="HOOQ_Web_Verify_Login_Incomplete_Email" time="11.916" classname="tv.hooq.web.scripts.HOOQ_Web_Verify_Login_Incomplete_Email"/>
</testsuite> <!-- tv.hooq.web.scripts.HOOQ_Web_Verify_Login_Incomplete_Email -->
