<?xml version="1.0" encoding="UTF-8"?>
<!-- Generated by org.testng.reporters.JUnitReportReporter -->
<testsuite hostname="HW1374" name="tv.hooq.web.scripts.apitest.HOOQ_Web_TransactionHistory" tests="1" failures="0" timestamp="19 Sep 2017 11:27:49 GMT" time="60.507" errors="0">
  <testcase name="HOOQ_Web_TransactionHistory" time="60.507" classname="tv.hooq.web.scripts.apitest.HOOQ_Web_TransactionHistory"/>
</testsuite> <!-- tv.hooq.web.scripts.apitest.HOOQ_Web_TransactionHistory -->
