<?xml version="1.0" encoding="UTF-8"?>
<!-- Generated by org.testng.reporters.JUnitReportReporter -->
<testsuite hostname="HW1374" name="tv.hooq.web.scripts.HOOQ_Web_LapsedUser_PlayWatchLaterMovies" tests="1" failures="0" timestamp="2 Nov 2017 06:58:58 GMT" time="301.136" errors="0">
  <testcase name="HOOQ_Web_LapsedUser_PlayWatchLaterMovies" time="301.136" classname="tv.hooq.web.scripts.HOOQ_Web_LapsedUser_PlayWatchLaterMovies"/>
</testsuite> <!-- tv.hooq.web.scripts.HOOQ_Web_LapsedUser_PlayWatchLaterMovies -->
