<?xml version="1.0" encoding="UTF-8"?>
<!-- Generated by org.testng.reporters.JUnitReportReporter -->
<testsuite hostname="HW1374" name="tv.hooq.web.scripts.HOOQ_Web_FreeUser_RentalsSection" tests="1" failures="0" timestamp="3 Nov 2017 09:52:50 GMT" time="106.075" errors="0">
  <testcase name="HOOQ_Web_FreeUser_RentalsSection" time="106.075" classname="tv.hooq.web.scripts.HOOQ_Web_FreeUser_RentalsSection"/>
</testsuite> <!-- tv.hooq.web.scripts.HOOQ_Web_FreeUser_RentalsSection -->
