<?xml version="1.0" encoding="UTF-8"?>
<!-- Generated by org.testng.reporters.JUnitReportReporter -->
<testsuite hostname="HW1374" name="tv.hooq.web.scripts.HOOQ_Web_Verify_Login_Mobile_Incomplete_Mobile" tests="1" failures="0" timestamp="11 Oct 2017 05:39:04 GMT" time="20.077" errors="0">
  <testcase name="HOOQ_Web_Verify_Login_Mobile_Incomplete_Mobile" time="20.077" classname="tv.hooq.web.scripts.HOOQ_Web_Verify_Login_Mobile_Incomplete_Mobile"/>
</testsuite> <!-- tv.hooq.web.scripts.HOOQ_Web_Verify_Login_Mobile_Incomplete_Mobile -->
