<?xml version="1.0" encoding="UTF-8"?>
<!-- Generated by org.testng.reporters.JUnitReportReporter -->
<testsuite hostname="HW1374" name="tv.hooq.web.scripts.apitest.HOOQ_Web_Search" tests="1" failures="0" timestamp="19 Sep 2017 11:37:41 GMT" time="85.169" errors="0">
  <testcase name="HOOQ_Web_Search" time="85.169" classname="tv.hooq.web.scripts.apitest.HOOQ_Web_Search"/>
</testsuite> <!-- tv.hooq.web.scripts.apitest.HOOQ_Web_Search -->
