<?xml version="1.0" encoding="UTF-8"?>
<!-- Generated by org.testng.reporters.JUnitReportReporter -->
<testsuite hostname="HW1374" name="tv.hooq.web.scripts.HOOQ_Web_Verify_Login_Mobile_Incomplete_Mobile_With_Special_Char" tests="1" failures="0" timestamp="11 Oct 2017 05:36:02 GMT" time="25.619" errors="0">
  <testcase name="HOOQ_Web_Verify_Login_Mobile_Incomplete_Mobile_With_Special_Char" time="25.619" classname="tv.hooq.web.scripts.HOOQ_Web_Verify_Login_Mobile_Incomplete_Mobile_With_Special_Char"/>
</testsuite> <!-- tv.hooq.web.scripts.HOOQ_Web_Verify_Login_Mobile_Incomplete_Mobile_With_Special_Char -->
