<?xml version="1.0" encoding="UTF-8"?>
<!-- Generated by org.testng.reporters.JUnitReportReporter -->
<testsuite hostname="HW1374" name="tv.hooq.web.scripts.HOOQ_Web_Verify_SignUp_Mobile_Incomplete_With_Special_Char" tests="1" failures="0" timestamp="11 Oct 2017 07:28:33 GMT" time="29.626" errors="0">
  <testcase name="HOOQ_Web_Verify_SignUp_Mobile_Incomplete_With_Special_Char" time="29.626" classname="tv.hooq.web.scripts.HOOQ_Web_Verify_SignUp_Mobile_Incomplete_With_Special_Char"/>
</testsuite> <!-- tv.hooq.web.scripts.HOOQ_Web_Verify_SignUp_Mobile_Incomplete_With_Special_Char -->
