<?xml version="1.0" encoding="UTF-8"?>
<!-- Generated by org.testng.reporters.JUnitReportReporter -->
<testsuite hostname="HW1374" name="tv.hooq.web.scripts.HOOQ_Web_FreeUser_SupportSection" tests="1" failures="0" timestamp="4 Sep 2017 09:31:51 GMT" time="417.572" errors="0">
  <testcase name="HOOQ_Web_FreeUser_SupportSection" time="417.572" classname="tv.hooq.web.scripts.HOOQ_Web_FreeUser_SupportSection"/>
</testsuite> <!-- tv.hooq.web.scripts.HOOQ_Web_FreeUser_SupportSection -->
