<?xml version="1.0" encoding="UTF-8"?>
<!-- Generated by org.testng.reporters.JUnitReportReporter -->
<testsuite hostname="HW1374" name="tv.hooq.web.scripts.HOOQ_Web_FreeUser_Search" tests="1" failures="0" timestamp="12 Oct 2017 09:23:27 GMT" time="122.717" errors="0">
  <testcase name="HOOQ_Web_FreeUser_Search" time="122.717" classname="tv.hooq.web.scripts.HOOQ_Web_FreeUser_Search"/>
</testsuite> <!-- tv.hooq.web.scripts.HOOQ_Web_FreeUser_Search -->
