<?xml version="1.0" encoding="UTF-8"?>
<!-- Generated by org.testng.reporters.JUnitReportReporter -->
<testsuite hostname="HW1374" name="tv.hooq.web.scripts.HOOQ_Web_ActiveUser_DiscoverSection" tests="1" failures="0" timestamp="7 Nov 2017 14:03:45 GMT" time="840.437" errors="0">
  <testcase name="HOOQ_Web_ActiveUser_DiscoverSection" time="840.437" classname="tv.hooq.web.scripts.HOOQ_Web_ActiveUser_DiscoverSection"/>
</testsuite> <!-- tv.hooq.web.scripts.HOOQ_Web_ActiveUser_DiscoverSection -->
