<?xml version="1.0" encoding="UTF-8"?>
<!-- Generated by org.testng.reporters.JUnitReportReporter -->
<testsuite hostname="HW1374" name="tv.hooq.web.scripts.HOOQ_Web_LapsedUser_AddingWatchLaterMovies" tests="1" failures="0" timestamp="18 Aug 2017 12:29:21 GMT" time="205.548" errors="0">
  <testcase name="HOOQ_Web_LapsedUser_AddingWatchLaterMovies" time="205.548" classname="tv.hooq.web.scripts.HOOQ_Web_LapsedUser_AddingWatchLaterMovies"/>
</testsuite> <!-- tv.hooq.web.scripts.HOOQ_Web_LapsedUser_AddingWatchLaterMovies -->
