<?xml version="1.0" encoding="UTF-8"?>
<!-- Generated by org.testng.reporters.JUnitReportReporter -->
<testsuite hostname="HW1374" name="tv.hooq.web.scripts.HOOQ_Web_FreeUser_PlayTVShows" tests="1" failures="0" timestamp="30 Oct 2017 05:26:31 GMT" time="846.106" errors="0">
  <testcase name="HOOQ_Web_FreeUser_PlayTVShows" time="846.106" classname="tv.hooq.web.scripts.HOOQ_Web_FreeUser_PlayTVShows"/>
</testsuite> <!-- tv.hooq.web.scripts.HOOQ_Web_FreeUser_PlayTVShows -->
