<?xml version="1.0" encoding="UTF-8"?>
<!-- Generated by org.testng.reporters.JUnitReportReporter -->
<testsuite hostname="HW1374" name="tv.hooq.web.scripts.HOOQ_Web_ActiveUser_PlayWatchLaterTVShows" tests="1" failures="0" timestamp="27 Oct 2017 10:22:52 GMT" time="1209.152" errors="0">
  <testcase name="HOOQ_Web_ActiveUser_PlayWatchLaterTVShows" time="1209.152" classname="tv.hooq.web.scripts.HOOQ_Web_ActiveUser_PlayWatchLaterTVShows"/>
</testsuite> <!-- tv.hooq.web.scripts.HOOQ_Web_ActiveUser_PlayWatchLaterTVShows -->
