<?xml version="1.0" encoding="UTF-8"?>
<!-- Generated by org.testng.reporters.JUnitReportReporter -->
<testsuite hostname="HW1374" name="tv.hooq.web.scripts.HOOQ_Web_ActiveUser_ContinueWatchingSection" tests="1" failures="0" timestamp="7 Nov 2017 10:43:48 GMT" time="361.400" errors="0">
  <testcase name="HOOQ_Web_ActiveUser_ContinueWatchingSection" time="361.400" classname="tv.hooq.web.scripts.HOOQ_Web_ActiveUser_ContinueWatchingSection"/>
</testsuite> <!-- tv.hooq.web.scripts.HOOQ_Web_ActiveUser_ContinueWatchingSection -->
