<?xml version="1.0" encoding="UTF-8"?>
<!-- Generated by org.testng.reporters.JUnitReportReporter -->
<testsuite hostname="HW1374" name="tv.hooq.web.scripts.HOOQ_Web_ActiveUser_PlayWatchLaterMovies" tests="1" failures="0" timestamp="27 Oct 2017 09:00:51 GMT" time="496.653" errors="0">
  <testcase name="HOOQ_Web_ActiveUser_PlayWatchLaterMovies" time="496.653" classname="tv.hooq.web.scripts.HOOQ_Web_ActiveUser_PlayWatchLaterMovies"/>
</testsuite> <!-- tv.hooq.web.scripts.HOOQ_Web_ActiveUser_PlayWatchLaterMovies -->
