<?xml version="1.0" encoding="UTF-8"?>
<!-- Generated by org.testng.reporters.JUnitReportReporter -->
<testsuite hostname="HW1374" name="tv.hooq.web.scripts.apitest.HOOQ_Web_Login_Mobile" tests="1" failures="0" timestamp="21 Sep 2017 07:12:39 GMT" time="37.431" errors="0">
  <testcase name="HOOQ_Web_Login_Mobile" time="37.431" classname="tv.hooq.web.scripts.apitest.HOOQ_Web_Login_Mobile"/>
</testsuite> <!-- tv.hooq.web.scripts.apitest.HOOQ_Web_Login_Mobile -->
