<?xml version="1.0" encoding="UTF-8"?>
<!-- Generated by org.testng.reporters.JUnitReportReporter -->
<testsuite hostname="HW1374" name="tv.hooq.web.scripts.HOOQ_Web_ActiveUser_PlayFavouriteMovies" tests="1" failures="0" timestamp="25 Oct 2017 09:06:49 GMT" time="498.050" errors="0">
  <testcase name="HOOQ_Web_ActiveUser_PlayFavouriteMovies" time="498.050" classname="tv.hooq.web.scripts.HOOQ_Web_ActiveUser_PlayFavouriteMovies"/>
</testsuite> <!-- tv.hooq.web.scripts.HOOQ_Web_ActiveUser_PlayFavouriteMovies -->
