<?xml version="1.0" encoding="UTF-8"?>
<!-- Generated by org.testng.reporters.JUnitReportReporter -->
<testsuite hostname="HW1374" name="tv.hooq.web.scripts.HOOQ_Web_LapsedUser_PlayFavouriteTVShows" tests="1" failures="0" timestamp="2 Nov 2017 10:12:16 GMT" time="740.314" errors="0">
  <testcase name="HOOQ_Web_LapsedUser_PlayFavouriteTVShows" time="740.314" classname="tv.hooq.web.scripts.HOOQ_Web_LapsedUser_PlayFavouriteTVShows"/>
</testsuite> <!-- tv.hooq.web.scripts.HOOQ_Web_LapsedUser_PlayFavouriteTVShows -->
