<?xml version="1.0" encoding="UTF-8"?>
<!-- Generated by org.testng.reporters.JUnitReportReporter -->
<testsuite hostname="HW1374" name="tv.hooq.web.scripts.HOOQ_Web_ActiveUser_WatchLaterSection" tests="1" failures="0" timestamp="8 Sep 2017 14:23:40 GMT" time="285.001" errors="0">
  <testcase name="HOOQ_Web_ActiveUser_WatchLaterSection" time="285.001" classname="tv.hooq.web.scripts.HOOQ_Web_ActiveUser_WatchLaterSection"/>
</testsuite> <!-- tv.hooq.web.scripts.HOOQ_Web_ActiveUser_WatchLaterSection -->
