<?xml version="1.0" encoding="UTF-8"?>
<!-- Generated by org.testng.reporters.JUnitReportReporter -->
<testsuite hostname="HW1374" name="tv.hooq.web.scripts.HOOQ_Web_FreeUser_AddingFavouritePremiumContent" tests="1" failures="0" timestamp="18 Aug 2017 10:57:05 GMT" time="174.263" errors="0">
  <testcase name="HOOQ_Web_FreeUser_AddingFavouritePremiumContent" time="174.263" classname="tv.hooq.web.scripts.HOOQ_Web_FreeUser_AddingFavouritePremiumContent"/>
</testsuite> <!-- tv.hooq.web.scripts.HOOQ_Web_FreeUser_AddingFavouritePremiumContent -->
