<?xml version="1.0" encoding="UTF-8"?>
<!-- Generated by org.testng.reporters.JUnitReportReporter -->
<testsuite hostname="HW1374" name="tv.hooq.web.scripts.HOOQ_Web_FreeUser_RentSection" tests="1" failures="0" timestamp="3 Nov 2017 10:22:17 GMT" time="61.910" errors="0">
  <testcase name="HOOQ_Web_FreeUser_RentSection" time="61.910" classname="tv.hooq.web.scripts.HOOQ_Web_FreeUser_RentSection"/>
</testsuite> <!-- tv.hooq.web.scripts.HOOQ_Web_FreeUser_RentSection -->
