<?xml version="1.0" encoding="UTF-8"?>
<!-- Generated by org.testng.reporters.JUnitReportReporter -->
<testsuite hostname="HW1374" name="tv.hooq.web.scripts.HOOQ_Web_FreeUser_PlayWatchLaterMovies" tests="1" failures="0" timestamp="30 Oct 2017 06:11:55 GMT" time="503.714" errors="0">
  <testcase name="HOOQ_Web_FreeUser_PlayWatchLaterMovies" time="503.714" classname="tv.hooq.web.scripts.HOOQ_Web_FreeUser_PlayWatchLaterMovies"/>
</testsuite> <!-- tv.hooq.web.scripts.HOOQ_Web_FreeUser_PlayWatchLaterMovies -->
